!SESSION 2018-07-15 21:41:20.753 -----------------------------------------------
eclipse.buildId=4.7.3.M20180330-0640
java.version=10.0.1
java.vendor=Oracle Corporation
BootLoader constants: OS=win32, ARCH=x86_64, WS=win32, NL=en_IN
Framework arguments:  -product org.eclipse.epp.package.jee.product
Command-line arguments:  -os win32 -ws win32 -arch x86_64 -product org.eclipse.epp.package.jee.product

This is a continuation of log file C:\Users\Dell\web_practise\.metadata\.bak_0.log
Created Time: 2018-07-15 22:49:11.418

!ENTRY org.eclipse.equinox.p2.transport.ecf 2 0 2018-07-15 22:49:11.419
!MESSAGE Connection to http://http/dist.springsource.com/release/TOOLS/update/e3.7/p2.index failed on No such host is known (http). Retry attempt 0 started
!STACK 0
java.net.UnknownHostException: No such host is known (http)
	at java.base/java.net.Inet6AddressImpl.lookupAllHostAddr(Native Method)
	at java.base/java.net.InetAddress$PlatformNameService.lookupAllHostAddr(Unknown Source)
	at java.base/java.net.InetAddress.getAddressesFromNameService(Unknown Source)
	at java.base/java.net.InetAddress$NameServiceAddresses.get(Unknown Source)
	at java.base/java.net.InetAddress.getAllByName0(Unknown Source)
	at java.base/java.net.InetAddress.getAllByName(Unknown Source)
	at java.base/java.net.InetAddress.getAllByName(Unknown Source)
	at org.apache.http.impl.conn.SystemDefaultDnsResolver.resolve(SystemDefaultDnsResolver.java:45)
	at org.apache.http.impl.conn.DefaultClientConnectionOperator.resolveHostname(DefaultClientConnectionOperator.java:262)
	at org.apache.http.impl.conn.DefaultClientConnectionOperator.openConnection(DefaultClientConnectionOperator.java:161)
	at org.apache.http.impl.conn.AbstractPoolEntry.open(AbstractPoolEntry.java:144)
	at org.apache.http.impl.conn.AbstractPooledConnAdapter.open(AbstractPooledConnAdapter.java:134)
	at org.apache.http.impl.client.DefaultRequestDirector.tryConnect(DefaultRequestDirector.java:612)
	at org.apache.http.impl.client.DefaultRequestDirector.execute(DefaultRequestDirector.java:447)
	at org.apache.http.impl.client.AbstractHttpClient.doExecute(AbstractHttpClient.java:884)
	at org.apache.http.impl.client.CloseableHttpClient.execute(CloseableHttpClient.java:82)
	at org.eclipse.ecf.provider.filetransfer.httpclient4.HttpClientRetrieveFileTransfer.performConnect(HttpClientRetrieveFileTransfer.java:1084)
	at org.eclipse.ecf.provider.filetransfer.httpclient4.HttpClientRetrieveFileTransfer.access$0(HttpClientRetrieveFileTransfer.java:1075)
	at org.eclipse.ecf.provider.filetransfer.httpclient4.HttpClientRetrieveFileTransfer$1.performFileTransfer(HttpClientRetrieveFileTransfer.java:1071)
	at org.eclipse.ecf.filetransfer.FileTransferJob.run(FileTransferJob.java:74)
	at org.eclipse.core.internal.jobs.Worker.run(Worker.java:56)

!ENTRY org.eclipse.equinox.p2.transport.ecf 2 0 2018-07-15 22:49:30.631
!MESSAGE Connection to http://http/dist.springsource.com/release/TOOLS/update/e3.7/p2.index failed on No such host is known (http). Retry attempt 0 started
!STACK 0
java.net.UnknownHostException: No such host is known (http)
	at java.base/java.net.Inet6AddressImpl.lookupAllHostAddr(Native Method)
	at java.base/java.net.InetAddress$PlatformNameService.lookupAllHostAddr(Unknown Source)
	at java.base/java.net.InetAddress.getAddressesFromNameService(Unknown Source)
	at java.base/java.net.InetAddress$NameServiceAddresses.get(Unknown Source)
	at java.base/java.net.InetAddress.getAllByName0(Unknown Source)
	at java.base/java.net.InetAddress.getAllByName(Unknown Source)
	at java.base/java.net.InetAddress.getAllByName(Unknown Source)
	at org.apache.http.impl.conn.SystemDefaultDnsResolver.resolve(SystemDefaultDnsResolver.java:45)
	at org.apache.http.impl.conn.DefaultClientConnectionOperator.resolveHostname(DefaultClientConnectionOperator.java:262)
	at org.apache.http.impl.conn.DefaultClientConnectionOperator.openConnection(DefaultClientConnectionOperator.java:161)
	at org.apache.http.impl.conn.AbstractPoolEntry.open(AbstractPoolEntry.java:144)
	at org.apache.http.impl.conn.AbstractPooledConnAdapter.open(AbstractPooledConnAdapter.java:134)
	at org.apache.http.impl.client.DefaultRequestDirector.tryConnect(DefaultRequestDirector.java:612)
	at org.apache.http.impl.client.DefaultRequestDirector.execute(DefaultRequestDirector.java:447)
	at org.apache.http.impl.client.AbstractHttpClient.doExecute(AbstractHttpClient.java:884)
	at org.apache.http.impl.client.CloseableHttpClient.execute(CloseableHttpClient.java:82)
	at org.eclipse.ecf.provider.filetransfer.httpclient4.HttpClientRetrieveFileTransfer.performConnect(HttpClientRetrieveFileTransfer.java:1084)
	at org.eclipse.ecf.provider.filetransfer.httpclient4.HttpClientRetrieveFileTransfer.access$0(HttpClientRetrieveFileTransfer.java:1075)
	at org.eclipse.ecf.provider.filetransfer.httpclient4.HttpClientRetrieveFileTransfer$1.performFileTransfer(HttpClientRetrieveFileTransfer.java:1071)
	at org.eclipse.ecf.filetransfer.FileTransferJob.run(FileTransferJob.java:74)
	at org.eclipse.core.internal.jobs.Worker.run(Worker.java:56)

!ENTRY org.eclipse.equinox.p2.transport.ecf 2 0 2018-07-15 22:49:51.548
!MESSAGE Connection to http://http/dist.springsource.com/release/TOOLS/update/e3.7/p2.index failed on No such host is known (http). Retry attempt 0 started
!STACK 0
java.net.UnknownHostException: No such host is known (http)
	at java.base/java.net.Inet6AddressImpl.lookupAllHostAddr(Native Method)
	at java.base/java.net.InetAddress$PlatformNameService.lookupAllHostAddr(Unknown Source)
	at java.base/java.net.InetAddress.getAddressesFromNameService(Unknown Source)
	at java.base/java.net.InetAddress$NameServiceAddresses.get(Unknown Source)
	at java.base/java.net.InetAddress.getAllByName0(Unknown Source)
	at java.base/java.net.InetAddress.getAllByName(Unknown Source)
	at java.base/java.net.InetAddress.getAllByName(Unknown Source)
	at org.apache.http.impl.conn.SystemDefaultDnsResolver.resolve(SystemDefaultDnsResolver.java:45)
	at org.apache.http.impl.conn.DefaultClientConnectionOperator.resolveHostname(DefaultClientConnectionOperator.java:262)
	at org.apache.http.impl.conn.DefaultClientConnectionOperator.openConnection(DefaultClientConnectionOperator.java:161)
	at org.apache.http.impl.conn.AbstractPoolEntry.open(AbstractPoolEntry.java:144)
	at org.apache.http.impl.conn.AbstractPooledConnAdapter.open(AbstractPooledConnAdapter.java:134)
	at org.apache.http.impl.client.DefaultRequestDirector.tryConnect(DefaultRequestDirector.java:612)
	at org.apache.http.impl.client.DefaultRequestDirector.execute(DefaultRequestDirector.java:447)
	at org.apache.http.impl.client.AbstractHttpClient.doExecute(AbstractHttpClient.java:884)
	at org.apache.http.impl.client.CloseableHttpClient.execute(CloseableHttpClient.java:82)
	at org.eclipse.ecf.provider.filetransfer.httpclient4.HttpClientRetrieveFileTransfer.performConnect(HttpClientRetrieveFileTransfer.java:1084)
	at org.eclipse.ecf.provider.filetransfer.httpclient4.HttpClientRetrieveFileTransfer.access$0(HttpClientRetrieveFileTransfer.java:1075)
	at org.eclipse.ecf.provider.filetransfer.httpclient4.HttpClientRetrieveFileTransfer$1.performFileTransfer(HttpClientRetrieveFileTransfer.java:1071)
	at org.eclipse.ecf.filetransfer.FileTransferJob.run(FileTransferJob.java:74)
	at org.eclipse.core.internal.jobs.Worker.run(Worker.java:56)

!ENTRY org.eclipse.equinox.p2.transport.ecf 2 0 2018-07-15 22:50:00.016
!MESSAGE Connection to http://www.pramati.com/downloads/eclipse/updates/p2.index failed on Remote host terminated the handshake. Retry attempt 0 started
!STACK 0
javax.net.ssl.SSLHandshakeException: Remote host terminated the handshake
	at java.base/sun.security.ssl.SSLSocketImpl.readRecord(Unknown Source)
	at java.base/sun.security.ssl.SSLSocketImpl.readRecord(Unknown Source)
	at java.base/sun.security.ssl.SSLSocketImpl.performInitialHandshake(Unknown Source)
	at java.base/sun.security.ssl.SSLSocketImpl.writeRecord(Unknown Source)
	at java.base/sun.security.ssl.AppOutputStream.write(Unknown Source)
	at org.apache.http.impl.io.AbstractSessionOutputBuffer.flushBuffer(AbstractSessionOutputBuffer.java:157)
	at org.apache.http.impl.io.AbstractSessionOutputBuffer.flush(AbstractSessionOutputBuffer.java:164)
	at org.apache.http.impl.AbstractHttpClientConnection.doFlush(AbstractHttpClientConnection.java:270)
	at org.apache.http.impl.AbstractHttpClientConnection.flush(AbstractHttpClientConnection.java:275)
	at org.apache.http.impl.conn.AbstractClientConnAdapter.flush(AbstractClientConnAdapter.java:207)
	at org.apache.http.protocol.HttpRequestExecutor.doSendRequest(HttpRequestExecutor.java:241)
	at org.apache.http.protocol.HttpRequestExecutor.execute(HttpRequestExecutor.java:123)
	at org.apache.http.impl.client.DefaultRequestDirector.tryExecute(DefaultRequestDirector.java:686)
	at org.apache.http.impl.client.DefaultRequestDirector.execute(DefaultRequestDirector.java:488)
	at org.apache.http.impl.client.AbstractHttpClient.doExecute(AbstractHttpClient.java:884)
	at org.apache.http.impl.client.CloseableHttpClient.execute(CloseableHttpClient.java:82)
	at org.eclipse.ecf.provider.filetransfer.httpclient4.HttpClientRetrieveFileTransfer.performConnect(HttpClientRetrieveFileTransfer.java:1084)
	at org.eclipse.ecf.provider.filetransfer.httpclient4.HttpClientRetrieveFileTransfer.access$0(HttpClientRetrieveFileTransfer.java:1075)
	at org.eclipse.ecf.provider.filetransfer.httpclient4.HttpClientRetrieveFileTransfer$1.performFileTransfer(HttpClientRetrieveFileTransfer.java:1071)
	at org.eclipse.ecf.filetransfer.FileTransferJob.run(FileTransferJob.java:74)
	at org.eclipse.core.internal.jobs.Worker.run(Worker.java:56)
Caused by: java.io.EOFException: SSL peer shut down incorrectly
	at java.base/sun.security.ssl.SSLSocketInputRecord.decode(Unknown Source)
	... 21 more

!ENTRY org.eclipse.equinox.p2.transport.ecf 2 0 2018-07-15 22:50:15.624
!MESSAGE Connection to http://http/dist.springsource.com/release/TOOLS/update/e3.7/p2.index failed on No such host is known (http). Retry attempt 0 started
!STACK 0
java.net.UnknownHostException: No such host is known (http)
	at java.base/java.net.Inet6AddressImpl.lookupAllHostAddr(Native Method)
	at java.base/java.net.InetAddress$PlatformNameService.lookupAllHostAddr(Unknown Source)
	at java.base/java.net.InetAddress.getAddressesFromNameService(Unknown Source)
	at java.base/java.net.InetAddress$NameServiceAddresses.get(Unknown Source)
	at java.base/java.net.InetAddress.getAllByName0(Unknown Source)
	at java.base/java.net.InetAddress.getAllByName(Unknown Source)
	at java.base/java.net.InetAddress.getAllByName(Unknown Source)
	at org.apache.http.impl.conn.SystemDefaultDnsResolver.resolve(SystemDefaultDnsResolver.java:45)
	at org.apache.http.impl.conn.DefaultClientConnectionOperator.resolveHostname(DefaultClientConnectionOperator.java:262)
	at org.apache.http.impl.conn.DefaultClientConnectionOperator.openConnection(DefaultClientConnectionOperator.java:161)
	at org.apache.http.impl.conn.AbstractPoolEntry.open(AbstractPoolEntry.java:144)
	at org.apache.http.impl.conn.AbstractPooledConnAdapter.open(AbstractPooledConnAdapter.java:134)
	at org.apache.http.impl.client.DefaultRequestDirector.tryConnect(DefaultRequestDirector.java:612)
	at org.apache.http.impl.client.DefaultRequestDirector.execute(DefaultRequestDirector.java:447)
	at org.apache.http.impl.client.AbstractHttpClient.doExecute(AbstractHttpClient.java:884)
	at org.apache.http.impl.client.CloseableHttpClient.execute(CloseableHttpClient.java:82)
	at org.eclipse.ecf.provider.filetransfer.httpclient4.HttpClientRetrieveFileTransfer.performConnect(HttpClientRetrieveFileTransfer.java:1084)
	at org.eclipse.ecf.provider.filetransfer.httpclient4.HttpClientRetrieveFileTransfer.access$0(HttpClientRetrieveFileTransfer.java:1075)
	at org.eclipse.ecf.provider.filetransfer.httpclient4.HttpClientRetrieveFileTransfer$1.performFileTransfer(HttpClientRetrieveFileTransfer.java:1071)
	at org.eclipse.ecf.filetransfer.FileTransferJob.run(FileTransferJob.java:74)
	at org.eclipse.core.internal.jobs.Worker.run(Worker.java:56)

!ENTRY org.eclipse.equinox.p2.transport.ecf 2 0 2018-07-15 22:50:39.559
!MESSAGE Connection to http://http/dist.springsource.com/release/TOOLS/update/e3.7/p2.index failed on No such host is known (http). Retry attempt 0 started
!STACK 0
java.net.UnknownHostException: No such host is known (http)
	at java.base/java.net.Inet6AddressImpl.lookupAllHostAddr(Native Method)
	at java.base/java.net.InetAddress$PlatformNameService.lookupAllHostAddr(Unknown Source)
	at java.base/java.net.InetAddress.getAddressesFromNameService(Unknown Source)
	at java.base/java.net.InetAddress$NameServiceAddresses.get(Unknown Source)
	at java.base/java.net.InetAddress.getAllByName0(Unknown Source)
	at java.base/java.net.InetAddress.getAllByName(Unknown Source)
	at java.base/java.net.InetAddress.getAllByName(Unknown Source)
	at org.apache.http.impl.conn.SystemDefaultDnsResolver.resolve(SystemDefaultDnsResolver.java:45)
	at org.apache.http.impl.conn.DefaultClientConnectionOperator.resolveHostname(DefaultClientConnectionOperator.java:262)
	at org.apache.http.impl.conn.DefaultClientConnectionOperator.openConnection(DefaultClientConnectionOperator.java:161)
	at org.apache.http.impl.conn.AbstractPoolEntry.open(AbstractPoolEntry.java:144)
	at org.apache.http.impl.conn.AbstractPooledConnAdapter.open(AbstractPooledConnAdapter.java:134)
	at org.apache.http.impl.client.DefaultRequestDirector.tryConnect(DefaultRequestDirector.java:612)
	at org.apache.http.impl.client.DefaultRequestDirector.execute(DefaultRequestDirector.java:447)
	at org.apache.http.impl.client.AbstractHttpClient.doExecute(AbstractHttpClient.java:884)
	at org.apache.http.impl.client.CloseableHttpClient.execute(CloseableHttpClient.java:82)
	at org.eclipse.ecf.provider.filetransfer.httpclient4.HttpClientRetrieveFileTransfer.performConnect(HttpClientRetrieveFileTransfer.java:1084)
	at org.eclipse.ecf.provider.filetransfer.httpclient4.HttpClientRetrieveFileTransfer.access$0(HttpClientRetrieveFileTransfer.java:1075)
	at org.eclipse.ecf.provider.filetransfer.httpclient4.HttpClientRetrieveFileTransfer$1.performFileTransfer(HttpClientRetrieveFileTransfer.java:1071)
	at org.eclipse.ecf.filetransfer.FileTransferJob.run(FileTransferJob.java:74)
	at org.eclipse.core.internal.jobs.Worker.run(Worker.java:56)

!ENTRY org.eclipse.equinox.p2.transport.ecf 2 0 2018-07-15 22:50:59.119
!MESSAGE Connection to http://http/dist.springsource.com/release/TOOLS/update/e3.7/p2.index failed on No such host is known (http). Retry attempt 0 started
!STACK 0
java.net.UnknownHostException: No such host is known (http)
	at java.base/java.net.Inet6AddressImpl.lookupAllHostAddr(Native Method)
	at java.base/java.net.InetAddress$PlatformNameService.lookupAllHostAddr(Unknown Source)
	at java.base/java.net.InetAddress.getAddressesFromNameService(Unknown Source)
	at java.base/java.net.InetAddress$NameServiceAddresses.get(Unknown Source)
	at java.base/java.net.InetAddress.getAllByName0(Unknown Source)
	at java.base/java.net.InetAddress.getAllByName(Unknown Source)
	at java.base/java.net.InetAddress.getAllByName(Unknown Source)
	at org.apache.http.impl.conn.SystemDefaultDnsResolver.resolve(SystemDefaultDnsResolver.java:45)
	at org.apache.http.impl.conn.DefaultClientConnectionOperator.resolveHostname(DefaultClientConnectionOperator.java:262)
	at org.apache.http.impl.conn.DefaultClientConnectionOperator.openConnection(DefaultClientConnectionOperator.java:161)
	at org.apache.http.impl.conn.AbstractPoolEntry.open(AbstractPoolEntry.java:144)
	at org.apache.http.impl.conn.AbstractPooledConnAdapter.open(AbstractPooledConnAdapter.java:134)
	at org.apache.http.impl.client.DefaultRequestDirector.tryConnect(DefaultRequestDirector.java:612)
	at org.apache.http.impl.client.DefaultRequestDirector.execute(DefaultRequestDirector.java:447)
	at org.apache.http.impl.client.AbstractHttpClient.doExecute(AbstractHttpClient.java:884)
	at org.apache.http.impl.client.CloseableHttpClient.execute(CloseableHttpClient.java:82)
	at org.eclipse.ecf.provider.filetransfer.httpclient4.HttpClientRetrieveFileTransfer.performConnect(HttpClientRetrieveFileTransfer.java:1084)
	at org.eclipse.ecf.provider.filetransfer.httpclient4.HttpClientRetrieveFileTransfer.access$0(HttpClientRetrieveFileTransfer.java:1075)
	at org.eclipse.ecf.provider.filetransfer.httpclient4.HttpClientRetrieveFileTransfer$1.performFileTransfer(HttpClientRetrieveFileTransfer.java:1071)
	at org.eclipse.ecf.filetransfer.FileTransferJob.run(FileTransferJob.java:74)
	at org.eclipse.core.internal.jobs.Worker.run(Worker.java:56)

!ENTRY org.eclipse.jface.text 2 0 2018-07-15 22:51:07.414
!MESSAGE Duplicate template id: 'org.eclipse.wst.xslt.templates.xpath.number'

!ENTRY org.eclipse.jface.text 2 0 2018-07-15 22:51:07.415
!MESSAGE Duplicate template id: 'org.eclipse.wst.xslt.templates.xpath.round'

!ENTRY org.eclipse.equinox.p2.transport.ecf 2 0 2018-07-15 22:51:21.932
!MESSAGE Connection to http://http/dist.springsource.com/release/TOOLS/update/e3.7/p2.index failed on No such host is known (http). Retry attempt 0 started
!STACK 0
java.net.UnknownHostException: No such host is known (http)
	at java.base/java.net.Inet6AddressImpl.lookupAllHostAddr(Native Method)
	at java.base/java.net.InetAddress$PlatformNameService.lookupAllHostAddr(Unknown Source)
	at java.base/java.net.InetAddress.getAddressesFromNameService(Unknown Source)
	at java.base/java.net.InetAddress$NameServiceAddresses.get(Unknown Source)
	at java.base/java.net.InetAddress.getAllByName0(Unknown Source)
	at java.base/java.net.InetAddress.getAllByName(Unknown Source)
	at java.base/java.net.InetAddress.getAllByName(Unknown Source)
	at org.apache.http.impl.conn.SystemDefaultDnsResolver.resolve(SystemDefaultDnsResolver.java:45)
	at org.apache.http.impl.conn.DefaultClientConnectionOperator.resolveHostname(DefaultClientConnectionOperator.java:262)
	at org.apache.http.impl.conn.DefaultClientConnectionOperator.openConnection(DefaultClientConnectionOperator.java:161)
	at org.apache.http.impl.conn.AbstractPoolEntry.open(AbstractPoolEntry.java:144)
	at org.apache.http.impl.conn.AbstractPooledConnAdapter.open(AbstractPooledConnAdapter.java:134)
	at org.apache.http.impl.client.DefaultRequestDirector.tryConnect(DefaultRequestDirector.java:612)
	at org.apache.http.impl.client.DefaultRequestDirector.execute(DefaultRequestDirector.java:447)
	at org.apache.http.impl.client.AbstractHttpClient.doExecute(AbstractHttpClient.java:884)
	at org.apache.http.impl.client.CloseableHttpClient.execute(CloseableHttpClient.java:82)
	at org.eclipse.ecf.provider.filetransfer.httpclient4.HttpClientRetrieveFileTransfer.performConnect(HttpClientRetrieveFileTransfer.java:1084)
	at org.eclipse.ecf.provider.filetransfer.httpclient4.HttpClientRetrieveFileTransfer.access$0(HttpClientRetrieveFileTransfer.java:1075)
	at org.eclipse.ecf.provider.filetransfer.httpclient4.HttpClientRetrieveFileTransfer$1.performFileTransfer(HttpClientRetrieveFileTransfer.java:1071)
	at org.eclipse.ecf.filetransfer.FileTransferJob.run(FileTransferJob.java:74)
	at org.eclipse.core.internal.jobs.Worker.run(Worker.java:56)

!ENTRY org.eclipse.equinox.p2.transport.ecf 2 0 2018-07-15 22:51:41.852
!MESSAGE Connection to http://http/dist.springsource.com/release/TOOLS/update/e3.7/p2.index failed on No such host is known (http). Retry attempt 0 started
!STACK 0
java.net.UnknownHostException: No such host is known (http)
	at java.base/java.net.Inet6AddressImpl.lookupAllHostAddr(Native Method)
	at java.base/java.net.InetAddress$PlatformNameService.lookupAllHostAddr(Unknown Source)
	at java.base/java.net.InetAddress.getAddressesFromNameService(Unknown Source)
	at java.base/java.net.InetAddress$NameServiceAddresses.get(Unknown Source)
	at java.base/java.net.InetAddress.getAllByName0(Unknown Source)
	at java.base/java.net.InetAddress.getAllByName(Unknown Source)
	at java.base/java.net.InetAddress.getAllByName(Unknown Source)
	at org.apache.http.impl.conn.SystemDefaultDnsResolver.resolve(SystemDefaultDnsResolver.java:45)
	at org.apache.http.impl.conn.DefaultClientConnectionOperator.resolveHostname(DefaultClientConnectionOperator.java:262)
	at org.apache.http.impl.conn.DefaultClientConnectionOperator.openConnection(DefaultClientConnectionOperator.java:161)
	at org.apache.http.impl.conn.AbstractPoolEntry.open(AbstractPoolEntry.java:144)
	at org.apache.http.impl.conn.AbstractPooledConnAdapter.open(AbstractPooledConnAdapter.java:134)
	at org.apache.http.impl.client.DefaultRequestDirector.tryConnect(DefaultRequestDirector.java:612)
	at org.apache.http.impl.client.DefaultRequestDirector.execute(DefaultRequestDirector.java:447)
	at org.apache.http.impl.client.AbstractHttpClient.doExecute(AbstractHttpClient.java:884)
	at org.apache.http.impl.client.CloseableHttpClient.execute(CloseableHttpClient.java:82)
	at org.eclipse.ecf.provider.filetransfer.httpclient4.HttpClientRetrieveFileTransfer.performConnect(HttpClientRetrieveFileTransfer.java:1084)
	at org.eclipse.ecf.provider.filetransfer.httpclient4.HttpClientRetrieveFileTransfer.access$0(HttpClientRetrieveFileTransfer.java:1075)
	at org.eclipse.ecf.provider.filetransfer.httpclient4.HttpClientRetrieveFileTransfer$1.performFileTransfer(HttpClientRetrieveFileTransfer.java:1071)
	at org.eclipse.ecf.filetransfer.FileTransferJob.run(FileTransferJob.java:74)
	at org.eclipse.core.internal.jobs.Worker.run(Worker.java:56)

!ENTRY org.eclipse.equinox.p2.transport.ecf 2 0 2018-07-15 22:52:01.144
!MESSAGE Connection to http://http/dist.springsource.com/release/TOOLS/update/e3.7/p2.index failed on No such host is known (http). Retry attempt 0 started
!STACK 0
java.net.UnknownHostException: No such host is known (http)
	at java.base/java.net.Inet6AddressImpl.lookupAllHostAddr(Native Method)
	at java.base/java.net.InetAddress$PlatformNameService.lookupAllHostAddr(Unknown Source)
	at java.base/java.net.InetAddress.getAddressesFromNameService(Unknown Source)
	at java.base/java.net.InetAddress$NameServiceAddresses.get(Unknown Source)
	at java.base/java.net.InetAddress.getAllByName0(Unknown Source)
	at java.base/java.net.InetAddress.getAllByName(Unknown Source)
	at java.base/java.net.InetAddress.getAllByName(Unknown Source)
	at org.apache.http.impl.conn.SystemDefaultDnsResolver.resolve(SystemDefaultDnsResolver.java:45)
	at org.apache.http.impl.conn.DefaultClientConnectionOperator.resolveHostname(DefaultClientConnectionOperator.java:262)
	at org.apache.http.impl.conn.DefaultClientConnectionOperator.openConnection(DefaultClientConnectionOperator.java:161)
	at org.apache.http.impl.conn.AbstractPoolEntry.open(AbstractPoolEntry.java:144)
	at org.apache.http.impl.conn.AbstractPooledConnAdapter.open(AbstractPooledConnAdapter.java:134)
	at org.apache.http.impl.client.DefaultRequestDirector.tryConnect(DefaultRequestDirector.java:612)
	at org.apache.http.impl.client.DefaultRequestDirector.execute(DefaultRequestDirector.java:447)
	at org.apache.http.impl.client.AbstractHttpClient.doExecute(AbstractHttpClient.java:884)
	at org.apache.http.impl.client.CloseableHttpClient.execute(CloseableHttpClient.java:82)
	at org.eclipse.ecf.provider.filetransfer.httpclient4.HttpClientRetrieveFileTransfer.performConnect(HttpClientRetrieveFileTransfer.java:1084)
	at org.eclipse.ecf.provider.filetransfer.httpclient4.HttpClientRetrieveFileTransfer.access$0(HttpClientRetrieveFileTransfer.java:1075)
	at org.eclipse.ecf.provider.filetransfer.httpclient4.HttpClientRetrieveFileTransfer$1.performFileTransfer(HttpClientRetrieveFileTransfer.java:1071)
	at org.eclipse.ecf.filetransfer.FileTransferJob.run(FileTransferJob.java:74)
	at org.eclipse.core.internal.jobs.Worker.run(Worker.java:56)

!ENTRY org.eclipse.equinox.p2.transport.ecf 2 0 2018-07-15 22:52:22.982
!MESSAGE Connection to http://http/dist.springsource.com/release/TOOLS/update/e3.7/p2.index failed on No such host is known (http). Retry attempt 0 started
!STACK 0
java.net.UnknownHostException: No such host is known (http)
	at java.base/java.net.Inet6AddressImpl.lookupAllHostAddr(Native Method)
	at java.base/java.net.InetAddress$PlatformNameService.lookupAllHostAddr(Unknown Source)
	at java.base/java.net.InetAddress.getAddressesFromNameService(Unknown Source)
	at java.base/java.net.InetAddress$NameServiceAddresses.get(Unknown Source)
	at java.base/java.net.InetAddress.getAllByName0(Unknown Source)
	at java.base/java.net.InetAddress.getAllByName(Unknown Source)
	at java.base/java.net.InetAddress.getAllByName(Unknown Source)
	at org.apache.http.impl.conn.SystemDefaultDnsResolver.resolve(SystemDefaultDnsResolver.java:45)
	at org.apache.http.impl.conn.DefaultClientConnectionOperator.resolveHostname(DefaultClientConnectionOperator.java:262)
	at org.apache.http.impl.conn.DefaultClientConnectionOperator.openConnection(DefaultClientConnectionOperator.java:161)
	at org.apache.http.impl.conn.AbstractPoolEntry.open(AbstractPoolEntry.java:144)
	at org.apache.http.impl.conn.AbstractPooledConnAdapter.open(AbstractPooledConnAdapter.java:134)
	at org.apache.http.impl.client.DefaultRequestDirector.tryConnect(DefaultRequestDirector.java:612)
	at org.apache.http.impl.client.DefaultRequestDirector.execute(DefaultRequestDirector.java:447)
	at org.apache.http.impl.client.AbstractHttpClient.doExecute(AbstractHttpClient.java:884)
	at org.apache.http.impl.client.CloseableHttpClient.execute(CloseableHttpClient.java:82)
	at org.eclipse.ecf.provider.filetransfer.httpclient4.HttpClientRetrieveFileTransfer.performConnect(HttpClientRetrieveFileTransfer.java:1084)
	at org.eclipse.ecf.provider.filetransfer.httpclient4.HttpClientRetrieveFileTransfer.access$0(HttpClientRetrieveFileTransfer.java:1075)
	at org.eclipse.ecf.provider.filetransfer.httpclient4.HttpClientRetrieveFileTransfer$1.performFileTransfer(HttpClientRetrieveFileTransfer.java:1071)
	at org.eclipse.ecf.filetransfer.FileTransferJob.run(FileTransferJob.java:74)
	at org.eclipse.core.internal.jobs.Worker.run(Worker.java:56)

!ENTRY org.eclipse.equinox.p2.transport.ecf 2 0 2018-07-15 22:52:42.427
!MESSAGE Connection to http://http/dist.springsource.com/release/TOOLS/update/e3.7/p2.index failed on No such host is known (http). Retry attempt 0 started
!STACK 0
java.net.UnknownHostException: No such host is known (http)
	at java.base/java.net.Inet6AddressImpl.lookupAllHostAddr(Native Method)
	at java.base/java.net.InetAddress$PlatformNameService.lookupAllHostAddr(Unknown Source)
	at java.base/java.net.InetAddress.getAddressesFromNameService(Unknown Source)
	at java.base/java.net.InetAddress$NameServiceAddresses.get(Unknown Source)
	at java.base/java.net.InetAddress.getAllByName0(Unknown Source)
	at java.base/java.net.InetAddress.getAllByName(Unknown Source)
	at java.base/java.net.InetAddress.getAllByName(Unknown Source)
	at org.apache.http.impl.conn.SystemDefaultDnsResolver.resolve(SystemDefaultDnsResolver.java:45)
	at org.apache.http.impl.conn.DefaultClientConnectionOperator.resolveHostname(DefaultClientConnectionOperator.java:262)
	at org.apache.http.impl.conn.DefaultClientConnectionOperator.openConnection(DefaultClientConnectionOperator.java:161)
	at org.apache.http.impl.conn.AbstractPoolEntry.open(AbstractPoolEntry.java:144)
	at org.apache.http.impl.conn.AbstractPooledConnAdapter.open(AbstractPooledConnAdapter.java:134)
	at org.apache.http.impl.client.DefaultRequestDirector.tryConnect(DefaultRequestDirector.java:612)
	at org.apache.http.impl.client.DefaultRequestDirector.execute(DefaultRequestDirector.java:447)
	at org.apache.http.impl.client.AbstractHttpClient.doExecute(AbstractHttpClient.java:884)
	at org.apache.http.impl.client.CloseableHttpClient.execute(CloseableHttpClient.java:82)
	at org.eclipse.ecf.provider.filetransfer.httpclient4.HttpClientRetrieveFileTransfer.performConnect(HttpClientRetrieveFileTransfer.java:1084)
	at org.eclipse.ecf.provider.filetransfer.httpclient4.HttpClientRetrieveFileTransfer.access$0(HttpClientRetrieveFileTransfer.java:1075)
	at org.eclipse.ecf.provider.filetransfer.httpclient4.HttpClientRetrieveFileTransfer$1.performFileTransfer(HttpClientRetrieveFileTransfer.java:1071)
	at org.eclipse.ecf.filetransfer.FileTransferJob.run(FileTransferJob.java:74)
	at org.eclipse.core.internal.jobs.Worker.run(Worker.java:56)

!ENTRY org.eclipse.equinox.p2.transport.ecf 2 0 2018-07-15 22:53:03.105
!MESSAGE Connection to http://http/dist.springsource.com/release/TOOLS/update/e3.7/p2.index failed on No such host is known (http). Retry attempt 0 started
!STACK 0
java.net.UnknownHostException: No such host is known (http)
	at java.base/java.net.Inet6AddressImpl.lookupAllHostAddr(Native Method)
	at java.base/java.net.InetAddress$PlatformNameService.lookupAllHostAddr(Unknown Source)
	at java.base/java.net.InetAddress.getAddressesFromNameService(Unknown Source)
	at java.base/java.net.InetAddress$NameServiceAddresses.get(Unknown Source)
	at java.base/java.net.InetAddress.getAllByName0(Unknown Source)
	at java.base/java.net.InetAddress.getAllByName(Unknown Source)
	at java.base/java.net.InetAddress.getAllByName(Unknown Source)
	at org.apache.http.impl.conn.SystemDefaultDnsResolver.resolve(SystemDefaultDnsResolver.java:45)
	at org.apache.http.impl.conn.DefaultClientConnectionOperator.resolveHostname(DefaultClientConnectionOperator.java:262)
	at org.apache.http.impl.conn.DefaultClientConnectionOperator.openConnection(DefaultClientConnectionOperator.java:161)
	at org.apache.http.impl.conn.AbstractPoolEntry.open(AbstractPoolEntry.java:144)
	at org.apache.http.impl.conn.AbstractPooledConnAdapter.open(AbstractPooledConnAdapter.java:134)
	at org.apache.http.impl.client.DefaultRequestDirector.tryConnect(DefaultRequestDirector.java:612)
	at org.apache.http.impl.client.DefaultRequestDirector.execute(DefaultRequestDirector.java:447)
	at org.apache.http.impl.client.AbstractHttpClient.doExecute(AbstractHttpClient.java:884)
	at org.apache.http.impl.client.CloseableHttpClient.execute(CloseableHttpClient.java:82)
	at org.eclipse.ecf.provider.filetransfer.httpclient4.HttpClientRetrieveFileTransfer.performConnect(HttpClientRetrieveFileTransfer.java:1084)
	at org.eclipse.ecf.provider.filetransfer.httpclient4.HttpClientRetrieveFileTransfer.access$0(HttpClientRetrieveFileTransfer.java:1075)
	at org.eclipse.ecf.provider.filetransfer.httpclient4.HttpClientRetrieveFileTransfer$1.performFileTransfer(HttpClientRetrieveFileTransfer.java:1071)
	at org.eclipse.ecf.filetransfer.FileTransferJob.run(FileTransferJob.java:74)
	at org.eclipse.core.internal.jobs.Worker.run(Worker.java:56)

!ENTRY org.eclipse.equinox.p2.transport.ecf 2 0 2018-07-15 22:53:22.240
!MESSAGE Connection to http://http/dist.springsource.com/release/TOOLS/update/e3.7/p2.index failed on No such host is known (http). Retry attempt 0 started
!STACK 0
java.net.UnknownHostException: No such host is known (http)
	at java.base/java.net.Inet6AddressImpl.lookupAllHostAddr(Native Method)
	at java.base/java.net.InetAddress$PlatformNameService.lookupAllHostAddr(Unknown Source)
	at java.base/java.net.InetAddress.getAddressesFromNameService(Unknown Source)
	at java.base/java.net.InetAddress$NameServiceAddresses.get(Unknown Source)
	at java.base/java.net.InetAddress.getAllByName0(Unknown Source)
	at java.base/java.net.InetAddress.getAllByName(Unknown Source)
	at java.base/java.net.InetAddress.getAllByName(Unknown Source)
	at org.apache.http.impl.conn.SystemDefaultDnsResolver.resolve(SystemDefaultDnsResolver.java:45)
	at org.apache.http.impl.conn.DefaultClientConnectionOperator.resolveHostname(DefaultClientConnectionOperator.java:262)
	at org.apache.http.impl.conn.DefaultClientConnectionOperator.openConnection(DefaultClientConnectionOperator.java:161)
	at org.apache.http.impl.conn.AbstractPoolEntry.open(AbstractPoolEntry.java:144)
	at org.apache.http.impl.conn.AbstractPooledConnAdapter.open(AbstractPooledConnAdapter.java:134)
	at org.apache.http.impl.client.DefaultRequestDirector.tryConnect(DefaultRequestDirector.java:612)
	at org.apache.http.impl.client.DefaultRequestDirector.execute(DefaultRequestDirector.java:447)
	at org.apache.http.impl.client.AbstractHttpClient.doExecute(AbstractHttpClient.java:884)
	at org.apache.http.impl.client.CloseableHttpClient.execute(CloseableHttpClient.java:82)
	at org.eclipse.ecf.provider.filetransfer.httpclient4.HttpClientRetrieveFileTransfer.performConnect(HttpClientRetrieveFileTransfer.java:1084)
	at org.eclipse.ecf.provider.filetransfer.httpclient4.HttpClientRetrieveFileTransfer.access$0(HttpClientRetrieveFileTransfer.java:1075)
	at org.eclipse.ecf.provider.filetransfer.httpclient4.HttpClientRetrieveFileTransfer$1.performFileTransfer(HttpClientRetrieveFileTransfer.java:1071)
	at org.eclipse.ecf.filetransfer.FileTransferJob.run(FileTransferJob.java:74)
	at org.eclipse.core.internal.jobs.Worker.run(Worker.java:56)

!ENTRY org.eclipse.equinox.p2.transport.ecf 2 0 2018-07-15 22:53:35.485
!MESSAGE Connection to http://http/dist.springsource.com/release/TOOLS/update/e3.7/p2.index failed on No such host is known (http). Retry attempt 0 started
!STACK 0
java.net.UnknownHostException: No such host is known (http)
	at java.base/java.net.Inet6AddressImpl.lookupAllHostAddr(Native Method)
	at java.base/java.net.InetAddress$PlatformNameService.lookupAllHostAddr(Unknown Source)
	at java.base/java.net.InetAddress.getAddressesFromNameService(Unknown Source)
	at java.base/java.net.InetAddress$NameServiceAddresses.get(Unknown Source)
	at java.base/java.net.InetAddress.getAllByName0(Unknown Source)
	at java.base/java.net.InetAddress.getAllByName(Unknown Source)
	at java.base/java.net.InetAddress.getAllByName(Unknown Source)
	at org.apache.http.impl.conn.SystemDefaultDnsResolver.resolve(SystemDefaultDnsResolver.java:45)
	at org.apache.http.impl.conn.DefaultClientConnectionOperator.resolveHostname(DefaultClientConnectionOperator.java:262)
	at org.apache.http.impl.conn.DefaultClientConnectionOperator.openConnection(DefaultClientConnectionOperator.java:161)
	at org.apache.http.impl.conn.AbstractPoolEntry.open(AbstractPoolEntry.java:144)
	at org.apache.http.impl.conn.AbstractPooledConnAdapter.open(AbstractPooledConnAdapter.java:134)
	at org.apache.http.impl.client.DefaultRequestDirector.tryConnect(DefaultRequestDirector.java:612)
	at org.apache.http.impl.client.DefaultRequestDirector.execute(DefaultRequestDirector.java:447)
	at org.apache.http.impl.client.AbstractHttpClient.doExecute(AbstractHttpClient.java:884)
	at org.apache.http.impl.client.CloseableHttpClient.execute(CloseableHttpClient.java:82)
	at org.eclipse.ecf.provider.filetransfer.httpclient4.HttpClientRetrieveFileTransfer.performConnect(HttpClientRetrieveFileTransfer.java:1084)
	at org.eclipse.ecf.provider.filetransfer.httpclient4.HttpClientRetrieveFileTransfer.access$0(HttpClientRetrieveFileTransfer.java:1075)
	at org.eclipse.ecf.provider.filetransfer.httpclient4.HttpClientRetrieveFileTransfer$1.performFileTransfer(HttpClientRetrieveFileTransfer.java:1071)
	at org.eclipse.ecf.filetransfer.FileTransferJob.run(FileTransferJob.java:74)
	at org.eclipse.core.internal.jobs.Worker.run(Worker.java:56)

!ENTRY org.eclipse.equinox.p2.transport.ecf 2 0 2018-07-15 22:53:54.524
!MESSAGE Connection to http://http/dist.springsource.com/release/TOOLS/update/e3.7/p2.index failed on No such host is known (http). Retry attempt 0 started
!STACK 0
java.net.UnknownHostException: No such host is known (http)
	at java.base/java.net.Inet6AddressImpl.lookupAllHostAddr(Native Method)
	at java.base/java.net.InetAddress$PlatformNameService.lookupAllHostAddr(Unknown Source)
	at java.base/java.net.InetAddress.getAddressesFromNameService(Unknown Source)
	at java.base/java.net.InetAddress$NameServiceAddresses.get(Unknown Source)
	at java.base/java.net.InetAddress.getAllByName0(Unknown Source)
	at java.base/java.net.InetAddress.getAllByName(Unknown Source)
	at java.base/java.net.InetAddress.getAllByName(Unknown Source)
	at org.apache.http.impl.conn.SystemDefaultDnsResolver.resolve(SystemDefaultDnsResolver.java:45)
	at org.apache.http.impl.conn.DefaultClientConnectionOperator.resolveHostname(DefaultClientConnectionOperator.java:262)
	at org.apache.http.impl.conn.DefaultClientConnectionOperator.openConnection(DefaultClientConnectionOperator.java:161)
	at org.apache.http.impl.conn.AbstractPoolEntry.open(AbstractPoolEntry.java:144)
	at org.apache.http.impl.conn.AbstractPooledConnAdapter.open(AbstractPooledConnAdapter.java:134)
	at org.apache.http.impl.client.DefaultRequestDirector.tryConnect(DefaultRequestDirector.java:612)
	at org.apache.http.impl.client.DefaultRequestDirector.execute(DefaultRequestDirector.java:447)
	at org.apache.http.impl.client.AbstractHttpClient.doExecute(AbstractHttpClient.java:884)
	at org.apache.http.impl.client.CloseableHttpClient.execute(CloseableHttpClient.java:82)
	at org.eclipse.ecf.provider.filetransfer.httpclient4.HttpClientRetrieveFileTransfer.performConnect(HttpClientRetrieveFileTransfer.java:1084)
	at org.eclipse.ecf.provider.filetransfer.httpclient4.HttpClientRetrieveFileTransfer.access$0(HttpClientRetrieveFileTransfer.java:1075)
	at org.eclipse.ecf.provider.filetransfer.httpclient4.HttpClientRetrieveFileTransfer$1.performFileTransfer(HttpClientRetrieveFileTransfer.java:1071)
	at org.eclipse.ecf.filetransfer.FileTransferJob.run(FileTransferJob.java:74)
	at org.eclipse.core.internal.jobs.Worker.run(Worker.java:56)

!ENTRY org.eclipse.equinox.p2.transport.ecf 2 0 2018-07-15 22:54:14.285
!MESSAGE Connection to http://http/dist.springsource.com/release/TOOLS/update/e3.7/p2.index failed on No such host is known (http). Retry attempt 0 started
!STACK 0
java.net.UnknownHostException: No such host is known (http)
	at java.base/java.net.Inet6AddressImpl.lookupAllHostAddr(Native Method)
	at java.base/java.net.InetAddress$PlatformNameService.lookupAllHostAddr(Unknown Source)
	at java.base/java.net.InetAddress.getAddressesFromNameService(Unknown Source)
	at java.base/java.net.InetAddress$NameServiceAddresses.get(Unknown Source)
	at java.base/java.net.InetAddress.getAllByName0(Unknown Source)
	at java.base/java.net.InetAddress.getAllByName(Unknown Source)
	at java.base/java.net.InetAddress.getAllByName(Unknown Source)
	at org.apache.http.impl.conn.SystemDefaultDnsResolver.resolve(SystemDefaultDnsResolver.java:45)
	at org.apache.http.impl.conn.DefaultClientConnectionOperator.resolveHostname(DefaultClientConnectionOperator.java:262)
	at org.apache.http.impl.conn.DefaultClientConnectionOperator.openConnection(DefaultClientConnectionOperator.java:161)
	at org.apache.http.impl.conn.AbstractPoolEntry.open(AbstractPoolEntry.java:144)
	at org.apache.http.impl.conn.AbstractPooledConnAdapter.open(AbstractPooledConnAdapter.java:134)
	at org.apache.http.impl.client.DefaultRequestDirector.tryConnect(DefaultRequestDirector.java:612)
	at org.apache.http.impl.client.DefaultRequestDirector.execute(DefaultRequestDirector.java:447)
	at org.apache.http.impl.client.AbstractHttpClient.doExecute(AbstractHttpClient.java:884)
	at org.apache.http.impl.client.CloseableHttpClient.execute(CloseableHttpClient.java:82)
	at org.eclipse.ecf.provider.filetransfer.httpclient4.HttpClientRetrieveFileTransfer.performConnect(HttpClientRetrieveFileTransfer.java:1084)
	at org.eclipse.ecf.provider.filetransfer.httpclient4.HttpClientRetrieveFileTransfer.access$0(HttpClientRetrieveFileTransfer.java:1075)
	at org.eclipse.ecf.provider.filetransfer.httpclient4.HttpClientRetrieveFileTransfer$1.performFileTransfer(HttpClientRetrieveFileTransfer.java:1071)
	at org.eclipse.ecf.filetransfer.FileTransferJob.run(FileTransferJob.java:74)
	at org.eclipse.core.internal.jobs.Worker.run(Worker.java:56)

!ENTRY org.eclipse.equinox.p2.transport.ecf 2 0 2018-07-15 22:54:33.639
!MESSAGE Connection to http://http/dist.springsource.com/release/TOOLS/update/e3.7/p2.index failed on No such host is known (http). Retry attempt 0 started
!STACK 0
java.net.UnknownHostException: No such host is known (http)
	at java.base/java.net.Inet6AddressImpl.lookupAllHostAddr(Native Method)
	at java.base/java.net.InetAddress$PlatformNameService.lookupAllHostAddr(Unknown Source)
	at java.base/java.net.InetAddress.getAddressesFromNameService(Unknown Source)
	at java.base/java.net.InetAddress$NameServiceAddresses.get(Unknown Source)
	at java.base/java.net.InetAddress.getAllByName0(Unknown Source)
	at java.base/java.net.InetAddress.getAllByName(Unknown Source)
	at java.base/java.net.InetAddress.getAllByName(Unknown Source)
	at org.apache.http.impl.conn.SystemDefaultDnsResolver.resolve(SystemDefaultDnsResolver.java:45)
	at org.apache.http.impl.conn.DefaultClientConnectionOperator.resolveHostname(DefaultClientConnectionOperator.java:262)
	at org.apache.http.impl.conn.DefaultClientConnectionOperator.openConnection(DefaultClientConnectionOperator.java:161)
	at org.apache.http.impl.conn.AbstractPoolEntry.open(AbstractPoolEntry.java:144)
	at org.apache.http.impl.conn.AbstractPooledConnAdapter.open(AbstractPooledConnAdapter.java:134)
	at org.apache.http.impl.client.DefaultRequestDirector.tryConnect(DefaultRequestDirector.java:612)
	at org.apache.http.impl.client.DefaultRequestDirector.execute(DefaultRequestDirector.java:447)
	at org.apache.http.impl.client.AbstractHttpClient.doExecute(AbstractHttpClient.java:884)
	at org.apache.http.impl.client.CloseableHttpClient.execute(CloseableHttpClient.java:82)
	at org.eclipse.ecf.provider.filetransfer.httpclient4.HttpClientRetrieveFileTransfer.performConnect(HttpClientRetrieveFileTransfer.java:1084)
	at org.eclipse.ecf.provider.filetransfer.httpclient4.HttpClientRetrieveFileTransfer.access$0(HttpClientRetrieveFileTransfer.java:1075)
	at org.eclipse.ecf.provider.filetransfer.httpclient4.HttpClientRetrieveFileTransfer$1.performFileTransfer(HttpClientRetrieveFileTransfer.java:1071)
	at org.eclipse.ecf.filetransfer.FileTransferJob.run(FileTransferJob.java:74)
	at org.eclipse.core.internal.jobs.Worker.run(Worker.java:56)

!ENTRY org.eclipse.equinox.p2.transport.ecf 2 0 2018-07-15 22:54:54.184
!MESSAGE Connection to http://http/dist.springsource.com/release/TOOLS/update/e3.7/p2.index failed on No such host is known (http). Retry attempt 0 started
!STACK 0
java.net.UnknownHostException: No such host is known (http)
	at java.base/java.net.Inet6AddressImpl.lookupAllHostAddr(Native Method)
	at java.base/java.net.InetAddress$PlatformNameService.lookupAllHostAddr(Unknown Source)
	at java.base/java.net.InetAddress.getAddressesFromNameService(Unknown Source)
	at java.base/java.net.InetAddress$NameServiceAddresses.get(Unknown Source)
	at java.base/java.net.InetAddress.getAllByName0(Unknown Source)
	at java.base/java.net.InetAddress.getAllByName(Unknown Source)
	at java.base/java.net.InetAddress.getAllByName(Unknown Source)
	at org.apache.http.impl.conn.SystemDefaultDnsResolver.resolve(SystemDefaultDnsResolver.java:45)
	at org.apache.http.impl.conn.DefaultClientConnectionOperator.resolveHostname(DefaultClientConnectionOperator.java:262)
	at org.apache.http.impl.conn.DefaultClientConnectionOperator.openConnection(DefaultClientConnectionOperator.java:161)
	at org.apache.http.impl.conn.AbstractPoolEntry.open(AbstractPoolEntry.java:144)
	at org.apache.http.impl.conn.AbstractPooledConnAdapter.open(AbstractPooledConnAdapter.java:134)
	at org.apache.http.impl.client.DefaultRequestDirector.tryConnect(DefaultRequestDirector.java:612)
	at org.apache.http.impl.client.DefaultRequestDirector.execute(DefaultRequestDirector.java:447)
	at org.apache.http.impl.client.AbstractHttpClient.doExecute(AbstractHttpClient.java:884)
	at org.apache.http.impl.client.CloseableHttpClient.execute(CloseableHttpClient.java:82)
	at org.eclipse.ecf.provider.filetransfer.httpclient4.HttpClientRetrieveFileTransfer.performConnect(HttpClientRetrieveFileTransfer.java:1084)
	at org.eclipse.ecf.provider.filetransfer.httpclient4.HttpClientRetrieveFileTransfer.access$0(HttpClientRetrieveFileTransfer.java:1075)
	at org.eclipse.ecf.provider.filetransfer.httpclient4.HttpClientRetrieveFileTransfer$1.performFileTransfer(HttpClientRetrieveFileTransfer.java:1071)
	at org.eclipse.ecf.filetransfer.FileTransferJob.run(FileTransferJob.java:74)
	at org.eclipse.core.internal.jobs.Worker.run(Worker.java:56)

!ENTRY org.eclipse.jst.server.tomcat.core 4 0 2018-07-16 01:01:55.534
!MESSAGE Several ports (14005, 14080, 14009) required by Tomcat v8.5 Server at localhost are already in use. The server may already be running in another process, or a system process may be using the port. To start this server you will need to stop the other process or change the port number(s).

!ENTRY org.eclipse.jst.server.tomcat.core 4 0 2018-07-16 01:16:47.463
!MESSAGE Several ports (14005, 14080) required by Tomcat v8.5 Server at localhost are already in use. The server may already be running in another process, or a system process may be using the port. To start this server you will need to stop the other process or change the port number(s).

!ENTRY org.eclipse.core.jobs 2 2 2018-07-16 02:10:19.264
!MESSAGE Job found still running after platform shutdown.  Jobs should be canceled by the plugin that scheduled them during shutdown: org.eclipse.equinox.internal.p2.transport.ecf.FileReader$CancelHandler

!ENTRY org.eclipse.core.jobs 2 2 2018-07-16 02:10:19.452
!MESSAGE Job found still running after platform shutdown.  Jobs should be canceled by the plugin that scheduled them during shutdown: org.eclipse.equinox.internal.p2.transport.ecf.FileReader$CancelHandler

!ENTRY org.eclipse.core.jobs 2 2 2018-07-16 02:10:19.452
!MESSAGE Job found still running after platform shutdown.  Jobs should be canceled by the plugin that scheduled them during shutdown: org.eclipse.equinox.internal.p2.transport.ecf.FileReader$CancelHandler

!ENTRY org.eclipse.core.jobs 2 2 2018-07-16 02:10:19.467
!MESSAGE Job found still running after platform shutdown.  Jobs should be canceled by the plugin that scheduled them during shutdown: org.eclipse.equinox.internal.p2.transport.ecf.FileReader$CancelHandler

!ENTRY org.eclipse.core.jobs 2 2 2018-07-16 02:10:19.467
!MESSAGE Job found still running after platform shutdown.  Jobs should be canceled by the plugin that scheduled them during shutdown: org.eclipse.equinox.internal.p2.transport.ecf.FileReader$CancelHandler

!ENTRY org.eclipse.core.jobs 2 2 2018-07-16 02:10:19.467
!MESSAGE Job found still running after platform shutdown.  Jobs should be canceled by the plugin that scheduled them during shutdown: org.eclipse.equinox.internal.p2.transport.ecf.FileReader$CancelHandler

!ENTRY org.eclipse.core.jobs 2 2 2018-07-16 02:10:19.467
!MESSAGE Job found still running after platform shutdown.  Jobs should be canceled by the plugin that scheduled them during shutdown: org.eclipse.equinox.internal.p2.transport.ecf.FileReader$CancelHandler

!ENTRY org.eclipse.core.jobs 2 2 2018-07-16 02:10:19.483
!MESSAGE Job found still running after platform shutdown.  Jobs should be canceled by the plugin that scheduled them during shutdown: org.eclipse.equinox.internal.p2.transport.ecf.FileReader$CancelHandler

!ENTRY org.eclipse.core.jobs 2 2 2018-07-16 02:10:19.483
!MESSAGE Job found still running after platform shutdown.  Jobs should be canceled by the plugin that scheduled them during shutdown: org.eclipse.equinox.internal.p2.transport.ecf.FileReader$CancelHandler
!SESSION 2018-07-16 02:45:01.285 -----------------------------------------------
eclipse.buildId=4.7.3.M20180330-0640
java.version=10.0.1
java.vendor=Oracle Corporation
BootLoader constants: OS=win32, ARCH=x86_64, WS=win32, NL=en_IN
Framework arguments:  -product org.eclipse.epp.package.jee.product
Command-line arguments:  -os win32 -ws win32 -arch x86_64 -product org.eclipse.epp.package.jee.product

!ENTRY org.eclipse.egit.ui 2 0 2018-07-16 02:46:26.107
!MESSAGE Warning: The environment variable HOME is not set. The following directory will be used to store the Git
user global configuration and to define the default location to store repositories: 'C:\Users\Dell'. If this is
not correct please set the HOME environment variable and restart Eclipse. Otherwise Git for Windows and
EGit might behave differently since they see different configuration options.
This warning can be switched off on the Team > Git > Confirmations and Warnings preference page.

!ENTRY org.eclipse.osgi 2 0 2018-07-16 02:46:32.450
!MESSAGE While loading class "org.eclipse.m2e.jdt.internal.MavenClasspathContainerInitializer", thread "Thread[Worker-5,5,main]" timed out waiting (5014ms) for thread "Thread[Worker-6,5,main]" to finish starting bundle "org.eclipse.m2e.jdt_1.8.3.20180227-2137 [2355]". To avoid deadlock, thread "Thread[Worker-5,5,main]" is proceeding but "org.eclipse.m2e.jdt.internal.MavenClasspathContainerInitializer" may not be fully initialized.
!STACK 0
org.osgi.framework.BundleException: Unable to acquire the state change lock for the module: osgi.identity; type="osgi.bundle"; version:Version="1.8.3.20180227-2137"; osgi.identity="org.eclipse.m2e.jdt"; singleton:="true" [id=2355] STARTED [STARTED]
	at org.eclipse.osgi.container.Module.lockStateChange(Module.java:337)
	at org.eclipse.osgi.container.Module.start(Module.java:401)
	at org.eclipse.osgi.framework.util.SecureAction.start(SecureAction.java:468)
	at org.eclipse.osgi.internal.hooks.EclipseLazyStarter.postFindLocalClass(EclipseLazyStarter.java:103)
	at org.eclipse.osgi.internal.loader.classpath.ClasspathManager.findLocalClass(ClasspathManager.java:529)
	at org.eclipse.osgi.internal.loader.ModuleClassLoader.findLocalClass(ModuleClassLoader.java:328)
	at org.eclipse.osgi.internal.loader.BundleLoader.findLocalClass(BundleLoader.java:368)
	at org.eclipse.osgi.internal.loader.BundleLoader.findClassInternal(BundleLoader.java:446)
	at org.eclipse.osgi.internal.loader.BundleLoader.findClass(BundleLoader.java:395)
	at org.eclipse.osgi.internal.loader.BundleLoader.findClass(BundleLoader.java:387)
	at org.eclipse.osgi.internal.loader.ModuleClassLoader.loadClass(ModuleClassLoader.java:150)
	at java.base/java.lang.ClassLoader.loadClass(Unknown Source)
	at org.eclipse.osgi.internal.framework.EquinoxBundle.loadClass(EquinoxBundle.java:564)
	at org.eclipse.core.internal.registry.osgi.RegistryStrategyOSGI.createExecutableExtension(RegistryStrategyOSGI.java:174)
	at org.eclipse.core.internal.registry.ExtensionRegistry.createExecutableExtension(ExtensionRegistry.java:905)
	at org.eclipse.core.internal.registry.ConfigurationElement.createExecutableExtension(ConfigurationElement.java:243)
	at org.eclipse.core.internal.registry.ConfigurationElementHandle.createExecutableExtension(ConfigurationElementHandle.java:55)
	at org.eclipse.jdt.core.JavaCore.computeClasspathContainerInitializer(JavaCore.java:3615)
	at org.eclipse.jdt.core.JavaCore.getClasspathContainerInitializer(JavaCore.java:3591)
	at org.eclipse.jdt.internal.core.JavaModelManager.initializeContainer(JavaModelManager.java:3095)
	at org.eclipse.jdt.internal.core.JavaModelManager$10.run(JavaModelManager.java:3020)
	at org.eclipse.core.internal.resources.Workspace.run(Workspace.java:2240)
	at org.eclipse.core.internal.resources.Workspace.run(Workspace.java:2267)
	at org.eclipse.jdt.internal.core.JavaModelManager.initializeAllContainers(JavaModelManager.java:3060)
	at org.eclipse.jdt.internal.core.JavaModelManager.getClasspathContainer(JavaModelManager.java:2058)
	at org.eclipse.jdt.core.JavaCore.initializeAfterLoad(JavaCore.java:4330)
	at org.eclipse.jdt.internal.ui.InitializeAfterLoadJob$RealJob.run(InitializeAfterLoadJob.java:36)
	at org.eclipse.core.internal.jobs.Worker.run(Worker.java:56)
Caused by: java.util.concurrent.TimeoutException: Timeout after waiting 5 seconds to acquire the lock.
	at org.eclipse.osgi.container.Module.lockStateChange(Module.java:334)
	... 27 more
Root exception:
java.util.concurrent.TimeoutException: Timeout after waiting 5 seconds to acquire the lock.
	at org.eclipse.osgi.container.Module.lockStateChange(Module.java:334)
	at org.eclipse.osgi.container.Module.start(Module.java:401)
	at org.eclipse.osgi.framework.util.SecureAction.start(SecureAction.java:468)
	at org.eclipse.osgi.internal.hooks.EclipseLazyStarter.postFindLocalClass(EclipseLazyStarter.java:103)
	at org.eclipse.osgi.internal.loader.classpath.ClasspathManager.findLocalClass(ClasspathManager.java:529)
	at org.eclipse.osgi.internal.loader.ModuleClassLoader.findLocalClass(ModuleClassLoader.java:328)
	at org.eclipse.osgi.internal.loader.BundleLoader.findLocalClass(BundleLoader.java:368)
	at org.eclipse.osgi.internal.loader.BundleLoader.findClassInternal(BundleLoader.java:446)
	at org.eclipse.osgi.internal.loader.BundleLoader.findClass(BundleLoader.java:395)
	at org.eclipse.osgi.internal.loader.BundleLoader.findClass(BundleLoader.java:387)
	at org.eclipse.osgi.internal.loader.ModuleClassLoader.loadClass(ModuleClassLoader.java:150)
	at java.base/java.lang.ClassLoader.loadClass(Unknown Source)
	at org.eclipse.osgi.internal.framework.EquinoxBundle.loadClass(EquinoxBundle.java:564)
	at org.eclipse.core.internal.registry.osgi.RegistryStrategyOSGI.createExecutableExtension(RegistryStrategyOSGI.java:174)
	at org.eclipse.core.internal.registry.ExtensionRegistry.createExecutableExtension(ExtensionRegistry.java:905)
	at org.eclipse.core.internal.registry.ConfigurationElement.createExecutableExtension(ConfigurationElement.java:243)
	at org.eclipse.core.internal.registry.ConfigurationElementHandle.createExecutableExtension(ConfigurationElementHandle.java:55)
	at org.eclipse.jdt.core.JavaCore.computeClasspathContainerInitializer(JavaCore.java:3615)
	at org.eclipse.jdt.core.JavaCore.getClasspathContainerInitializer(JavaCore.java:3591)
	at org.eclipse.jdt.internal.core.JavaModelManager.initializeContainer(JavaModelManager.java:3095)
	at org.eclipse.jdt.internal.core.JavaModelManager$10.run(JavaModelManager.java:3020)
	at org.eclipse.core.internal.resources.Workspace.run(Workspace.java:2240)
	at org.eclipse.core.internal.resources.Workspace.run(Workspace.java:2267)
	at org.eclipse.jdt.internal.core.JavaModelManager.initializeAllContainers(JavaModelManager.java:3060)
	at org.eclipse.jdt.internal.core.JavaModelManager.getClasspathContainer(JavaModelManager.java:2058)
	at org.eclipse.jdt.core.JavaCore.initializeAfterLoad(JavaCore.java:4330)
	at org.eclipse.jdt.internal.ui.InitializeAfterLoadJob$RealJob.run(InitializeAfterLoadJob.java:36)
	at org.eclipse.core.internal.jobs.Worker.run(Worker.java:56)

!ENTRY org.eclipse.osgi 2 0 2018-07-16 02:46:32.542
!MESSAGE While loading class "org.eclipse.m2e.jdt.internal.MavenClasspathContainerInitializer", thread "Thread[Worker-3,5,main]" timed out waiting (5014ms) for thread "Thread[Worker-6,5,main]" to finish starting bundle "org.eclipse.m2e.jdt_1.8.3.20180227-2137 [2355]". To avoid deadlock, thread "Thread[Worker-3,5,main]" is proceeding but "org.eclipse.m2e.jdt.internal.MavenClasspathContainerInitializer" may not be fully initialized.
!STACK 0
org.osgi.framework.BundleException: Unable to acquire the state change lock for the module: osgi.identity; type="osgi.bundle"; version:Version="1.8.3.20180227-2137"; osgi.identity="org.eclipse.m2e.jdt"; singleton:="true" [id=2355] STARTED [STARTED]
	at org.eclipse.osgi.container.Module.lockStateChange(Module.java:337)
	at org.eclipse.osgi.container.Module.start(Module.java:401)
	at org.eclipse.osgi.framework.util.SecureAction.start(SecureAction.java:468)
	at org.eclipse.osgi.internal.hooks.EclipseLazyStarter.postFindLocalClass(EclipseLazyStarter.java:103)
	at org.eclipse.osgi.internal.loader.classpath.ClasspathManager.findLocalClass(ClasspathManager.java:529)
	at org.eclipse.osgi.internal.loader.ModuleClassLoader.findLocalClass(ModuleClassLoader.java:328)
	at org.eclipse.osgi.internal.loader.BundleLoader.findLocalClass(BundleLoader.java:368)
	at org.eclipse.osgi.internal.loader.BundleLoader.findClassInternal(BundleLoader.java:446)
	at org.eclipse.osgi.internal.loader.BundleLoader.findClass(BundleLoader.java:395)
	at org.eclipse.osgi.internal.loader.BundleLoader.findClass(BundleLoader.java:387)
	at org.eclipse.osgi.internal.loader.ModuleClassLoader.loadClass(ModuleClassLoader.java:150)
	at java.base/java.lang.ClassLoader.loadClass(Unknown Source)
	at org.eclipse.osgi.internal.framework.EquinoxBundle.loadClass(EquinoxBundle.java:564)
	at org.eclipse.core.internal.registry.osgi.RegistryStrategyOSGI.createExecutableExtension(RegistryStrategyOSGI.java:174)
	at org.eclipse.core.internal.registry.ExtensionRegistry.createExecutableExtension(ExtensionRegistry.java:905)
	at org.eclipse.core.internal.registry.ConfigurationElement.createExecutableExtension(ConfigurationElement.java:243)
	at org.eclipse.core.internal.registry.ConfigurationElementHandle.createExecutableExtension(ConfigurationElementHandle.java:55)
	at org.eclipse.jdt.core.JavaCore.computeClasspathContainerInitializer(JavaCore.java:3615)
	at org.eclipse.jdt.core.JavaCore.getClasspathContainerInitializer(JavaCore.java:3591)
	at org.eclipse.jdt.internal.core.JavaModelManager.initializeContainer(JavaModelManager.java:3095)
	at org.eclipse.jdt.internal.core.JavaModelManager$10.run(JavaModelManager.java:3020)
	at org.eclipse.core.internal.resources.Workspace.run(Workspace.java:2240)
	at org.eclipse.core.internal.resources.Workspace.run(Workspace.java:2267)
	at org.eclipse.jdt.internal.core.JavaModelManager.initializeAllContainers(JavaModelManager.java:3060)
	at org.eclipse.jdt.internal.core.JavaModelManager.getClasspathContainer(JavaModelManager.java:2058)
	at org.eclipse.jdt.core.JavaCore.getClasspathContainer(JavaCore.java:3568)
	at org.eclipse.jdt.internal.core.JavaProject.resolveClasspath(JavaProject.java:2986)
	at org.eclipse.jdt.internal.core.JavaProject.resolveClasspath(JavaProject.java:3150)
	at org.eclipse.jdt.internal.core.JavaProject.getResolvedClasspath(JavaProject.java:2255)
	at org.eclipse.jdt.internal.core.JavaProject.isOnClasspath(JavaProject.java:2533)
	at org.eclipse.jdt.internal.ui.BuildpathIndicatorLabelDecorator.getOverlay(BuildpathIndicatorLabelDecorator.java:45)
	at org.eclipse.jdt.internal.ui.BuildpathIndicatorLabelDecorator.decorate(BuildpathIndicatorLabelDecorator.java:32)
	at org.eclipse.ui.internal.decorators.LightweightDecoratorDefinition.decorate(LightweightDecoratorDefinition.java:259)
	at org.eclipse.ui.internal.decorators.LightweightDecoratorManager$LightweightRunnable.run(LightweightDecoratorManager.java:104)
	at org.eclipse.core.runtime.SafeRunner.run(SafeRunner.java:42)
	at org.eclipse.ui.internal.decorators.LightweightDecoratorManager.decorate(LightweightDecoratorManager.java:377)
	at org.eclipse.ui.internal.decorators.LightweightDecoratorManager.getDecorations(LightweightDecoratorManager.java:359)
	at org.eclipse.ui.internal.decorators.DecorationScheduler$1.ensureResultCached(DecorationScheduler.java:347)
	at org.eclipse.ui.internal.decorators.DecorationScheduler$1.run(DecorationScheduler.java:311)
	at org.eclipse.core.internal.jobs.Worker.run(Worker.java:56)
Caused by: java.util.concurrent.TimeoutException: Timeout after waiting 5 seconds to acquire the lock.
	at org.eclipse.osgi.container.Module.lockStateChange(Module.java:334)
	... 39 more
Root exception:
java.util.concurrent.TimeoutException: Timeout after waiting 5 seconds to acquire the lock.
	at org.eclipse.osgi.container.Module.lockStateChange(Module.java:334)
	at org.eclipse.osgi.container.Module.start(Module.java:401)
	at org.eclipse.osgi.framework.util.SecureAction.start(SecureAction.java:468)
	at org.eclipse.osgi.internal.hooks.EclipseLazyStarter.postFindLocalClass(EclipseLazyStarter.java:103)
	at org.eclipse.osgi.internal.loader.classpath.ClasspathManager.findLocalClass(ClasspathManager.java:529)
	at org.eclipse.osgi.internal.loader.ModuleClassLoader.findLocalClass(ModuleClassLoader.java:328)
	at org.eclipse.osgi.internal.loader.BundleLoader.findLocalClass(BundleLoader.java:368)
	at org.eclipse.osgi.internal.loader.BundleLoader.findClassInternal(BundleLoader.java:446)
	at org.eclipse.osgi.internal.loader.BundleLoader.findClass(BundleLoader.java:395)
	at org.eclipse.osgi.internal.loader.BundleLoader.findClass(BundleLoader.java:387)
	at org.eclipse.osgi.internal.loader.ModuleClassLoader.loadClass(ModuleClassLoader.java:150)
	at java.base/java.lang.ClassLoader.loadClass(Unknown Source)
	at org.eclipse.osgi.internal.framework.EquinoxBundle.loadClass(EquinoxBundle.java:564)
	at org.eclipse.core.internal.registry.osgi.RegistryStrategyOSGI.createExecutableExtension(RegistryStrategyOSGI.java:174)
	at org.eclipse.core.internal.registry.ExtensionRegistry.createExecutableExtension(ExtensionRegistry.java:905)
	at org.eclipse.core.internal.registry.ConfigurationElement.createExecutableExtension(ConfigurationElement.java:243)
	at org.eclipse.core.internal.registry.ConfigurationElementHandle.createExecutableExtension(ConfigurationElementHandle.java:55)
	at org.eclipse.jdt.core.JavaCore.computeClasspathContainerInitializer(JavaCore.java:3615)
	at org.eclipse.jdt.core.JavaCore.getClasspathContainerInitializer(JavaCore.java:3591)
	at org.eclipse.jdt.internal.core.JavaModelManager.initializeContainer(JavaModelManager.java:3095)
	at org.eclipse.jdt.internal.core.JavaModelManager$10.run(JavaModelManager.java:3020)
	at org.eclipse.core.internal.resources.Workspace.run(Workspace.java:2240)
	at org.eclipse.core.internal.resources.Workspace.run(Workspace.java:2267)
	at org.eclipse.jdt.internal.core.JavaModelManager.initializeAllContainers(JavaModelManager.java:3060)
	at org.eclipse.jdt.internal.core.JavaModelManager.getClasspathContainer(JavaModelManager.java:2058)
	at org.eclipse.jdt.core.JavaCore.getClasspathContainer(JavaCore.java:3568)
	at org.eclipse.jdt.internal.core.JavaProject.resolveClasspath(JavaProject.java:2986)
	at org.eclipse.jdt.internal.core.JavaProject.resolveClasspath(JavaProject.java:3150)
	at org.eclipse.jdt.internal.core.JavaProject.getResolvedClasspath(JavaProject.java:2255)
	at org.eclipse.jdt.internal.core.JavaProject.isOnClasspath(JavaProject.java:2533)
	at org.eclipse.jdt.internal.ui.BuildpathIndicatorLabelDecorator.getOverlay(BuildpathIndicatorLabelDecorator.java:45)
	at org.eclipse.jdt.internal.ui.BuildpathIndicatorLabelDecorator.decorate(BuildpathIndicatorLabelDecorator.java:32)
	at org.eclipse.ui.internal.decorators.LightweightDecoratorDefinition.decorate(LightweightDecoratorDefinition.java:259)
	at org.eclipse.ui.internal.decorators.LightweightDecoratorManager$LightweightRunnable.run(LightweightDecoratorManager.java:104)
	at org.eclipse.core.runtime.SafeRunner.run(SafeRunner.java:42)
	at org.eclipse.ui.internal.decorators.LightweightDecoratorManager.decorate(LightweightDecoratorManager.java:377)
	at org.eclipse.ui.internal.decorators.LightweightDecoratorManager.getDecorations(LightweightDecoratorManager.java:359)
	at org.eclipse.ui.internal.decorators.DecorationScheduler$1.ensureResultCached(DecorationScheduler.java:347)
	at org.eclipse.ui.internal.decorators.DecorationScheduler$1.run(DecorationScheduler.java:311)
	at org.eclipse.core.internal.jobs.Worker.run(Worker.java:56)

!ENTRY org.eclipse.osgi 2 0 2018-07-16 02:46:37.605
!MESSAGE While loading class "org.eclipse.m2e.jdt.internal.MavenClasspathHelpers", thread "Thread[Worker-3,5,main]" timed out waiting (5002ms) for thread "Thread[Worker-6,5,main]" to finish starting bundle "org.eclipse.m2e.jdt_1.8.3.20180227-2137 [2355]". To avoid deadlock, thread "Thread[Worker-3,5,main]" is proceeding but "org.eclipse.m2e.jdt.internal.MavenClasspathHelpers" may not be fully initialized.
!STACK 0
org.osgi.framework.BundleException: Unable to acquire the state change lock for the module: osgi.identity; type="osgi.bundle"; version:Version="1.8.3.20180227-2137"; osgi.identity="org.eclipse.m2e.jdt"; singleton:="true" [id=2355] STARTED [STARTED]
	at org.eclipse.osgi.container.Module.lockStateChange(Module.java:337)
	at org.eclipse.osgi.container.Module.start(Module.java:401)
	at org.eclipse.osgi.framework.util.SecureAction.start(SecureAction.java:468)
	at org.eclipse.osgi.internal.hooks.EclipseLazyStarter.postFindLocalClass(EclipseLazyStarter.java:103)
	at org.eclipse.osgi.internal.loader.classpath.ClasspathManager.findLocalClass(ClasspathManager.java:529)
	at org.eclipse.osgi.internal.loader.ModuleClassLoader.findLocalClass(ModuleClassLoader.java:328)
	at org.eclipse.osgi.internal.loader.BundleLoader.findLocalClass(BundleLoader.java:368)
	at org.eclipse.osgi.internal.loader.BundleLoader.findClassInternal(BundleLoader.java:446)
	at org.eclipse.osgi.internal.loader.BundleLoader.findClass(BundleLoader.java:395)
	at org.eclipse.osgi.internal.loader.BundleLoader.findClass(BundleLoader.java:387)
	at org.eclipse.osgi.internal.loader.ModuleClassLoader.loadClass(ModuleClassLoader.java:150)
	at java.base/java.lang.ClassLoader.loadClass(Unknown Source)
	at org.eclipse.m2e.jdt.internal.MavenClasspathContainerInitializer.initialize(MavenClasspathContainerInitializer.java:44)
	at org.eclipse.jdt.internal.core.JavaModelManager.initializeContainer(JavaModelManager.java:3114)
	at org.eclipse.jdt.internal.core.JavaModelManager$10.run(JavaModelManager.java:3020)
	at org.eclipse.core.internal.resources.Workspace.run(Workspace.java:2240)
	at org.eclipse.core.internal.resources.Workspace.run(Workspace.java:2267)
	at org.eclipse.jdt.internal.core.JavaModelManager.initializeAllContainers(JavaModelManager.java:3060)
	at org.eclipse.jdt.internal.core.JavaModelManager.getClasspathContainer(JavaModelManager.java:2058)
	at org.eclipse.jdt.core.JavaCore.getClasspathContainer(JavaCore.java:3568)
	at org.eclipse.jdt.internal.core.JavaProject.resolveClasspath(JavaProject.java:2986)
	at org.eclipse.jdt.internal.core.JavaProject.resolveClasspath(JavaProject.java:3150)
	at org.eclipse.jdt.internal.core.JavaProject.getResolvedClasspath(JavaProject.java:2255)
	at org.eclipse.jdt.internal.core.JavaProject.isOnClasspath(JavaProject.java:2533)
	at org.eclipse.jdt.internal.ui.BuildpathIndicatorLabelDecorator.getOverlay(BuildpathIndicatorLabelDecorator.java:45)
	at org.eclipse.jdt.internal.ui.BuildpathIndicatorLabelDecorator.decorate(BuildpathIndicatorLabelDecorator.java:32)
	at org.eclipse.ui.internal.decorators.LightweightDecoratorDefinition.decorate(LightweightDecoratorDefinition.java:259)
	at org.eclipse.ui.internal.decorators.LightweightDecoratorManager$LightweightRunnable.run(LightweightDecoratorManager.java:104)
	at org.eclipse.core.runtime.SafeRunner.run(SafeRunner.java:42)
	at org.eclipse.ui.internal.decorators.LightweightDecoratorManager.decorate(LightweightDecoratorManager.java:377)
	at org.eclipse.ui.internal.decorators.LightweightDecoratorManager.getDecorations(LightweightDecoratorManager.java:359)
	at org.eclipse.ui.internal.decorators.DecorationScheduler$1.ensureResultCached(DecorationScheduler.java:347)
	at org.eclipse.ui.internal.decorators.DecorationScheduler$1.run(DecorationScheduler.java:311)
	at org.eclipse.core.internal.jobs.Worker.run(Worker.java:56)
Caused by: java.util.concurrent.TimeoutException: Timeout after waiting 5 seconds to acquire the lock.
	at org.eclipse.osgi.container.Module.lockStateChange(Module.java:334)
	... 33 more
Root exception:
java.util.concurrent.TimeoutException: Timeout after waiting 5 seconds to acquire the lock.
	at org.eclipse.osgi.container.Module.lockStateChange(Module.java:334)
	at org.eclipse.osgi.container.Module.start(Module.java:401)
	at org.eclipse.osgi.framework.util.SecureAction.start(SecureAction.java:468)
	at org.eclipse.osgi.internal.hooks.EclipseLazyStarter.postFindLocalClass(EclipseLazyStarter.java:103)
	at org.eclipse.osgi.internal.loader.classpath.ClasspathManager.findLocalClass(ClasspathManager.java:529)
	at org.eclipse.osgi.internal.loader.ModuleClassLoader.findLocalClass(ModuleClassLoader.java:328)
	at org.eclipse.osgi.internal.loader.BundleLoader.findLocalClass(BundleLoader.java:368)
	at org.eclipse.osgi.internal.loader.BundleLoader.findClassInternal(BundleLoader.java:446)
	at org.eclipse.osgi.internal.loader.BundleLoader.findClass(BundleLoader.java:395)
	at org.eclipse.osgi.internal.loader.BundleLoader.findClass(BundleLoader.java:387)
	at org.eclipse.osgi.internal.loader.ModuleClassLoader.loadClass(ModuleClassLoader.java:150)
	at java.base/java.lang.ClassLoader.loadClass(Unknown Source)
	at org.eclipse.m2e.jdt.internal.MavenClasspathContainerInitializer.initialize(MavenClasspathContainerInitializer.java:44)
	at org.eclipse.jdt.internal.core.JavaModelManager.initializeContainer(JavaModelManager.java:3114)
	at org.eclipse.jdt.internal.core.JavaModelManager$10.run(JavaModelManager.java:3020)
	at org.eclipse.core.internal.resources.Workspace.run(Workspace.java:2240)
	at org.eclipse.core.internal.resources.Workspace.run(Workspace.java:2267)
	at org.eclipse.jdt.internal.core.JavaModelManager.initializeAllContainers(JavaModelManager.java:3060)
	at org.eclipse.jdt.internal.core.JavaModelManager.getClasspathContainer(JavaModelManager.java:2058)
	at org.eclipse.jdt.core.JavaCore.getClasspathContainer(JavaCore.java:3568)
	at org.eclipse.jdt.internal.core.JavaProject.resolveClasspath(JavaProject.java:2986)
	at org.eclipse.jdt.internal.core.JavaProject.resolveClasspath(JavaProject.java:3150)
	at org.eclipse.jdt.internal.core.JavaProject.getResolvedClasspath(JavaProject.java:2255)
	at org.eclipse.jdt.internal.core.JavaProject.isOnClasspath(JavaProject.java:2533)
	at org.eclipse.jdt.internal.ui.BuildpathIndicatorLabelDecorator.getOverlay(BuildpathIndicatorLabelDecorator.java:45)
	at org.eclipse.jdt.internal.ui.BuildpathIndicatorLabelDecorator.decorate(BuildpathIndicatorLabelDecorator.java:32)
	at org.eclipse.ui.internal.decorators.LightweightDecoratorDefinition.decorate(LightweightDecoratorDefinition.java:259)
	at org.eclipse.ui.internal.decorators.LightweightDecoratorManager$LightweightRunnable.run(LightweightDecoratorManager.java:104)
	at org.eclipse.core.runtime.SafeRunner.run(SafeRunner.java:42)
	at org.eclipse.ui.internal.decorators.LightweightDecoratorManager.decorate(LightweightDecoratorManager.java:377)
	at org.eclipse.ui.internal.decorators.LightweightDecoratorManager.getDecorations(LightweightDecoratorManager.java:359)
	at org.eclipse.ui.internal.decorators.DecorationScheduler$1.ensureResultCached(DecorationScheduler.java:347)
	at org.eclipse.ui.internal.decorators.DecorationScheduler$1.run(DecorationScheduler.java:311)
	at org.eclipse.core.internal.jobs.Worker.run(Worker.java:56)

!ENTRY org.eclipse.osgi 2 0 2018-07-16 02:46:37.617
!MESSAGE While loading class "org.eclipse.m2e.jdt.internal.MavenClasspathHelpers", thread "Thread[Worker-5,5,main]" timed out waiting (5002ms) for thread "Thread[Worker-6,5,main]" to finish starting bundle "org.eclipse.m2e.jdt_1.8.3.20180227-2137 [2355]". To avoid deadlock, thread "Thread[Worker-5,5,main]" is proceeding but "org.eclipse.m2e.jdt.internal.MavenClasspathHelpers" may not be fully initialized.
!STACK 0
org.osgi.framework.BundleException: Unable to acquire the state change lock for the module: osgi.identity; type="osgi.bundle"; version:Version="1.8.3.20180227-2137"; osgi.identity="org.eclipse.m2e.jdt"; singleton:="true" [id=2355] STARTED [STARTED]
	at org.eclipse.osgi.container.Module.lockStateChange(Module.java:337)
	at org.eclipse.osgi.container.Module.start(Module.java:401)
	at org.eclipse.osgi.framework.util.SecureAction.start(SecureAction.java:468)
	at org.eclipse.osgi.internal.hooks.EclipseLazyStarter.postFindLocalClass(EclipseLazyStarter.java:103)
	at org.eclipse.osgi.internal.loader.classpath.ClasspathManager.findLocalClass(ClasspathManager.java:529)
	at org.eclipse.osgi.internal.loader.ModuleClassLoader.findLocalClass(ModuleClassLoader.java:328)
	at org.eclipse.osgi.internal.loader.BundleLoader.findLocalClass(BundleLoader.java:368)
	at org.eclipse.osgi.internal.loader.BundleLoader.findClassInternal(BundleLoader.java:446)
	at org.eclipse.osgi.internal.loader.BundleLoader.findClass(BundleLoader.java:395)
	at org.eclipse.osgi.internal.loader.BundleLoader.findClass(BundleLoader.java:387)
	at org.eclipse.osgi.internal.loader.ModuleClassLoader.loadClass(ModuleClassLoader.java:150)
	at java.base/java.lang.ClassLoader.loadClass(Unknown Source)
	at org.eclipse.m2e.jdt.internal.MavenClasspathContainerInitializer.initialize(MavenClasspathContainerInitializer.java:44)
	at org.eclipse.jdt.internal.core.JavaModelManager.initializeContainer(JavaModelManager.java:3114)
	at org.eclipse.jdt.internal.core.JavaModelManager$10.run(JavaModelManager.java:3020)
	at org.eclipse.core.internal.resources.Workspace.run(Workspace.java:2240)
	at org.eclipse.core.internal.resources.Workspace.run(Workspace.java:2267)
	at org.eclipse.jdt.internal.core.JavaModelManager.initializeAllContainers(JavaModelManager.java:3060)
	at org.eclipse.jdt.internal.core.JavaModelManager.getClasspathContainer(JavaModelManager.java:2058)
	at org.eclipse.jdt.core.JavaCore.initializeAfterLoad(JavaCore.java:4330)
	at org.eclipse.jdt.internal.ui.InitializeAfterLoadJob$RealJob.run(InitializeAfterLoadJob.java:36)
	at org.eclipse.core.internal.jobs.Worker.run(Worker.java:56)
Caused by: java.util.concurrent.TimeoutException: Timeout after waiting 5 seconds to acquire the lock.
	at org.eclipse.osgi.container.Module.lockStateChange(Module.java:334)
	... 21 more
Root exception:
java.util.concurrent.TimeoutException: Timeout after waiting 5 seconds to acquire the lock.
	at org.eclipse.osgi.container.Module.lockStateChange(Module.java:334)
	at org.eclipse.osgi.container.Module.start(Module.java:401)
	at org.eclipse.osgi.framework.util.SecureAction.start(SecureAction.java:468)
	at org.eclipse.osgi.internal.hooks.EclipseLazyStarter.postFindLocalClass(EclipseLazyStarter.java:103)
	at org.eclipse.osgi.internal.loader.classpath.ClasspathManager.findLocalClass(ClasspathManager.java:529)
	at org.eclipse.osgi.internal.loader.ModuleClassLoader.findLocalClass(ModuleClassLoader.java:328)
	at org.eclipse.osgi.internal.loader.BundleLoader.findLocalClass(BundleLoader.java:368)
	at org.eclipse.osgi.internal.loader.BundleLoader.findClassInternal(BundleLoader.java:446)
	at org.eclipse.osgi.internal.loader.BundleLoader.findClass(BundleLoader.java:395)
	at org.eclipse.osgi.internal.loader.BundleLoader.findClass(BundleLoader.java:387)
	at org.eclipse.osgi.internal.loader.ModuleClassLoader.loadClass(ModuleClassLoader.java:150)
	at java.base/java.lang.ClassLoader.loadClass(Unknown Source)
	at org.eclipse.m2e.jdt.internal.MavenClasspathContainerInitializer.initialize(MavenClasspathContainerInitializer.java:44)
	at org.eclipse.jdt.internal.core.JavaModelManager.initializeContainer(JavaModelManager.java:3114)
	at org.eclipse.jdt.internal.core.JavaModelManager$10.run(JavaModelManager.java:3020)
	at org.eclipse.core.internal.resources.Workspace.run(Workspace.java:2240)
	at org.eclipse.core.internal.resources.Workspace.run(Workspace.java:2267)
	at org.eclipse.jdt.internal.core.JavaModelManager.initializeAllContainers(JavaModelManager.java:3060)
	at org.eclipse.jdt.internal.core.JavaModelManager.getClasspathContainer(JavaModelManager.java:2058)
	at org.eclipse.jdt.core.JavaCore.initializeAfterLoad(JavaCore.java:4330)
	at org.eclipse.jdt.internal.ui.InitializeAfterLoadJob$RealJob.run(InitializeAfterLoadJob.java:36)
	at org.eclipse.core.internal.jobs.Worker.run(Worker.java:56)

!ENTRY org.eclipse.ui.workbench 4 2 2018-07-16 02:46:40.139
!MESSAGE Problems occurred when invoking code from plug-in: "org.eclipse.ui.workbench".
!STACK 0
java.lang.NullPointerException
	at org.eclipse.m2e.jdt.internal.MavenClasspathContainerInitializer.initialize(MavenClasspathContainerInitializer.java:46)
	at org.eclipse.jdt.internal.core.JavaModelManager.initializeContainer(JavaModelManager.java:3114)
	at org.eclipse.jdt.internal.core.JavaModelManager$10.run(JavaModelManager.java:3020)
	at org.eclipse.core.internal.resources.Workspace.run(Workspace.java:2240)
	at org.eclipse.core.internal.resources.Workspace.run(Workspace.java:2267)
	at org.eclipse.jdt.internal.core.JavaModelManager.initializeAllContainers(JavaModelManager.java:3060)
	at org.eclipse.jdt.internal.core.JavaModelManager.getClasspathContainer(JavaModelManager.java:2058)
	at org.eclipse.jdt.core.JavaCore.getClasspathContainer(JavaCore.java:3568)
	at org.eclipse.jdt.internal.core.JavaProject.resolveClasspath(JavaProject.java:2986)
	at org.eclipse.jdt.internal.core.JavaProject.resolveClasspath(JavaProject.java:3150)
	at org.eclipse.jdt.internal.core.JavaProject.getResolvedClasspath(JavaProject.java:2255)
	at org.eclipse.jdt.internal.core.JavaProject.isOnClasspath(JavaProject.java:2533)
	at org.eclipse.jdt.internal.ui.BuildpathIndicatorLabelDecorator.getOverlay(BuildpathIndicatorLabelDecorator.java:45)
	at org.eclipse.jdt.internal.ui.BuildpathIndicatorLabelDecorator.decorate(BuildpathIndicatorLabelDecorator.java:32)
	at org.eclipse.ui.internal.decorators.LightweightDecoratorDefinition.decorate(LightweightDecoratorDefinition.java:259)
	at org.eclipse.ui.internal.decorators.LightweightDecoratorManager$LightweightRunnable.run(LightweightDecoratorManager.java:104)
	at org.eclipse.core.runtime.SafeRunner.run(SafeRunner.java:42)
	at org.eclipse.ui.internal.decorators.LightweightDecoratorManager.decorate(LightweightDecoratorManager.java:377)
	at org.eclipse.ui.internal.decorators.LightweightDecoratorManager.getDecorations(LightweightDecoratorManager.java:359)
	at org.eclipse.ui.internal.decorators.DecorationScheduler$1.ensureResultCached(DecorationScheduler.java:347)
	at org.eclipse.ui.internal.decorators.DecorationScheduler$1.run(DecorationScheduler.java:311)
	at org.eclipse.core.internal.jobs.Worker.run(Worker.java:56)

!ENTRY org.eclipse.core.jobs 4 2 2018-07-16 02:46:40.140
!MESSAGE An internal error occurred during: "Initializing Java Tooling".
!STACK 0
java.lang.NullPointerException
	at org.eclipse.m2e.jdt.internal.MavenClasspathContainerInitializer.initialize(MavenClasspathContainerInitializer.java:46)
	at org.eclipse.jdt.internal.core.JavaModelManager.initializeContainer(JavaModelManager.java:3114)
	at org.eclipse.jdt.internal.core.JavaModelManager$10.run(JavaModelManager.java:3020)
	at org.eclipse.core.internal.resources.Workspace.run(Workspace.java:2240)
	at org.eclipse.core.internal.resources.Workspace.run(Workspace.java:2267)
	at org.eclipse.jdt.internal.core.JavaModelManager.initializeAllContainers(JavaModelManager.java:3060)
	at org.eclipse.jdt.internal.core.JavaModelManager.getClasspathContainer(JavaModelManager.java:2058)
	at org.eclipse.jdt.core.JavaCore.initializeAfterLoad(JavaCore.java:4330)
	at org.eclipse.jdt.internal.ui.InitializeAfterLoadJob$RealJob.run(InitializeAfterLoadJob.java:36)
	at org.eclipse.core.internal.jobs.Worker.run(Worker.java:56)

!ENTRY org.eclipse.ui.navigator 4 2 2018-07-16 02:46:40.180
!MESSAGE Problems occurred when invoking code from plug-in: "org.eclipse.ui.navigator".
!STACK 0
java.lang.NullPointerException
	at org.eclipse.m2e.jdt.internal.MavenClasspathContainerInitializer.initialize(MavenClasspathContainerInitializer.java:46)
	at org.eclipse.jdt.internal.core.JavaModelManager.initializeContainer(JavaModelManager.java:3114)
	at org.eclipse.jdt.internal.core.JavaModelManager$10.run(JavaModelManager.java:3020)
	at org.eclipse.core.internal.resources.Workspace.run(Workspace.java:2240)
	at org.eclipse.core.internal.resources.Workspace.run(Workspace.java:2267)
	at org.eclipse.jdt.internal.core.JavaModelManager.initializeAllContainers(JavaModelManager.java:3060)
	at org.eclipse.jdt.internal.core.JavaModelManager.getClasspathContainer(JavaModelManager.java:2058)
	at org.eclipse.jdt.core.JavaCore.getClasspathContainer(JavaCore.java:3568)
	at org.eclipse.jdt.internal.core.JavaProject.resolveClasspath(JavaProject.java:2986)
	at org.eclipse.jdt.internal.core.JavaProject.resolveClasspath(JavaProject.java:3150)
	at org.eclipse.jdt.internal.core.JavaProject.getResolvedClasspath(JavaProject.java:2255)
	at org.eclipse.jdt.internal.core.DynamicProjectReferences.getDependentProjects(DynamicProjectReferences.java:34)
	at org.eclipse.core.internal.resources.ProjectDescription.computeDynamicReferencesForProject(ProjectDescription.java:950)
	at org.eclipse.core.internal.resources.ProjectDescription.getAllBuildConfigReferences(ProjectDescription.java:265)
	at org.eclipse.core.internal.resources.ProjectDescription.getAllReferences(ProjectDescription.java:221)
	at org.eclipse.core.internal.resources.Project.getReferencedProjects(Project.java:469)
	at org.eclipse.ui.actions.CloseUnrelatedProjectsAction.buildConnectedComponents(CloseUnrelatedProjectsAction.java:78)
	at org.eclipse.ui.actions.CloseUnrelatedProjectsAction.computeRelated(CloseUnrelatedProjectsAction.java:195)
	at org.eclipse.ui.actions.CloseUnrelatedProjectsAction.getSelectedResources(CloseUnrelatedProjectsAction.java:212)
	at org.eclipse.ui.actions.SelectionListenerAction.selectionIsOfType(SelectionListenerAction.java:240)
	at org.eclipse.ui.actions.CloseResourceAction.updateSelection(CloseResourceAction.java:187)
	at org.eclipse.ui.actions.BaseSelectionListenerAction.selectionChanged(BaseSelectionListenerAction.java:124)
	at org.eclipse.ui.internal.navigator.resources.actions.ResourceMgmtActionProvider.updateActionBars(ResourceMgmtActionProvider.java:254)
	at org.eclipse.ui.internal.navigator.resources.actions.ResourceMgmtActionProvider.fillActionBars(ResourceMgmtActionProvider.java:84)
	at org.eclipse.ui.navigator.NavigatorActionService$3.run(NavigatorActionService.java:265)
	at org.eclipse.core.runtime.SafeRunner.run(SafeRunner.java:42)
	at org.eclipse.ui.navigator.NavigatorActionService.fillActionBars(NavigatorActionService.java:258)
	at org.eclipse.ui.navigator.CommonNavigatorManager$UpdateActionBarsJob$1.run(CommonNavigatorManager.java:95)
	at org.eclipse.core.runtime.SafeRunner.run(SafeRunner.java:42)
	at org.eclipse.ui.navigator.CommonNavigatorManager$UpdateActionBarsJob.runInUIThread(CommonNavigatorManager.java:89)
	at org.eclipse.ui.progress.UIJob.lambda$0(UIJob.java:95)
	at org.eclipse.swt.widgets.RunnableLock.run(RunnableLock.java:37)
	at org.eclipse.swt.widgets.Synchronizer.runAsyncMessages(Synchronizer.java:182)
	at org.eclipse.swt.widgets.Display.runAsyncMessages(Display.java:4213)
	at org.eclipse.swt.widgets.Display.readAndDispatch(Display.java:3820)
	at org.eclipse.e4.ui.internal.workbench.swt.PartRenderingEngine$5.run(PartRenderingEngine.java:1150)
	at org.eclipse.core.databinding.observable.Realm.runWithDefault(Realm.java:336)
	at org.eclipse.e4.ui.internal.workbench.swt.PartRenderingEngine.run(PartRenderingEngine.java:1039)
	at org.eclipse.e4.ui.internal.workbench.E4Workbench.createAndRunUI(E4Workbench.java:153)
	at org.eclipse.ui.internal.Workbench.lambda$3(Workbench.java:680)
	at org.eclipse.core.databinding.observable.Realm.runWithDefault(Realm.java:336)
	at org.eclipse.ui.internal.Workbench.createAndRunWorkbench(Workbench.java:594)
	at org.eclipse.ui.PlatformUI.createAndRunWorkbench(PlatformUI.java:148)
	at org.eclipse.ui.internal.ide.application.IDEApplication.start(IDEApplication.java:151)
	at org.eclipse.equinox.internal.app.EclipseAppHandle.run(EclipseAppHandle.java:196)
	at org.eclipse.core.runtime.internal.adaptor.EclipseAppLauncher.runApplication(EclipseAppLauncher.java:134)
	at org.eclipse.core.runtime.internal.adaptor.EclipseAppLauncher.start(EclipseAppLauncher.java:104)
	at org.eclipse.core.runtime.adaptor.EclipseStarter.run(EclipseStarter.java:388)
	at org.eclipse.core.runtime.adaptor.EclipseStarter.run(EclipseStarter.java:243)
	at java.base/jdk.internal.reflect.NativeMethodAccessorImpl.invoke0(Native Method)
	at java.base/jdk.internal.reflect.NativeMethodAccessorImpl.invoke(Unknown Source)
	at java.base/jdk.internal.reflect.DelegatingMethodAccessorImpl.invoke(Unknown Source)
	at java.base/java.lang.reflect.Method.invoke(Unknown Source)
	at org.eclipse.equinox.launcher.Main.invokeFramework(Main.java:653)
	at org.eclipse.equinox.launcher.Main.basicRun(Main.java:590)
	at org.eclipse.equinox.launcher.Main.run(Main.java:1499)
	at org.eclipse.equinox.launcher.Main.main(Main.java:1472)

!ENTRY org.eclipse.ui 4 4 2018-07-16 02:46:40.200
!MESSAGE Exception in Decorator. The 'Java Build Path Indicator' decorator will be disabled.
!SUBENTRY 1 org.eclipse.ui 4 4 2018-07-16 02:46:40.200
!MESSAGE java.lang.NullPointerException
!STACK 0
java.lang.NullPointerException
	at org.eclipse.m2e.jdt.internal.MavenClasspathContainerInitializer.initialize(MavenClasspathContainerInitializer.java:46)
	at org.eclipse.jdt.internal.core.JavaModelManager.initializeContainer(JavaModelManager.java:3114)
	at org.eclipse.jdt.internal.core.JavaModelManager$10.run(JavaModelManager.java:3020)
	at org.eclipse.core.internal.resources.Workspace.run(Workspace.java:2240)
	at org.eclipse.core.internal.resources.Workspace.run(Workspace.java:2267)
	at org.eclipse.jdt.internal.core.JavaModelManager.initializeAllContainers(JavaModelManager.java:3060)
	at org.eclipse.jdt.internal.core.JavaModelManager.getClasspathContainer(JavaModelManager.java:2058)
	at org.eclipse.jdt.core.JavaCore.getClasspathContainer(JavaCore.java:3568)
	at org.eclipse.jdt.internal.core.JavaProject.resolveClasspath(JavaProject.java:2986)
	at org.eclipse.jdt.internal.core.JavaProject.resolveClasspath(JavaProject.java:3150)
	at org.eclipse.jdt.internal.core.JavaProject.getResolvedClasspath(JavaProject.java:2255)
	at org.eclipse.jdt.internal.core.JavaProject.isOnClasspath(JavaProject.java:2533)
	at org.eclipse.jdt.internal.ui.BuildpathIndicatorLabelDecorator.getOverlay(BuildpathIndicatorLabelDecorator.java:45)
	at org.eclipse.jdt.internal.ui.BuildpathIndicatorLabelDecorator.decorate(BuildpathIndicatorLabelDecorator.java:32)
	at org.eclipse.ui.internal.decorators.LightweightDecoratorDefinition.decorate(LightweightDecoratorDefinition.java:259)
	at org.eclipse.ui.internal.decorators.LightweightDecoratorManager$LightweightRunnable.run(LightweightDecoratorManager.java:104)
	at org.eclipse.core.runtime.SafeRunner.run(SafeRunner.java:42)
	at org.eclipse.ui.internal.decorators.LightweightDecoratorManager.decorate(LightweightDecoratorManager.java:377)
	at org.eclipse.ui.internal.decorators.LightweightDecoratorManager.getDecorations(LightweightDecoratorManager.java:359)
	at org.eclipse.ui.internal.decorators.DecorationScheduler$1.ensureResultCached(DecorationScheduler.java:347)
	at org.eclipse.ui.internal.decorators.DecorationScheduler$1.run(DecorationScheduler.java:311)
	at org.eclipse.core.internal.jobs.Worker.run(Worker.java:56)

!ENTRY org.eclipse.ui.navigator 4 0 2018-07-16 02:46:40.361
!MESSAGE java.lang.NullPointerException
!STACK 0
java.lang.NullPointerException
	at org.eclipse.m2e.jdt.internal.MavenClasspathContainerInitializer.initialize(MavenClasspathContainerInitializer.java:46)
	at org.eclipse.jdt.internal.core.JavaModelManager.initializeContainer(JavaModelManager.java:3114)
	at org.eclipse.jdt.internal.core.JavaModelManager$10.run(JavaModelManager.java:3020)
	at org.eclipse.core.internal.resources.Workspace.run(Workspace.java:2240)
	at org.eclipse.core.internal.resources.Workspace.run(Workspace.java:2267)
	at org.eclipse.jdt.internal.core.JavaModelManager.initializeAllContainers(JavaModelManager.java:3060)
	at org.eclipse.jdt.internal.core.JavaModelManager.getClasspathContainer(JavaModelManager.java:2058)
	at org.eclipse.jdt.core.JavaCore.getClasspathContainer(JavaCore.java:3568)
	at org.eclipse.jdt.internal.core.JavaProject.resolveClasspath(JavaProject.java:2986)
	at org.eclipse.jdt.internal.core.JavaProject.resolveClasspath(JavaProject.java:3150)
	at org.eclipse.jdt.internal.core.JavaProject.getResolvedClasspath(JavaProject.java:2255)
	at org.eclipse.jdt.internal.core.DynamicProjectReferences.getDependentProjects(DynamicProjectReferences.java:34)
	at org.eclipse.core.internal.resources.ProjectDescription.computeDynamicReferencesForProject(ProjectDescription.java:950)
	at org.eclipse.core.internal.resources.ProjectDescription.getAllBuildConfigReferences(ProjectDescription.java:265)
	at org.eclipse.core.internal.resources.ProjectDescription.getAllReferences(ProjectDescription.java:221)
	at org.eclipse.core.internal.resources.Project.getReferencedProjects(Project.java:469)
	at org.eclipse.ui.actions.CloseUnrelatedProjectsAction.buildConnectedComponents(CloseUnrelatedProjectsAction.java:78)
	at org.eclipse.ui.actions.CloseUnrelatedProjectsAction.computeRelated(CloseUnrelatedProjectsAction.java:195)
	at org.eclipse.ui.actions.CloseUnrelatedProjectsAction.getSelectedResources(CloseUnrelatedProjectsAction.java:212)
	at org.eclipse.ui.actions.SelectionListenerAction.selectionIsOfType(SelectionListenerAction.java:240)
	at org.eclipse.ui.actions.CloseResourceAction.updateSelection(CloseResourceAction.java:187)
	at org.eclipse.ui.actions.BaseSelectionListenerAction.selectionChanged(BaseSelectionListenerAction.java:124)
	at org.eclipse.ui.internal.navigator.resources.actions.ResourceMgmtActionProvider.updateActionBars(ResourceMgmtActionProvider.java:254)
	at org.eclipse.ui.internal.navigator.resources.actions.ResourceMgmtActionProvider.fillActionBars(ResourceMgmtActionProvider.java:84)
	at org.eclipse.ui.navigator.NavigatorActionService$3.run(NavigatorActionService.java:265)
	at org.eclipse.core.runtime.SafeRunner.run(SafeRunner.java:42)
	at org.eclipse.ui.navigator.NavigatorActionService.fillActionBars(NavigatorActionService.java:258)
	at org.eclipse.ui.navigator.CommonNavigatorManager$UpdateActionBarsJob$1.run(CommonNavigatorManager.java:95)
	at org.eclipse.core.runtime.SafeRunner.run(SafeRunner.java:42)
	at org.eclipse.ui.navigator.CommonNavigatorManager$UpdateActionBarsJob.runInUIThread(CommonNavigatorManager.java:89)
	at org.eclipse.ui.progress.UIJob.lambda$0(UIJob.java:95)
	at org.eclipse.swt.widgets.RunnableLock.run(RunnableLock.java:37)
	at org.eclipse.swt.widgets.Synchronizer.runAsyncMessages(Synchronizer.java:182)
	at org.eclipse.swt.widgets.Display.runAsyncMessages(Display.java:4213)
	at org.eclipse.swt.widgets.Display.readAndDispatch(Display.java:3820)
	at org.eclipse.e4.ui.internal.workbench.swt.PartRenderingEngine$5.run(PartRenderingEngine.java:1150)
	at org.eclipse.core.databinding.observable.Realm.runWithDefault(Realm.java:336)
	at org.eclipse.e4.ui.internal.workbench.swt.PartRenderingEngine.run(PartRenderingEngine.java:1039)
	at org.eclipse.e4.ui.internal.workbench.E4Workbench.createAndRunUI(E4Workbench.java:153)
	at org.eclipse.ui.internal.Workbench.lambda$3(Workbench.java:680)
	at org.eclipse.core.databinding.observable.Realm.runWithDefault(Realm.java:336)
	at org.eclipse.ui.internal.Workbench.createAndRunWorkbench(Workbench.java:594)
	at org.eclipse.ui.PlatformUI.createAndRunWorkbench(PlatformUI.java:148)
	at org.eclipse.ui.internal.ide.application.IDEApplication.start(IDEApplication.java:151)
	at org.eclipse.equinox.internal.app.EclipseAppHandle.run(EclipseAppHandle.java:196)
	at org.eclipse.core.runtime.internal.adaptor.EclipseAppLauncher.runApplication(EclipseAppLauncher.java:134)
	at org.eclipse.core.runtime.internal.adaptor.EclipseAppLauncher.start(EclipseAppLauncher.java:104)
	at org.eclipse.core.runtime.adaptor.EclipseStarter.run(EclipseStarter.java:388)
	at org.eclipse.core.runtime.adaptor.EclipseStarter.run(EclipseStarter.java:243)
	at java.base/jdk.internal.reflect.NativeMethodAccessorImpl.invoke0(Native Method)
	at java.base/jdk.internal.reflect.NativeMethodAccessorImpl.invoke(Unknown Source)
	at java.base/jdk.internal.reflect.DelegatingMethodAccessorImpl.invoke(Unknown Source)
	at java.base/java.lang.reflect.Method.invoke(Unknown Source)
	at org.eclipse.equinox.launcher.Main.invokeFramework(Main.java:653)
	at org.eclipse.equinox.launcher.Main.basicRun(Main.java:590)
	at org.eclipse.equinox.launcher.Main.run(Main.java:1499)
	at org.eclipse.equinox.launcher.Main.main(Main.java:1472)
!SESSION 2018-07-24 16:59:05.511 -----------------------------------------------
eclipse.buildId=4.7.3.M20180330-0640
java.version=10.0.1
java.vendor=Oracle Corporation
BootLoader constants: OS=win32, ARCH=x86_64, WS=win32, NL=en_IN
Framework arguments:  -product org.eclipse.epp.package.jee.product
Command-line arguments:  -data C:\Users\Dell\web_practise -os win32 -ws win32 -arch x86_64 -product org.eclipse.epp.package.jee.product

!ENTRY org.eclipse.egit.ui 2 0 2018-07-24 16:59:30.112
!MESSAGE Warning: The environment variable HOME is not set. The following directory will be used to store the Git
user global configuration and to define the default location to store repositories: 'C:\Users\Dell'. If this is
not correct please set the HOME environment variable and restart Eclipse. Otherwise Git for Windows and
EGit might behave differently since they see different configuration options.
This warning can be switched off on the Team > Git > Confirmations and Warnings preference page.
