
Mar 10, 2018 14:39:28.26 NEW SESSION
Mar 10, 2018 14:39:28.26 [10300:8104:0310/143928.218:ERROR:external_registry_loader_win.cc(157)] File C:\Program Files (x86)\PremierOpinion\pmcm.crx for key Software\Google\Chrome\Extensions\mkndcbhcgphcfkkddanakjiepeknbgle does not exist or is not readable.
Mar 10, 2018 14:39:28.81 [10300:9608:0310/143928.813:ERROR:connection_factory_impl.cc(381)] Failed to connect to MCS endpoint with error -106
Mar 10, 2018 14:39:57.81 [10300:9608:0310/143957.811:ERROR:connection_factory_impl.cc(381)] Failed to connect to MCS endpoint with error -106
Mar 10, 2018 15:31:58.99 [8692:11616:0310/153158.995:ERROR:external_registry_loader_win.cc(157)] File C:\Program Files (x86)\PremierOpinion\pmcm.crx for key Software\Google\Chrome\Extensions\mkndcbhcgphcfkkddanakjiepeknbgle does not exist or is not readable.
Mar 10, 2018 15:31:59.40 [8692:6644:0310/153159.403:ERROR:connection_factory_impl.cc(381)] Failed to connect to MCS endpoint with error -106
Mar 10, 2018 15:32:24.05 [8692:7700:0310/153224.052:ERROR:gcm_channel_status_request.cc(127)] GCM channel request failed.
Mar 10, 2018 15:32:28.42 [8692:6644:0310/153228.426:ERROR:connection_factory_impl.cc(381)] Failed to connect to MCS endpoint with error -106
Mar 10, 2018 15:41:39.51 [9908:2480:0310/154139.518:ERROR:external_registry_loader_win.cc(157)] File C:\Program Files (x86)\PremierOpinion\pmcm.crx for key Software\Google\Chrome\Extensions\mkndcbhcgphcfkkddanakjiepeknbgle does not exist or is not readable.
Mar 10, 2018 15:41:40.28 [9908:3520:0310/154140.282:ERROR:connection_factory_impl.cc(381)] Failed to connect to MCS endpoint with error -106
Mar 10, 2018 15:42:09.85 [9908:3520:0310/154209.858:ERROR:connection_factory_impl.cc(381)] Failed to connect to MCS endpoint with error -106
Mar 10, 2018 15:42:40.49 [9908:4292:0310/154240.492:ERROR:gcm_channel_status_request.cc(127)] GCM channel request failed.
Mar 10, 2018 15:42:58.74 [9908:3520:0310/154258.748:ERROR:connection_factory_impl.cc(381)] Failed to connect to MCS endpoint with error -106
Mar 10, 2018 15:43:01.58 [9908:4292:0310/154301.583:ERROR:gcm_channel_status_request.cc(127)] GCM channel request failed.
Mar 10, 2018 15:43:54.58 [7432:8364:0310/154354.584:ERROR:external_registry_loader_win.cc(157)] File C:\Program Files (x86)\PremierOpinion\pmcm.crx for key Software\Google\Chrome\Extensions\mkndcbhcgphcfkkddanakjiepeknbgle does not exist or is not readable.
Mar 10, 2018 15:43:55.59 [7432:11420:0310/154355.594:ERROR:connection_factory_impl.cc(381)] Failed to connect to MCS endpoint with error -106
Mar 10, 2018 15:44:17.65 [7432:11420:0310/154417.657:ERROR:connection_factory_impl.cc(381)] Failed to connect to MCS endpoint with error -106
Mar 10, 2018 15:45:28.79 [7432:5872:0310/154528.792:ERROR:CONSOLE(0)] "Refused to display 'https://accounts.google.com/ServiceLogin?passive=1209600&osid=1&continue=https://notifications.google.com/u/0/widget?sourceid%3D243%26hl%3Den%26origin%3Dhttps://www.google.co.in%26uc%3D1%26usegapi%3D1%26jsh%3Dm;/_/scs/abc-static/_/js/k%253Dgapi.gapi.en.81qcNVAdPP0.O/m%253D__features__/am%253DAAE/rt%253Dj/d%253D1/rs%253DAHpOoo-rnjHqcvRAlxtG-9gMfTrV90boIA&followup=https://notifications.google.com/u/0/widget?sourceid%3D243%26hl%3Den%26origin%3Dhttps://www.google.co.in%26uc%3D1%26usegapi%3D1%26jsh%3Dm;/_/scs/abc-static/_/js/k%253Dgapi.gapi.en.81qcNVAdPP0.O/m%253D__features__/am%253DAAE/rt%253Dj/d%253D1/rs%253DAHpOoo-rnjHqcvRAlxtG-9gMfTrV90boIA&hl=en#pid=243&_methods=onError%2ConInfo%2ChideNotificationWidget%2CpostSharedMessage%2Creauth%2CsetNotificationWidgetHeight%2CsetNotificationWidgetSize%2CswitchTo%2CnavigateTo%2CsetNotificationText%2CsetNotificationAnimation%2CgetNotificationText%2CvalidateUser%2C_ready&id=I0_1520676924535&_gfid=I0_1520676924535&parent=https%3A%2F%2Fwww.google.co.in&pfname=&rpctoken=15375340' in a frame because it set 'X-Frame-Options' to 'deny'.", source: https://www.google.co.in/_/chrome/newtab?ie=UTF-8 (0)
Mar 10, 2018 15:45:47.36 [7432:5872:0310/154547.338:ERROR:page_load_metrics_update_dispatcher.cc(208)] Invalid first_meaningful_paint (unset) for time_to_interactive 37.187 s
Mar 10, 2018 15:50:23.07 [7432:5872:0310/155023.078:ERROR:page_load_metrics_update_dispatcher.cc(208)] Invalid first_meaningful_paint (unset) for time_to_interactive 13.308 s
Mar 10, 2018 15:50:26.76 [7432:5872:0310/155026.764:ERROR:page_load_metrics_update_dispatcher.cc(208)] Invalid first_meaningful_paint (unset) for time_to_interactive 13.308 s
Mar 10, 2018 15:50:30.55 [7432:5872:0310/155030.553:ERROR:page_load_metrics_update_dispatcher.cc(208)] Invalid first_meaningful_paint (unset) for time_to_interactive 13.308 s
Mar 10, 2018 15:55:27.64 [11776:5988:0310/155527.641:ERROR:external_registry_loader_win.cc(157)] File C:\Program Files (x86)\PremierOpinion\pmcm.crx for key Software\Google\Chrome\Extensions\mkndcbhcgphcfkkddanakjiepeknbgle does not exist or is not readable.
Mar 10, 2018 15:59:44.41 [11468:7732:0310/155944.412:ERROR:external_registry_loader_win.cc(157)] File C:\Program Files (x86)\PremierOpinion\pmcm.crx for key Software\Google\Chrome\Extensions\mkndcbhcgphcfkkddanakjiepeknbgle does not exist or is not readable.
Mar 10, 2018 16:05:23.41 [3156:6340:0310/160523.410:ERROR:external_registry_loader_win.cc(157)] File C:\Program Files (x86)\PremierOpinion\pmcm.crx for key Software\Google\Chrome\Extensions\mkndcbhcgphcfkkddanakjiepeknbgle does not exist or is not readable.
Mar 10, 2018 16:50:23.49 [11668:7388:0310/165023.494:ERROR:external_registry_loader_win.cc(157)] File C:\Program Files (x86)\PremierOpinion\pmcm.crx for key Software\Google\Chrome\Extensions\mkndcbhcgphcfkkddanakjiepeknbgle does not exist or is not readable.
Mar 10, 2018 16:55:31.36 [7556:3200:0310/165531.363:ERROR:external_registry_loader_win.cc(157)] File C:\Program Files (x86)\PremierOpinion\pmcm.crx for key Software\Google\Chrome\Extensions\mkndcbhcgphcfkkddanakjiepeknbgle does not exist or is not readable.
Mar 10, 2018 16:56:08.42 [11436:9792:0310/165608.425:ERROR:external_registry_loader_win.cc(157)] File C:\Program Files (x86)\PremierOpinion\pmcm.crx for key Software\Google\Chrome\Extensions\mkndcbhcgphcfkkddanakjiepeknbgle does not exist or is not readable.
Mar 10, 2018 17:00:56.80 [7804:9516:0310/170056.808:ERROR:external_registry_loader_win.cc(157)] File C:\Program Files (x86)\PremierOpinion\pmcm.crx for key Software\Google\Chrome\Extensions\mkndcbhcgphcfkkddanakjiepeknbgle does not exist or is not readable.
Mar 10, 2018 17:05:32.95 [5016:10912:0310/170532.958:ERROR:external_registry_loader_win.cc(157)] File C:\Program Files (x86)\PremierOpinion\pmcm.crx for key Software\Google\Chrome\Extensions\mkndcbhcgphcfkkddanakjiepeknbgle does not exist or is not readable.
Mar 10, 2018 17:39:14.97 [11820:2744:0310/173914.971:ERROR:external_registry_loader_win.cc(157)] File C:\Program Files (x86)\PremierOpinion\pmcm.crx for key Software\Google\Chrome\Extensions\mkndcbhcgphcfkkddanakjiepeknbgle does not exist or is not readable.
Mar 10, 2018 17:39:15.61 [11820:9680:0310/173915.612:ERROR:connection_factory_impl.cc(381)] Failed to connect to MCS endpoint with error -106
Mar 10, 2018 17:39:38.15 [11820:9680:0310/173938.157:ERROR:connection_factory_impl.cc(381)] Failed to connect to MCS endpoint with error -106
Mar 10, 2018 17:40:31.68 [11820:9680:0310/174031.688:ERROR:connection_factory_impl.cc(381)] Failed to connect to MCS endpoint with error -106
Mar 10, 2018 17:42:14.66 [11820:9680:0310/174214.662:ERROR:connection_factory_impl.cc(381)] Failed to connect to MCS endpoint with error -106
Mar 10, 2018 17:45:43.80 [11820:9680:0310/174543.802:ERROR:connection_factory_impl.cc(381)] Failed to connect to MCS endpoint with error -106
Mar 10, 2018 17:53:27.42 [11820:9680:0310/175327.429:ERROR:connection_factory_impl.cc(381)] Failed to connect to MCS endpoint with error -106
Mar 10, 2018 18:03:27.43 [11820:9680:0310/180327.431:ERROR:connection_factory_impl.cc(381)] Failed to connect to MCS endpoint with error -106
Mar 10, 2018 18:07:35.06 [5696:10144:0310/180735.066:ERROR:external_registry_loader_win.cc(157)] File C:\Program Files (x86)\PremierOpinion\pmcm.crx for key Software\Google\Chrome\Extensions\mkndcbhcgphcfkkddanakjiepeknbgle does not exist or is not readable.
Mar 10, 2018 18:07:35.97 [5696:7868:0310/180735.978:ERROR:connection_factory_impl.cc(381)] Failed to connect to MCS endpoint with error -106
Mar 10, 2018 18:07:45.47 [5696:7868:0310/180745.475:ERROR:connection_factory_impl.cc(381)] Failed to connect to MCS endpoint with error -106
Mar 10, 2018 18:10:42.94 [11504:8256:0310/181042.941:ERROR:external_registry_loader_win.cc(157)] File C:\Program Files (x86)\PremierOpinion\pmcm.crx for key Software\Google\Chrome\Extensions\mkndcbhcgphcfkkddanakjiepeknbgle does not exist or is not readable.
Mar 10, 2018 18:10:43.54 [11504:5556:0310/181043.543:ERROR:connection_factory_impl.cc(381)] Failed to connect to MCS endpoint with error -106
Mar 10, 2018 18:11:12.86 [11504:5556:0310/181112.861:ERROR:connection_factory_impl.cc(381)] Failed to connect to MCS endpoint with error -106
Mar 10, 2018 18:15:28.94 [1988:11804:0310/181528.940:ERROR:external_registry_loader_win.cc(157)] File C:\Program Files (x86)\PremierOpinion\pmcm.crx for key Software\Google\Chrome\Extensions\mkndcbhcgphcfkkddanakjiepeknbgle does not exist or is not readable.
Mar 10, 2018 18:15:29.52 [1988:3564:0310/181529.521:ERROR:connection_factory_impl.cc(381)] Failed to connect to MCS endpoint with error -106
Mar 10, 2018 18:15:57.55 [1988:3564:0310/181557.552:ERROR:connection_factory_impl.cc(381)] Failed to connect to MCS endpoint with error -106
Mar 10, 2018 18:17:45.77 [4464:11368:0310/181745.779:ERROR:external_registry_loader_win.cc(157)] File C:\Program Files (x86)\PremierOpinion\pmcm.crx for key Software\Google\Chrome\Extensions\mkndcbhcgphcfkkddanakjiepeknbgle does not exist or is not readable.
Mar 10, 2018 18:17:46.25 [4464:9728:0310/181746.253:ERROR:connection_factory_impl.cc(381)] Failed to connect to MCS endpoint with error -106
Mar 10, 2018 18:27:58.21 [8524:8120:0310/182758.216:ERROR:external_registry_loader_win.cc(157)] File C:\Program Files (x86)\PremierOpinion\pmcm.crx for key Software\Google\Chrome\Extensions\mkndcbhcgphcfkkddanakjiepeknbgle does not exist or is not readable.
Mar 10, 2018 18:27:58.79 [8524:10980:0310/182758.792:ERROR:connection_factory_impl.cc(381)] Failed to connect to MCS endpoint with error -106

Mar 11, 2018 12:10:10.36 NEW SESSION
Mar 11, 2018 12:10:10.36 [11592:6720:0311/121010.361:ERROR:connection_factory_impl.cc(381)] Failed to connect to MCS endpoint with error -106
Mar 11, 2018 12:10:11.70 [11592:8176:0311/121011.696:ERROR:external_registry_loader_win.cc(157)] File C:\Program Files (x86)\PremierOpinion\pmcm.crx for key Software\Google\Chrome\Extensions\mkndcbhcgphcfkkddanakjiepeknbgle does not exist or is not readable.
Mar 11, 2018 12:10:39.19 [11592:6720:0311/121039.195:ERROR:connection_factory_impl.cc(381)] Failed to connect to MCS endpoint with error -106
Mar 11, 2018 12:11:25.52 [11592:6720:0311/121125.527:ERROR:connection_factory_impl.cc(381)] Failed to connect to MCS endpoint with error -106
Mar 11, 2018 12:12:56.50 [11592:6720:0311/121256.507:ERROR:connection_factory_impl.cc(381)] Failed to connect to MCS endpoint with error -106
Mar 11, 2018 12:16:55.71 [11592:6720:0311/121655.710:ERROR:connection_factory_impl.cc(381)] Failed to connect to MCS endpoint with error -106
Mar 11, 2018 12:21:04.31 [11592:2952:0311/122104.318:ERROR:gcm_channel_status_request.cc(127)] GCM channel request failed.
Mar 11, 2018 12:21:28.74 [11592:2952:0311/122128.744:ERROR:gcm_channel_status_request.cc(127)] GCM channel request failed.
Mar 11, 2018 12:22:12.17 [11592:2952:0311/122212.171:ERROR:gcm_channel_status_request.cc(127)] GCM channel request failed.
Mar 11, 2018 12:22:19.09 [11592:6720:0311/122219.091:ERROR:connection_factory_impl.cc(381)] Failed to connect to MCS endpoint with error -106
Mar 11, 2018 12:24:11.34 [11592:2952:0311/122411.349:ERROR:gcm_channel_status_request.cc(127)] GCM channel request failed.
Mar 11, 2018 12:27:07.59 [11592:2952:0311/122707.594:ERROR:gcm_channel_status_request.cc(127)] GCM channel request failed.
Mar 11, 2018 12:32:19.09 [11592:6720:0311/123219.094:ERROR:connection_factory_impl.cc(381)] Failed to connect to MCS endpoint with error -106
Mar 11, 2018 12:33:06.94 [11592:2952:0311/123306.946:ERROR:gcm_channel_status_request.cc(127)] GCM channel request failed.
Mar 11, 2018 12:42:19.09 [11592:6720:0311/124219.097:ERROR:connection_factory_impl.cc(381)] Failed to connect to MCS endpoint with error -106
Mar 11, 2018 12:43:06.94 [11592:2952:0311/124306.949:ERROR:gcm_channel_status_request.cc(127)] GCM channel request failed.
Mar 11, 2018 12:52:19.10 [11592:6720:0311/125219.099:ERROR:connection_factory_impl.cc(381)] Failed to connect to MCS endpoint with error -106
Mar 11, 2018 12:53:06.95 [11592:2952:0311/125306.951:ERROR:gcm_channel_status_request.cc(127)] GCM channel request failed.
Mar 11, 2018 13:02:19.10 [11592:6720:0311/130219.101:ERROR:connection_factory_impl.cc(381)] Failed to connect to MCS endpoint with error -106
Mar 11, 2018 13:03:06.95 [11592:2952:0311/130306.954:ERROR:gcm_channel_status_request.cc(127)] GCM channel request failed.
Mar 11, 2018 13:12:19.10 [11592:6720:0311/131219.103:ERROR:connection_factory_impl.cc(381)] Failed to connect to MCS endpoint with error -106
Mar 11, 2018 13:13:06.95 [11592:2952:0311/131306.958:ERROR:gcm_channel_status_request.cc(127)] GCM channel request failed.
Mar 11, 2018 13:22:19.10 [11592:6720:0311/132219.104:ERROR:connection_factory_impl.cc(381)] Failed to connect to MCS endpoint with error -106
Mar 11, 2018 13:23:06.96 [11592:2952:0311/132306.963:ERROR:gcm_channel_status_request.cc(127)] GCM channel request failed.
Mar 11, 2018 13:32:19.10 [11592:6720:0311/133219.106:ERROR:connection_factory_impl.cc(381)] Failed to connect to MCS endpoint with error -106
Mar 11, 2018 13:33:06.96 [11592:2952:0311/133306.964:ERROR:gcm_channel_status_request.cc(127)] GCM channel request failed.
Mar 11, 2018 13:38:02.13 [11592:6720:0311/133802.137:ERROR:checkin_request.cc(211)] Failed to get checkin response. Fetcher failed. Retrying.
Mar 11, 2018 13:38:24.81 [11592:6720:0311/133824.812:ERROR:checkin_request.cc(211)] Failed to get checkin response. Fetcher failed. Retrying.
Mar 11, 2018 13:39:14.42 [11592:6720:0311/133914.425:ERROR:checkin_request.cc(211)] Failed to get checkin response. Fetcher failed. Retrying.
Mar 11, 2018 13:40:52.47 [11592:6720:0311/134052.472:ERROR:checkin_request.cc(211)] Failed to get checkin response. Fetcher failed. Retrying.
Mar 11, 2018 13:42:19.10 [11592:6720:0311/134219.107:ERROR:connection_factory_impl.cc(381)] Failed to connect to MCS endpoint with error -106
Mar 11, 2018 13:43:06.96 [11592:2952:0311/134306.966:ERROR:gcm_channel_status_request.cc(127)] GCM channel request failed.
Mar 11, 2018 13:44:09.33 [11592:6720:0311/134409.334:ERROR:checkin_request.cc(211)] Failed to get checkin response. Fetcher failed. Retrying.
Mar 11, 2018 13:51:57.56 [11592:6720:0311/135157.563:ERROR:checkin_request.cc(211)] Failed to get checkin response. Fetcher failed. Retrying.
Mar 11, 2018 13:52:19.10 [11592:6720:0311/135219.108:ERROR:connection_factory_impl.cc(381)] Failed to connect to MCS endpoint with error -106
Mar 11, 2018 13:53:06.96 [11592:2952:0311/135306.967:ERROR:gcm_channel_status_request.cc(127)] GCM channel request failed.
Mar 11, 2018 14:01:57.60 [11592:6720:0311/140157.565:ERROR:checkin_request.cc(211)] Failed to get checkin response. Fetcher failed. Retrying.
Mar 11, 2018 14:02:19.11 [11592:6720:0311/140219.110:ERROR:connection_factory_impl.cc(381)] Failed to connect to MCS endpoint with error -106
Mar 11, 2018 14:03:06.97 [11592:2952:0311/140306.970:ERROR:gcm_channel_status_request.cc(127)] GCM channel request failed.
Mar 11, 2018 14:11:57.56 [11592:6720:0311/141157.566:ERROR:checkin_request.cc(211)] Failed to get checkin response. Fetcher failed. Retrying.
Mar 11, 2018 14:12:19.11 [11592:6720:0311/141219.111:ERROR:connection_factory_impl.cc(381)] Failed to connect to MCS endpoint with error -106
Mar 11, 2018 14:13:06.97 [11592:2952:0311/141306.972:ERROR:gcm_channel_status_request.cc(127)] GCM channel request failed.

Mar 12, 2018 13:53:26.18 NEW SESSION
Mar 12, 2018 13:53:26.18 [8908:4460:0312/135326.148:ERROR:connection_factory_impl.cc(381)] Failed to connect to MCS endpoint with error -106
Mar 12, 2018 13:53:27.61 [8908:1140:0312/135327.508:ERROR:external_registry_loader_win.cc(157)] File C:\Program Files (x86)\PremierOpinion\pmcm.crx for key Software\Google\Chrome\Extensions\mkndcbhcgphcfkkddanakjiepeknbgle does not exist or is not readable.
Mar 12, 2018 13:53:53.69 [8908:4460:0312/135353.694:ERROR:connection_factory_impl.cc(381)] Failed to connect to MCS endpoint with error -106
Mar 12, 2018 13:54:38.89 [8908:4460:0312/135438.891:ERROR:connection_factory_impl.cc(381)] Failed to connect to MCS endpoint with error -106

Jul 27, 2018 12:32:15.41 NEW SESSION
Jul 27, 2018 12:32:15.41 [3552:1560:0727/123215.418:ERROR:install_util.cc(597)] Unable to read registry value HKLM\SOFTWARE\Policies\Google\Chrome\MachineLevelUserCloudPolicyEnrollmentToken for writing result=2
Jul 27, 2018 12:32:15.59 [3552:9740:0727/123215.590:ERROR:external_registry_loader_win.cc(158)] File C:\Program Files (x86)\PremierOpinion\pmcm.crx for key Software\Google\Chrome\Extensions\mkndcbhcgphcfkkddanakjiepeknbgle does not exist or is not readable.
Jul 27, 2018 12:32:15.85 [3552:1560:0727/123215.856:ERROR:in_progress_cache_impl.cc(188)] Cache is not initialized, cannot RetrieveEntry.
Jul 27, 2018 12:32:15.85 [3552:1560:0727/123215.856:ERROR:in_progress_cache_impl.cc(188)] Cache is not initialized, cannot RetrieveEntry.
Jul 27, 2018 12:32:15.85 [3552:1560:0727/123215.856:ERROR:in_progress_cache_impl.cc(188)] Cache is not initialized, cannot RetrieveEntry.
Jul 27, 2018 12:32:15.85 [3552:1560:0727/123215.856:ERROR:in_progress_cache_impl.cc(188)] Cache is not initialized, cannot RetrieveEntry.
Jul 27, 2018 12:32:15.85 [3552:1560:0727/123215.856:ERROR:in_progress_cache_impl.cc(188)] Cache is not initialized, cannot RetrieveEntry.
Jul 27, 2018 12:32:15.85 [3552:1560:0727/123215.856:ERROR:in_progress_cache_impl.cc(188)] Cache is not initialized, cannot RetrieveEntry.
Jul 27, 2018 12:32:15.85 [3552:1560:0727/123215.856:ERROR:in_progress_cache_impl.cc(188)] Cache is not initialized, cannot RetrieveEntry.
Jul 27, 2018 12:32:15.85 [3552:1560:0727/123215.856:ERROR:in_progress_cache_impl.cc(188)] Cache is not initialized, cannot RetrieveEntry.
Jul 27, 2018 12:35:13.19 [11720:8832:0727/123513.190:ERROR:install_util.cc(597)] Unable to read registry value HKLM\SOFTWARE\Policies\Google\Chrome\MachineLevelUserCloudPolicyEnrollmentToken for writing result=2
Jul 27, 2018 12:35:13.34 [11720:8732:0727/123513.347:ERROR:external_registry_loader_win.cc(158)] File C:\Program Files (x86)\PremierOpinion\pmcm.crx for key Software\Google\Chrome\Extensions\mkndcbhcgphcfkkddanakjiepeknbgle does not exist or is not readable.
Jul 27, 2018 12:35:13.47 [11720:8832:0727/123513.456:ERROR:in_progress_cache_impl.cc(188)] Cache is not initialized, cannot RetrieveEntry.
Jul 27, 2018 12:35:13.47 [11720:8832:0727/123513.456:ERROR:in_progress_cache_impl.cc(188)] Cache is not initialized, cannot RetrieveEntry.
Jul 27, 2018 12:35:13.47 [11720:8832:0727/123513.456:ERROR:in_progress_cache_impl.cc(188)] Cache is not initialized, cannot RetrieveEntry.
Jul 27, 2018 12:35:13.48 [11720:8832:0727/123513.456:ERROR:in_progress_cache_impl.cc(188)] Cache is not initialized, cannot RetrieveEntry.
Jul 27, 2018 12:35:13.48 [11720:8832:0727/123513.456:ERROR:in_progress_cache_impl.cc(188)] Cache is not initialized, cannot RetrieveEntry.
Jul 27, 2018 12:35:13.48 [11720:8832:0727/123513.456:ERROR:in_progress_cache_impl.cc(188)] Cache is not initialized, cannot RetrieveEntry.
Jul 27, 2018 12:35:13.48 [11720:8832:0727/123513.456:ERROR:in_progress_cache_impl.cc(188)] Cache is not initialized, cannot RetrieveEntry.
Jul 27, 2018 12:35:13.48 [11720:8832:0727/123513.456:ERROR:in_progress_cache_impl.cc(188)] Cache is not initialized, cannot RetrieveEntry.
Jul 27, 2018 12:46:20.42 Unable to read VR Path Registry from C:\Users\Dell\AppData\Local\openvr\openvrpaths.vrpath
Jul 27, 2018 12:47:03.88 [9776:7860:0727/124703.884:ERROR:install_util.cc(597)] Unable to read registry value HKLM\SOFTWARE\Policies\Google\Chrome\MachineLevelUserCloudPolicyEnrollmentToken for writing result=2
Jul 27, 2018 12:47:04.04 [9776:9568:0727/124704.040:ERROR:external_registry_loader_win.cc(158)] File C:\Program Files (x86)\PremierOpinion\pmcm.crx for key Software\Google\Chrome\Extensions\mkndcbhcgphcfkkddanakjiepeknbgle does not exist or is not readable.
Jul 27, 2018 12:47:04.14 [9776:7860:0727/124704.134:ERROR:in_progress_cache_impl.cc(188)] Cache is not initialized, cannot RetrieveEntry.
Jul 27, 2018 12:47:04.14 [9776:7860:0727/124704.134:ERROR:in_progress_cache_impl.cc(188)] Cache is not initialized, cannot RetrieveEntry.
Jul 27, 2018 12:47:04.14 [9776:7860:0727/124704.134:ERROR:in_progress_cache_impl.cc(188)] Cache is not initialized, cannot RetrieveEntry.
Jul 27, 2018 12:47:04.14 [9776:7860:0727/124704.134:ERROR:in_progress_cache_impl.cc(188)] Cache is not initialized, cannot RetrieveEntry.
Jul 27, 2018 12:47:04.14 [9776:7860:0727/124704.134:ERROR:in_progress_cache_impl.cc(188)] Cache is not initialized, cannot RetrieveEntry.
Jul 27, 2018 12:47:04.14 [9776:7860:0727/124704.134:ERROR:in_progress_cache_impl.cc(188)] Cache is not initialized, cannot RetrieveEntry.
Jul 27, 2018 12:47:04.14 [9776:7860:0727/124704.134:ERROR:in_progress_cache_impl.cc(188)] Cache is not initialized, cannot RetrieveEntry.
Jul 27, 2018 12:47:04.14 [9776:7860:0727/124704.134:ERROR:in_progress_cache_impl.cc(188)] Cache is not initialized, cannot RetrieveEntry.
Jul 27, 2018 13:02:22.95 [1124:8060:0727/130222.959:ERROR:install_util.cc(597)] Unable to read registry value HKLM\SOFTWARE\Policies\Google\Chrome\MachineLevelUserCloudPolicyEnrollmentToken for writing result=2
Jul 27, 2018 13:02:23.11 [1124:10940:0727/130223.115:ERROR:external_registry_loader_win.cc(158)] File C:\Program Files (x86)\PremierOpinion\pmcm.crx for key Software\Google\Chrome\Extensions\mkndcbhcgphcfkkddanakjiepeknbgle does not exist or is not readable.
Jul 27, 2018 13:02:23.25 [1124:8060:0727/130223.240:ERROR:in_progress_cache_impl.cc(188)] Cache is not initialized, cannot RetrieveEntry.
Jul 27, 2018 13:02:23.25 [1124:8060:0727/130223.240:ERROR:in_progress_cache_impl.cc(188)] Cache is not initialized, cannot RetrieveEntry.
Jul 27, 2018 13:02:23.25 [1124:8060:0727/130223.240:ERROR:in_progress_cache_impl.cc(188)] Cache is not initialized, cannot RetrieveEntry.
Jul 27, 2018 13:02:23.25 [1124:8060:0727/130223.240:ERROR:in_progress_cache_impl.cc(188)] Cache is not initialized, cannot RetrieveEntry.
Jul 27, 2018 13:02:23.25 [1124:8060:0727/130223.240:ERROR:in_progress_cache_impl.cc(188)] Cache is not initialized, cannot RetrieveEntry.
Jul 27, 2018 13:02:23.25 [1124:8060:0727/130223.240:ERROR:in_progress_cache_impl.cc(188)] Cache is not initialized, cannot RetrieveEntry.
Jul 27, 2018 13:02:23.25 [1124:8060:0727/130223.240:ERROR:in_progress_cache_impl.cc(188)] Cache is not initialized, cannot RetrieveEntry.
Jul 27, 2018 13:02:23.25 [1124:8060:0727/130223.240:ERROR:in_progress_cache_impl.cc(188)] Cache is not initialized, cannot RetrieveEntry.

Jul 27, 2018 13:11:14.96 NEW SESSION
Jul 27, 2018 13:11:14.96 [4668:6828:0727/131114.966:ERROR:install_util.cc(597)] Unable to read registry value HKLM\SOFTWARE\Policies\Google\Chrome\MachineLevelUserCloudPolicyEnrollmentToken for writing result=2
Jul 27, 2018 13:11:15.15 [4668:6612:0727/131115.149:ERROR:external_registry_loader_win.cc(158)] File C:\Program Files (x86)\PremierOpinion\pmcm.crx for key Software\Google\Chrome\Extensions\mkndcbhcgphcfkkddanakjiepeknbgle does not exist or is not readable.
Jul 27, 2018 13:13:28.26 [3916:3008:0727/131328.262:ERROR:install_util.cc(597)] Unable to read registry value HKLM\SOFTWARE\Policies\Google\Chrome\MachineLevelUserCloudPolicyEnrollmentToken for writing result=2
Jul 27, 2018 13:13:28.42 [3916:1552:0727/131328.429:ERROR:external_registry_loader_win.cc(158)] File C:\Program Files (x86)\PremierOpinion\pmcm.crx for key Software\Google\Chrome\Extensions\mkndcbhcgphcfkkddanakjiepeknbgle does not exist or is not readable.
Jul 27, 2018 13:13:28.53 [3916:3008:0727/131328.531:ERROR:in_progress_cache_impl.cc(188)] Cache is not initialized, cannot RetrieveEntry.
Jul 27, 2018 13:13:28.53 [3916:3008:0727/131328.531:ERROR:in_progress_cache_impl.cc(188)] Cache is not initialized, cannot RetrieveEntry.
Jul 27, 2018 13:13:28.54 [3916:3008:0727/131328.531:ERROR:in_progress_cache_impl.cc(188)] Cache is not initialized, cannot RetrieveEntry.
Jul 27, 2018 13:13:28.54 [3916:3008:0727/131328.531:ERROR:in_progress_cache_impl.cc(188)] Cache is not initialized, cannot RetrieveEntry.
Jul 27, 2018 13:13:28.54 [3916:3008:0727/131328.531:ERROR:in_progress_cache_impl.cc(188)] Cache is not initialized, cannot RetrieveEntry.
Jul 27, 2018 13:13:28.54 [3916:3008:0727/131328.531:ERROR:in_progress_cache_impl.cc(188)] Cache is not initialized, cannot RetrieveEntry.
Jul 27, 2018 13:13:28.54 [3916:3008:0727/131328.531:ERROR:in_progress_cache_impl.cc(188)] Cache is not initialized, cannot RetrieveEntry.
Jul 27, 2018 13:13:28.54 [3916:3008:0727/131328.531:ERROR:in_progress_cache_impl.cc(188)] Cache is not initialized, cannot RetrieveEntry.
Jul 27, 2018 13:18:33.30 [11948:1184:0727/131833.306:ERROR:install_util.cc(597)] Unable to read registry value HKLM\SOFTWARE\Policies\Google\Chrome\MachineLevelUserCloudPolicyEnrollmentToken for writing result=2
Jul 27, 2018 13:18:33.52 [11948:1424:0727/131833.520:ERROR:external_registry_loader_win.cc(158)] File C:\Program Files (x86)\PremierOpinion\pmcm.crx for key Software\Google\Chrome\Extensions\mkndcbhcgphcfkkddanakjiepeknbgle does not exist or is not readable.
Jul 27, 2018 13:18:33.61 [11948:1184:0727/131833.608:ERROR:in_progress_cache_impl.cc(188)] Cache is not initialized, cannot RetrieveEntry.
Jul 27, 2018 13:18:33.63 [11948:1184:0727/131833.609:ERROR:in_progress_cache_impl.cc(188)] Cache is not initialized, cannot RetrieveEntry.
Jul 27, 2018 13:18:33.68 [11948:1184:0727/131833.609:ERROR:in_progress_cache_impl.cc(188)] Cache is not initialized, cannot RetrieveEntry.
Jul 27, 2018 13:18:33.68 [11948:1184:0727/131833.609:ERROR:in_progress_cache_impl.cc(188)] Cache is not initialized, cannot RetrieveEntry.
Jul 27, 2018 13:18:33.68 [11948:1184:0727/131833.609:ERROR:in_progress_cache_impl.cc(188)] Cache is not initialized, cannot RetrieveEntry.
Jul 27, 2018 13:18:33.68 [11948:1184:0727/131833.609:ERROR:in_progress_cache_impl.cc(188)] Cache is not initialized, cannot RetrieveEntry.
Jul 27, 2018 13:18:33.68 [11948:1184:0727/131833.609:ERROR:in_progress_cache_impl.cc(188)] Cache is not initialized, cannot RetrieveEntry.
Jul 27, 2018 13:18:33.68 [11948:1184:0727/131833.609:ERROR:in_progress_cache_impl.cc(188)] Cache is not initialized, cannot RetrieveEntry.
Jul 27, 2018 13:19:20.40 Unable to read VR Path Registry from C:\Users\Dell\AppData\Local\openvr\openvrpaths.vrpath

Jul 27, 2018 15:27:13.62 NEW SESSION
Jul 27, 2018 15:27:13.62 [7008:4456:0727/152713.601:ERROR:install_util.cc(597)] Unable to read registry value HKLM\SOFTWARE\Policies\Google\Chrome\MachineLevelUserCloudPolicyEnrollmentToken for writing result=2
Jul 27, 2018 15:27:20.09 [7008:9592:0727/152720.097:ERROR:external_registry_loader_win.cc(158)] File C:\Program Files (x86)\PremierOpinion\pmcm.crx for key Software\Google\Chrome\Extensions\mkndcbhcgphcfkkddanakjiepeknbgle does not exist or is not readable.
Jul 27, 2018 15:27:27.40 [7008:4456:0727/152727.407:ERROR:in_progress_cache_impl.cc(188)] Cache is not initialized, cannot RetrieveEntry.
Jul 27, 2018 15:27:27.46 [7008:4456:0727/152727.468:ERROR:in_progress_cache_impl.cc(188)] Cache is not initialized, cannot RetrieveEntry.
Jul 27, 2018 15:27:27.46 [7008:4456:0727/152727.468:ERROR:in_progress_cache_impl.cc(188)] Cache is not initialized, cannot RetrieveEntry.
Jul 27, 2018 15:27:27.47 [7008:4456:0727/152727.468:ERROR:in_progress_cache_impl.cc(188)] Cache is not initialized, cannot RetrieveEntry.
Jul 27, 2018 15:27:27.47 [7008:4456:0727/152727.468:ERROR:in_progress_cache_impl.cc(188)] Cache is not initialized, cannot RetrieveEntry.
Jul 27, 2018 15:27:27.47 [7008:4456:0727/152727.468:ERROR:in_progress_cache_impl.cc(188)] Cache is not initialized, cannot RetrieveEntry.
Jul 27, 2018 15:27:27.47 [7008:4456:0727/152727.468:ERROR:in_progress_cache_impl.cc(188)] Cache is not initialized, cannot RetrieveEntry.
Jul 27, 2018 15:27:27.47 [7008:4456:0727/152727.468:ERROR:in_progress_cache_impl.cc(188)] Cache is not initialized, cannot RetrieveEntry.
Jul 27, 2018 15:27:27.47 [7008:4456:0727/152727.468:ERROR:in_progress_cache_impl.cc(188)] Cache is not initialized, cannot RetrieveEntry.
Jul 27, 2018 15:27:35.05 [7008:10976:0727/152735.055:ERROR:service_manager_context.cc(258)] Attempting to run unsupported native service: C:\Program Files (x86)\Google\Chrome\Application\67.0.3396.99\chrome_renderer.service.exe
Jul 27, 2018 15:27:35.50 [7008:10976:0727/152735.501:ERROR:service_manager_context.cc(258)] Attempting to run unsupported native service: C:\Program Files (x86)\Google\Chrome\Application\67.0.3396.99\chrome_renderer.service.exe
Jul 27, 2018 16:15:40.10 [1524:6044:0727/161540.102:ERROR:install_util.cc(597)] Unable to read registry value HKLM\SOFTWARE\Policies\Google\Chrome\MachineLevelUserCloudPolicyEnrollmentToken for writing result=2
Jul 27, 2018 16:15:40.32 [1524:8092:0727/161540.321:ERROR:external_registry_loader_win.cc(158)] File C:\Program Files (x86)\PremierOpinion\pmcm.crx for key Software\Google\Chrome\Extensions\mkndcbhcgphcfkkddanakjiepeknbgle does not exist or is not readable.
Jul 27, 2018 16:15:40.69 [1524:6044:0727/161540.665:ERROR:in_progress_cache_impl.cc(188)] Cache is not initialized, cannot RetrieveEntry.
Jul 27, 2018 16:15:40.69 [1524:6044:0727/161540.665:ERROR:in_progress_cache_impl.cc(188)] Cache is not initialized, cannot RetrieveEntry.
Jul 27, 2018 16:15:40.69 [1524:6044:0727/161540.665:ERROR:in_progress_cache_impl.cc(188)] Cache is not initialized, cannot RetrieveEntry.
Jul 27, 2018 16:15:40.69 [1524:6044:0727/161540.665:ERROR:in_progress_cache_impl.cc(188)] Cache is not initialized, cannot RetrieveEntry.
Jul 27, 2018 16:15:40.69 [1524:6044:0727/161540.665:ERROR:in_progress_cache_impl.cc(188)] Cache is not initialized, cannot RetrieveEntry.
Jul 27, 2018 16:15:40.73 [1524:6044:0727/161540.665:ERROR:in_progress_cache_impl.cc(188)] Cache is not initialized, cannot RetrieveEntry.
Jul 27, 2018 16:15:40.73 [1524:6044:0727/161540.665:ERROR:in_progress_cache_impl.cc(188)] Cache is not initialized, cannot RetrieveEntry.
Jul 27, 2018 16:15:40.73 [1524:6044:0727/161540.665:ERROR:in_progress_cache_impl.cc(188)] Cache is not initialized, cannot RetrieveEntry.
Jul 27, 2018 16:15:40.73 [1524:6044:0727/161540.665:ERROR:in_progress_cache_impl.cc(188)] Cache is not initialized, cannot RetrieveEntry.
Jul 27, 2018 16:15:41.09 [1524:8680:0727/161541.099:ERROR:connection_factory_impl.cc(403)] Failed to connect to MCS endpoint with error -106
Jul 27, 2018 16:16:05.68 [1524:8680:0727/161605.688:ERROR:connection_factory_impl.cc(403)] Failed to connect to MCS endpoint with error -106
Jul 27, 2018 16:17:00.52 Unable to read VR Path Registry from C:\Users\Dell\AppData\Local\openvr\openvrpaths.vrpath
Jul 27, 2018 16:17:00.52 [1524:8680:0727/161700.524:ERROR:connection_factory_impl.cc(403)] Failed to connect to MCS endpoint with error -106
Jul 27, 2018 16:18:21.26 [1524:8680:0727/161821.268:ERROR:connection_factory_impl.cc(403)] Failed to connect to MCS endpoint with error -106
Jul 27, 2018 16:21:25.55 [12096:3600:0727/162125.551:ERROR:install_util.cc(597)] Unable to read registry value HKLM\SOFTWARE\Policies\Google\Chrome\MachineLevelUserCloudPolicyEnrollmentToken for writing result=2
Jul 27, 2018 16:21:25.73 [12096:9712:0727/162125.739:ERROR:external_registry_loader_win.cc(158)] File C:\Program Files (x86)\PremierOpinion\pmcm.crx for key Software\Google\Chrome\Extensions\mkndcbhcgphcfkkddanakjiepeknbgle does not exist or is not readable.
Jul 27, 2018 16:21:25.94 [12096:3600:0727/162125.926:ERROR:in_progress_cache_impl.cc(188)] Cache is not initialized, cannot RetrieveEntry.
Jul 27, 2018 16:21:25.94 [12096:3600:0727/162125.926:ERROR:in_progress_cache_impl.cc(188)] Cache is not initialized, cannot RetrieveEntry.
Jul 27, 2018 16:21:25.94 [12096:3600:0727/162125.926:ERROR:in_progress_cache_impl.cc(188)] Cache is not initialized, cannot RetrieveEntry.
Jul 27, 2018 16:21:25.94 [12096:3600:0727/162125.926:ERROR:in_progress_cache_impl.cc(188)] Cache is not initialized, cannot RetrieveEntry.
Jul 27, 2018 16:21:25.94 [12096:3600:0727/162125.926:ERROR:in_progress_cache_impl.cc(188)] Cache is not initialized, cannot RetrieveEntry.
Jul 27, 2018 16:21:25.94 [12096:3600:0727/162125.926:ERROR:in_progress_cache_impl.cc(188)] Cache is not initialized, cannot RetrieveEntry.
Jul 27, 2018 16:21:25.94 [12096:3600:0727/162125.926:ERROR:in_progress_cache_impl.cc(188)] Cache is not initialized, cannot RetrieveEntry.
Jul 27, 2018 16:21:25.94 [12096:3600:0727/162125.926:ERROR:in_progress_cache_impl.cc(188)] Cache is not initialized, cannot RetrieveEntry.
Jul 27, 2018 16:21:25.95 [12096:3600:0727/162125.926:ERROR:in_progress_cache_impl.cc(188)] Cache is not initialized, cannot RetrieveEntry.
Jul 27, 2018 16:21:26.50 [12096:7356:0727/162126.503:ERROR:connection_factory_impl.cc(403)] Failed to connect to MCS endpoint with error -106
Jul 27, 2018 16:21:47.34 [12096:7356:0727/162147.349:ERROR:connection_factory_impl.cc(403)] Failed to connect to MCS endpoint with error -106
Jul 27, 2018 16:22:34.00 Unable to read VR Path Registry from C:\Users\Dell\AppData\Local\openvr\openvrpaths.vrpath
Jul 27, 2018 16:22:34.00 [12096:7356:0727/162234.000:ERROR:connection_factory_impl.cc(403)] Failed to connect to MCS endpoint with error -106
Jul 27, 2018 16:24:11.61 [12096:7356:0727/162411.614:ERROR:connection_factory_impl.cc(403)] Failed to connect to MCS endpoint with error -106
Jul 27, 2018 16:26:58.85 [12096:7356:0727/162658.851:ERROR:connection_factory_impl.cc(403)] Failed to connect to MCS endpoint with error -106
Jul 27, 2018 16:31:19.88 [7880:7944:0727/163119.888:ERROR:install_util.cc(597)] Unable to read registry value HKLM\SOFTWARE\Policies\Google\Chrome\MachineLevelUserCloudPolicyEnrollmentToken for writing result=2
Jul 27, 2018 16:31:20.07 [7880:4208:0727/163120.075:ERROR:external_registry_loader_win.cc(158)] File C:\Program Files (x86)\PremierOpinion\pmcm.crx for key Software\Google\Chrome\Extensions\mkndcbhcgphcfkkddanakjiepeknbgle does not exist or is not readable.
Jul 27, 2018 16:31:20.18 [7880:7944:0727/163120.169:ERROR:in_progress_cache_impl.cc(188)] Cache is not initialized, cannot RetrieveEntry.
Jul 27, 2018 16:31:20.18 [7880:7944:0727/163120.169:ERROR:in_progress_cache_impl.cc(188)] Cache is not initialized, cannot RetrieveEntry.
Jul 27, 2018 16:31:20.18 [7880:7944:0727/163120.169:ERROR:in_progress_cache_impl.cc(188)] Cache is not initialized, cannot RetrieveEntry.
Jul 27, 2018 16:31:20.20 [7880:7944:0727/163120.169:ERROR:in_progress_cache_impl.cc(188)] Cache is not initialized, cannot RetrieveEntry.
Jul 27, 2018 16:31:20.20 [7880:7944:0727/163120.169:ERROR:in_progress_cache_impl.cc(188)] Cache is not initialized, cannot RetrieveEntry.
Jul 27, 2018 16:31:20.20 [7880:7944:0727/163120.169:ERROR:in_progress_cache_impl.cc(188)] Cache is not initialized, cannot RetrieveEntry.
Jul 27, 2018 16:31:20.20 [7880:7944:0727/163120.169:ERROR:in_progress_cache_impl.cc(188)] Cache is not initialized, cannot RetrieveEntry.
Jul 27, 2018 16:31:20.20 [7880:7944:0727/163120.169:ERROR:in_progress_cache_impl.cc(188)] Cache is not initialized, cannot RetrieveEntry.
Jul 27, 2018 16:31:20.20 [7880:7944:0727/163120.169:ERROR:in_progress_cache_impl.cc(188)] Cache is not initialized, cannot RetrieveEntry.
Jul 27, 2018 16:31:20.43 [7880:6148:0727/163120.437:ERROR:connection_factory_impl.cc(403)] Failed to connect to MCS endpoint with error -106
Jul 27, 2018 16:31:48.71 [7880:6148:0727/163148.717:ERROR:connection_factory_impl.cc(403)] Failed to connect to MCS endpoint with error -106
Jul 27, 2018 16:32:34.75 Unable to read VR Path Registry from C:\Users\Dell\AppData\Local\openvr\openvrpaths.vrpath
Jul 27, 2018 16:32:34.75 [7880:6148:0727/163234.751:ERROR:connection_factory_impl.cc(403)] Failed to connect to MCS endpoint with error -106
Jul 27, 2018 16:34:25.77 [7848:9000:0727/163425.777:ERROR:install_util.cc(597)] Unable to read registry value HKLM\SOFTWARE\Policies\Google\Chrome\MachineLevelUserCloudPolicyEnrollmentToken for writing result=2
Jul 27, 2018 16:34:25.94 [7848:11944:0727/163425.949:ERROR:external_registry_loader_win.cc(158)] File C:\Program Files (x86)\PremierOpinion\pmcm.crx for key Software\Google\Chrome\Extensions\mkndcbhcgphcfkkddanakjiepeknbgle does not exist or is not readable.
Jul 27, 2018 16:34:26.10 [7848:9000:0727/163426.074:ERROR:in_progress_cache_impl.cc(188)] Cache is not initialized, cannot RetrieveEntry.
Jul 27, 2018 16:34:26.10 [7848:9000:0727/163426.074:ERROR:in_progress_cache_impl.cc(188)] Cache is not initialized, cannot RetrieveEntry.
Jul 27, 2018 16:34:26.12 [7848:9000:0727/163426.074:ERROR:in_progress_cache_impl.cc(188)] Cache is not initialized, cannot RetrieveEntry.
Jul 27, 2018 16:34:26.12 [7848:9000:0727/163426.074:ERROR:in_progress_cache_impl.cc(188)] Cache is not initialized, cannot RetrieveEntry.
Jul 27, 2018 16:34:26.12 [7848:9000:0727/163426.074:ERROR:in_progress_cache_impl.cc(188)] Cache is not initialized, cannot RetrieveEntry.
Jul 27, 2018 16:34:26.12 [7848:9000:0727/163426.074:ERROR:in_progress_cache_impl.cc(188)] Cache is not initialized, cannot RetrieveEntry.
Jul 27, 2018 16:34:26.12 [7848:9000:0727/163426.074:ERROR:in_progress_cache_impl.cc(188)] Cache is not initialized, cannot RetrieveEntry.
Jul 27, 2018 16:34:26.12 [7848:9000:0727/163426.074:ERROR:in_progress_cache_impl.cc(188)] Cache is not initialized, cannot RetrieveEntry.
Jul 27, 2018 16:34:26.12 [7848:9000:0727/163426.074:ERROR:in_progress_cache_impl.cc(188)] Cache is not initialized, cannot RetrieveEntry.
Jul 27, 2018 16:34:26.39 [7848:9536:0727/163426.392:ERROR:connection_factory_impl.cc(403)] Failed to connect to MCS endpoint with error -106
Jul 27, 2018 16:34:53.95 [7848:9536:0727/163453.958:ERROR:connection_factory_impl.cc(403)] Failed to connect to MCS endpoint with error -106
Jul 27, 2018 16:35:42.38 Unable to read VR Path Registry from C:\Users\Dell\AppData\Local\openvr\openvrpaths.vrpath
Jul 27, 2018 16:36:28.75 [3700:10152:0727/163628.751:ERROR:install_util.cc(597)] Unable to read registry value HKLM\SOFTWARE\Policies\Google\Chrome\MachineLevelUserCloudPolicyEnrollmentToken for writing result=2
Jul 27, 2018 16:36:28.90 [3700:8996:0727/163628.907:ERROR:external_registry_loader_win.cc(158)] File C:\Program Files (x86)\PremierOpinion\pmcm.crx for key Software\Google\Chrome\Extensions\mkndcbhcgphcfkkddanakjiepeknbgle does not exist or is not readable.
Jul 27, 2018 16:36:29.06 [3700:10152:0727/163629.048:ERROR:in_progress_cache_impl.cc(188)] Cache is not initialized, cannot RetrieveEntry.
Jul 27, 2018 16:36:29.06 [3700:10152:0727/163629.048:ERROR:in_progress_cache_impl.cc(188)] Cache is not initialized, cannot RetrieveEntry.
Jul 27, 2018 16:36:29.06 [3700:10152:0727/163629.048:ERROR:in_progress_cache_impl.cc(188)] Cache is not initialized, cannot RetrieveEntry.
Jul 27, 2018 16:36:29.06 [3700:10152:0727/163629.048:ERROR:in_progress_cache_impl.cc(188)] Cache is not initialized, cannot RetrieveEntry.
Jul 27, 2018 16:36:29.06 [3700:10152:0727/163629.048:ERROR:in_progress_cache_impl.cc(188)] Cache is not initialized, cannot RetrieveEntry.
Jul 27, 2018 16:36:29.06 [3700:10152:0727/163629.048:ERROR:in_progress_cache_impl.cc(188)] Cache is not initialized, cannot RetrieveEntry.
Jul 27, 2018 16:36:29.06 [3700:10152:0727/163629.048:ERROR:in_progress_cache_impl.cc(188)] Cache is not initialized, cannot RetrieveEntry.
Jul 27, 2018 16:36:29.06 [3700:10152:0727/163629.048:ERROR:in_progress_cache_impl.cc(188)] Cache is not initialized, cannot RetrieveEntry.
Jul 27, 2018 16:36:29.06 [3700:10152:0727/163629.048:ERROR:in_progress_cache_impl.cc(188)] Cache is not initialized, cannot RetrieveEntry.
Jul 27, 2018 16:48:35.92 [5092:8416:0727/164835.927:ERROR:install_util.cc(597)] Unable to read registry value HKLM\SOFTWARE\Policies\Google\Chrome\MachineLevelUserCloudPolicyEnrollmentToken for writing result=2
Jul 27, 2018 16:48:36.13 [5092:9120:0727/164836.130:ERROR:external_registry_loader_win.cc(158)] File C:\Program Files (x86)\PremierOpinion\pmcm.crx for key Software\Google\Chrome\Extensions\mkndcbhcgphcfkkddanakjiepeknbgle does not exist or is not readable.
Jul 27, 2018 16:48:36.27 [5092:8416:0727/164836.271:ERROR:in_progress_cache_impl.cc(188)] Cache is not initialized, cannot RetrieveEntry.
Jul 27, 2018 16:48:36.27 [5092:8416:0727/164836.271:ERROR:in_progress_cache_impl.cc(188)] Cache is not initialized, cannot RetrieveEntry.
Jul 27, 2018 16:48:36.27 [5092:8416:0727/164836.271:ERROR:in_progress_cache_impl.cc(188)] Cache is not initialized, cannot RetrieveEntry.
Jul 27, 2018 16:48:36.27 [5092:8416:0727/164836.271:ERROR:in_progress_cache_impl.cc(188)] Cache is not initialized, cannot RetrieveEntry.
Jul 27, 2018 16:48:36.27 [5092:8416:0727/164836.271:ERROR:in_progress_cache_impl.cc(188)] Cache is not initialized, cannot RetrieveEntry.
Jul 27, 2018 16:48:36.27 [5092:8416:0727/164836.271:ERROR:in_progress_cache_impl.cc(188)] Cache is not initialized, cannot RetrieveEntry.
Jul 27, 2018 16:48:36.28 [5092:8416:0727/164836.271:ERROR:in_progress_cache_impl.cc(188)] Cache is not initialized, cannot RetrieveEntry.
Jul 27, 2018 16:48:36.28 [5092:8416:0727/164836.271:ERROR:in_progress_cache_impl.cc(188)] Cache is not initialized, cannot RetrieveEntry.
Jul 27, 2018 16:48:36.28 [5092:8416:0727/164836.271:ERROR:in_progress_cache_impl.cc(188)] Cache is not initialized, cannot RetrieveEntry.
Jul 27, 2018 16:51:28.77 Unable to read VR Path Registry from C:\Users\Dell\AppData\Local\openvr\openvrpaths.vrpath
Jul 27, 2018 16:57:13.25 [7816:11308:0727/165713.256:ERROR:install_util.cc(597)] Unable to read registry value HKLM\SOFTWARE\Policies\Google\Chrome\MachineLevelUserCloudPolicyEnrollmentToken for writing result=2
Jul 27, 2018 16:57:13.47 [7816:10096:0727/165713.475:ERROR:external_registry_loader_win.cc(158)] File C:\Program Files (x86)\PremierOpinion\pmcm.crx for key Software\Google\Chrome\Extensions\mkndcbhcgphcfkkddanakjiepeknbgle does not exist or is not readable.
Jul 27, 2018 16:57:13.67 [7816:11308:0727/165713.662:ERROR:in_progress_cache_impl.cc(188)] Cache is not initialized, cannot RetrieveEntry.
Jul 27, 2018 16:57:13.67 [7816:11308:0727/165713.662:ERROR:in_progress_cache_impl.cc(188)] Cache is not initialized, cannot RetrieveEntry.
Jul 27, 2018 16:57:13.67 [7816:11308:0727/165713.662:ERROR:in_progress_cache_impl.cc(188)] Cache is not initialized, cannot RetrieveEntry.
Jul 27, 2018 16:57:13.67 [7816:11308:0727/165713.662:ERROR:in_progress_cache_impl.cc(188)] Cache is not initialized, cannot RetrieveEntry.
Jul 27, 2018 16:57:13.67 [7816:11308:0727/165713.662:ERROR:in_progress_cache_impl.cc(188)] Cache is not initialized, cannot RetrieveEntry.
Jul 27, 2018 16:57:13.67 [7816:11308:0727/165713.662:ERROR:in_progress_cache_impl.cc(188)] Cache is not initialized, cannot RetrieveEntry.
Jul 27, 2018 16:57:13.67 [7816:11308:0727/165713.662:ERROR:in_progress_cache_impl.cc(188)] Cache is not initialized, cannot RetrieveEntry.
Jul 27, 2018 16:57:13.67 [7816:11308:0727/165713.662:ERROR:in_progress_cache_impl.cc(188)] Cache is not initialized, cannot RetrieveEntry.
Jul 27, 2018 16:57:13.67 [7816:11308:0727/165713.662:ERROR:in_progress_cache_impl.cc(188)] Cache is not initialized, cannot RetrieveEntry.
Jul 27, 2018 17:01:18.72 [11504:10596:0727/170118.729:ERROR:install_util.cc(597)] Unable to read registry value HKLM\SOFTWARE\Policies\Google\Chrome\MachineLevelUserCloudPolicyEnrollmentToken for writing result=2
Jul 27, 2018 17:01:18.88 [11504:5572:0727/170118.886:ERROR:external_registry_loader_win.cc(158)] File C:\Program Files (x86)\PremierOpinion\pmcm.crx for key Software\Google\Chrome\Extensions\mkndcbhcgphcfkkddanakjiepeknbgle does not exist or is not readable.
Jul 27, 2018 17:01:18.97 [11504:10596:0727/170118.979:ERROR:in_progress_cache_impl.cc(188)] Cache is not initialized, cannot RetrieveEntry.
Jul 27, 2018 17:01:18.97 [11504:10596:0727/170118.979:ERROR:in_progress_cache_impl.cc(188)] Cache is not initialized, cannot RetrieveEntry.
Jul 27, 2018 17:01:18.97 [11504:10596:0727/170118.979:ERROR:in_progress_cache_impl.cc(188)] Cache is not initialized, cannot RetrieveEntry.
Jul 27, 2018 17:01:18.97 [11504:10596:0727/170118.979:ERROR:in_progress_cache_impl.cc(188)] Cache is not initialized, cannot RetrieveEntry.
Jul 27, 2018 17:01:18.97 [11504:10596:0727/170118.979:ERROR:in_progress_cache_impl.cc(188)] Cache is not initialized, cannot RetrieveEntry.
Jul 27, 2018 17:01:18.97 [11504:10596:0727/170118.979:ERROR:in_progress_cache_impl.cc(188)] Cache is not initialized, cannot RetrieveEntry.
Jul 27, 2018 17:01:18.97 [11504:10596:0727/170118.979:ERROR:in_progress_cache_impl.cc(188)] Cache is not initialized, cannot RetrieveEntry.
Jul 27, 2018 17:01:18.97 [11504:10596:0727/170118.979:ERROR:in_progress_cache_impl.cc(188)] Cache is not initialized, cannot RetrieveEntry.
Jul 27, 2018 17:01:18.97 [11504:10596:0727/170118.979:ERROR:in_progress_cache_impl.cc(188)] Cache is not initialized, cannot RetrieveEntry.
Jul 27, 2018 17:07:31.76 [7504:7456:0727/170731.766:ERROR:install_util.cc(597)] Unable to read registry value HKLM\SOFTWARE\Policies\Google\Chrome\MachineLevelUserCloudPolicyEnrollmentToken for writing result=2
Jul 27, 2018 17:07:31.96 [7504:3524:0727/170731.969:ERROR:external_registry_loader_win.cc(158)] File C:\Program Files (x86)\PremierOpinion\pmcm.crx for key Software\Google\Chrome\Extensions\mkndcbhcgphcfkkddanakjiepeknbgle does not exist or is not readable.
Jul 27, 2018 17:07:32.14 [7504:7456:0727/170732.125:ERROR:in_progress_cache_impl.cc(188)] Cache is not initialized, cannot RetrieveEntry.
Jul 27, 2018 17:07:32.14 [7504:7456:0727/170732.125:ERROR:in_progress_cache_impl.cc(188)] Cache is not initialized, cannot RetrieveEntry.
Jul 27, 2018 17:07:32.14 [7504:7456:0727/170732.125:ERROR:in_progress_cache_impl.cc(188)] Cache is not initialized, cannot RetrieveEntry.
Jul 27, 2018 17:07:32.14 [7504:7456:0727/170732.125:ERROR:in_progress_cache_impl.cc(188)] Cache is not initialized, cannot RetrieveEntry.
Jul 27, 2018 17:07:32.14 [7504:7456:0727/170732.125:ERROR:in_progress_cache_impl.cc(188)] Cache is not initialized, cannot RetrieveEntry.
Jul 27, 2018 17:07:32.15 [7504:7456:0727/170732.125:ERROR:in_progress_cache_impl.cc(188)] Cache is not initialized, cannot RetrieveEntry.
Jul 27, 2018 17:07:32.15 [7504:7456:0727/170732.125:ERROR:in_progress_cache_impl.cc(188)] Cache is not initialized, cannot RetrieveEntry.
Jul 27, 2018 17:07:32.15 [7504:7456:0727/170732.125:ERROR:in_progress_cache_impl.cc(188)] Cache is not initialized, cannot RetrieveEntry.
Jul 27, 2018 17:07:32.15 [7504:7456:0727/170732.125:ERROR:in_progress_cache_impl.cc(188)] Cache is not initialized, cannot RetrieveEntry.
Jul 27, 2018 17:10:24.00 Unable to read VR Path Registry from C:\Users\Dell\AppData\Local\openvr\openvrpaths.vrpath
Jul 27, 2018 17:22:20.41 [3520:656:0727/172220.398:ERROR:install_util.cc(597)] Unable to read registry value HKLM\SOFTWARE\Policies\Google\Chrome\MachineLevelUserCloudPolicyEnrollmentToken for writing result=2
Jul 27, 2018 17:22:28.22 [3520:5044:0727/172228.225:ERROR:external_registry_loader_win.cc(158)] File C:\Program Files (x86)\PremierOpinion\pmcm.crx for key Software\Google\Chrome\Extensions\mkndcbhcgphcfkkddanakjiepeknbgle does not exist or is not readable.
Jul 27, 2018 17:22:49.32 [3520:8812:0727/172249.323:ERROR:service_manager_context.cc(258)] Attempting to run unsupported native service: C:\Program Files (x86)\Google\Chrome\Application\67.0.3396.99\chrome_renderer.service.exe
Jul 27, 2018 17:22:49.32 [3520:8812:0727/172249.323:ERROR:service_manager_context.cc(258)] Attempting to run unsupported native service: C:\Program Files (x86)\Google\Chrome\Application\67.0.3396.99\chrome_renderer.service.exe
Jul 27, 2018 17:30:25.17 Unable to read VR Path Registry from C:\Users\Dell\AppData\Local\openvr\openvrpaths.vrpath
Jul 27, 2018 17:30:52.84 [4664:11496:0727/173052.849:ERROR:install_util.cc(597)] Unable to read registry value HKLM\SOFTWARE\Policies\Google\Chrome\MachineLevelUserCloudPolicyEnrollmentToken for writing result=2
Jul 27, 2018 17:30:54.11 [4664:3384:0727/173054.114:ERROR:external_registry_loader_win.cc(158)] File C:\Program Files (x86)\PremierOpinion\pmcm.crx for key Software\Google\Chrome\Extensions\mkndcbhcgphcfkkddanakjiepeknbgle does not exist or is not readable.
Jul 27, 2018 17:30:55.58 [4664:11496:0727/173055.582:ERROR:in_progress_cache_impl.cc(188)] Cache is not initialized, cannot RetrieveEntry.
Jul 27, 2018 17:30:55.58 [4664:11496:0727/173055.582:ERROR:in_progress_cache_impl.cc(188)] Cache is not initialized, cannot RetrieveEntry.
Jul 27, 2018 17:30:55.58 [4664:11496:0727/173055.582:ERROR:in_progress_cache_impl.cc(188)] Cache is not initialized, cannot RetrieveEntry.
Jul 27, 2018 17:30:55.58 [4664:11496:0727/173055.582:ERROR:in_progress_cache_impl.cc(188)] Cache is not initialized, cannot RetrieveEntry.
Jul 27, 2018 17:30:55.58 [4664:11496:0727/173055.582:ERROR:in_progress_cache_impl.cc(188)] Cache is not initialized, cannot RetrieveEntry.
Jul 27, 2018 17:30:55.58 [4664:11496:0727/173055.582:ERROR:in_progress_cache_impl.cc(188)] Cache is not initialized, cannot RetrieveEntry.
Jul 27, 2018 17:30:55.58 [4664:11496:0727/173055.582:ERROR:in_progress_cache_impl.cc(188)] Cache is not initialized, cannot RetrieveEntry.
Jul 27, 2018 17:30:55.58 [4664:11496:0727/173055.582:ERROR:in_progress_cache_impl.cc(188)] Cache is not initialized, cannot RetrieveEntry.
Jul 27, 2018 17:30:55.58 [4664:11496:0727/173055.582:ERROR:in_progress_cache_impl.cc(188)] Cache is not initialized, cannot RetrieveEntry.
Jul 27, 2018 17:33:08.39 [11308:1072:0727/173308.398:ERROR:install_util.cc(597)] Unable to read registry value HKLM\SOFTWARE\Policies\Google\Chrome\MachineLevelUserCloudPolicyEnrollmentToken for writing result=2
Jul 27, 2018 17:33:08.58 [11308:11692:0727/173308.585:ERROR:external_registry_loader_win.cc(158)] File C:\Program Files (x86)\PremierOpinion\pmcm.crx for key Software\Google\Chrome\Extensions\mkndcbhcgphcfkkddanakjiepeknbgle does not exist or is not readable.
Jul 27, 2018 17:33:08.71 [11308:1072:0727/173308.679:ERROR:in_progress_cache_impl.cc(188)] Cache is not initialized, cannot RetrieveEntry.
Jul 27, 2018 17:33:08.71 [11308:1072:0727/173308.679:ERROR:in_progress_cache_impl.cc(188)] Cache is not initialized, cannot RetrieveEntry.
Jul 27, 2018 17:33:08.71 [11308:1072:0727/173308.679:ERROR:in_progress_cache_impl.cc(188)] Cache is not initialized, cannot RetrieveEntry.
Jul 27, 2018 17:33:08.71 [11308:1072:0727/173308.679:ERROR:in_progress_cache_impl.cc(188)] Cache is not initialized, cannot RetrieveEntry.
Jul 27, 2018 17:33:08.71 [11308:1072:0727/173308.679:ERROR:in_progress_cache_impl.cc(188)] Cache is not initialized, cannot RetrieveEntry.
Jul 27, 2018 17:33:08.71 [11308:1072:0727/173308.679:ERROR:in_progress_cache_impl.cc(188)] Cache is not initialized, cannot RetrieveEntry.
Jul 27, 2018 17:33:08.71 [11308:1072:0727/173308.679:ERROR:in_progress_cache_impl.cc(188)] Cache is not initialized, cannot RetrieveEntry.
Jul 27, 2018 17:33:08.71 [11308:1072:0727/173308.679:ERROR:in_progress_cache_impl.cc(188)] Cache is not initialized, cannot RetrieveEntry.
Jul 27, 2018 17:33:08.71 [11308:1072:0727/173308.679:ERROR:in_progress_cache_impl.cc(188)] Cache is not initialized, cannot RetrieveEntry.
Jul 27, 2018 19:02:11.43 Unable to read VR Path Registry from C:\Users\Dell\AppData\Local\openvr\openvrpaths.vrpath
Jul 27, 2018 19:02:11.45 [11308:6848:0727/190211.419:ERROR:platform_sensor_reader_win.cc(242)] NOT IMPLEMENTED

Jul 27, 2018 23:10:57.69 NEW SESSION
Jul 27, 2018 23:10:57.69 [12060:2728:0727/231057.692:ERROR:install_util.cc(597)] Unable to read registry value HKLM\SOFTWARE\Policies\Google\Chrome\MachineLevelUserCloudPolicyEnrollmentToken for writing result=2
Jul 27, 2018 23:11:07.10 [12060:3380:0727/231107.100:ERROR:external_registry_loader_win.cc(158)] File C:\Program Files (x86)\PremierOpinion\pmcm.crx for key Software\Google\Chrome\Extensions\mkndcbhcgphcfkkddanakjiepeknbgle does not exist or is not readable.
Jul 27, 2018 23:11:19.96 [12060:6812:0727/231119.959:ERROR:service_manager_context.cc(258)] Attempting to run unsupported native service: C:\Program Files (x86)\Google\Chrome\Application\67.0.3396.99\chrome_renderer.service.exe
Jul 27, 2018 23:11:20.05 [12060:6812:0727/231120.054:ERROR:service_manager_context.cc(258)] Attempting to run unsupported native service: C:\Program Files (x86)\Google\Chrome\Application\67.0.3396.99\chrome_renderer.service.exe
Jul 27, 2018 23:11:20.05 [12060:6812:0727/231120.054:ERROR:service_manager_context.cc(258)] Attempting to run unsupported native service: C:\Program Files (x86)\Google\Chrome\Application\67.0.3396.99\chrome_renderer.service.exe
Jul 27, 2018 23:11:20.05 [12060:6812:0727/231120.054:ERROR:service_manager_context.cc(258)] Attempting to run unsupported native service: C:\Program Files (x86)\Google\Chrome\Application\67.0.3396.99\chrome_renderer.service.exe
Jul 27, 2018 23:19:32.33 Unable to read VR Path Registry from C:\Users\Dell\AppData\Local\openvr\openvrpaths.vrpath
Jul 27, 2018 23:19:53.93 [1264:4724:0727/231953.931:ERROR:install_util.cc(597)] Unable to read registry value HKLM\SOFTWARE\Policies\Google\Chrome\MachineLevelUserCloudPolicyEnrollmentToken for writing result=2
Jul 27, 2018 23:19:54.16 [1264:12188:0727/231954.163:ERROR:external_registry_loader_win.cc(158)] File C:\Program Files (x86)\PremierOpinion\pmcm.crx for key Software\Google\Chrome\Extensions\mkndcbhcgphcfkkddanakjiepeknbgle does not exist or is not readable.
Jul 27, 2018 23:20:55.70 Unable to read VR Path Registry from C:\Users\Dell\AppData\Local\openvr\openvrpaths.vrpath
Jul 27, 2018 23:24:51.31 [5336:2804:0727/232451.310:ERROR:install_util.cc(597)] Unable to read registry value HKLM\SOFTWARE\Policies\Google\Chrome\MachineLevelUserCloudPolicyEnrollmentToken for writing result=2
Jul 27, 2018 23:24:51.52 [5336:9948:0727/232451.529:ERROR:external_registry_loader_win.cc(158)] File C:\Program Files (x86)\PremierOpinion\pmcm.crx for key Software\Google\Chrome\Extensions\mkndcbhcgphcfkkddanakjiepeknbgle does not exist or is not readable.
Jul 27, 2018 23:24:51.65 [5336:2804:0727/232451.640:ERROR:in_progress_cache_impl.cc(188)] Cache is not initialized, cannot RetrieveEntry.
Jul 27, 2018 23:24:51.66 [5336:2804:0727/232451.640:ERROR:in_progress_cache_impl.cc(188)] Cache is not initialized, cannot RetrieveEntry.
Jul 27, 2018 23:24:51.66 [5336:2804:0727/232451.640:ERROR:in_progress_cache_impl.cc(188)] Cache is not initialized, cannot RetrieveEntry.
Jul 27, 2018 23:24:51.66 [5336:2804:0727/232451.640:ERROR:in_progress_cache_impl.cc(188)] Cache is not initialized, cannot RetrieveEntry.
Jul 27, 2018 23:24:51.66 [5336:2804:0727/232451.640:ERROR:in_progress_cache_impl.cc(188)] Cache is not initialized, cannot RetrieveEntry.
Jul 27, 2018 23:24:51.66 [5336:2804:0727/232451.640:ERROR:in_progress_cache_impl.cc(188)] Cache is not initialized, cannot RetrieveEntry.
Jul 27, 2018 23:24:51.66 [5336:2804:0727/232451.640:ERROR:in_progress_cache_impl.cc(188)] Cache is not initialized, cannot RetrieveEntry.
Jul 27, 2018 23:24:51.66 [5336:2804:0727/232451.640:ERROR:in_progress_cache_impl.cc(188)] Cache is not initialized, cannot RetrieveEntry.
Jul 27, 2018 23:24:51.66 [5336:2804:0727/232451.640:ERROR:in_progress_cache_impl.cc(188)] Cache is not initialized, cannot RetrieveEntry.
Jul 27, 2018 23:24:51.66 [5336:2804:0727/232451.640:ERROR:in_progress_cache_impl.cc(188)] Cache is not initialized, cannot RetrieveEntry.
Jul 27, 2018 23:24:51.66 [5336:2804:0727/232451.640:ERROR:in_progress_cache_impl.cc(188)] Cache is not initialized, cannot RetrieveEntry.
Jul 27, 2018 23:39:47.46 Unable to read VR Path Registry from C:\Users\Dell\AppData\Local\openvr\openvrpaths.vrpath
