!SESSION 2018-06-24 16:30:46.464 -----------------------------------------------
eclipse.buildId=4.7.3.M20180301-0715
java.version=10.0.1
java.vendor=Oracle Corporation
BootLoader constants: OS=win32, ARCH=x86_64, WS=win32, NL=en_IN
Framework arguments:  -product org.eclipse.epp.package.jee.product
Command-line arguments:  -os win32 -ws win32 -arch x86_64 -product org.eclipse.epp.package.jee.product

This is a continuation of log file C:\Users\Dell\GUI\.metadata\.bak_0.log
Created Time: 2018-06-24 16:35:28.361

!ENTRY org.eclipse.equinox.p2.repository 2 0 2018-06-24 16:35:28.361
!MESSAGE Server returned lastModified <= 0 for https://raw.github.com/guari/eclipse-ui-theme/master/com.github.eclipseuitheme.themes.updatesite/content.jar

!ENTRY org.eclipse.equinox.p2.core 4 0 2018-06-24 16:36:12.183
!MESSAGE Provisioning exception
!STACK 1
org.eclipse.equinox.p2.core.ProvisionException: No repository found at file:/C:/Users/Dell/Downloads/temp/.
	at org.eclipse.equinox.internal.p2.repository.helpers.AbstractRepositoryManager.fail(AbstractRepositoryManager.java:395)
	at java.base/jdk.internal.reflect.NativeMethodAccessorImpl.invoke0(Native Method)
	at java.base/jdk.internal.reflect.NativeMethodAccessorImpl.invoke(Unknown Source)
	at java.base/jdk.internal.reflect.DelegatingMethodAccessorImpl.invoke(Unknown Source)
	at java.base/java.lang.reflect.Method.invoke(Unknown Source)
	at org.eclipse.oomph.util.ReflectUtil.invokeMethod(ReflectUtil.java:117)
	at org.eclipse.oomph.p2.internal.core.CachingRepositoryManager.fail(CachingRepositoryManager.java:353)
	at org.eclipse.oomph.p2.internal.core.CachingRepositoryManager.loadRepository(CachingRepositoryManager.java:244)
	at org.eclipse.oomph.p2.internal.core.CachingRepositoryManager$Metadata.loadRepository(CachingRepositoryManager.java:476)
	at org.eclipse.equinox.internal.p2.metadata.repository.MetadataRepositoryManager.loadRepository(MetadataRepositoryManager.java:96)
	at org.eclipse.equinox.internal.p2.metadata.repository.MetadataRepositoryManager.loadRepository(MetadataRepositoryManager.java:92)
	at org.eclipse.equinox.p2.ui.LoadMetadataRepositoryJob.doLoad(LoadMetadataRepositoryJob.java:118)
	at org.eclipse.equinox.p2.ui.LoadMetadataRepositoryJob.runModal(LoadMetadataRepositoryJob.java:103)
	at org.eclipse.equinox.internal.p2.ui.sdk.PreloadingRepositoryHandler$2.runModal(PreloadingRepositoryHandler.java:83)
	at org.eclipse.equinox.p2.operations.ProvisioningJob.run(ProvisioningJob.java:177)
	at org.eclipse.core.internal.jobs.Worker.run(Worker.java:56)
!SUBENTRY 1 org.eclipse.equinox.p2.metadata.repository 4 1000 2018-06-24 16:36:12.183
!MESSAGE No repository found at file:/C:/Users/Dell/Downloads/temp/.

!ENTRY org.eclipse.equinox.p2.core 4 0 2018-06-24 16:36:12.257
!MESSAGE Provisioning exception
!STACK 1
org.eclipse.equinox.p2.core.ProvisionException: Unable to read repository at jar:file:/E:/jformdesigner/lang/jformdesigner-52[s2d]Cracked.zip!/content.xml.
	at org.eclipse.equinox.internal.p2.repository.CacheManager.createCache(CacheManager.java:243)
	at org.eclipse.equinox.internal.p2.metadata.repository.SimpleMetadataRepositoryFactory.getLocalFile(SimpleMetadataRepositoryFactory.java:66)
	at org.eclipse.equinox.internal.p2.metadata.repository.SimpleMetadataRepositoryFactory.load(SimpleMetadataRepositoryFactory.java:88)
	at org.eclipse.equinox.internal.p2.metadata.repository.MetadataRepositoryManager.factoryLoad(MetadataRepositoryManager.java:57)
	at org.eclipse.equinox.internal.p2.repository.helpers.AbstractRepositoryManager.loadRepository(AbstractRepositoryManager.java:768)
	at jdk.internal.reflect.GeneratedMethodAccessor52.invoke(Unknown Source)
	at java.base/jdk.internal.reflect.DelegatingMethodAccessorImpl.invoke(Unknown Source)
	at java.base/java.lang.reflect.Method.invoke(Unknown Source)
	at org.eclipse.oomph.util.ReflectUtil.invokeMethod(ReflectUtil.java:117)
	at org.eclipse.oomph.p2.internal.core.CachingRepositoryManager.loadRepository(CachingRepositoryManager.java:409)
	at org.eclipse.oomph.p2.internal.core.CachingRepositoryManager.loadRepository(CachingRepositoryManager.java:201)
	at org.eclipse.oomph.p2.internal.core.CachingRepositoryManager$Metadata.loadRepository(CachingRepositoryManager.java:476)
	at org.eclipse.equinox.internal.p2.metadata.repository.MetadataRepositoryManager.loadRepository(MetadataRepositoryManager.java:96)
	at org.eclipse.equinox.internal.p2.metadata.repository.MetadataRepositoryManager.loadRepository(MetadataRepositoryManager.java:92)
	at org.eclipse.equinox.p2.ui.LoadMetadataRepositoryJob.doLoad(LoadMetadataRepositoryJob.java:118)
	at org.eclipse.equinox.p2.ui.LoadMetadataRepositoryJob.runModal(LoadMetadataRepositoryJob.java:103)
	at org.eclipse.equinox.internal.p2.ui.sdk.PreloadingRepositoryHandler$2.runModal(PreloadingRepositoryHandler.java:83)
	at org.eclipse.equinox.p2.operations.ProvisioningJob.run(ProvisioningJob.java:177)
	at org.eclipse.core.internal.jobs.Worker.run(Worker.java:56)
Caused by: java.nio.file.NoSuchFileException: E:\jformdesigner\lang\jformdesigner-52[s2d]Cracked.zip
	at java.base/sun.nio.fs.WindowsException.translateToIOException(Unknown Source)
	at java.base/sun.nio.fs.WindowsException.rethrowAsIOException(Unknown Source)
	at java.base/sun.nio.fs.WindowsException.rethrowAsIOException(Unknown Source)
	at java.base/sun.nio.fs.WindowsFileAttributeViews$Basic.readAttributes(Unknown Source)
	at java.base/sun.nio.fs.WindowsFileAttributeViews$Basic.readAttributes(Unknown Source)
	at java.base/sun.nio.fs.WindowsFileSystemProvider.readAttributes(Unknown Source)
	at java.base/java.nio.file.Files.readAttributes(Unknown Source)
	at java.base/java.util.zip.ZipFile$Source.get(Unknown Source)
	at java.base/java.util.zip.ZipFile$CleanableResource.<init>(Unknown Source)
	at java.base/java.util.zip.ZipFile$CleanableResource$FinalizableResource.<init>(Unknown Source)
	at java.base/java.util.zip.ZipFile$CleanableResource.get(Unknown Source)
	at java.base/java.util.zip.ZipFile.<init>(Unknown Source)
	at java.base/java.util.zip.ZipFile.<init>(Unknown Source)
	at java.base/java.util.jar.JarFile.<init>(Unknown Source)
	at java.base/sun.net.www.protocol.jar.URLJarFile.<init>(Unknown Source)
	at java.base/sun.net.www.protocol.jar.URLJarFile.getJarFile(Unknown Source)
	at java.base/sun.net.www.protocol.jar.JarFileFactory.get(Unknown Source)
	at java.base/sun.net.www.protocol.jar.JarURLConnection.connect(Unknown Source)
	at java.base/sun.net.www.protocol.jar.JarURLConnection.getInputStream(Unknown Source)
	at org.eclipse.ecf.provider.filetransfer.browse.URLFileSystemBrowser.runRequest(URLFileSystemBrowser.java:118)
	at org.eclipse.ecf.provider.filetransfer.browse.AbstractFileSystemBrowser$DirectoryJob.run(AbstractFileSystemBrowser.java:69)
	... 1 more
!SUBENTRY 1 org.eclipse.equinox.p2.transport.ecf 4 1002 2018-06-24 16:36:12.258
!MESSAGE Unable to read repository at jar:file:/E:/jformdesigner/lang/jformdesigner-52[s2d]Cracked.zip!/content.xml.
!STACK 0
java.nio.file.NoSuchFileException: E:\jformdesigner\lang\jformdesigner-52[s2d]Cracked.zip
	at java.base/sun.nio.fs.WindowsException.translateToIOException(Unknown Source)
	at java.base/sun.nio.fs.WindowsException.rethrowAsIOException(Unknown Source)
	at java.base/sun.nio.fs.WindowsException.rethrowAsIOException(Unknown Source)
	at java.base/sun.nio.fs.WindowsFileAttributeViews$Basic.readAttributes(Unknown Source)
	at java.base/sun.nio.fs.WindowsFileAttributeViews$Basic.readAttributes(Unknown Source)
	at java.base/sun.nio.fs.WindowsFileSystemProvider.readAttributes(Unknown Source)
	at java.base/java.nio.file.Files.readAttributes(Unknown Source)
	at java.base/java.util.zip.ZipFile$Source.get(Unknown Source)
	at java.base/java.util.zip.ZipFile$CleanableResource.<init>(Unknown Source)
	at java.base/java.util.zip.ZipFile$CleanableResource$FinalizableResource.<init>(Unknown Source)
	at java.base/java.util.zip.ZipFile$CleanableResource.get(Unknown Source)
	at java.base/java.util.zip.ZipFile.<init>(Unknown Source)
	at java.base/java.util.zip.ZipFile.<init>(Unknown Source)
	at java.base/java.util.jar.JarFile.<init>(Unknown Source)
	at java.base/sun.net.www.protocol.jar.URLJarFile.<init>(Unknown Source)
	at java.base/sun.net.www.protocol.jar.URLJarFile.getJarFile(Unknown Source)
	at java.base/sun.net.www.protocol.jar.JarFileFactory.get(Unknown Source)
	at java.base/sun.net.www.protocol.jar.JarURLConnection.connect(Unknown Source)
	at java.base/sun.net.www.protocol.jar.JarURLConnection.getInputStream(Unknown Source)
	at org.eclipse.ecf.provider.filetransfer.browse.URLFileSystemBrowser.runRequest(URLFileSystemBrowser.java:118)
	at org.eclipse.ecf.provider.filetransfer.browse.AbstractFileSystemBrowser$DirectoryJob.run(AbstractFileSystemBrowser.java:69)
	at org.eclipse.core.internal.jobs.Worker.run(Worker.java:56)

!ENTRY org.eclipse.equinox.p2.transport.ecf 2 0 2018-06-24 16:36:57.119
!MESSAGE Connection to http://http/dist.springsource.com/release/TOOLS/update/e3.7/p2.index failed on No such host is known (http). Retry attempt 0 started
!STACK 0
java.net.UnknownHostException: No such host is known (http)
	at java.base/java.net.Inet6AddressImpl.lookupAllHostAddr(Native Method)
	at java.base/java.net.InetAddress$PlatformNameService.lookupAllHostAddr(Unknown Source)
	at java.base/java.net.InetAddress.getAddressesFromNameService(Unknown Source)
	at java.base/java.net.InetAddress$NameServiceAddresses.get(Unknown Source)
	at java.base/java.net.InetAddress.getAllByName0(Unknown Source)
	at java.base/java.net.InetAddress.getAllByName(Unknown Source)
	at java.base/java.net.InetAddress.getAllByName(Unknown Source)
	at org.apache.http.impl.conn.SystemDefaultDnsResolver.resolve(SystemDefaultDnsResolver.java:45)
	at org.apache.http.impl.conn.DefaultClientConnectionOperator.resolveHostname(DefaultClientConnectionOperator.java:262)
	at org.apache.http.impl.conn.DefaultClientConnectionOperator.openConnection(DefaultClientConnectionOperator.java:161)
	at org.apache.http.impl.conn.AbstractPoolEntry.open(AbstractPoolEntry.java:144)
	at org.apache.http.impl.conn.AbstractPooledConnAdapter.open(AbstractPooledConnAdapter.java:134)
	at org.apache.http.impl.client.DefaultRequestDirector.tryConnect(DefaultRequestDirector.java:612)
	at org.apache.http.impl.client.DefaultRequestDirector.execute(DefaultRequestDirector.java:447)
	at org.apache.http.impl.client.AbstractHttpClient.doExecute(AbstractHttpClient.java:884)
	at org.apache.http.impl.client.CloseableHttpClient.execute(CloseableHttpClient.java:82)
	at org.eclipse.ecf.provider.filetransfer.httpclient4.HttpClientRetrieveFileTransfer.performConnect(HttpClientRetrieveFileTransfer.java:1084)
	at org.eclipse.ecf.provider.filetransfer.httpclient4.HttpClientRetrieveFileTransfer.access$0(HttpClientRetrieveFileTransfer.java:1075)
	at org.eclipse.ecf.provider.filetransfer.httpclient4.HttpClientRetrieveFileTransfer$1.performFileTransfer(HttpClientRetrieveFileTransfer.java:1071)
	at org.eclipse.ecf.filetransfer.FileTransferJob.run(FileTransferJob.java:74)
	at org.eclipse.core.internal.jobs.Worker.run(Worker.java:56)

!ENTRY org.eclipse.equinox.p2.transport.ecf 2 0 2018-06-24 16:37:12.958
!MESSAGE Connection to http://http/dist.springsource.com/release/TOOLS/update/e3.7/p2.index failed on No such host is known (http). Retry attempt 0 started
!STACK 0
java.net.UnknownHostException: No such host is known (http)
	at java.base/java.net.Inet6AddressImpl.lookupAllHostAddr(Native Method)
	at java.base/java.net.InetAddress$PlatformNameService.lookupAllHostAddr(Unknown Source)
	at java.base/java.net.InetAddress.getAddressesFromNameService(Unknown Source)
	at java.base/java.net.InetAddress$NameServiceAddresses.get(Unknown Source)
	at java.base/java.net.InetAddress.getAllByName0(Unknown Source)
	at java.base/java.net.InetAddress.getAllByName(Unknown Source)
	at java.base/java.net.InetAddress.getAllByName(Unknown Source)
	at org.apache.http.impl.conn.SystemDefaultDnsResolver.resolve(SystemDefaultDnsResolver.java:45)
	at org.apache.http.impl.conn.DefaultClientConnectionOperator.resolveHostname(DefaultClientConnectionOperator.java:262)
	at org.apache.http.impl.conn.DefaultClientConnectionOperator.openConnection(DefaultClientConnectionOperator.java:161)
	at org.apache.http.impl.conn.AbstractPoolEntry.open(AbstractPoolEntry.java:144)
	at org.apache.http.impl.conn.AbstractPooledConnAdapter.open(AbstractPooledConnAdapter.java:134)
	at org.apache.http.impl.client.DefaultRequestDirector.tryConnect(DefaultRequestDirector.java:612)
	at org.apache.http.impl.client.DefaultRequestDirector.execute(DefaultRequestDirector.java:447)
	at org.apache.http.impl.client.AbstractHttpClient.doExecute(AbstractHttpClient.java:884)
	at org.apache.http.impl.client.CloseableHttpClient.execute(CloseableHttpClient.java:82)
	at org.eclipse.ecf.provider.filetransfer.httpclient4.HttpClientRetrieveFileTransfer.performConnect(HttpClientRetrieveFileTransfer.java:1084)
	at org.eclipse.ecf.provider.filetransfer.httpclient4.HttpClientRetrieveFileTransfer.access$0(HttpClientRetrieveFileTransfer.java:1075)
	at org.eclipse.ecf.provider.filetransfer.httpclient4.HttpClientRetrieveFileTransfer$1.performFileTransfer(HttpClientRetrieveFileTransfer.java:1071)
	at org.eclipse.ecf.filetransfer.FileTransferJob.run(FileTransferJob.java:74)
	at org.eclipse.core.internal.jobs.Worker.run(Worker.java:56)

!ENTRY org.eclipse.equinox.p2.transport.ecf 2 0 2018-06-24 16:37:28.554
!MESSAGE Connection to http://http/dist.springsource.com/release/TOOLS/update/e3.7/p2.index failed on No such host is known (http). Retry attempt 0 started
!STACK 0
java.net.UnknownHostException: No such host is known (http)
	at java.base/java.net.Inet6AddressImpl.lookupAllHostAddr(Native Method)
	at java.base/java.net.InetAddress$PlatformNameService.lookupAllHostAddr(Unknown Source)
	at java.base/java.net.InetAddress.getAddressesFromNameService(Unknown Source)
	at java.base/java.net.InetAddress$NameServiceAddresses.get(Unknown Source)
	at java.base/java.net.InetAddress.getAllByName0(Unknown Source)
	at java.base/java.net.InetAddress.getAllByName(Unknown Source)
	at java.base/java.net.InetAddress.getAllByName(Unknown Source)
	at org.apache.http.impl.conn.SystemDefaultDnsResolver.resolve(SystemDefaultDnsResolver.java:45)
	at org.apache.http.impl.conn.DefaultClientConnectionOperator.resolveHostname(DefaultClientConnectionOperator.java:262)
	at org.apache.http.impl.conn.DefaultClientConnectionOperator.openConnection(DefaultClientConnectionOperator.java:161)
	at org.apache.http.impl.conn.AbstractPoolEntry.open(AbstractPoolEntry.java:144)
	at org.apache.http.impl.conn.AbstractPooledConnAdapter.open(AbstractPooledConnAdapter.java:134)
	at org.apache.http.impl.client.DefaultRequestDirector.tryConnect(DefaultRequestDirector.java:612)
	at org.apache.http.impl.client.DefaultRequestDirector.execute(DefaultRequestDirector.java:447)
	at org.apache.http.impl.client.AbstractHttpClient.doExecute(AbstractHttpClient.java:884)
	at org.apache.http.impl.client.CloseableHttpClient.execute(CloseableHttpClient.java:82)
	at org.eclipse.ecf.provider.filetransfer.httpclient4.HttpClientRetrieveFileTransfer.performConnect(HttpClientRetrieveFileTransfer.java:1084)
	at org.eclipse.ecf.provider.filetransfer.httpclient4.HttpClientRetrieveFileTransfer.access$0(HttpClientRetrieveFileTransfer.java:1075)
	at org.eclipse.ecf.provider.filetransfer.httpclient4.HttpClientRetrieveFileTransfer$1.performFileTransfer(HttpClientRetrieveFileTransfer.java:1071)
	at org.eclipse.ecf.filetransfer.FileTransferJob.run(FileTransferJob.java:74)
	at org.eclipse.core.internal.jobs.Worker.run(Worker.java:56)

!ENTRY org.eclipse.equinox.p2.transport.ecf 2 0 2018-06-24 16:37:44.515
!MESSAGE Connection to http://http/dist.springsource.com/release/TOOLS/update/e3.7/p2.index failed on No such host is known (http). Retry attempt 0 started
!STACK 0
java.net.UnknownHostException: No such host is known (http)
	at java.base/java.net.Inet6AddressImpl.lookupAllHostAddr(Native Method)
	at java.base/java.net.InetAddress$PlatformNameService.lookupAllHostAddr(Unknown Source)
	at java.base/java.net.InetAddress.getAddressesFromNameService(Unknown Source)
	at java.base/java.net.InetAddress$NameServiceAddresses.get(Unknown Source)
	at java.base/java.net.InetAddress.getAllByName0(Unknown Source)
	at java.base/java.net.InetAddress.getAllByName(Unknown Source)
	at java.base/java.net.InetAddress.getAllByName(Unknown Source)
	at org.apache.http.impl.conn.SystemDefaultDnsResolver.resolve(SystemDefaultDnsResolver.java:45)
	at org.apache.http.impl.conn.DefaultClientConnectionOperator.resolveHostname(DefaultClientConnectionOperator.java:262)
	at org.apache.http.impl.conn.DefaultClientConnectionOperator.openConnection(DefaultClientConnectionOperator.java:161)
	at org.apache.http.impl.conn.AbstractPoolEntry.open(AbstractPoolEntry.java:144)
	at org.apache.http.impl.conn.AbstractPooledConnAdapter.open(AbstractPooledConnAdapter.java:134)
	at org.apache.http.impl.client.DefaultRequestDirector.tryConnect(DefaultRequestDirector.java:612)
	at org.apache.http.impl.client.DefaultRequestDirector.execute(DefaultRequestDirector.java:447)
	at org.apache.http.impl.client.AbstractHttpClient.doExecute(AbstractHttpClient.java:884)
	at org.apache.http.impl.client.CloseableHttpClient.execute(CloseableHttpClient.java:82)
	at org.eclipse.ecf.provider.filetransfer.httpclient4.HttpClientRetrieveFileTransfer.performConnect(HttpClientRetrieveFileTransfer.java:1084)
	at org.eclipse.ecf.provider.filetransfer.httpclient4.HttpClientRetrieveFileTransfer.access$0(HttpClientRetrieveFileTransfer.java:1075)
	at org.eclipse.ecf.provider.filetransfer.httpclient4.HttpClientRetrieveFileTransfer$1.performFileTransfer(HttpClientRetrieveFileTransfer.java:1071)
	at org.eclipse.ecf.filetransfer.FileTransferJob.run(FileTransferJob.java:74)
	at org.eclipse.core.internal.jobs.Worker.run(Worker.java:56)

!ENTRY org.eclipse.equinox.p2.transport.ecf 2 0 2018-06-24 16:38:00.570
!MESSAGE Connection to http://http/dist.springsource.com/release/TOOLS/update/e3.7/p2.index failed on No such host is known (http). Retry attempt 0 started
!STACK 0
java.net.UnknownHostException: No such host is known (http)
	at java.base/java.net.Inet6AddressImpl.lookupAllHostAddr(Native Method)
	at java.base/java.net.InetAddress$PlatformNameService.lookupAllHostAddr(Unknown Source)
	at java.base/java.net.InetAddress.getAddressesFromNameService(Unknown Source)
	at java.base/java.net.InetAddress$NameServiceAddresses.get(Unknown Source)
	at java.base/java.net.InetAddress.getAllByName0(Unknown Source)
	at java.base/java.net.InetAddress.getAllByName(Unknown Source)
	at java.base/java.net.InetAddress.getAllByName(Unknown Source)
	at org.apache.http.impl.conn.SystemDefaultDnsResolver.resolve(SystemDefaultDnsResolver.java:45)
	at org.apache.http.impl.conn.DefaultClientConnectionOperator.resolveHostname(DefaultClientConnectionOperator.java:262)
	at org.apache.http.impl.conn.DefaultClientConnectionOperator.openConnection(DefaultClientConnectionOperator.java:161)
	at org.apache.http.impl.conn.AbstractPoolEntry.open(AbstractPoolEntry.java:144)
	at org.apache.http.impl.conn.AbstractPooledConnAdapter.open(AbstractPooledConnAdapter.java:134)
	at org.apache.http.impl.client.DefaultRequestDirector.tryConnect(DefaultRequestDirector.java:612)
	at org.apache.http.impl.client.DefaultRequestDirector.execute(DefaultRequestDirector.java:447)
	at org.apache.http.impl.client.AbstractHttpClient.doExecute(AbstractHttpClient.java:884)
	at org.apache.http.impl.client.CloseableHttpClient.execute(CloseableHttpClient.java:82)
	at org.eclipse.ecf.provider.filetransfer.httpclient4.HttpClientRetrieveFileTransfer.performConnect(HttpClientRetrieveFileTransfer.java:1084)
	at org.eclipse.ecf.provider.filetransfer.httpclient4.HttpClientRetrieveFileTransfer.access$0(HttpClientRetrieveFileTransfer.java:1075)
	at org.eclipse.ecf.provider.filetransfer.httpclient4.HttpClientRetrieveFileTransfer$1.performFileTransfer(HttpClientRetrieveFileTransfer.java:1071)
	at org.eclipse.ecf.filetransfer.FileTransferJob.run(FileTransferJob.java:74)
	at org.eclipse.core.internal.jobs.Worker.run(Worker.java:56)

!ENTRY org.eclipse.equinox.p2.transport.ecf 2 0 2018-06-24 16:38:16.375
!MESSAGE Connection to http://http/dist.springsource.com/release/TOOLS/update/e3.7/p2.index failed on No such host is known (http). Retry attempt 0 started
!STACK 0
java.net.UnknownHostException: No such host is known (http)
	at java.base/java.net.Inet6AddressImpl.lookupAllHostAddr(Native Method)
	at java.base/java.net.InetAddress$PlatformNameService.lookupAllHostAddr(Unknown Source)
	at java.base/java.net.InetAddress.getAddressesFromNameService(Unknown Source)
	at java.base/java.net.InetAddress$NameServiceAddresses.get(Unknown Source)
	at java.base/java.net.InetAddress.getAllByName0(Unknown Source)
	at java.base/java.net.InetAddress.getAllByName(Unknown Source)
	at java.base/java.net.InetAddress.getAllByName(Unknown Source)
	at org.apache.http.impl.conn.SystemDefaultDnsResolver.resolve(SystemDefaultDnsResolver.java:45)
	at org.apache.http.impl.conn.DefaultClientConnectionOperator.resolveHostname(DefaultClientConnectionOperator.java:262)
	at org.apache.http.impl.conn.DefaultClientConnectionOperator.openConnection(DefaultClientConnectionOperator.java:161)
	at org.apache.http.impl.conn.AbstractPoolEntry.open(AbstractPoolEntry.java:144)
	at org.apache.http.impl.conn.AbstractPooledConnAdapter.open(AbstractPooledConnAdapter.java:134)
	at org.apache.http.impl.client.DefaultRequestDirector.tryConnect(DefaultRequestDirector.java:612)
	at org.apache.http.impl.client.DefaultRequestDirector.execute(DefaultRequestDirector.java:447)
	at org.apache.http.impl.client.AbstractHttpClient.doExecute(AbstractHttpClient.java:884)
	at org.apache.http.impl.client.CloseableHttpClient.execute(CloseableHttpClient.java:82)
	at org.eclipse.ecf.provider.filetransfer.httpclient4.HttpClientRetrieveFileTransfer.performConnect(HttpClientRetrieveFileTransfer.java:1084)
	at org.eclipse.ecf.provider.filetransfer.httpclient4.HttpClientRetrieveFileTransfer.access$0(HttpClientRetrieveFileTransfer.java:1075)
	at org.eclipse.ecf.provider.filetransfer.httpclient4.HttpClientRetrieveFileTransfer$1.performFileTransfer(HttpClientRetrieveFileTransfer.java:1071)
	at org.eclipse.ecf.filetransfer.FileTransferJob.run(FileTransferJob.java:74)
	at org.eclipse.core.internal.jobs.Worker.run(Worker.java:56)

!ENTRY org.eclipse.equinox.p2.transport.ecf 2 0 2018-06-24 16:38:34.635
!MESSAGE Connection to http://http/dist.springsource.com/release/TOOLS/update/e3.7/p2.index failed on No such host is known (http). Retry attempt 0 started
!STACK 0
java.net.UnknownHostException: No such host is known (http)
	at java.base/java.net.Inet6AddressImpl.lookupAllHostAddr(Native Method)
	at java.base/java.net.InetAddress$PlatformNameService.lookupAllHostAddr(Unknown Source)
	at java.base/java.net.InetAddress.getAddressesFromNameService(Unknown Source)
	at java.base/java.net.InetAddress$NameServiceAddresses.get(Unknown Source)
	at java.base/java.net.InetAddress.getAllByName0(Unknown Source)
	at java.base/java.net.InetAddress.getAllByName(Unknown Source)
	at java.base/java.net.InetAddress.getAllByName(Unknown Source)
	at org.apache.http.impl.conn.SystemDefaultDnsResolver.resolve(SystemDefaultDnsResolver.java:45)
	at org.apache.http.impl.conn.DefaultClientConnectionOperator.resolveHostname(DefaultClientConnectionOperator.java:262)
	at org.apache.http.impl.conn.DefaultClientConnectionOperator.openConnection(DefaultClientConnectionOperator.java:161)
	at org.apache.http.impl.conn.AbstractPoolEntry.open(AbstractPoolEntry.java:144)
	at org.apache.http.impl.conn.AbstractPooledConnAdapter.open(AbstractPooledConnAdapter.java:134)
	at org.apache.http.impl.client.DefaultRequestDirector.tryConnect(DefaultRequestDirector.java:612)
	at org.apache.http.impl.client.DefaultRequestDirector.execute(DefaultRequestDirector.java:447)
	at org.apache.http.impl.client.AbstractHttpClient.doExecute(AbstractHttpClient.java:884)
	at org.apache.http.impl.client.CloseableHttpClient.execute(CloseableHttpClient.java:82)
	at org.eclipse.ecf.provider.filetransfer.httpclient4.HttpClientRetrieveFileTransfer.performConnect(HttpClientRetrieveFileTransfer.java:1084)
	at org.eclipse.ecf.provider.filetransfer.httpclient4.HttpClientRetrieveFileTransfer.access$0(HttpClientRetrieveFileTransfer.java:1075)
	at org.eclipse.ecf.provider.filetransfer.httpclient4.HttpClientRetrieveFileTransfer$1.performFileTransfer(HttpClientRetrieveFileTransfer.java:1071)
	at org.eclipse.ecf.filetransfer.FileTransferJob.run(FileTransferJob.java:74)
	at org.eclipse.core.internal.jobs.Worker.run(Worker.java:56)

!ENTRY org.eclipse.equinox.p2.transport.ecf 2 0 2018-06-24 16:38:50.183
!MESSAGE Connection to http://http/dist.springsource.com/release/TOOLS/update/e3.7/p2.index failed on No such host is known (http). Retry attempt 0 started
!STACK 0
java.net.UnknownHostException: No such host is known (http)
	at java.base/java.net.Inet6AddressImpl.lookupAllHostAddr(Native Method)
	at java.base/java.net.InetAddress$PlatformNameService.lookupAllHostAddr(Unknown Source)
	at java.base/java.net.InetAddress.getAddressesFromNameService(Unknown Source)
	at java.base/java.net.InetAddress$NameServiceAddresses.get(Unknown Source)
	at java.base/java.net.InetAddress.getAllByName0(Unknown Source)
	at java.base/java.net.InetAddress.getAllByName(Unknown Source)
	at java.base/java.net.InetAddress.getAllByName(Unknown Source)
	at org.apache.http.impl.conn.SystemDefaultDnsResolver.resolve(SystemDefaultDnsResolver.java:45)
	at org.apache.http.impl.conn.DefaultClientConnectionOperator.resolveHostname(DefaultClientConnectionOperator.java:262)
	at org.apache.http.impl.conn.DefaultClientConnectionOperator.openConnection(DefaultClientConnectionOperator.java:161)
	at org.apache.http.impl.conn.AbstractPoolEntry.open(AbstractPoolEntry.java:144)
	at org.apache.http.impl.conn.AbstractPooledConnAdapter.open(AbstractPooledConnAdapter.java:134)
	at org.apache.http.impl.client.DefaultRequestDirector.tryConnect(DefaultRequestDirector.java:612)
	at org.apache.http.impl.client.DefaultRequestDirector.execute(DefaultRequestDirector.java:447)
	at org.apache.http.impl.client.AbstractHttpClient.doExecute(AbstractHttpClient.java:884)
	at org.apache.http.impl.client.CloseableHttpClient.execute(CloseableHttpClient.java:82)
	at org.eclipse.ecf.provider.filetransfer.httpclient4.HttpClientRetrieveFileTransfer.performConnect(HttpClientRetrieveFileTransfer.java:1084)
	at org.eclipse.ecf.provider.filetransfer.httpclient4.HttpClientRetrieveFileTransfer.access$0(HttpClientRetrieveFileTransfer.java:1075)
	at org.eclipse.ecf.provider.filetransfer.httpclient4.HttpClientRetrieveFileTransfer$1.performFileTransfer(HttpClientRetrieveFileTransfer.java:1071)
	at org.eclipse.ecf.filetransfer.FileTransferJob.run(FileTransferJob.java:74)
	at org.eclipse.core.internal.jobs.Worker.run(Worker.java:56)

!ENTRY org.eclipse.equinox.p2.transport.ecf 2 0 2018-06-24 16:39:05.674
!MESSAGE Connection to http://http/dist.springsource.com/release/TOOLS/update/e3.7/p2.index failed on No such host is known (http). Retry attempt 0 started
!STACK 0
java.net.UnknownHostException: No such host is known (http)
	at java.base/java.net.Inet6AddressImpl.lookupAllHostAddr(Native Method)
	at java.base/java.net.InetAddress$PlatformNameService.lookupAllHostAddr(Unknown Source)
	at java.base/java.net.InetAddress.getAddressesFromNameService(Unknown Source)
	at java.base/java.net.InetAddress$NameServiceAddresses.get(Unknown Source)
	at java.base/java.net.InetAddress.getAllByName0(Unknown Source)
	at java.base/java.net.InetAddress.getAllByName(Unknown Source)
	at java.base/java.net.InetAddress.getAllByName(Unknown Source)
	at org.apache.http.impl.conn.SystemDefaultDnsResolver.resolve(SystemDefaultDnsResolver.java:45)
	at org.apache.http.impl.conn.DefaultClientConnectionOperator.resolveHostname(DefaultClientConnectionOperator.java:262)
	at org.apache.http.impl.conn.DefaultClientConnectionOperator.openConnection(DefaultClientConnectionOperator.java:161)
	at org.apache.http.impl.conn.AbstractPoolEntry.open(AbstractPoolEntry.java:144)
	at org.apache.http.impl.conn.AbstractPooledConnAdapter.open(AbstractPooledConnAdapter.java:134)
	at org.apache.http.impl.client.DefaultRequestDirector.tryConnect(DefaultRequestDirector.java:612)
	at org.apache.http.impl.client.DefaultRequestDirector.execute(DefaultRequestDirector.java:447)
	at org.apache.http.impl.client.AbstractHttpClient.doExecute(AbstractHttpClient.java:884)
	at org.apache.http.impl.client.CloseableHttpClient.execute(CloseableHttpClient.java:82)
	at org.eclipse.ecf.provider.filetransfer.httpclient4.HttpClientRetrieveFileTransfer.performConnect(HttpClientRetrieveFileTransfer.java:1084)
	at org.eclipse.ecf.provider.filetransfer.httpclient4.HttpClientRetrieveFileTransfer.access$0(HttpClientRetrieveFileTransfer.java:1075)
	at org.eclipse.ecf.provider.filetransfer.httpclient4.HttpClientRetrieveFileTransfer$1.performFileTransfer(HttpClientRetrieveFileTransfer.java:1071)
	at org.eclipse.ecf.filetransfer.FileTransferJob.run(FileTransferJob.java:74)
	at org.eclipse.core.internal.jobs.Worker.run(Worker.java:56)

!ENTRY org.eclipse.equinox.p2.transport.ecf 2 0 2018-06-24 16:39:21.586
!MESSAGE Connection to http://http/dist.springsource.com/release/TOOLS/update/e3.7/p2.index failed on No such host is known (http). Retry attempt 0 started
!STACK 0
java.net.UnknownHostException: No such host is known (http)
	at java.base/java.net.Inet6AddressImpl.lookupAllHostAddr(Native Method)
	at java.base/java.net.InetAddress$PlatformNameService.lookupAllHostAddr(Unknown Source)
	at java.base/java.net.InetAddress.getAddressesFromNameService(Unknown Source)
	at java.base/java.net.InetAddress$NameServiceAddresses.get(Unknown Source)
	at java.base/java.net.InetAddress.getAllByName0(Unknown Source)
	at java.base/java.net.InetAddress.getAllByName(Unknown Source)
	at java.base/java.net.InetAddress.getAllByName(Unknown Source)
	at org.apache.http.impl.conn.SystemDefaultDnsResolver.resolve(SystemDefaultDnsResolver.java:45)
	at org.apache.http.impl.conn.DefaultClientConnectionOperator.resolveHostname(DefaultClientConnectionOperator.java:262)
	at org.apache.http.impl.conn.DefaultClientConnectionOperator.openConnection(DefaultClientConnectionOperator.java:161)
	at org.apache.http.impl.conn.AbstractPoolEntry.open(AbstractPoolEntry.java:144)
	at org.apache.http.impl.conn.AbstractPooledConnAdapter.open(AbstractPooledConnAdapter.java:134)
	at org.apache.http.impl.client.DefaultRequestDirector.tryConnect(DefaultRequestDirector.java:612)
	at org.apache.http.impl.client.DefaultRequestDirector.execute(DefaultRequestDirector.java:447)
	at org.apache.http.impl.client.AbstractHttpClient.doExecute(AbstractHttpClient.java:884)
	at org.apache.http.impl.client.CloseableHttpClient.execute(CloseableHttpClient.java:82)
	at org.eclipse.ecf.provider.filetransfer.httpclient4.HttpClientRetrieveFileTransfer.performConnect(HttpClientRetrieveFileTransfer.java:1084)
	at org.eclipse.ecf.provider.filetransfer.httpclient4.HttpClientRetrieveFileTransfer.access$0(HttpClientRetrieveFileTransfer.java:1075)
	at org.eclipse.ecf.provider.filetransfer.httpclient4.HttpClientRetrieveFileTransfer$1.performFileTransfer(HttpClientRetrieveFileTransfer.java:1071)
	at org.eclipse.ecf.filetransfer.FileTransferJob.run(FileTransferJob.java:74)
	at org.eclipse.core.internal.jobs.Worker.run(Worker.java:56)

!ENTRY org.eclipse.equinox.p2.transport.ecf 2 0 2018-06-24 16:39:37.779
!MESSAGE Connection to http://http/dist.springsource.com/release/TOOLS/update/e3.7/p2.index failed on No such host is known (http). Retry attempt 0 started
!STACK 0
java.net.UnknownHostException: No such host is known (http)
	at java.base/java.net.Inet6AddressImpl.lookupAllHostAddr(Native Method)
	at java.base/java.net.InetAddress$PlatformNameService.lookupAllHostAddr(Unknown Source)
	at java.base/java.net.InetAddress.getAddressesFromNameService(Unknown Source)
	at java.base/java.net.InetAddress$NameServiceAddresses.get(Unknown Source)
	at java.base/java.net.InetAddress.getAllByName0(Unknown Source)
	at java.base/java.net.InetAddress.getAllByName(Unknown Source)
	at java.base/java.net.InetAddress.getAllByName(Unknown Source)
	at org.apache.http.impl.conn.SystemDefaultDnsResolver.resolve(SystemDefaultDnsResolver.java:45)
	at org.apache.http.impl.conn.DefaultClientConnectionOperator.resolveHostname(DefaultClientConnectionOperator.java:262)
	at org.apache.http.impl.conn.DefaultClientConnectionOperator.openConnection(DefaultClientConnectionOperator.java:161)
	at org.apache.http.impl.conn.AbstractPoolEntry.open(AbstractPoolEntry.java:144)
	at org.apache.http.impl.conn.AbstractPooledConnAdapter.open(AbstractPooledConnAdapter.java:134)
	at org.apache.http.impl.client.DefaultRequestDirector.tryConnect(DefaultRequestDirector.java:612)
	at org.apache.http.impl.client.DefaultRequestDirector.execute(DefaultRequestDirector.java:447)
	at org.apache.http.impl.client.AbstractHttpClient.doExecute(AbstractHttpClient.java:884)
	at org.apache.http.impl.client.CloseableHttpClient.execute(CloseableHttpClient.java:82)
	at org.eclipse.ecf.provider.filetransfer.httpclient4.HttpClientRetrieveFileTransfer.performConnect(HttpClientRetrieveFileTransfer.java:1084)
	at org.eclipse.ecf.provider.filetransfer.httpclient4.HttpClientRetrieveFileTransfer.access$0(HttpClientRetrieveFileTransfer.java:1075)
	at org.eclipse.ecf.provider.filetransfer.httpclient4.HttpClientRetrieveFileTransfer$1.performFileTransfer(HttpClientRetrieveFileTransfer.java:1071)
	at org.eclipse.ecf.filetransfer.FileTransferJob.run(FileTransferJob.java:74)
	at org.eclipse.core.internal.jobs.Worker.run(Worker.java:56)

!ENTRY org.eclipse.equinox.p2.transport.ecf 2 0 2018-06-24 16:39:53.447
!MESSAGE Connection to http://http/dist.springsource.com/release/TOOLS/update/e3.7/p2.index failed on No such host is known (http). Retry attempt 0 started
!STACK 0
java.net.UnknownHostException: No such host is known (http)
	at java.base/java.net.Inet6AddressImpl.lookupAllHostAddr(Native Method)
	at java.base/java.net.InetAddress$PlatformNameService.lookupAllHostAddr(Unknown Source)
	at java.base/java.net.InetAddress.getAddressesFromNameService(Unknown Source)
	at java.base/java.net.InetAddress$NameServiceAddresses.get(Unknown Source)
	at java.base/java.net.InetAddress.getAllByName0(Unknown Source)
	at java.base/java.net.InetAddress.getAllByName(Unknown Source)
	at java.base/java.net.InetAddress.getAllByName(Unknown Source)
	at org.apache.http.impl.conn.SystemDefaultDnsResolver.resolve(SystemDefaultDnsResolver.java:45)
	at org.apache.http.impl.conn.DefaultClientConnectionOperator.resolveHostname(DefaultClientConnectionOperator.java:262)
	at org.apache.http.impl.conn.DefaultClientConnectionOperator.openConnection(DefaultClientConnectionOperator.java:161)
	at org.apache.http.impl.conn.AbstractPoolEntry.open(AbstractPoolEntry.java:144)
	at org.apache.http.impl.conn.AbstractPooledConnAdapter.open(AbstractPooledConnAdapter.java:134)
	at org.apache.http.impl.client.DefaultRequestDirector.tryConnect(DefaultRequestDirector.java:612)
	at org.apache.http.impl.client.DefaultRequestDirector.execute(DefaultRequestDirector.java:447)
	at org.apache.http.impl.client.AbstractHttpClient.doExecute(AbstractHttpClient.java:884)
	at org.apache.http.impl.client.CloseableHttpClient.execute(CloseableHttpClient.java:82)
	at org.eclipse.ecf.provider.filetransfer.httpclient4.HttpClientRetrieveFileTransfer.performConnect(HttpClientRetrieveFileTransfer.java:1084)
	at org.eclipse.ecf.provider.filetransfer.httpclient4.HttpClientRetrieveFileTransfer.access$0(HttpClientRetrieveFileTransfer.java:1075)
	at org.eclipse.ecf.provider.filetransfer.httpclient4.HttpClientRetrieveFileTransfer$1.performFileTransfer(HttpClientRetrieveFileTransfer.java:1071)
	at org.eclipse.ecf.filetransfer.FileTransferJob.run(FileTransferJob.java:74)
	at org.eclipse.core.internal.jobs.Worker.run(Worker.java:56)

!ENTRY org.eclipse.equinox.p2.transport.ecf 2 0 2018-06-24 16:40:09.660
!MESSAGE Connection to http://http/dist.springsource.com/release/TOOLS/update/e3.7/p2.index failed on No such host is known (http). Retry attempt 0 started
!STACK 0
java.net.UnknownHostException: No such host is known (http)
	at java.base/java.net.Inet6AddressImpl.lookupAllHostAddr(Native Method)
	at java.base/java.net.InetAddress$PlatformNameService.lookupAllHostAddr(Unknown Source)
	at java.base/java.net.InetAddress.getAddressesFromNameService(Unknown Source)
	at java.base/java.net.InetAddress$NameServiceAddresses.get(Unknown Source)
	at java.base/java.net.InetAddress.getAllByName0(Unknown Source)
	at java.base/java.net.InetAddress.getAllByName(Unknown Source)
	at java.base/java.net.InetAddress.getAllByName(Unknown Source)
	at org.apache.http.impl.conn.SystemDefaultDnsResolver.resolve(SystemDefaultDnsResolver.java:45)
	at org.apache.http.impl.conn.DefaultClientConnectionOperator.resolveHostname(DefaultClientConnectionOperator.java:262)
	at org.apache.http.impl.conn.DefaultClientConnectionOperator.openConnection(DefaultClientConnectionOperator.java:161)
	at org.apache.http.impl.conn.AbstractPoolEntry.open(AbstractPoolEntry.java:144)
	at org.apache.http.impl.conn.AbstractPooledConnAdapter.open(AbstractPooledConnAdapter.java:134)
	at org.apache.http.impl.client.DefaultRequestDirector.tryConnect(DefaultRequestDirector.java:612)
	at org.apache.http.impl.client.DefaultRequestDirector.execute(DefaultRequestDirector.java:447)
	at org.apache.http.impl.client.AbstractHttpClient.doExecute(AbstractHttpClient.java:884)
	at org.apache.http.impl.client.CloseableHttpClient.execute(CloseableHttpClient.java:82)
	at org.eclipse.ecf.provider.filetransfer.httpclient4.HttpClientRetrieveFileTransfer.performConnect(HttpClientRetrieveFileTransfer.java:1084)
	at org.eclipse.ecf.provider.filetransfer.httpclient4.HttpClientRetrieveFileTransfer.access$0(HttpClientRetrieveFileTransfer.java:1075)
	at org.eclipse.ecf.provider.filetransfer.httpclient4.HttpClientRetrieveFileTransfer$1.performFileTransfer(HttpClientRetrieveFileTransfer.java:1071)
	at org.eclipse.ecf.filetransfer.FileTransferJob.run(FileTransferJob.java:74)
	at org.eclipse.core.internal.jobs.Worker.run(Worker.java:56)

!ENTRY org.eclipse.equinox.p2.transport.ecf 2 0 2018-06-24 16:40:28.936
!MESSAGE Connection to http://http/dist.springsource.com/release/TOOLS/update/e3.7/p2.index failed on No such host is known (http). Retry attempt 0 started
!STACK 0
java.net.UnknownHostException: No such host is known (http)
	at java.base/java.net.Inet6AddressImpl.lookupAllHostAddr(Native Method)
	at java.base/java.net.InetAddress$PlatformNameService.lookupAllHostAddr(Unknown Source)
	at java.base/java.net.InetAddress.getAddressesFromNameService(Unknown Source)
	at java.base/java.net.InetAddress$NameServiceAddresses.get(Unknown Source)
	at java.base/java.net.InetAddress.getAllByName0(Unknown Source)
	at java.base/java.net.InetAddress.getAllByName(Unknown Source)
	at java.base/java.net.InetAddress.getAllByName(Unknown Source)
	at org.apache.http.impl.conn.SystemDefaultDnsResolver.resolve(SystemDefaultDnsResolver.java:45)
	at org.apache.http.impl.conn.DefaultClientConnectionOperator.resolveHostname(DefaultClientConnectionOperator.java:262)
	at org.apache.http.impl.conn.DefaultClientConnectionOperator.openConnection(DefaultClientConnectionOperator.java:161)
	at org.apache.http.impl.conn.AbstractPoolEntry.open(AbstractPoolEntry.java:144)
	at org.apache.http.impl.conn.AbstractPooledConnAdapter.open(AbstractPooledConnAdapter.java:134)
	at org.apache.http.impl.client.DefaultRequestDirector.tryConnect(DefaultRequestDirector.java:612)
	at org.apache.http.impl.client.DefaultRequestDirector.execute(DefaultRequestDirector.java:447)
	at org.apache.http.impl.client.AbstractHttpClient.doExecute(AbstractHttpClient.java:884)
	at org.apache.http.impl.client.CloseableHttpClient.execute(CloseableHttpClient.java:82)
	at org.eclipse.ecf.provider.filetransfer.httpclient4.HttpClientRetrieveFileTransfer.performConnect(HttpClientRetrieveFileTransfer.java:1084)
	at org.eclipse.ecf.provider.filetransfer.httpclient4.HttpClientRetrieveFileTransfer.access$0(HttpClientRetrieveFileTransfer.java:1075)
	at org.eclipse.ecf.provider.filetransfer.httpclient4.HttpClientRetrieveFileTransfer$1.performFileTransfer(HttpClientRetrieveFileTransfer.java:1071)
	at org.eclipse.ecf.filetransfer.FileTransferJob.run(FileTransferJob.java:74)
	at org.eclipse.core.internal.jobs.Worker.run(Worker.java:56)

!ENTRY org.eclipse.equinox.p2.transport.ecf 2 0 2018-06-24 16:40:44.630
!MESSAGE Connection to http://http/dist.springsource.com/release/TOOLS/update/e3.7/p2.index failed on No such host is known (http). Retry attempt 0 started
!STACK 0
java.net.UnknownHostException: No such host is known (http)
	at java.base/java.net.Inet6AddressImpl.lookupAllHostAddr(Native Method)
	at java.base/java.net.InetAddress$PlatformNameService.lookupAllHostAddr(Unknown Source)
	at java.base/java.net.InetAddress.getAddressesFromNameService(Unknown Source)
	at java.base/java.net.InetAddress$NameServiceAddresses.get(Unknown Source)
	at java.base/java.net.InetAddress.getAllByName0(Unknown Source)
	at java.base/java.net.InetAddress.getAllByName(Unknown Source)
	at java.base/java.net.InetAddress.getAllByName(Unknown Source)
	at org.apache.http.impl.conn.SystemDefaultDnsResolver.resolve(SystemDefaultDnsResolver.java:45)
	at org.apache.http.impl.conn.DefaultClientConnectionOperator.resolveHostname(DefaultClientConnectionOperator.java:262)
	at org.apache.http.impl.conn.DefaultClientConnectionOperator.openConnection(DefaultClientConnectionOperator.java:161)
	at org.apache.http.impl.conn.AbstractPoolEntry.open(AbstractPoolEntry.java:144)
	at org.apache.http.impl.conn.AbstractPooledConnAdapter.open(AbstractPooledConnAdapter.java:134)
	at org.apache.http.impl.client.DefaultRequestDirector.tryConnect(DefaultRequestDirector.java:612)
	at org.apache.http.impl.client.DefaultRequestDirector.execute(DefaultRequestDirector.java:447)
	at org.apache.http.impl.client.AbstractHttpClient.doExecute(AbstractHttpClient.java:884)
	at org.apache.http.impl.client.CloseableHttpClient.execute(CloseableHttpClient.java:82)
	at org.eclipse.ecf.provider.filetransfer.httpclient4.HttpClientRetrieveFileTransfer.performConnect(HttpClientRetrieveFileTransfer.java:1084)
	at org.eclipse.ecf.provider.filetransfer.httpclient4.HttpClientRetrieveFileTransfer.access$0(HttpClientRetrieveFileTransfer.java:1075)
	at org.eclipse.ecf.provider.filetransfer.httpclient4.HttpClientRetrieveFileTransfer$1.performFileTransfer(HttpClientRetrieveFileTransfer.java:1071)
	at org.eclipse.ecf.filetransfer.FileTransferJob.run(FileTransferJob.java:74)
	at org.eclipse.core.internal.jobs.Worker.run(Worker.java:56)

!ENTRY org.eclipse.equinox.p2.transport.ecf 2 0 2018-06-24 16:41:00.264
!MESSAGE Connection to http://http/dist.springsource.com/release/TOOLS/update/e3.7/p2.index failed on No such host is known (http). Retry attempt 0 started
!STACK 0
java.net.UnknownHostException: No such host is known (http)
	at java.base/java.net.Inet6AddressImpl.lookupAllHostAddr(Native Method)
	at java.base/java.net.InetAddress$PlatformNameService.lookupAllHostAddr(Unknown Source)
	at java.base/java.net.InetAddress.getAddressesFromNameService(Unknown Source)
	at java.base/java.net.InetAddress$NameServiceAddresses.get(Unknown Source)
	at java.base/java.net.InetAddress.getAllByName0(Unknown Source)
	at java.base/java.net.InetAddress.getAllByName(Unknown Source)
	at java.base/java.net.InetAddress.getAllByName(Unknown Source)
	at org.apache.http.impl.conn.SystemDefaultDnsResolver.resolve(SystemDefaultDnsResolver.java:45)
	at org.apache.http.impl.conn.DefaultClientConnectionOperator.resolveHostname(DefaultClientConnectionOperator.java:262)
	at org.apache.http.impl.conn.DefaultClientConnectionOperator.openConnection(DefaultClientConnectionOperator.java:161)
	at org.apache.http.impl.conn.AbstractPoolEntry.open(AbstractPoolEntry.java:144)
	at org.apache.http.impl.conn.AbstractPooledConnAdapter.open(AbstractPooledConnAdapter.java:134)
	at org.apache.http.impl.client.DefaultRequestDirector.tryConnect(DefaultRequestDirector.java:612)
	at org.apache.http.impl.client.DefaultRequestDirector.execute(DefaultRequestDirector.java:447)
	at org.apache.http.impl.client.AbstractHttpClient.doExecute(AbstractHttpClient.java:884)
	at org.apache.http.impl.client.CloseableHttpClient.execute(CloseableHttpClient.java:82)
	at org.eclipse.ecf.provider.filetransfer.httpclient4.HttpClientRetrieveFileTransfer.performConnect(HttpClientRetrieveFileTransfer.java:1084)
	at org.eclipse.ecf.provider.filetransfer.httpclient4.HttpClientRetrieveFileTransfer.access$0(HttpClientRetrieveFileTransfer.java:1075)
	at org.eclipse.ecf.provider.filetransfer.httpclient4.HttpClientRetrieveFileTransfer$1.performFileTransfer(HttpClientRetrieveFileTransfer.java:1071)
	at org.eclipse.ecf.filetransfer.FileTransferJob.run(FileTransferJob.java:74)
	at org.eclipse.core.internal.jobs.Worker.run(Worker.java:56)

!ENTRY org.eclipse.equinox.p2.transport.ecf 2 0 2018-06-24 16:41:16.133
!MESSAGE Connection to http://http/dist.springsource.com/release/TOOLS/update/e3.7/p2.index failed on No such host is known (http). Retry attempt 0 started
!STACK 0
java.net.UnknownHostException: No such host is known (http)
	at java.base/java.net.Inet6AddressImpl.lookupAllHostAddr(Native Method)
	at java.base/java.net.InetAddress$PlatformNameService.lookupAllHostAddr(Unknown Source)
	at java.base/java.net.InetAddress.getAddressesFromNameService(Unknown Source)
	at java.base/java.net.InetAddress$NameServiceAddresses.get(Unknown Source)
	at java.base/java.net.InetAddress.getAllByName0(Unknown Source)
	at java.base/java.net.InetAddress.getAllByName(Unknown Source)
	at java.base/java.net.InetAddress.getAllByName(Unknown Source)
	at org.apache.http.impl.conn.SystemDefaultDnsResolver.resolve(SystemDefaultDnsResolver.java:45)
	at org.apache.http.impl.conn.DefaultClientConnectionOperator.resolveHostname(DefaultClientConnectionOperator.java:262)
	at org.apache.http.impl.conn.DefaultClientConnectionOperator.openConnection(DefaultClientConnectionOperator.java:161)
	at org.apache.http.impl.conn.AbstractPoolEntry.open(AbstractPoolEntry.java:144)
	at org.apache.http.impl.conn.AbstractPooledConnAdapter.open(AbstractPooledConnAdapter.java:134)
	at org.apache.http.impl.client.DefaultRequestDirector.tryConnect(DefaultRequestDirector.java:612)
	at org.apache.http.impl.client.DefaultRequestDirector.execute(DefaultRequestDirector.java:447)
	at org.apache.http.impl.client.AbstractHttpClient.doExecute(AbstractHttpClient.java:884)
	at org.apache.http.impl.client.CloseableHttpClient.execute(CloseableHttpClient.java:82)
	at org.eclipse.ecf.provider.filetransfer.httpclient4.HttpClientRetrieveFileTransfer.performConnect(HttpClientRetrieveFileTransfer.java:1084)
	at org.eclipse.ecf.provider.filetransfer.httpclient4.HttpClientRetrieveFileTransfer.access$0(HttpClientRetrieveFileTransfer.java:1075)
	at org.eclipse.ecf.provider.filetransfer.httpclient4.HttpClientRetrieveFileTransfer$1.performFileTransfer(HttpClientRetrieveFileTransfer.java:1071)
	at org.eclipse.ecf.filetransfer.FileTransferJob.run(FileTransferJob.java:74)
	at org.eclipse.core.internal.jobs.Worker.run(Worker.java:56)

!ENTRY org.eclipse.equinox.p2.transport.ecf 2 0 2018-06-24 16:41:31.735
!MESSAGE Connection to http://http/dist.springsource.com/release/TOOLS/update/e3.7/p2.index failed on No such host is known (http). Retry attempt 0 started
!STACK 0
java.net.UnknownHostException: No such host is known (http)
	at java.base/java.net.Inet6AddressImpl.lookupAllHostAddr(Native Method)
	at java.base/java.net.InetAddress$PlatformNameService.lookupAllHostAddr(Unknown Source)
	at java.base/java.net.InetAddress.getAddressesFromNameService(Unknown Source)
	at java.base/java.net.InetAddress$NameServiceAddresses.get(Unknown Source)
	at java.base/java.net.InetAddress.getAllByName0(Unknown Source)
	at java.base/java.net.InetAddress.getAllByName(Unknown Source)
	at java.base/java.net.InetAddress.getAllByName(Unknown Source)
	at org.apache.http.impl.conn.SystemDefaultDnsResolver.resolve(SystemDefaultDnsResolver.java:45)
	at org.apache.http.impl.conn.DefaultClientConnectionOperator.resolveHostname(DefaultClientConnectionOperator.java:262)
	at org.apache.http.impl.conn.DefaultClientConnectionOperator.openConnection(DefaultClientConnectionOperator.java:161)
	at org.apache.http.impl.conn.AbstractPoolEntry.open(AbstractPoolEntry.java:144)
	at org.apache.http.impl.conn.AbstractPooledConnAdapter.open(AbstractPooledConnAdapter.java:134)
	at org.apache.http.impl.client.DefaultRequestDirector.tryConnect(DefaultRequestDirector.java:612)
	at org.apache.http.impl.client.DefaultRequestDirector.execute(DefaultRequestDirector.java:447)
	at org.apache.http.impl.client.AbstractHttpClient.doExecute(AbstractHttpClient.java:884)
	at org.apache.http.impl.client.CloseableHttpClient.execute(CloseableHttpClient.java:82)
	at org.eclipse.ecf.provider.filetransfer.httpclient4.HttpClientRetrieveFileTransfer.performConnect(HttpClientRetrieveFileTransfer.java:1084)
	at org.eclipse.ecf.provider.filetransfer.httpclient4.HttpClientRetrieveFileTransfer.access$0(HttpClientRetrieveFileTransfer.java:1075)
	at org.eclipse.ecf.provider.filetransfer.httpclient4.HttpClientRetrieveFileTransfer$1.performFileTransfer(HttpClientRetrieveFileTransfer.java:1071)
	at org.eclipse.ecf.filetransfer.FileTransferJob.run(FileTransferJob.java:74)
	at org.eclipse.core.internal.jobs.Worker.run(Worker.java:56)

!ENTRY org.eclipse.equinox.p2.transport.ecf 2 0 2018-06-24 16:41:48.612
!MESSAGE Connection to http://http/dist.springsource.com/release/TOOLS/update/e3.7/p2.index failed on No such host is known (http). Retry attempt 0 started
!STACK 0
java.net.UnknownHostException: No such host is known (http)
	at java.base/java.net.Inet6AddressImpl.lookupAllHostAddr(Native Method)
	at java.base/java.net.InetAddress$PlatformNameService.lookupAllHostAddr(Unknown Source)
	at java.base/java.net.InetAddress.getAddressesFromNameService(Unknown Source)
	at java.base/java.net.InetAddress$NameServiceAddresses.get(Unknown Source)
	at java.base/java.net.InetAddress.getAllByName0(Unknown Source)
	at java.base/java.net.InetAddress.getAllByName(Unknown Source)
	at java.base/java.net.InetAddress.getAllByName(Unknown Source)
	at org.apache.http.impl.conn.SystemDefaultDnsResolver.resolve(SystemDefaultDnsResolver.java:45)
	at org.apache.http.impl.conn.DefaultClientConnectionOperator.resolveHostname(DefaultClientConnectionOperator.java:262)
	at org.apache.http.impl.conn.DefaultClientConnectionOperator.openConnection(DefaultClientConnectionOperator.java:161)
	at org.apache.http.impl.conn.AbstractPoolEntry.open(AbstractPoolEntry.java:144)
	at org.apache.http.impl.conn.AbstractPooledConnAdapter.open(AbstractPooledConnAdapter.java:134)
	at org.apache.http.impl.client.DefaultRequestDirector.tryConnect(DefaultRequestDirector.java:612)
	at org.apache.http.impl.client.DefaultRequestDirector.execute(DefaultRequestDirector.java:447)
	at org.apache.http.impl.client.AbstractHttpClient.doExecute(AbstractHttpClient.java:884)
	at org.apache.http.impl.client.CloseableHttpClient.execute(CloseableHttpClient.java:82)
	at org.eclipse.ecf.provider.filetransfer.httpclient4.HttpClientRetrieveFileTransfer.performConnect(HttpClientRetrieveFileTransfer.java:1084)
	at org.eclipse.ecf.provider.filetransfer.httpclient4.HttpClientRetrieveFileTransfer.access$0(HttpClientRetrieveFileTransfer.java:1075)
	at org.eclipse.ecf.provider.filetransfer.httpclient4.HttpClientRetrieveFileTransfer$1.performFileTransfer(HttpClientRetrieveFileTransfer.java:1071)
	at org.eclipse.ecf.filetransfer.FileTransferJob.run(FileTransferJob.java:74)
	at org.eclipse.core.internal.jobs.Worker.run(Worker.java:56)

!ENTRY org.eclipse.equinox.p2.transport.ecf 2 0 2018-06-24 16:42:04.373
!MESSAGE Connection to http://http/dist.springsource.com/release/TOOLS/update/e3.7/p2.index failed on No such host is known (http). Retry attempt 0 started
!STACK 0
java.net.UnknownHostException: No such host is known (http)
	at java.base/java.net.Inet6AddressImpl.lookupAllHostAddr(Native Method)
	at java.base/java.net.InetAddress$PlatformNameService.lookupAllHostAddr(Unknown Source)
	at java.base/java.net.InetAddress.getAddressesFromNameService(Unknown Source)
	at java.base/java.net.InetAddress$NameServiceAddresses.get(Unknown Source)
	at java.base/java.net.InetAddress.getAllByName0(Unknown Source)
	at java.base/java.net.InetAddress.getAllByName(Unknown Source)
	at java.base/java.net.InetAddress.getAllByName(Unknown Source)
	at org.apache.http.impl.conn.SystemDefaultDnsResolver.resolve(SystemDefaultDnsResolver.java:45)
	at org.apache.http.impl.conn.DefaultClientConnectionOperator.resolveHostname(DefaultClientConnectionOperator.java:262)
	at org.apache.http.impl.conn.DefaultClientConnectionOperator.openConnection(DefaultClientConnectionOperator.java:161)
	at org.apache.http.impl.conn.AbstractPoolEntry.open(AbstractPoolEntry.java:144)
	at org.apache.http.impl.conn.AbstractPooledConnAdapter.open(AbstractPooledConnAdapter.java:134)
	at org.apache.http.impl.client.DefaultRequestDirector.tryConnect(DefaultRequestDirector.java:612)
	at org.apache.http.impl.client.DefaultRequestDirector.execute(DefaultRequestDirector.java:447)
	at org.apache.http.impl.client.AbstractHttpClient.doExecute(AbstractHttpClient.java:884)
	at org.apache.http.impl.client.CloseableHttpClient.execute(CloseableHttpClient.java:82)
	at org.eclipse.ecf.provider.filetransfer.httpclient4.HttpClientRetrieveFileTransfer.performConnect(HttpClientRetrieveFileTransfer.java:1084)
	at org.eclipse.ecf.provider.filetransfer.httpclient4.HttpClientRetrieveFileTransfer.access$0(HttpClientRetrieveFileTransfer.java:1075)
	at org.eclipse.ecf.provider.filetransfer.httpclient4.HttpClientRetrieveFileTransfer$1.performFileTransfer(HttpClientRetrieveFileTransfer.java:1071)
	at org.eclipse.ecf.filetransfer.FileTransferJob.run(FileTransferJob.java:74)
	at org.eclipse.core.internal.jobs.Worker.run(Worker.java:56)

!ENTRY org.eclipse.equinox.p2.transport.ecf 2 0 2018-06-24 16:42:19.848
!MESSAGE Connection to http://http/dist.springsource.com/release/TOOLS/update/e3.7/p2.index failed on No such host is known (http). Retry attempt 0 started
!STACK 0
java.net.UnknownHostException: No such host is known (http)
	at java.base/java.net.Inet6AddressImpl.lookupAllHostAddr(Native Method)
	at java.base/java.net.InetAddress$PlatformNameService.lookupAllHostAddr(Unknown Source)
	at java.base/java.net.InetAddress.getAddressesFromNameService(Unknown Source)
	at java.base/java.net.InetAddress$NameServiceAddresses.get(Unknown Source)
	at java.base/java.net.InetAddress.getAllByName0(Unknown Source)
	at java.base/java.net.InetAddress.getAllByName(Unknown Source)
	at java.base/java.net.InetAddress.getAllByName(Unknown Source)
	at org.apache.http.impl.conn.SystemDefaultDnsResolver.resolve(SystemDefaultDnsResolver.java:45)
	at org.apache.http.impl.conn.DefaultClientConnectionOperator.resolveHostname(DefaultClientConnectionOperator.java:262)
	at org.apache.http.impl.conn.DefaultClientConnectionOperator.openConnection(DefaultClientConnectionOperator.java:161)
	at org.apache.http.impl.conn.AbstractPoolEntry.open(AbstractPoolEntry.java:144)
	at org.apache.http.impl.conn.AbstractPooledConnAdapter.open(AbstractPooledConnAdapter.java:134)
	at org.apache.http.impl.client.DefaultRequestDirector.tryConnect(DefaultRequestDirector.java:612)
	at org.apache.http.impl.client.DefaultRequestDirector.execute(DefaultRequestDirector.java:447)
	at org.apache.http.impl.client.AbstractHttpClient.doExecute(AbstractHttpClient.java:884)
	at org.apache.http.impl.client.CloseableHttpClient.execute(CloseableHttpClient.java:82)
	at org.eclipse.ecf.provider.filetransfer.httpclient4.HttpClientRetrieveFileTransfer.performConnect(HttpClientRetrieveFileTransfer.java:1084)
	at org.eclipse.ecf.provider.filetransfer.httpclient4.HttpClientRetrieveFileTransfer.access$0(HttpClientRetrieveFileTransfer.java:1075)
	at org.eclipse.ecf.provider.filetransfer.httpclient4.HttpClientRetrieveFileTransfer$1.performFileTransfer(HttpClientRetrieveFileTransfer.java:1071)
	at org.eclipse.ecf.filetransfer.FileTransferJob.run(FileTransferJob.java:74)
	at org.eclipse.core.internal.jobs.Worker.run(Worker.java:56)

!ENTRY org.eclipse.equinox.p2.transport.ecf 2 0 2018-06-24 16:42:35.742
!MESSAGE Connection to http://www.pramati.com/downloads/eclipse/updates/site.xml failed on Remote host terminated the handshake. Retry attempt 0 started
!STACK 0
javax.net.ssl.SSLHandshakeException: Remote host terminated the handshake
	at java.base/sun.security.ssl.SSLSocketImpl.readRecord(Unknown Source)
	at java.base/sun.security.ssl.SSLSocketImpl.readRecord(Unknown Source)
	at java.base/sun.security.ssl.SSLSocketImpl.performInitialHandshake(Unknown Source)
	at java.base/sun.security.ssl.SSLSocketImpl.writeRecord(Unknown Source)
	at java.base/sun.security.ssl.AppOutputStream.write(Unknown Source)
	at org.apache.http.impl.io.AbstractSessionOutputBuffer.flushBuffer(AbstractSessionOutputBuffer.java:157)
	at org.apache.http.impl.io.AbstractSessionOutputBuffer.flush(AbstractSessionOutputBuffer.java:164)
	at org.apache.http.impl.AbstractHttpClientConnection.doFlush(AbstractHttpClientConnection.java:270)
	at org.apache.http.impl.AbstractHttpClientConnection.flush(AbstractHttpClientConnection.java:275)
	at org.apache.http.impl.conn.AbstractClientConnAdapter.flush(AbstractClientConnAdapter.java:207)
	at org.apache.http.protocol.HttpRequestExecutor.doSendRequest(HttpRequestExecutor.java:241)
	at org.apache.http.protocol.HttpRequestExecutor.execute(HttpRequestExecutor.java:123)
	at org.apache.http.impl.client.DefaultRequestDirector.tryExecute(DefaultRequestDirector.java:686)
	at org.apache.http.impl.client.DefaultRequestDirector.execute(DefaultRequestDirector.java:488)
	at org.apache.http.impl.client.AbstractHttpClient.doExecute(AbstractHttpClient.java:884)
	at org.apache.http.impl.client.CloseableHttpClient.execute(CloseableHttpClient.java:82)
	at org.eclipse.ecf.provider.filetransfer.httpclient4.HttpClientRetrieveFileTransfer.performConnect(HttpClientRetrieveFileTransfer.java:1084)
	at org.eclipse.ecf.provider.filetransfer.httpclient4.HttpClientRetrieveFileTransfer.access$0(HttpClientRetrieveFileTransfer.java:1075)
	at org.eclipse.ecf.provider.filetransfer.httpclient4.HttpClientRetrieveFileTransfer$1.performFileTransfer(HttpClientRetrieveFileTransfer.java:1071)
	at org.eclipse.ecf.filetransfer.FileTransferJob.run(FileTransferJob.java:74)
	at org.eclipse.core.internal.jobs.Worker.run(Worker.java:56)
Caused by: java.io.EOFException: SSL peer shut down incorrectly
	at java.base/sun.security.ssl.SSLSocketInputRecord.decode(Unknown Source)
	... 21 more

!ENTRY org.eclipse.equinox.p2.transport.ecf 2 0 2018-06-24 16:42:46.073
!MESSAGE Connection to http://http/dist.springsource.com/release/TOOLS/update/e3.7/p2.index failed on No such host is known (http). Retry attempt 0 started
!STACK 0
java.net.UnknownHostException: No such host is known (http)
	at java.base/java.net.Inet6AddressImpl.lookupAllHostAddr(Native Method)
	at java.base/java.net.InetAddress$PlatformNameService.lookupAllHostAddr(Unknown Source)
	at java.base/java.net.InetAddress.getAddressesFromNameService(Unknown Source)
	at java.base/java.net.InetAddress$NameServiceAddresses.get(Unknown Source)
	at java.base/java.net.InetAddress.getAllByName0(Unknown Source)
	at java.base/java.net.InetAddress.getAllByName(Unknown Source)
	at java.base/java.net.InetAddress.getAllByName(Unknown Source)
	at org.apache.http.impl.conn.SystemDefaultDnsResolver.resolve(SystemDefaultDnsResolver.java:45)
	at org.apache.http.impl.conn.DefaultClientConnectionOperator.resolveHostname(DefaultClientConnectionOperator.java:262)
	at org.apache.http.impl.conn.DefaultClientConnectionOperator.openConnection(DefaultClientConnectionOperator.java:161)
	at org.apache.http.impl.conn.AbstractPoolEntry.open(AbstractPoolEntry.java:144)
	at org.apache.http.impl.conn.AbstractPooledConnAdapter.open(AbstractPooledConnAdapter.java:134)
	at org.apache.http.impl.client.DefaultRequestDirector.tryConnect(DefaultRequestDirector.java:612)
	at org.apache.http.impl.client.DefaultRequestDirector.execute(DefaultRequestDirector.java:447)
	at org.apache.http.impl.client.AbstractHttpClient.doExecute(AbstractHttpClient.java:884)
	at org.apache.http.impl.client.CloseableHttpClient.execute(CloseableHttpClient.java:82)
	at org.eclipse.ecf.provider.filetransfer.httpclient4.HttpClientRetrieveFileTransfer.performConnect(HttpClientRetrieveFileTransfer.java:1084)
	at org.eclipse.ecf.provider.filetransfer.httpclient4.HttpClientRetrieveFileTransfer.access$0(HttpClientRetrieveFileTransfer.java:1075)
	at org.eclipse.ecf.provider.filetransfer.httpclient4.HttpClientRetrieveFileTransfer$1.performFileTransfer(HttpClientRetrieveFileTransfer.java:1071)
	at org.eclipse.ecf.filetransfer.FileTransferJob.run(FileTransferJob.java:74)
	at org.eclipse.core.internal.jobs.Worker.run(Worker.java:56)
!SESSION 2018-06-26 22:40:11.474 -----------------------------------------------
eclipse.buildId=4.7.3.M20180301-0715
java.version=10.0.1
java.vendor=Oracle Corporation
BootLoader constants: OS=win32, ARCH=x86_64, WS=win32, NL=en_IN
Framework arguments:  -product org.eclipse.epp.package.jee.product
Command-line arguments:  -os win32 -ws win32 -arch x86_64 -product org.eclipse.epp.package.jee.product

!ENTRY org.eclipse.jface 2 0 2018-06-26 22:41:26.650
!MESSAGE Keybinding conflicts occurred.  They may interfere with normal accelerator operation.
!SUBENTRY 1 org.eclipse.jface 2 0 2018-06-26 22:41:26.650
!MESSAGE A conflict occurred for CTRL+SHIFT+V:
Binding(CTRL+SHIFT+V,
	ParameterizedCommand(Command(org.eclipse.jdt.debug.ui.command.OpenFromClipboard,Open from Clipboard,
		Opens a Java element or a Java stack trace from clipboard,
		Category(org.eclipse.ui.category.navigate,Navigate,null,true),
		org.eclipse.ui.internal.WorkbenchHandlerServiceHandler@1bc467bd,
		,,true),null),
	org.eclipse.ui.defaultAcceleratorConfiguration,
	org.eclipse.ui.contexts.window,,,system)
Binding(CTRL+SHIFT+V,
	ParameterizedCommand(Command(com.jformdesigner.eclipse.NewFormAction,New JFormDesigner Form,
		New JFormDesigner Form,
		Category(com.jformdesigner.eclipse.commands.category,JFormDesigner,null,true),
		org.eclipse.ui.internal.WorkbenchHandlerServiceHandler@2c05ccdb,
		,,true),null),
	org.eclipse.ui.defaultAcceleratorConfiguration,
	org.eclipse.ui.contexts.window,,,system)

!ENTRY org.eclipse.egit.ui 2 0 2018-06-26 22:41:34.691
!MESSAGE Warning: The environment variable HOME is not set. The following directory will be used to store the Git
user global configuration and to define the default location to store repositories: 'C:\Users\Dell'. If this is
not correct please set the HOME environment variable and restart Eclipse. Otherwise Git for Windows and
EGit might behave differently since they see different configuration options.
This warning can be switched off on the Team > Git > Confirmations and Warnings preference page.

!ENTRY org.eclipse.osgi 2 0 2018-06-26 22:41:46.653
!MESSAGE While loading class "org.eclipse.m2e.jdt.internal.MavenClasspathContainerInitializer", thread "Thread[Worker-13,5,main]" timed out waiting (5006ms) for thread "Thread[Worker-4,5,main]" to finish starting bundle "org.eclipse.m2e.jdt_1.8.3.20180227-2137 [2355]". To avoid deadlock, thread "Thread[Worker-13,5,main]" is proceeding but "org.eclipse.m2e.jdt.internal.MavenClasspathContainerInitializer" may not be fully initialized.
!STACK 0
org.osgi.framework.BundleException: Unable to acquire the state change lock for the module: osgi.identity; type="osgi.bundle"; version:Version="1.8.3.20180227-2137"; osgi.identity="org.eclipse.m2e.jdt"; singleton:="true" [id=2355] STARTED [STARTED]
	at org.eclipse.osgi.container.Module.lockStateChange(Module.java:337)
	at org.eclipse.osgi.container.Module.start(Module.java:401)
	at org.eclipse.osgi.framework.util.SecureAction.start(SecureAction.java:468)
	at org.eclipse.osgi.internal.hooks.EclipseLazyStarter.postFindLocalClass(EclipseLazyStarter.java:103)
	at org.eclipse.osgi.internal.loader.classpath.ClasspathManager.findLocalClass(ClasspathManager.java:529)
	at org.eclipse.osgi.internal.loader.ModuleClassLoader.findLocalClass(ModuleClassLoader.java:328)
	at org.eclipse.osgi.internal.loader.BundleLoader.findLocalClass(BundleLoader.java:368)
	at org.eclipse.osgi.internal.loader.BundleLoader.findClassInternal(BundleLoader.java:446)
	at org.eclipse.osgi.internal.loader.BundleLoader.findClass(BundleLoader.java:395)
	at org.eclipse.osgi.internal.loader.BundleLoader.findClass(BundleLoader.java:387)
	at org.eclipse.osgi.internal.loader.ModuleClassLoader.loadClass(ModuleClassLoader.java:150)
	at java.base/java.lang.ClassLoader.loadClass(Unknown Source)
	at org.eclipse.osgi.internal.framework.EquinoxBundle.loadClass(EquinoxBundle.java:564)
	at org.eclipse.core.internal.registry.osgi.RegistryStrategyOSGI.createExecutableExtension(RegistryStrategyOSGI.java:174)
	at org.eclipse.core.internal.registry.ExtensionRegistry.createExecutableExtension(ExtensionRegistry.java:905)
	at org.eclipse.core.internal.registry.ConfigurationElement.createExecutableExtension(ConfigurationElement.java:243)
	at org.eclipse.core.internal.registry.ConfigurationElementHandle.createExecutableExtension(ConfigurationElementHandle.java:55)
	at org.eclipse.jdt.core.JavaCore.computeClasspathContainerInitializer(JavaCore.java:3595)
	at org.eclipse.jdt.core.JavaCore.getClasspathContainerInitializer(JavaCore.java:3571)
	at org.eclipse.jdt.internal.core.JavaModelManager.initializeContainer(JavaModelManager.java:3093)
	at org.eclipse.jdt.internal.core.JavaModelManager$10.run(JavaModelManager.java:3018)
	at org.eclipse.jdt.internal.core.JavaModelManager.initializeAllContainers(JavaModelManager.java:3056)
	at org.eclipse.jdt.internal.core.JavaModelManager.getClasspathContainer(JavaModelManager.java:2056)
	at org.eclipse.jdt.core.JavaCore.getClasspathContainer(JavaCore.java:3548)
	at org.eclipse.jdt.internal.core.JavaProject.resolveClasspath(JavaProject.java:2986)
	at org.eclipse.jdt.internal.core.JavaProject.resolveClasspath(JavaProject.java:3150)
	at org.eclipse.jdt.internal.core.JavaProject.getResolvedClasspath(JavaProject.java:2255)
	at org.eclipse.jdt.internal.core.DeltaProcessor.createExternalArchiveDelta(DeltaProcessor.java:997)
	at org.eclipse.jdt.internal.core.DeltaProcessor.checkExternalArchiveChanges(DeltaProcessor.java:868)
	at org.eclipse.jdt.internal.core.DeltaProcessor.resourceChanged(DeltaProcessor.java:2071)
	at org.eclipse.jdt.internal.core.DeltaProcessingState.resourceChanged(DeltaProcessingState.java:473)
	at org.eclipse.core.internal.events.NotificationManager$1.run(NotificationManager.java:299)
	at org.eclipse.core.runtime.SafeRunner.run(SafeRunner.java:42)
	at org.eclipse.core.internal.events.NotificationManager.notify(NotificationManager.java:289)
	at org.eclipse.core.internal.events.NotificationManager.handleEvent(NotificationManager.java:271)
	at org.eclipse.core.internal.resources.Workspace.broadcastEvent(Workspace.java:369)
	at org.eclipse.core.internal.resources.Resource.refreshLocal(Resource.java:1559)
	at org.eclipse.rse.internal.files.ui.resources.SystemRemoteEditManager.refreshRemoteEditProject(SystemRemoteEditManager.java:794)
	at org.eclipse.rse.internal.files.ui.Activator$InitRemoteEditJob.run(Activator.java:77)
	at org.eclipse.core.internal.jobs.Worker.run(Worker.java:56)
Caused by: java.util.concurrent.TimeoutException: Timeout after waiting 5 seconds to acquire the lock.
	at org.eclipse.osgi.container.Module.lockStateChange(Module.java:334)
	... 39 more
Root exception:
java.util.concurrent.TimeoutException: Timeout after waiting 5 seconds to acquire the lock.
	at org.eclipse.osgi.container.Module.lockStateChange(Module.java:334)
	at org.eclipse.osgi.container.Module.start(Module.java:401)
	at org.eclipse.osgi.framework.util.SecureAction.start(SecureAction.java:468)
	at org.eclipse.osgi.internal.hooks.EclipseLazyStarter.postFindLocalClass(EclipseLazyStarter.java:103)
	at org.eclipse.osgi.internal.loader.classpath.ClasspathManager.findLocalClass(ClasspathManager.java:529)
	at org.eclipse.osgi.internal.loader.ModuleClassLoader.findLocalClass(ModuleClassLoader.java:328)
	at org.eclipse.osgi.internal.loader.BundleLoader.findLocalClass(BundleLoader.java:368)
	at org.eclipse.osgi.internal.loader.BundleLoader.findClassInternal(BundleLoader.java:446)
	at org.eclipse.osgi.internal.loader.BundleLoader.findClass(BundleLoader.java:395)
	at org.eclipse.osgi.internal.loader.BundleLoader.findClass(BundleLoader.java:387)
	at org.eclipse.osgi.internal.loader.ModuleClassLoader.loadClass(ModuleClassLoader.java:150)
	at java.base/java.lang.ClassLoader.loadClass(Unknown Source)
	at org.eclipse.osgi.internal.framework.EquinoxBundle.loadClass(EquinoxBundle.java:564)
	at org.eclipse.core.internal.registry.osgi.RegistryStrategyOSGI.createExecutableExtension(RegistryStrategyOSGI.java:174)
	at org.eclipse.core.internal.registry.ExtensionRegistry.createExecutableExtension(ExtensionRegistry.java:905)
	at org.eclipse.core.internal.registry.ConfigurationElement.createExecutableExtension(ConfigurationElement.java:243)
	at org.eclipse.core.internal.registry.ConfigurationElementHandle.createExecutableExtension(ConfigurationElementHandle.java:55)
	at org.eclipse.jdt.core.JavaCore.computeClasspathContainerInitializer(JavaCore.java:3595)
	at org.eclipse.jdt.core.JavaCore.getClasspathContainerInitializer(JavaCore.java:3571)
	at org.eclipse.jdt.internal.core.JavaModelManager.initializeContainer(JavaModelManager.java:3093)
	at org.eclipse.jdt.internal.core.JavaModelManager$10.run(JavaModelManager.java:3018)
	at org.eclipse.jdt.internal.core.JavaModelManager.initializeAllContainers(JavaModelManager.java:3056)
	at org.eclipse.jdt.internal.core.JavaModelManager.getClasspathContainer(JavaModelManager.java:2056)
	at org.eclipse.jdt.core.JavaCore.getClasspathContainer(JavaCore.java:3548)
	at org.eclipse.jdt.internal.core.JavaProject.resolveClasspath(JavaProject.java:2986)
	at org.eclipse.jdt.internal.core.JavaProject.resolveClasspath(JavaProject.java:3150)
	at org.eclipse.jdt.internal.core.JavaProject.getResolvedClasspath(JavaProject.java:2255)
	at org.eclipse.jdt.internal.core.DeltaProcessor.createExternalArchiveDelta(DeltaProcessor.java:997)
	at org.eclipse.jdt.internal.core.DeltaProcessor.checkExternalArchiveChanges(DeltaProcessor.java:868)
	at org.eclipse.jdt.internal.core.DeltaProcessor.resourceChanged(DeltaProcessor.java:2071)
	at org.eclipse.jdt.internal.core.DeltaProcessingState.resourceChanged(DeltaProcessingState.java:473)
	at org.eclipse.core.internal.events.NotificationManager$1.run(NotificationManager.java:299)
	at org.eclipse.core.runtime.SafeRunner.run(SafeRunner.java:42)
	at org.eclipse.core.internal.events.NotificationManager.notify(NotificationManager.java:289)
	at org.eclipse.core.internal.events.NotificationManager.handleEvent(NotificationManager.java:271)
	at org.eclipse.core.internal.resources.Workspace.broadcastEvent(Workspace.java:369)
	at org.eclipse.core.internal.resources.Resource.refreshLocal(Resource.java:1559)
	at org.eclipse.rse.internal.files.ui.resources.SystemRemoteEditManager.refreshRemoteEditProject(SystemRemoteEditManager.java:794)
	at org.eclipse.rse.internal.files.ui.Activator$InitRemoteEditJob.run(Activator.java:77)
	at org.eclipse.core.internal.jobs.Worker.run(Worker.java:56)

!ENTRY org.eclipse.osgi 2 0 2018-06-26 22:41:52.426
!MESSAGE While loading class "org.eclipse.m2e.jdt.internal.MavenClasspathHelpers", thread "Thread[Worker-13,5,main]" timed out waiting (5007ms) for thread "Thread[Worker-4,5,main]" to finish starting bundle "org.eclipse.m2e.jdt_1.8.3.20180227-2137 [2355]". To avoid deadlock, thread "Thread[Worker-13,5,main]" is proceeding but "org.eclipse.m2e.jdt.internal.MavenClasspathHelpers" may not be fully initialized.
!STACK 0
org.osgi.framework.BundleException: Unable to acquire the state change lock for the module: osgi.identity; type="osgi.bundle"; version:Version="1.8.3.20180227-2137"; osgi.identity="org.eclipse.m2e.jdt"; singleton:="true" [id=2355] STARTED [STARTED]
	at org.eclipse.osgi.container.Module.lockStateChange(Module.java:337)
	at org.eclipse.osgi.container.Module.start(Module.java:401)
	at org.eclipse.osgi.framework.util.SecureAction.start(SecureAction.java:468)
	at org.eclipse.osgi.internal.hooks.EclipseLazyStarter.postFindLocalClass(EclipseLazyStarter.java:103)
	at org.eclipse.osgi.internal.loader.classpath.ClasspathManager.findLocalClass(ClasspathManager.java:529)
	at org.eclipse.osgi.internal.loader.ModuleClassLoader.findLocalClass(ModuleClassLoader.java:328)
	at org.eclipse.osgi.internal.loader.BundleLoader.findLocalClass(BundleLoader.java:368)
	at org.eclipse.osgi.internal.loader.BundleLoader.findClassInternal(BundleLoader.java:446)
	at org.eclipse.osgi.internal.loader.BundleLoader.findClass(BundleLoader.java:395)
	at org.eclipse.osgi.internal.loader.BundleLoader.findClass(BundleLoader.java:387)
	at org.eclipse.osgi.internal.loader.ModuleClassLoader.loadClass(ModuleClassLoader.java:150)
	at java.base/java.lang.ClassLoader.loadClass(Unknown Source)
	at org.eclipse.m2e.jdt.internal.MavenClasspathContainerInitializer.initialize(MavenClasspathContainerInitializer.java:44)
	at org.eclipse.jdt.internal.core.JavaModelManager.initializeContainer(JavaModelManager.java:3112)
	at org.eclipse.jdt.internal.core.JavaModelManager$10.run(JavaModelManager.java:3018)
	at org.eclipse.jdt.internal.core.JavaModelManager.initializeAllContainers(JavaModelManager.java:3056)
	at org.eclipse.jdt.internal.core.JavaModelManager.getClasspathContainer(JavaModelManager.java:2056)
	at org.eclipse.jdt.core.JavaCore.getClasspathContainer(JavaCore.java:3548)
	at org.eclipse.jdt.internal.core.JavaProject.resolveClasspath(JavaProject.java:2986)
	at org.eclipse.jdt.internal.core.JavaProject.resolveClasspath(JavaProject.java:3150)
	at org.eclipse.jdt.internal.core.JavaProject.getResolvedClasspath(JavaProject.java:2255)
	at org.eclipse.jdt.internal.core.DeltaProcessor.createExternalArchiveDelta(DeltaProcessor.java:997)
	at org.eclipse.jdt.internal.core.DeltaProcessor.checkExternalArchiveChanges(DeltaProcessor.java:868)
	at org.eclipse.jdt.internal.core.DeltaProcessor.resourceChanged(DeltaProcessor.java:2071)
	at org.eclipse.jdt.internal.core.DeltaProcessingState.resourceChanged(DeltaProcessingState.java:473)
	at org.eclipse.core.internal.events.NotificationManager$1.run(NotificationManager.java:299)
	at org.eclipse.core.runtime.SafeRunner.run(SafeRunner.java:42)
	at org.eclipse.core.internal.events.NotificationManager.notify(NotificationManager.java:289)
	at org.eclipse.core.internal.events.NotificationManager.handleEvent(NotificationManager.java:271)
	at org.eclipse.core.internal.resources.Workspace.broadcastEvent(Workspace.java:369)
	at org.eclipse.core.internal.resources.Resource.refreshLocal(Resource.java:1559)
	at org.eclipse.rse.internal.files.ui.resources.SystemRemoteEditManager.refreshRemoteEditProject(SystemRemoteEditManager.java:794)
	at org.eclipse.rse.internal.files.ui.Activator$InitRemoteEditJob.run(Activator.java:77)
	at org.eclipse.core.internal.jobs.Worker.run(Worker.java:56)
Caused by: java.util.concurrent.TimeoutException: Timeout after waiting 5 seconds to acquire the lock.
	at org.eclipse.osgi.container.Module.lockStateChange(Module.java:334)
	... 33 more
Root exception:
java.util.concurrent.TimeoutException: Timeout after waiting 5 seconds to acquire the lock.
	at org.eclipse.osgi.container.Module.lockStateChange(Module.java:334)
	at org.eclipse.osgi.container.Module.start(Module.java:401)
	at org.eclipse.osgi.framework.util.SecureAction.start(SecureAction.java:468)
	at org.eclipse.osgi.internal.hooks.EclipseLazyStarter.postFindLocalClass(EclipseLazyStarter.java:103)
	at org.eclipse.osgi.internal.loader.classpath.ClasspathManager.findLocalClass(ClasspathManager.java:529)
	at org.eclipse.osgi.internal.loader.ModuleClassLoader.findLocalClass(ModuleClassLoader.java:328)
	at org.eclipse.osgi.internal.loader.BundleLoader.findLocalClass(BundleLoader.java:368)
	at org.eclipse.osgi.internal.loader.BundleLoader.findClassInternal(BundleLoader.java:446)
	at org.eclipse.osgi.internal.loader.BundleLoader.findClass(BundleLoader.java:395)
	at org.eclipse.osgi.internal.loader.BundleLoader.findClass(BundleLoader.java:387)
	at org.eclipse.osgi.internal.loader.ModuleClassLoader.loadClass(ModuleClassLoader.java:150)
	at java.base/java.lang.ClassLoader.loadClass(Unknown Source)
	at org.eclipse.m2e.jdt.internal.MavenClasspathContainerInitializer.initialize(MavenClasspathContainerInitializer.java:44)
	at org.eclipse.jdt.internal.core.JavaModelManager.initializeContainer(JavaModelManager.java:3112)
	at org.eclipse.jdt.internal.core.JavaModelManager$10.run(JavaModelManager.java:3018)
	at org.eclipse.jdt.internal.core.JavaModelManager.initializeAllContainers(JavaModelManager.java:3056)
	at org.eclipse.jdt.internal.core.JavaModelManager.getClasspathContainer(JavaModelManager.java:2056)
	at org.eclipse.jdt.core.JavaCore.getClasspathContainer(JavaCore.java:3548)
	at org.eclipse.jdt.internal.core.JavaProject.resolveClasspath(JavaProject.java:2986)
	at org.eclipse.jdt.internal.core.JavaProject.resolveClasspath(JavaProject.java:3150)
	at org.eclipse.jdt.internal.core.JavaProject.getResolvedClasspath(JavaProject.java:2255)
	at org.eclipse.jdt.internal.core.DeltaProcessor.createExternalArchiveDelta(DeltaProcessor.java:997)
	at org.eclipse.jdt.internal.core.DeltaProcessor.checkExternalArchiveChanges(DeltaProcessor.java:868)
	at org.eclipse.jdt.internal.core.DeltaProcessor.resourceChanged(DeltaProcessor.java:2071)
	at org.eclipse.jdt.internal.core.DeltaProcessingState.resourceChanged(DeltaProcessingState.java:473)
	at org.eclipse.core.internal.events.NotificationManager$1.run(NotificationManager.java:299)
	at org.eclipse.core.runtime.SafeRunner.run(SafeRunner.java:42)
	at org.eclipse.core.internal.events.NotificationManager.notify(NotificationManager.java:289)
	at org.eclipse.core.internal.events.NotificationManager.handleEvent(NotificationManager.java:271)
	at org.eclipse.core.internal.resources.Workspace.broadcastEvent(Workspace.java:369)
	at org.eclipse.core.internal.resources.Resource.refreshLocal(Resource.java:1559)
	at org.eclipse.rse.internal.files.ui.resources.SystemRemoteEditManager.refreshRemoteEditProject(SystemRemoteEditManager.java:794)
	at org.eclipse.rse.internal.files.ui.Activator$InitRemoteEditJob.run(Activator.java:77)
	at org.eclipse.core.internal.jobs.Worker.run(Worker.java:56)

!ENTRY org.eclipse.core.resources 4 2 2018-06-26 22:42:00.576
!MESSAGE Problems occurred when invoking code from plug-in: "org.eclipse.core.resources".
!STACK 0
java.lang.NullPointerException
	at org.eclipse.m2e.jdt.internal.MavenClasspathContainerInitializer.getBuildPathManager(MavenClasspathContainerInitializer.java:80)
	at org.eclipse.m2e.jdt.internal.MavenClasspathContainerInitializer.initialize(MavenClasspathContainerInitializer.java:46)
	at org.eclipse.jdt.internal.core.JavaModelManager.initializeContainer(JavaModelManager.java:3112)
	at org.eclipse.jdt.internal.core.JavaModelManager$10.run(JavaModelManager.java:3018)
	at org.eclipse.jdt.internal.core.JavaModelManager.initializeAllContainers(JavaModelManager.java:3056)
	at org.eclipse.jdt.internal.core.JavaModelManager.getClasspathContainer(JavaModelManager.java:2056)
	at org.eclipse.jdt.core.JavaCore.getClasspathContainer(JavaCore.java:3548)
	at org.eclipse.jdt.internal.core.JavaProject.resolveClasspath(JavaProject.java:2986)
	at org.eclipse.jdt.internal.core.JavaProject.resolveClasspath(JavaProject.java:3150)
	at org.eclipse.jdt.internal.core.JavaProject.getResolvedClasspath(JavaProject.java:2255)
	at org.eclipse.jdt.internal.core.DeltaProcessor.createExternalArchiveDelta(DeltaProcessor.java:997)
	at org.eclipse.jdt.internal.core.DeltaProcessor.checkExternalArchiveChanges(DeltaProcessor.java:868)
	at org.eclipse.jdt.internal.core.DeltaProcessor.resourceChanged(DeltaProcessor.java:2071)
	at org.eclipse.jdt.internal.core.DeltaProcessingState.resourceChanged(DeltaProcessingState.java:473)
	at org.eclipse.core.internal.events.NotificationManager$1.run(NotificationManager.java:299)
	at org.eclipse.core.runtime.SafeRunner.run(SafeRunner.java:42)
	at org.eclipse.core.internal.events.NotificationManager.notify(NotificationManager.java:289)
	at org.eclipse.core.internal.events.NotificationManager.handleEvent(NotificationManager.java:271)
	at org.eclipse.core.internal.resources.Workspace.broadcastEvent(Workspace.java:369)
	at org.eclipse.core.internal.resources.Resource.refreshLocal(Resource.java:1559)
	at org.eclipse.rse.internal.files.ui.resources.SystemRemoteEditManager.refreshRemoteEditProject(SystemRemoteEditManager.java:794)
	at org.eclipse.rse.internal.files.ui.Activator$InitRemoteEditJob.run(Activator.java:77)
	at org.eclipse.core.internal.jobs.Worker.run(Worker.java:56)

!ENTRY org.eclipse.epp.logging.aeri.ide 2 17 2018-06-26 22:42:16.386
!MESSAGE Server org.jboss.tools failed with exception: null. ; version: 2.0.7.v20170906-1327
!STACK 0
java.lang.NullPointerException
	at org.eclipse.epp.internal.logging.aeri.ide.custom.CustomServerDescriptor.loadImage(CustomServerDescriptor.java:52)
	at org.eclipse.epp.internal.logging.aeri.ide.custom.CustomServerDescriptor.getImage32(CustomServerDescriptor.java:45)
	at org.eclipse.epp.internal.logging.aeri.ide.dialogs.ServersPage.createControl(ServersPage.java:139)
	at org.eclipse.jface.wizard.Wizard.createPageControls(Wizard.java:176)
	at org.eclipse.jface.wizard.WizardDialog.createPageControls(WizardDialog.java:688)
	at org.eclipse.jface.wizard.WizardDialog.createContents(WizardDialog.java:580)
	at org.eclipse.jface.window.Window.create(Window.java:426)
	at org.eclipse.jface.dialogs.Dialog.create(Dialog.java:1096)
	at org.eclipse.jface.window.Window.open(Window.java:783)
	at org.eclipse.epp.internal.logging.aeri.ide.handlers.OpenSystemSetupWizardHandler.execute(OpenSystemSetupWizardHandler.java:63)
	at java.base/jdk.internal.reflect.NativeMethodAccessorImpl.invoke0(Native Method)
	at java.base/jdk.internal.reflect.NativeMethodAccessorImpl.invoke(Unknown Source)
	at java.base/jdk.internal.reflect.DelegatingMethodAccessorImpl.invoke(Unknown Source)
	at java.base/java.lang.reflect.Method.invoke(Unknown Source)
	at org.eclipse.e4.core.internal.di.MethodRequestor.execute(MethodRequestor.java:55)
	at org.eclipse.e4.core.internal.di.InjectorImpl.invokeUsingClass(InjectorImpl.java:305)
	at org.eclipse.e4.core.internal.di.InjectorImpl.invoke(InjectorImpl.java:239)
	at org.eclipse.e4.core.contexts.ContextInjectionFactory.invoke(ContextInjectionFactory.java:132)
	at org.eclipse.epp.logging.aeri.core.SystemControl.executeHandler(SystemControl.java:128)
	at org.eclipse.epp.internal.logging.aeri.ide.notifications.SetupSystemNotification$1.execute(SetupSystemNotification.java:44)
	at org.eclipse.epp.internal.logging.aeri.ide.notifications.NotificationPopup$1.linkActivated(NotificationPopup.java:270)
	at org.eclipse.ui.forms.widgets.AbstractHyperlink.handleActivate(AbstractHyperlink.java:213)
	at org.eclipse.ui.forms.widgets.ImageHyperlink.handleActivate(ImageHyperlink.java:208)
	at org.eclipse.ui.forms.widgets.AbstractHyperlink.handleMouseUp(AbstractHyperlink.java:307)
	at org.eclipse.ui.forms.widgets.AbstractHyperlink.lambda$3(AbstractHyperlink.java:115)
	at org.eclipse.swt.widgets.EventTable.sendEvent(EventTable.java:86)
	at org.eclipse.swt.widgets.Display.sendEvent(Display.java:4428)
	at org.eclipse.swt.widgets.Widget.sendEvent(Widget.java:1079)
	at org.eclipse.swt.widgets.Display.runDeferredEvents(Display.java:4238)
	at org.eclipse.swt.widgets.Display.readAndDispatch(Display.java:3817)
	at org.eclipse.e4.ui.internal.workbench.swt.PartRenderingEngine$5.run(PartRenderingEngine.java:1150)
	at org.eclipse.core.databinding.observable.Realm.runWithDefault(Realm.java:336)
	at org.eclipse.e4.ui.internal.workbench.swt.PartRenderingEngine.run(PartRenderingEngine.java:1039)
	at org.eclipse.e4.ui.internal.workbench.E4Workbench.createAndRunUI(E4Workbench.java:153)
	at org.eclipse.ui.internal.Workbench.lambda$3(Workbench.java:680)
	at org.eclipse.core.databinding.observable.Realm.runWithDefault(Realm.java:336)
	at org.eclipse.ui.internal.Workbench.createAndRunWorkbench(Workbench.java:594)
	at org.eclipse.ui.PlatformUI.createAndRunWorkbench(PlatformUI.java:148)
	at org.eclipse.ui.internal.ide.application.IDEApplication.start(IDEApplication.java:151)
	at org.eclipse.equinox.internal.app.EclipseAppHandle.run(EclipseAppHandle.java:196)
	at org.eclipse.core.runtime.internal.adaptor.EclipseAppLauncher.runApplication(EclipseAppLauncher.java:134)
	at org.eclipse.core.runtime.internal.adaptor.EclipseAppLauncher.start(EclipseAppLauncher.java:104)
	at org.eclipse.core.runtime.adaptor.EclipseStarter.run(EclipseStarter.java:388)
	at org.eclipse.core.runtime.adaptor.EclipseStarter.run(EclipseStarter.java:243)
	at java.base/jdk.internal.reflect.NativeMethodAccessorImpl.invoke0(Native Method)
	at java.base/jdk.internal.reflect.NativeMethodAccessorImpl.invoke(Unknown Source)
	at java.base/jdk.internal.reflect.DelegatingMethodAccessorImpl.invoke(Unknown Source)
	at java.base/java.lang.reflect.Method.invoke(Unknown Source)
	at org.eclipse.equinox.launcher.Main.invokeFramework(Main.java:653)
	at org.eclipse.equinox.launcher.Main.basicRun(Main.java:590)
	at org.eclipse.equinox.launcher.Main.run(Main.java:1499)
	at org.eclipse.equinox.launcher.Main.main(Main.java:1472)
