
Feb 11, 2018 17:35:14.37 NEW SESSION
Feb 11, 2018 17:35:14.37 [7940:3408:0211/173514.376:ERROR:external_registry_loader_win.cc(157)] File C:\Program Files (x86)\PremierOpinion\pmcm.crx for key Software\Google\Chrome\Extensions\mkndcbhcgphcfkkddanakjiepeknbgle does not exist or is not readable.
Feb 11, 2018 17:35:33.14 [3024:1300:0211/173533.148:ERROR:external_registry_loader_win.cc(157)] File C:\Program Files (x86)\PremierOpinion\pmcm.crx for key Software\Google\Chrome\Extensions\mkndcbhcgphcfkkddanakjiepeknbgle does not exist or is not readable.
Feb 11, 2018 17:36:54.06 [7464:1000:0211/173654.060:ERROR:external_registry_loader_win.cc(157)] File C:\Program Files (x86)\PremierOpinion\pmcm.crx for key Software\Google\Chrome\Extensions\mkndcbhcgphcfkkddanakjiepeknbgle does not exist or is not readable.
Feb 11, 2018 17:43:55.89 [6136:2372:0211/174355.893:ERROR:external_registry_loader_win.cc(157)] File C:\Program Files (x86)\PremierOpinion\pmcm.crx for key Software\Google\Chrome\Extensions\mkndcbhcgphcfkkddanakjiepeknbgle does not exist or is not readable.
Feb 11, 2018 17:44:06.89 [6136:8632:0211/174406.894:ERROR:gcm_channel_status_request.cc(127)] GCM channel request failed.
Feb 11, 2018 17:45:38.92 [4468:4356:0211/174538.922:ERROR:external_registry_loader_win.cc(157)] File C:\Program Files (x86)\PremierOpinion\pmcm.crx for key Software\Google\Chrome\Extensions\mkndcbhcgphcfkkddanakjiepeknbgle does not exist or is not readable.
Feb 11, 2018 17:46:35.89 [1380:4896:0211/174635.897:ERROR:external_registry_loader_win.cc(157)] File C:\Program Files (x86)\PremierOpinion\pmcm.crx for key Software\Google\Chrome\Extensions\mkndcbhcgphcfkkddanakjiepeknbgle does not exist or is not readable.
Feb 11, 2018 17:47:29.70 [5720:3980:0211/174729.701:ERROR:external_registry_loader_win.cc(157)] File C:\Program Files (x86)\PremierOpinion\pmcm.crx for key Software\Google\Chrome\Extensions\mkndcbhcgphcfkkddanakjiepeknbgle does not exist or is not readable.
Feb 11, 2018 17:48:04.12 [1684:1636:0211/174804.127:ERROR:external_registry_loader_win.cc(157)] File C:\Program Files (x86)\PremierOpinion\pmcm.crx for key Software\Google\Chrome\Extensions\mkndcbhcgphcfkkddanakjiepeknbgle does not exist or is not readable.
Feb 11, 2018 18:20:55.06 [9160:1856:0211/182055.068:ERROR:external_registry_loader_win.cc(157)] File C:\Program Files (x86)\PremierOpinion\pmcm.crx for key Software\Google\Chrome\Extensions\mkndcbhcgphcfkkddanakjiepeknbgle does not exist or is not readable.
Feb 11, 2018 18:21:24.84 [4328:1500:0211/182124.849:ERROR:external_registry_loader_win.cc(157)] File C:\Program Files (x86)\PremierOpinion\pmcm.crx for key Software\Google\Chrome\Extensions\mkndcbhcgphcfkkddanakjiepeknbgle does not exist or is not readable.
Feb 11, 2018 18:21:55.07 [8236:3912:0211/182155.075:ERROR:external_registry_loader_win.cc(157)] File C:\Program Files (x86)\PremierOpinion\pmcm.crx for key Software\Google\Chrome\Extensions\mkndcbhcgphcfkkddanakjiepeknbgle does not exist or is not readable.
Feb 11, 2018 18:23:04.07 [2372:4720:0211/182304.073:ERROR:external_registry_loader_win.cc(157)] File C:\Program Files (x86)\PremierOpinion\pmcm.crx for key Software\Google\Chrome\Extensions\mkndcbhcgphcfkkddanakjiepeknbgle does not exist or is not readable.
Feb 11, 2018 18:23:45.63 [2364:4368:0211/182345.633:ERROR:external_registry_loader_win.cc(157)] File C:\Program Files (x86)\PremierOpinion\pmcm.crx for key Software\Google\Chrome\Extensions\mkndcbhcgphcfkkddanakjiepeknbgle does not exist or is not readable.
Feb 11, 2018 18:24:33.41 [3328:6180:0211/182433.417:ERROR:external_registry_loader_win.cc(157)] File C:\Program Files (x86)\PremierOpinion\pmcm.crx for key Software\Google\Chrome\Extensions\mkndcbhcgphcfkkddanakjiepeknbgle does not exist or is not readable.
Feb 11, 2018 18:25:37.64 [5340:6604:0211/182537.643:ERROR:external_registry_loader_win.cc(157)] File C:\Program Files (x86)\PremierOpinion\pmcm.crx for key Software\Google\Chrome\Extensions\mkndcbhcgphcfkkddanakjiepeknbgle does not exist or is not readable.
Feb 11, 2018 18:31:16.57 [8456:5828:0211/183116.578:ERROR:external_registry_loader_win.cc(157)] File C:\Program Files (x86)\PremierOpinion\pmcm.crx for key Software\Google\Chrome\Extensions\mkndcbhcgphcfkkddanakjiepeknbgle does not exist or is not readable.
Feb 11, 2018 18:33:16.71 [8456:8084:0211/183316.713:ERROR:process_metrics.cc(105)] NOT IMPLEMENTED
Feb 11, 2018 18:33:16.71 [8456:8084:0211/183316.713:ERROR:process_metrics.cc(105)] NOT IMPLEMENTED
Feb 11, 2018 18:33:16.71 [8456:8084:0211/183316.713:ERROR:process_metrics.cc(105)] NOT IMPLEMENTED
Feb 11, 2018 18:33:16.71 [8456:8084:0211/183316.713:ERROR:process_metrics.cc(105)] NOT IMPLEMENTED
Feb 11, 2018 18:34:49.58 [8456:2028:0211/183449.583:ERROR:gcm_channel_status_request.cc(127)] GCM channel request failed.
Feb 11, 2018 18:35:09.83 [8456:2028:0211/183509.831:ERROR:gcm_channel_status_request.cc(127)] GCM channel request failed.
Feb 11, 2018 18:35:16.72 [8456:8084:0211/183516.722:ERROR:process_metrics.cc(105)] NOT IMPLEMENTED
Feb 11, 2018 18:35:16.72 [8456:8084:0211/183516.722:ERROR:process_metrics.cc(105)] NOT IMPLEMENTED
Feb 11, 2018 18:35:16.72 [8456:8084:0211/183516.722:ERROR:process_metrics.cc(105)] NOT IMPLEMENTED
Feb 11, 2018 18:35:16.72 [8456:8084:0211/183516.722:ERROR:process_metrics.cc(105)] NOT IMPLEMENTED
Feb 11, 2018 18:36:02.57 [8456:2028:0211/183602.579:ERROR:gcm_channel_status_request.cc(127)] GCM channel request failed.
Feb 11, 2018 18:37:16.72 [8456:8084:0211/183716.728:ERROR:process_metrics.cc(105)] NOT IMPLEMENTED
Feb 11, 2018 18:37:16.72 [8456:8084:0211/183716.728:ERROR:process_metrics.cc(105)] NOT IMPLEMENTED
Feb 11, 2018 18:37:16.72 [8456:8084:0211/183716.728:ERROR:process_metrics.cc(105)] NOT IMPLEMENTED
Feb 11, 2018 18:37:16.72 [8456:8084:0211/183716.728:ERROR:process_metrics.cc(105)] NOT IMPLEMENTED
Feb 11, 2018 18:38:13.63 [8424:2572:0211/183813.639:ERROR:external_registry_loader_win.cc(157)] File C:\Program Files (x86)\PremierOpinion\pmcm.crx for key Software\Google\Chrome\Extensions\mkndcbhcgphcfkkddanakjiepeknbgle does not exist or is not readable.
Feb 11, 2018 18:38:24.85 [6612:8216:0211/183824.858:ERROR:external_registry_loader_win.cc(157)] File C:\Program Files (x86)\PremierOpinion\pmcm.crx for key Software\Google\Chrome\Extensions\mkndcbhcgphcfkkddanakjiepeknbgle does not exist or is not readable.
Feb 11, 2018 18:40:24.98 [6612:6180:0211/184024.983:ERROR:process_metrics.cc(105)] NOT IMPLEMENTED
Feb 11, 2018 18:40:24.98 [6612:6180:0211/184024.983:ERROR:process_metrics.cc(105)] NOT IMPLEMENTED
Feb 11, 2018 18:40:24.98 [6612:6180:0211/184024.983:ERROR:process_metrics.cc(105)] NOT IMPLEMENTED
Feb 11, 2018 18:40:24.98 [6612:6180:0211/184024.983:ERROR:process_metrics.cc(105)] NOT IMPLEMENTED
Feb 11, 2018 18:42:25.00 [6612:6180:0211/184225.000:ERROR:process_metrics.cc(105)] NOT IMPLEMENTED
Feb 11, 2018 18:42:25.00 [6612:6180:0211/184225.000:ERROR:process_metrics.cc(105)] NOT IMPLEMENTED
Feb 11, 2018 18:42:25.00 [6612:6180:0211/184225.000:ERROR:process_metrics.cc(105)] NOT IMPLEMENTED
Feb 11, 2018 18:42:25.00 [6612:6180:0211/184225.000:ERROR:process_metrics.cc(105)] NOT IMPLEMENTED
Feb 11, 2018 18:44:25.00 [6612:6180:0211/184425.003:ERROR:process_metrics.cc(105)] NOT IMPLEMENTED
Feb 11, 2018 18:44:25.00 [6612:6180:0211/184425.003:ERROR:process_metrics.cc(105)] NOT IMPLEMENTED
Feb 11, 2018 18:44:25.00 [6612:6180:0211/184425.003:ERROR:process_metrics.cc(105)] NOT IMPLEMENTED
Feb 11, 2018 18:44:25.00 [6612:6180:0211/184425.003:ERROR:process_metrics.cc(105)] NOT IMPLEMENTED
Feb 11, 2018 18:46:25.00 [6612:6180:0211/184625.007:ERROR:process_metrics.cc(105)] NOT IMPLEMENTED
Feb 11, 2018 18:46:25.00 [6612:6180:0211/184625.007:ERROR:process_metrics.cc(105)] NOT IMPLEMENTED
Feb 11, 2018 18:46:25.00 [6612:6180:0211/184625.007:ERROR:process_metrics.cc(105)] NOT IMPLEMENTED
Feb 11, 2018 18:46:25.00 [6612:6180:0211/184625.007:ERROR:process_metrics.cc(105)] NOT IMPLEMENTED
Feb 11, 2018 18:47:21.87 [6612:4464:0211/184721.872:ERROR:gcm_channel_status_request.cc(127)] GCM channel request failed.
Feb 11, 2018 18:47:44.25 [6612:4464:0211/184744.251:ERROR:gcm_channel_status_request.cc(127)] GCM channel request failed.
Feb 11, 2018 18:48:25.01 [6612:6180:0211/184825.016:ERROR:process_metrics.cc(105)] NOT IMPLEMENTED
Feb 11, 2018 18:48:25.01 [6612:6180:0211/184825.016:ERROR:process_metrics.cc(105)] NOT IMPLEMENTED
Feb 11, 2018 18:48:25.01 [6612:6180:0211/184825.016:ERROR:process_metrics.cc(105)] NOT IMPLEMENTED
Feb 11, 2018 18:48:25.01 [6612:6180:0211/184825.016:ERROR:process_metrics.cc(105)] NOT IMPLEMENTED
Feb 11, 2018 18:48:33.20 [6612:4464:0211/184833.208:ERROR:gcm_channel_status_request.cc(127)] GCM channel request failed.
Feb 11, 2018 18:49:57.70 [6612:4464:0211/184957.629:ERROR:gcm_channel_status_request.cc(127)] GCM channel request failed.
Feb 11, 2018 18:50:25.01 [6612:6180:0211/185025.018:ERROR:process_metrics.cc(105)] NOT IMPLEMENTED
Feb 11, 2018 18:50:25.01 [6612:6180:0211/185025.018:ERROR:process_metrics.cc(105)] NOT IMPLEMENTED
Feb 11, 2018 18:50:25.01 [6612:6180:0211/185025.018:ERROR:process_metrics.cc(105)] NOT IMPLEMENTED
Feb 11, 2018 18:50:25.01 [6612:6180:0211/185025.018:ERROR:process_metrics.cc(105)] NOT IMPLEMENTED
Feb 11, 2018 18:52:25.03 [6612:6180:0211/185225.033:ERROR:process_metrics.cc(105)] NOT IMPLEMENTED
Feb 11, 2018 18:52:25.03 [6612:6180:0211/185225.033:ERROR:process_metrics.cc(105)] NOT IMPLEMENTED
Feb 11, 2018 18:52:25.03 [6612:6180:0211/185225.033:ERROR:process_metrics.cc(105)] NOT IMPLEMENTED
Feb 11, 2018 18:52:25.03 [6612:6180:0211/185225.033:ERROR:process_metrics.cc(105)] NOT IMPLEMENTED
Feb 11, 2018 18:53:00.55 [6612:4464:0211/185300.550:ERROR:gcm_channel_status_request.cc(127)] GCM channel request failed.
Feb 11, 2018 18:54:25.04 [6612:6180:0211/185425.043:ERROR:process_metrics.cc(105)] NOT IMPLEMENTED
Feb 11, 2018 18:54:25.04 [6612:6180:0211/185425.043:ERROR:process_metrics.cc(105)] NOT IMPLEMENTED
Feb 11, 2018 18:54:25.04 [6612:6180:0211/185425.043:ERROR:process_metrics.cc(105)] NOT IMPLEMENTED
Feb 11, 2018 18:54:25.04 [6612:6180:0211/185425.043:ERROR:process_metrics.cc(105)] NOT IMPLEMENTED
Feb 11, 2018 18:56:25.05 [6612:6180:0211/185625.056:ERROR:process_metrics.cc(105)] NOT IMPLEMENTED
Feb 11, 2018 18:56:25.05 [6612:6180:0211/185625.056:ERROR:process_metrics.cc(105)] NOT IMPLEMENTED
Feb 11, 2018 18:56:25.05 [6612:6180:0211/185625.056:ERROR:process_metrics.cc(105)] NOT IMPLEMENTED
Feb 11, 2018 18:56:25.05 [6612:6180:0211/185625.056:ERROR:process_metrics.cc(105)] NOT IMPLEMENTED
Feb 11, 2018 18:58:25.15 [6612:6180:0211/185825.062:ERROR:process_metrics.cc(105)] NOT IMPLEMENTED
Feb 11, 2018 18:58:25.31 [6612:6180:0211/185825.062:ERROR:process_metrics.cc(105)] NOT IMPLEMENTED
Feb 11, 2018 18:58:25.46 [6612:6180:0211/185825.062:ERROR:process_metrics.cc(105)] NOT IMPLEMENTED
Feb 11, 2018 18:58:25.62 [6612:6180:0211/185825.062:ERROR:process_metrics.cc(105)] NOT IMPLEMENTED
Feb 11, 2018 19:00:25.06 [6612:6180:0211/190025.069:ERROR:process_metrics.cc(105)] NOT IMPLEMENTED
Feb 11, 2018 19:00:25.06 [6612:6180:0211/190025.069:ERROR:process_metrics.cc(105)] NOT IMPLEMENTED
Feb 11, 2018 19:00:25.06 [6612:6180:0211/190025.069:ERROR:process_metrics.cc(105)] NOT IMPLEMENTED
Feb 11, 2018 19:00:25.06 [6612:6180:0211/190025.069:ERROR:process_metrics.cc(105)] NOT IMPLEMENTED
Feb 11, 2018 19:00:59.54 [6612:4464:0211/190059.542:ERROR:gcm_channel_status_request.cc(127)] GCM channel request failed.
Feb 11, 2018 19:02:25.07 [6612:6180:0211/190225.077:ERROR:process_metrics.cc(105)] NOT IMPLEMENTED
Feb 11, 2018 19:02:25.07 [6612:6180:0211/190225.077:ERROR:process_metrics.cc(105)] NOT IMPLEMENTED
Feb 11, 2018 19:02:25.07 [6612:6180:0211/190225.077:ERROR:process_metrics.cc(105)] NOT IMPLEMENTED
Feb 11, 2018 19:02:25.07 [6612:6180:0211/190225.077:ERROR:process_metrics.cc(105)] NOT IMPLEMENTED
Feb 11, 2018 19:04:25.08 [6612:6180:0211/190425.086:ERROR:process_metrics.cc(105)] NOT IMPLEMENTED
Feb 11, 2018 19:04:25.08 [6612:6180:0211/190425.086:ERROR:process_metrics.cc(105)] NOT IMPLEMENTED
Feb 11, 2018 19:04:25.08 [6612:6180:0211/190425.086:ERROR:process_metrics.cc(105)] NOT IMPLEMENTED
Feb 11, 2018 19:04:25.08 [6612:6180:0211/190425.086:ERROR:process_metrics.cc(105)] NOT IMPLEMENTED
Feb 11, 2018 19:06:25.09 [6612:6180:0211/190625.090:ERROR:process_metrics.cc(105)] NOT IMPLEMENTED
Feb 11, 2018 19:06:25.09 [6612:6180:0211/190625.090:ERROR:process_metrics.cc(105)] NOT IMPLEMENTED
Feb 11, 2018 19:06:25.09 [6612:6180:0211/190625.090:ERROR:process_metrics.cc(105)] NOT IMPLEMENTED
Feb 11, 2018 19:06:25.09 [6612:6180:0211/190625.090:ERROR:process_metrics.cc(105)] NOT IMPLEMENTED
Feb 11, 2018 19:08:25.09 [6612:6180:0211/190825.091:ERROR:process_metrics.cc(105)] NOT IMPLEMENTED
Feb 11, 2018 19:08:25.09 [6612:6180:0211/190825.091:ERROR:process_metrics.cc(105)] NOT IMPLEMENTED
Feb 11, 2018 19:08:25.09 [6612:6180:0211/190825.091:ERROR:process_metrics.cc(105)] NOT IMPLEMENTED
Feb 11, 2018 19:08:25.09 [6612:6180:0211/190825.091:ERROR:process_metrics.cc(105)] NOT IMPLEMENTED
Feb 11, 2018 19:10:25.10 [6612:6180:0211/191025.106:ERROR:process_metrics.cc(105)] NOT IMPLEMENTED
Feb 11, 2018 19:10:25.10 [6612:6180:0211/191025.106:ERROR:process_metrics.cc(105)] NOT IMPLEMENTED
Feb 11, 2018 19:10:25.10 [6612:6180:0211/191025.106:ERROR:process_metrics.cc(105)] NOT IMPLEMENTED
Feb 11, 2018 19:10:25.10 [6612:6180:0211/191025.106:ERROR:process_metrics.cc(105)] NOT IMPLEMENTED
Feb 11, 2018 19:10:59.54 [6612:4464:0211/191059.549:ERROR:gcm_channel_status_request.cc(127)] GCM channel request failed.
Feb 11, 2018 19:15:01.92 [7364:8708:0211/191501.927:ERROR:external_registry_loader_win.cc(157)] File C:\Program Files (x86)\PremierOpinion\pmcm.crx for key Software\Google\Chrome\Extensions\mkndcbhcgphcfkkddanakjiepeknbgle does not exist or is not readable.
Feb 11, 2018 19:22:32.48 [4900:7852:0211/192232.488:ERROR:external_registry_loader_win.cc(157)] File C:\Program Files (x86)\PremierOpinion\pmcm.crx for key Software\Google\Chrome\Extensions\mkndcbhcgphcfkkddanakjiepeknbgle does not exist or is not readable.
Feb 11, 2018 19:31:55.75 [8720:7504:0211/193155.756:ERROR:external_registry_loader_win.cc(157)] File C:\Program Files (x86)\PremierOpinion\pmcm.crx for key Software\Google\Chrome\Extensions\mkndcbhcgphcfkkddanakjiepeknbgle does not exist or is not readable.
Feb 11, 2018 19:32:52.18 [6012:7576:0211/193252.180:ERROR:external_registry_loader_win.cc(157)] File C:\Program Files (x86)\PremierOpinion\pmcm.crx for key Software\Google\Chrome\Extensions\mkndcbhcgphcfkkddanakjiepeknbgle does not exist or is not readable.
Feb 11, 2018 19:33:42.45 [6140:4468:0211/193342.457:ERROR:external_registry_loader_win.cc(157)] File C:\Program Files (x86)\PremierOpinion\pmcm.crx for key Software\Google\Chrome\Extensions\mkndcbhcgphcfkkddanakjiepeknbgle does not exist or is not readable.
Feb 11, 2018 19:34:20.44 [8352:3960:0211/193420.440:ERROR:external_registry_loader_win.cc(157)] File C:\Program Files (x86)\PremierOpinion\pmcm.crx for key Software\Google\Chrome\Extensions\mkndcbhcgphcfkkddanakjiepeknbgle does not exist or is not readable.

Feb 12, 2018 12:59:40.80 NEW SESSION
Feb 12, 2018 12:59:40.80 [5000:5340:0212/125940.650:ERROR:external_registry_loader_win.cc(157)] File C:\Program Files (x86)\PremierOpinion\pmcm.crx for key Software\Google\Chrome\Extensions\mkndcbhcgphcfkkddanakjiepeknbgle does not exist or is not readable.
Feb 12, 2018 13:21:44.04 [5112:2136:0212/132144.047:ERROR:external_registry_loader_win.cc(157)] File C:\Program Files (x86)\PremierOpinion\pmcm.crx for key Software\Google\Chrome\Extensions\mkndcbhcgphcfkkddanakjiepeknbgle does not exist or is not readable.
Feb 12, 2018 13:24:06.39 [8764:864:0212/132406.391:ERROR:external_registry_loader_win.cc(157)] File C:\Program Files (x86)\PremierOpinion\pmcm.crx for key Software\Google\Chrome\Extensions\mkndcbhcgphcfkkddanakjiepeknbgle does not exist or is not readable.
Feb 12, 2018 13:26:06.50 [8764:80:0212/132606.509:ERROR:process_metrics.cc(105)] NOT IMPLEMENTED
Feb 12, 2018 13:26:06.50 [8764:80:0212/132606.509:ERROR:process_metrics.cc(105)] NOT IMPLEMENTED
Feb 12, 2018 13:26:06.50 [8764:80:0212/132606.509:ERROR:process_metrics.cc(105)] NOT IMPLEMENTED
Feb 12, 2018 13:26:06.50 [8764:80:0212/132606.509:ERROR:process_metrics.cc(105)] NOT IMPLEMENTED
Feb 12, 2018 13:28:06.52 [8764:80:0212/132806.522:ERROR:process_metrics.cc(105)] NOT IMPLEMENTED
Feb 12, 2018 13:28:06.52 [8764:80:0212/132806.522:ERROR:process_metrics.cc(105)] NOT IMPLEMENTED
Feb 12, 2018 13:28:06.52 [8764:80:0212/132806.522:ERROR:process_metrics.cc(105)] NOT IMPLEMENTED
Feb 12, 2018 13:28:06.52 [8764:80:0212/132806.522:ERROR:process_metrics.cc(105)] NOT IMPLEMENTED
Feb 12, 2018 13:30:06.53 [8764:80:0212/133006.532:ERROR:process_metrics.cc(105)] NOT IMPLEMENTED
Feb 12, 2018 13:30:06.53 [8764:80:0212/133006.532:ERROR:process_metrics.cc(105)] NOT IMPLEMENTED
Feb 12, 2018 13:30:06.53 [8764:80:0212/133006.532:ERROR:process_metrics.cc(105)] NOT IMPLEMENTED
Feb 12, 2018 13:30:06.53 [8764:80:0212/133006.532:ERROR:process_metrics.cc(105)] NOT IMPLEMENTED
Feb 12, 2018 13:31:08.78 [1468:708:0212/133108.787:ERROR:external_registry_loader_win.cc(157)] File C:\Program Files (x86)\PremierOpinion\pmcm.crx for key Software\Google\Chrome\Extensions\mkndcbhcgphcfkkddanakjiepeknbgle does not exist or is not readable.
Feb 12, 2018 13:33:08.92 [1468:8864:0212/133308.921:ERROR:process_metrics.cc(105)] NOT IMPLEMENTED
Feb 12, 2018 13:33:08.92 [1468:8864:0212/133308.921:ERROR:process_metrics.cc(105)] NOT IMPLEMENTED
Feb 12, 2018 13:33:08.92 [1468:8864:0212/133308.921:ERROR:process_metrics.cc(105)] NOT IMPLEMENTED
Feb 12, 2018 13:33:08.92 [1468:8864:0212/133308.921:ERROR:process_metrics.cc(105)] NOT IMPLEMENTED
Feb 12, 2018 13:35:08.92 [1468:8864:0212/133508.926:ERROR:process_metrics.cc(105)] NOT IMPLEMENTED
Feb 12, 2018 13:35:08.92 [1468:8864:0212/133508.926:ERROR:process_metrics.cc(105)] NOT IMPLEMENTED
Feb 12, 2018 13:35:08.92 [1468:8864:0212/133508.926:ERROR:process_metrics.cc(105)] NOT IMPLEMENTED
Feb 12, 2018 13:35:08.92 [1468:8864:0212/133508.926:ERROR:process_metrics.cc(105)] NOT IMPLEMENTED
Feb 12, 2018 13:41:02.09 [7280:8632:0212/134102.097:ERROR:external_registry_loader_win.cc(157)] File C:\Program Files (x86)\PremierOpinion\pmcm.crx for key Software\Google\Chrome\Extensions\mkndcbhcgphcfkkddanakjiepeknbgle does not exist or is not readable.

Feb 12, 2018 21:27:36.55 NEW SESSION
Feb 12, 2018 21:27:36.55 [3668:1796:0212/212736.541:ERROR:external_registry_loader_win.cc(157)] File C:\Program Files (x86)\PremierOpinion\pmcm.crx for key Software\Google\Chrome\Extensions\mkndcbhcgphcfkkddanakjiepeknbgle does not exist or is not readable.
Feb 12, 2018 21:28:37.65 [4008:5692:0212/212837.658:ERROR:external_registry_loader_win.cc(157)] File C:\Program Files (x86)\PremierOpinion\pmcm.crx for key Software\Google\Chrome\Extensions\mkndcbhcgphcfkkddanakjiepeknbgle does not exist or is not readable.
Feb 12, 2018 22:05:39.36 [7616:8008:0212/220539.368:ERROR:external_registry_loader_win.cc(157)] File C:\Program Files (x86)\PremierOpinion\pmcm.crx for key Software\Google\Chrome\Extensions\mkndcbhcgphcfkkddanakjiepeknbgle does not exist or is not readable.

Feb 12, 2018 23:21:32.36 NEW SESSION
Feb 12, 2018 23:21:32.36 [4400:4780:0212/232132.362:ERROR:external_registry_loader_win.cc(157)] File C:\Program Files (x86)\PremierOpinion\pmcm.crx for key Software\Google\Chrome\Extensions\mkndcbhcgphcfkkddanakjiepeknbgle does not exist or is not readable.
Feb 12, 2018 23:24:01.46 [8876:4980:0212/232401.468:ERROR:external_registry_loader_win.cc(157)] File C:\Program Files (x86)\PremierOpinion\pmcm.crx for key Software\Google\Chrome\Extensions\mkndcbhcgphcfkkddanakjiepeknbgle does not exist or is not readable.
Feb 12, 2018 23:24:17.48 [8876:1876:0212/232417.479:ERROR:gcm_channel_status_request.cc(127)] GCM channel request failed.
Feb 12, 2018 23:24:44.88 [8876:1876:0212/232444.886:ERROR:gcm_channel_status_request.cc(127)] GCM channel request failed.
Feb 12, 2018 23:25:30.84 [1476:8108:0212/232530.840:ERROR:external_registry_loader_win.cc(157)] File C:\Program Files (x86)\PremierOpinion\pmcm.crx for key Software\Google\Chrome\Extensions\mkndcbhcgphcfkkddanakjiepeknbgle does not exist or is not readable.
Feb 12, 2018 23:26:46.62 [7484:6684:0212/232646.628:ERROR:external_registry_loader_win.cc(157)] File C:\Program Files (x86)\PremierOpinion\pmcm.crx for key Software\Google\Chrome\Extensions\mkndcbhcgphcfkkddanakjiepeknbgle does not exist or is not readable.
Feb 12, 2018 23:27:04.70 [1456:8004:0212/232704.707:ERROR:external_registry_loader_win.cc(157)] File C:\Program Files (x86)\PremierOpinion\pmcm.crx for key Software\Google\Chrome\Extensions\mkndcbhcgphcfkkddanakjiepeknbgle does not exist or is not readable.

Feb 13, 2018 13:59:10.88 NEW SESSION
Feb 13, 2018 13:59:10.88 [4336:5376:0213/135910.863:ERROR:external_registry_loader_win.cc(157)] File C:\Program Files (x86)\PremierOpinion\pmcm.crx for key Software\Google\Chrome\Extensions\mkndcbhcgphcfkkddanakjiepeknbgle does not exist or is not readable.
Feb 13, 2018 14:00:23.16 [1164:4784:0213/140023.168:ERROR:external_registry_loader_win.cc(157)] File C:\Program Files (x86)\PremierOpinion\pmcm.crx for key Software\Google\Chrome\Extensions\mkndcbhcgphcfkkddanakjiepeknbgle does not exist or is not readable.
Feb 13, 2018 14:00:49.52 [3096:8264:0213/140049.526:ERROR:external_registry_loader_win.cc(157)] File C:\Program Files (x86)\PremierOpinion\pmcm.crx for key Software\Google\Chrome\Extensions\mkndcbhcgphcfkkddanakjiepeknbgle does not exist or is not readable.
Feb 13, 2018 14:04:24.91 [9956:5896:0213/140424.918:ERROR:external_registry_loader_win.cc(157)] File C:\Program Files (x86)\PremierOpinion\pmcm.crx for key Software\Google\Chrome\Extensions\mkndcbhcgphcfkkddanakjiepeknbgle does not exist or is not readable.

Feb 13, 2018 23:47:57.01 NEW SESSION
Feb 13, 2018 23:47:57.01 [2032:6800:0213/234757.015:ERROR:external_registry_loader_win.cc(157)] File C:\Program Files (x86)\PremierOpinion\pmcm.crx for key Software\Google\Chrome\Extensions\mkndcbhcgphcfkkddanakjiepeknbgle does not exist or is not readable.
Feb 13, 2018 23:49:08.88 [1604:2580:0213/234908.882:ERROR:external_registry_loader_win.cc(157)] File C:\Program Files (x86)\PremierOpinion\pmcm.crx for key Software\Google\Chrome\Extensions\mkndcbhcgphcfkkddanakjiepeknbgle does not exist or is not readable.
Feb 13, 2018 23:50:10.88 [1604:7400:0213/235010.880:ERROR:gcm_channel_status_request.cc(127)] GCM channel request failed.
Feb 13, 2018 23:50:38.37 [1604:7400:0213/235038.376:ERROR:gcm_channel_status_request.cc(127)] GCM channel request failed.
Feb 13, 2018 23:51:09.03 [1604:8544:0213/235109.033:ERROR:process_metrics.cc(105)] NOT IMPLEMENTED
Feb 13, 2018 23:51:09.03 [1604:8544:0213/235109.033:ERROR:process_metrics.cc(105)] NOT IMPLEMENTED
Feb 13, 2018 23:51:09.03 [1604:8544:0213/235109.033:ERROR:process_metrics.cc(105)] NOT IMPLEMENTED
Feb 13, 2018 23:51:21.67 [1604:7400:0213/235121.678:ERROR:gcm_channel_status_request.cc(127)] GCM channel request failed.
Feb 13, 2018 23:51:30.91 [10676:10792:0213/235130.915:ERROR:external_registry_loader_win.cc(157)] File C:\Program Files (x86)\PremierOpinion\pmcm.crx for key Software\Google\Chrome\Extensions\mkndcbhcgphcfkkddanakjiepeknbgle does not exist or is not readable.
Feb 13, 2018 23:52:16.19 [2920:9320:0213/235216.195:ERROR:external_registry_loader_win.cc(157)] File C:\Program Files (x86)\PremierOpinion\pmcm.crx for key Software\Google\Chrome\Extensions\mkndcbhcgphcfkkddanakjiepeknbgle does not exist or is not readable.
Feb 14, 2018 24:22:06.16 [3388:11808:0214/002206.151:ERROR:external_registry_loader_win.cc(157)] File C:\Program Files (x86)\PremierOpinion\pmcm.crx for key Software\Google\Chrome\Extensions\mkndcbhcgphcfkkddanakjiepeknbgle does not exist or is not readable.
Feb 14, 2018 24:23:13.81 [5408:10640:0214/002313.810:ERROR:external_registry_loader_win.cc(157)] File C:\Program Files (x86)\PremierOpinion\pmcm.crx for key Software\Google\Chrome\Extensions\mkndcbhcgphcfkkddanakjiepeknbgle does not exist or is not readable.
Feb 14, 2018 24:24:33.15 [5904:1348:0214/002433.151:ERROR:external_registry_loader_win.cc(157)] File C:\Program Files (x86)\PremierOpinion\pmcm.crx for key Software\Google\Chrome\Extensions\mkndcbhcgphcfkkddanakjiepeknbgle does not exist or is not readable.
Feb 14, 2018 24:24:47.66 [7272:1628:0214/002447.663:ERROR:external_registry_loader_win.cc(157)] File C:\Program Files (x86)\PremierOpinion\pmcm.crx for key Software\Google\Chrome\Extensions\mkndcbhcgphcfkkddanakjiepeknbgle does not exist or is not readable.
Feb 14, 2018 24:25:35.48 [8200:8372:0214/002535.480:ERROR:external_registry_loader_win.cc(157)] File C:\Program Files (x86)\PremierOpinion\pmcm.crx for key Software\Google\Chrome\Extensions\mkndcbhcgphcfkkddanakjiepeknbgle does not exist or is not readable.
Feb 14, 2018 24:25:56.93 [9824:1176:0214/002556.931:ERROR:external_registry_loader_win.cc(157)] File C:\Program Files (x86)\PremierOpinion\pmcm.crx for key Software\Google\Chrome\Extensions\mkndcbhcgphcfkkddanakjiepeknbgle does not exist or is not readable.
Feb 14, 2018 24:48:26.02 [13108:2748:0214/004826.024:ERROR:external_registry_loader_win.cc(157)] File C:\Program Files (x86)\PremierOpinion\pmcm.crx for key Software\Google\Chrome\Extensions\mkndcbhcgphcfkkddanakjiepeknbgle does not exist or is not readable.
Feb 14, 2018 01:04:27.34 [2472:5304:0214/010427.340:ERROR:external_registry_loader_win.cc(157)] File C:\Program Files (x86)\PremierOpinion\pmcm.crx for key Software\Google\Chrome\Extensions\mkndcbhcgphcfkkddanakjiepeknbgle does not exist or is not readable.
Feb 14, 2018 01:12:10.38 [11772:8928:0214/011210.389:ERROR:external_registry_loader_win.cc(157)] File C:\Program Files (x86)\PremierOpinion\pmcm.crx for key Software\Google\Chrome\Extensions\mkndcbhcgphcfkkddanakjiepeknbgle does not exist or is not readable.
Feb 14, 2018 01:12:48.00 [10964:2256:0214/011248.005:ERROR:external_registry_loader_win.cc(157)] File C:\Program Files (x86)\PremierOpinion\pmcm.crx for key Software\Google\Chrome\Extensions\mkndcbhcgphcfkkddanakjiepeknbgle does not exist or is not readable.
Feb 14, 2018 01:13:42.43 [6796:10932:0214/011342.435:ERROR:external_registry_loader_win.cc(157)] File C:\Program Files (x86)\PremierOpinion\pmcm.crx for key Software\Google\Chrome\Extensions\mkndcbhcgphcfkkddanakjiepeknbgle does not exist or is not readable.
Feb 14, 2018 01:13:48.70 [12780:6812:0214/011348.706:ERROR:external_registry_loader_win.cc(157)] File C:\Program Files (x86)\PremierOpinion\pmcm.crx for key Software\Google\Chrome\Extensions\mkndcbhcgphcfkkddanakjiepeknbgle does not exist or is not readable.
Feb 14, 2018 01:15:03.23 [2744:11912:0214/011503.235:ERROR:external_registry_loader_win.cc(157)] File C:\Program Files (x86)\PremierOpinion\pmcm.crx for key Software\Google\Chrome\Extensions\mkndcbhcgphcfkkddanakjiepeknbgle does not exist or is not readable.

Feb 14, 2018 20:06:59.10 NEW SESSION
Feb 14, 2018 20:06:59.10 [10080:11372:0214/200659.062:ERROR:external_registry_loader_win.cc(157)] File C:\Program Files (x86)\PremierOpinion\pmcm.crx for key Software\Google\Chrome\Extensions\mkndcbhcgphcfkkddanakjiepeknbgle does not exist or is not readable.
Feb 14, 2018 20:07:31.30 [12628:11244:0214/200731.301:ERROR:external_registry_loader_win.cc(157)] File C:\Program Files (x86)\PremierOpinion\pmcm.crx for key Software\Google\Chrome\Extensions\mkndcbhcgphcfkkddanakjiepeknbgle does not exist or is not readable.
Feb 14, 2018 20:08:38.26 [10136:6868:0214/200838.263:ERROR:external_registry_loader_win.cc(157)] File C:\Program Files (x86)\PremierOpinion\pmcm.crx for key Software\Google\Chrome\Extensions\mkndcbhcgphcfkkddanakjiepeknbgle does not exist or is not readable.
Feb 14, 2018 20:12:16.62 [892:1760:0214/201216.623:ERROR:external_registry_loader_win.cc(157)] File C:\Program Files (x86)\PremierOpinion\pmcm.crx for key Software\Google\Chrome\Extensions\mkndcbhcgphcfkkddanakjiepeknbgle does not exist or is not readable.
Feb 14, 2018 20:20:43.19 [10760:3696:0214/202043.191:ERROR:external_registry_loader_win.cc(157)] File C:\Program Files (x86)\PremierOpinion\pmcm.crx for key Software\Google\Chrome\Extensions\mkndcbhcgphcfkkddanakjiepeknbgle does not exist or is not readable.
Feb 14, 2018 20:22:39.36 [3692:13200:0214/202239.361:ERROR:external_registry_loader_win.cc(157)] File C:\Program Files (x86)\PremierOpinion\pmcm.crx for key Software\Google\Chrome\Extensions\mkndcbhcgphcfkkddanakjiepeknbgle does not exist or is not readable.
Feb 14, 2018 20:28:48.64 [684:9596:0214/202848.649:ERROR:external_registry_loader_win.cc(157)] File C:\Program Files (x86)\PremierOpinion\pmcm.crx for key Software\Google\Chrome\Extensions\mkndcbhcgphcfkkddanakjiepeknbgle does not exist or is not readable.
Feb 14, 2018 20:29:10.41 [684:1944:0214/202910.419:ERROR:ssl_client_socket_impl.cc(1084)] handshake failed; returned -1, SSL error code 1, net_error -100
Feb 14, 2018 20:29:10.42 [684:1944:0214/202910.419:ERROR:ssl_client_socket_impl.cc(1084)] handshake failed; returned -1, SSL error code 1, net_error -100
Feb 14, 2018 20:29:10.43 [684:1944:0214/202910.435:ERROR:ssl_client_socket_impl.cc(1084)] handshake failed; returned -1, SSL error code 1, net_error -100

Feb 14, 2018 20:46:20.37 NEW SESSION
Feb 14, 2018 20:46:20.37 [4700:9784:0214/204620.375:ERROR:external_registry_loader_win.cc(157)] File C:\Program Files (x86)\PremierOpinion\pmcm.crx for key Software\Google\Chrome\Extensions\mkndcbhcgphcfkkddanakjiepeknbgle does not exist or is not readable.

Feb 14, 2018 22:39:04.48 NEW SESSION
Feb 14, 2018 22:39:04.48 [2796:4940:0214/223904.486:ERROR:external_registry_loader_win.cc(157)] File C:\Program Files (x86)\PremierOpinion\pmcm.crx for key Software\Google\Chrome\Extensions\mkndcbhcgphcfkkddanakjiepeknbgle does not exist or is not readable.

Feb 14, 2018 23:44:36.38 NEW SESSION
Feb 14, 2018 23:44:36.38 [9440:5576:0214/234436.382:ERROR:external_registry_loader_win.cc(157)] File C:\Program Files (x86)\PremierOpinion\pmcm.crx for key Software\Google\Chrome\Extensions\mkndcbhcgphcfkkddanakjiepeknbgle does not exist or is not readable.
Feb 14, 2018 23:48:16.34 [10516:5472:0214/234816.341:ERROR:external_registry_loader_win.cc(157)] File C:\Program Files (x86)\PremierOpinion\pmcm.crx for key Software\Google\Chrome\Extensions\mkndcbhcgphcfkkddanakjiepeknbgle does not exist or is not readable.
Feb 14, 2018 23:50:44.20 [8472:12260:0214/235044.206:ERROR:external_registry_loader_win.cc(157)] File C:\Program Files (x86)\PremierOpinion\pmcm.crx for key Software\Google\Chrome\Extensions\mkndcbhcgphcfkkddanakjiepeknbgle does not exist or is not readable.
Feb 14, 2018 23:53:05.43 [5500:8060:0214/235305.431:ERROR:external_registry_loader_win.cc(157)] File C:\Program Files (x86)\PremierOpinion\pmcm.crx for key Software\Google\Chrome\Extensions\mkndcbhcgphcfkkddanakjiepeknbgle does not exist or is not readable.
Feb 14, 2018 23:55:05.53 [5500:11832:0214/235505.536:ERROR:process_metrics.cc(105)] NOT IMPLEMENTED
Feb 14, 2018 23:55:05.56 [5500:11832:0214/235505.536:ERROR:process_metrics.cc(105)] NOT IMPLEMENTED
Feb 14, 2018 23:55:05.56 [5500:11832:0214/235505.536:ERROR:process_metrics.cc(105)] NOT IMPLEMENTED
Feb 14, 2018 23:55:05.56 [5500:11832:0214/235505.536:ERROR:process_metrics.cc(105)] NOT IMPLEMENTED
Feb 14, 2018 23:56:55.55 [8812:11740:0214/235655.550:ERROR:external_registry_loader_win.cc(157)] File C:\Program Files (x86)\PremierOpinion\pmcm.crx for key Software\Google\Chrome\Extensions\mkndcbhcgphcfkkddanakjiepeknbgle does not exist or is not readable.
Feb 15, 2018 24:00:57.20 [5532:9096:0215/000057.204:ERROR:external_registry_loader_win.cc(157)] File C:\Program Files (x86)\PremierOpinion\pmcm.crx for key Software\Google\Chrome\Extensions\mkndcbhcgphcfkkddanakjiepeknbgle does not exist or is not readable.
Feb 15, 2018 24:01:25.04 [3264:9680:0215/000125.044:ERROR:external_registry_loader_win.cc(157)] File C:\Program Files (x86)\PremierOpinion\pmcm.crx for key Software\Google\Chrome\Extensions\mkndcbhcgphcfkkddanakjiepeknbgle does not exist or is not readable.
Feb 15, 2018 24:14:23.84 [7532:12828:0215/001423.840:ERROR:external_registry_loader_win.cc(157)] File C:\Program Files (x86)\PremierOpinion\pmcm.crx for key Software\Google\Chrome\Extensions\mkndcbhcgphcfkkddanakjiepeknbgle does not exist or is not readable.
Feb 15, 2018 24:18:48.17 [8032:10348:0215/001848.178:ERROR:external_registry_loader_win.cc(157)] File C:\Program Files (x86)\PremierOpinion\pmcm.crx for key Software\Google\Chrome\Extensions\mkndcbhcgphcfkkddanakjiepeknbgle does not exist or is not readable.
Feb 15, 2018 24:21:23.46 [10228:3076:0215/002123.467:ERROR:external_registry_loader_win.cc(157)] File C:\Program Files (x86)\PremierOpinion\pmcm.crx for key Software\Google\Chrome\Extensions\mkndcbhcgphcfkkddanakjiepeknbgle does not exist or is not readable.
Feb 15, 2018 24:21:47.90 [9324:11216:0215/002147.906:ERROR:external_registry_loader_win.cc(157)] File C:\Program Files (x86)\PremierOpinion\pmcm.crx for key Software\Google\Chrome\Extensions\mkndcbhcgphcfkkddanakjiepeknbgle does not exist or is not readable.
Feb 15, 2018 24:26:50.07 [8988:10712:0215/002650.072:ERROR:external_registry_loader_win.cc(157)] File C:\Program Files (x86)\PremierOpinion\pmcm.crx for key Software\Google\Chrome\Extensions\mkndcbhcgphcfkkddanakjiepeknbgle does not exist or is not readable.
Feb 15, 2018 24:27:05.83 [4140:11740:0215/002705.835:ERROR:external_registry_loader_win.cc(157)] File C:\Program Files (x86)\PremierOpinion\pmcm.crx for key Software\Google\Chrome\Extensions\mkndcbhcgphcfkkddanakjiepeknbgle does not exist or is not readable.
Feb 15, 2018 24:28:23.18 [240:404:0215/002823.183:ERROR:external_registry_loader_win.cc(157)] File C:\Program Files (x86)\PremierOpinion\pmcm.crx for key Software\Google\Chrome\Extensions\mkndcbhcgphcfkkddanakjiepeknbgle does not exist or is not readable.
Feb 15, 2018 24:31:42.83 [12484:10096:0215/003142.837:ERROR:external_registry_loader_win.cc(157)] File C:\Program Files (x86)\PremierOpinion\pmcm.crx for key Software\Google\Chrome\Extensions\mkndcbhcgphcfkkddanakjiepeknbgle does not exist or is not readable.
Feb 15, 2018 24:32:22.19 [10028:12740:0215/003222.198:ERROR:external_registry_loader_win.cc(157)] File C:\Program Files (x86)\PremierOpinion\pmcm.crx for key Software\Google\Chrome\Extensions\mkndcbhcgphcfkkddanakjiepeknbgle does not exist or is not readable.
Feb 15, 2018 24:32:41.21 [11612:7620:0215/003241.218:ERROR:external_registry_loader_win.cc(157)] File C:\Program Files (x86)\PremierOpinion\pmcm.crx for key Software\Google\Chrome\Extensions\mkndcbhcgphcfkkddanakjiepeknbgle does not exist or is not readable.
Feb 15, 2018 24:34:38.82 [13088:13188:0215/003438.821:ERROR:external_registry_loader_win.cc(157)] File C:\Program Files (x86)\PremierOpinion\pmcm.crx for key Software\Google\Chrome\Extensions\mkndcbhcgphcfkkddanakjiepeknbgle does not exist or is not readable.
Feb 15, 2018 24:35:33.36 [11388:5664:0215/003533.368:ERROR:external_registry_loader_win.cc(157)] File C:\Program Files (x86)\PremierOpinion\pmcm.crx for key Software\Google\Chrome\Extensions\mkndcbhcgphcfkkddanakjiepeknbgle does not exist or is not readable.
Feb 15, 2018 24:36:16.98 [2976:10300:0215/003616.987:ERROR:external_registry_loader_win.cc(157)] File C:\Program Files (x86)\PremierOpinion\pmcm.crx for key Software\Google\Chrome\Extensions\mkndcbhcgphcfkkddanakjiepeknbgle does not exist or is not readable.
Feb 15, 2018 24:36:44.04 [8000:5844:0215/003644.040:ERROR:external_registry_loader_win.cc(157)] File C:\Program Files (x86)\PremierOpinion\pmcm.crx for key Software\Google\Chrome\Extensions\mkndcbhcgphcfkkddanakjiepeknbgle does not exist or is not readable.
Feb 15, 2018 24:38:53.34 [10796:8968:0215/003853.346:ERROR:external_registry_loader_win.cc(157)] File C:\Program Files (x86)\PremierOpinion\pmcm.crx for key Software\Google\Chrome\Extensions\mkndcbhcgphcfkkddanakjiepeknbgle does not exist or is not readable.
Feb 15, 2018 24:57:42.61 [10880:6844:0215/005742.612:ERROR:external_registry_loader_win.cc(157)] File C:\Program Files (x86)\PremierOpinion\pmcm.crx for key Software\Google\Chrome\Extensions\mkndcbhcgphcfkkddanakjiepeknbgle does not exist or is not readable.
Feb 15, 2018 24:58:54.04 [11780:6920:0215/005854.048:ERROR:external_registry_loader_win.cc(157)] File C:\Program Files (x86)\PremierOpinion\pmcm.crx for key Software\Google\Chrome\Extensions\mkndcbhcgphcfkkddanakjiepeknbgle does not exist or is not readable.
Feb 15, 2018 24:59:29.99 [7192:12812:0215/005929.999:ERROR:external_registry_loader_win.cc(157)] File C:\Program Files (x86)\PremierOpinion\pmcm.crx for key Software\Google\Chrome\Extensions\mkndcbhcgphcfkkddanakjiepeknbgle does not exist or is not readable.
Feb 15, 2018 01:08:39.64 [2840:9168:0215/010839.643:ERROR:external_registry_loader_win.cc(157)] File C:\Program Files (x86)\PremierOpinion\pmcm.crx for key Software\Google\Chrome\Extensions\mkndcbhcgphcfkkddanakjiepeknbgle does not exist or is not readable.
Feb 15, 2018 01:12:10.77 [11224:11848:0215/011210.774:ERROR:external_registry_loader_win.cc(157)] File C:\Program Files (x86)\PremierOpinion\pmcm.crx for key Software\Google\Chrome\Extensions\mkndcbhcgphcfkkddanakjiepeknbgle does not exist or is not readable.
Feb 15, 2018 01:13:35.27 [11420:13120:0215/011335.273:ERROR:external_registry_loader_win.cc(157)] File C:\Program Files (x86)\PremierOpinion\pmcm.crx for key Software\Google\Chrome\Extensions\mkndcbhcgphcfkkddanakjiepeknbgle does not exist or is not readable.
Feb 15, 2018 01:18:55.32 [10052:12136:0215/011855.323:ERROR:external_registry_loader_win.cc(157)] File C:\Program Files (x86)\PremierOpinion\pmcm.crx for key Software\Google\Chrome\Extensions\mkndcbhcgphcfkkddanakjiepeknbgle does not exist or is not readable.
Feb 15, 2018 01:28:48.51 [12840:11056:0215/012848.519:ERROR:external_registry_loader_win.cc(157)] File C:\Program Files (x86)\PremierOpinion\pmcm.crx for key Software\Google\Chrome\Extensions\mkndcbhcgphcfkkddanakjiepeknbgle does not exist or is not readable.
Feb 15, 2018 01:30:48.66 [12840:5616:0215/013048.660:ERROR:process_metrics.cc(105)] NOT IMPLEMENTED
Feb 15, 2018 01:30:48.66 [12840:5616:0215/013048.661:ERROR:process_metrics.cc(105)] NOT IMPLEMENTED
Feb 15, 2018 01:30:48.66 [12840:5616:0215/013048.661:ERROR:process_metrics.cc(105)] NOT IMPLEMENTED
Feb 15, 2018 01:30:48.66 [12840:5616:0215/013048.661:ERROR:process_metrics.cc(105)] NOT IMPLEMENTED
Feb 15, 2018 01:36:35.26 [1428:5624:0215/013635.267:ERROR:external_registry_loader_win.cc(157)] File C:\Program Files (x86)\PremierOpinion\pmcm.crx for key Software\Google\Chrome\Extensions\mkndcbhcgphcfkkddanakjiepeknbgle does not exist or is not readable.
Feb 15, 2018 01:37:02.91 [3340:11012:0215/013702.910:ERROR:external_registry_loader_win.cc(157)] File C:\Program Files (x86)\PremierOpinion\pmcm.crx for key Software\Google\Chrome\Extensions\mkndcbhcgphcfkkddanakjiepeknbgle does not exist or is not readable.
Feb 15, 2018 01:37:08.16 [4796:8080:0215/013708.162:ERROR:external_registry_loader_win.cc(157)] File C:\Program Files (x86)\PremierOpinion\pmcm.crx for key Software\Google\Chrome\Extensions\mkndcbhcgphcfkkddanakjiepeknbgle does not exist or is not readable.
Feb 15, 2018 01:38:18.43 [8280:8424:0215/013818.435:ERROR:external_registry_loader_win.cc(157)] File C:\Program Files (x86)\PremierOpinion\pmcm.crx for key Software\Google\Chrome\Extensions\mkndcbhcgphcfkkddanakjiepeknbgle does not exist or is not readable.
Feb 15, 2018 02:01:46.43 [13284:7784:0215/020146.437:ERROR:external_registry_loader_win.cc(157)] File C:\Program Files (x86)\PremierOpinion\pmcm.crx for key Software\Google\Chrome\Extensions\mkndcbhcgphcfkkddanakjiepeknbgle does not exist or is not readable.
Feb 15, 2018 02:28:24.28 [9964:12336:0215/022824.286:ERROR:external_registry_loader_win.cc(157)] File C:\Program Files (x86)\PremierOpinion\pmcm.crx for key Software\Google\Chrome\Extensions\mkndcbhcgphcfkkddanakjiepeknbgle does not exist or is not readable.

Feb 15, 2018 13:02:11.92 NEW SESSION
Feb 15, 2018 13:02:11.92 [8020:8124:0215/130211.914:ERROR:external_registry_loader_win.cc(157)] File C:\Program Files (x86)\PremierOpinion\pmcm.crx for key Software\Google\Chrome\Extensions\mkndcbhcgphcfkkddanakjiepeknbgle does not exist or is not readable.
Feb 15, 2018 13:03:10.93 [9820:9932:0215/130310.939:ERROR:external_registry_loader_win.cc(157)] File C:\Program Files (x86)\PremierOpinion\pmcm.crx for key Software\Google\Chrome\Extensions\mkndcbhcgphcfkkddanakjiepeknbgle does not exist or is not readable.
Feb 15, 2018 13:18:27.50 [9676:8212:0215/131827.509:ERROR:external_registry_loader_win.cc(157)] File C:\Program Files (x86)\PremierOpinion\pmcm.crx for key Software\Google\Chrome\Extensions\mkndcbhcgphcfkkddanakjiepeknbgle does not exist or is not readable.
Feb 15, 2018 13:19:14.48 [4328:6268:0215/131914.481:ERROR:external_registry_loader_win.cc(157)] File C:\Program Files (x86)\PremierOpinion\pmcm.crx for key Software\Google\Chrome\Extensions\mkndcbhcgphcfkkddanakjiepeknbgle does not exist or is not readable.
Feb 15, 2018 13:21:14.61 [4328:2072:0215/132114.616:ERROR:process_metrics.cc(105)] NOT IMPLEMENTED
Feb 15, 2018 13:21:14.61 [4328:2072:0215/132114.616:ERROR:process_metrics.cc(105)] NOT IMPLEMENTED
Feb 15, 2018 13:21:14.61 [4328:2072:0215/132114.616:ERROR:process_metrics.cc(105)] NOT IMPLEMENTED
Feb 15, 2018 13:23:14.62 [4328:2072:0215/132314.620:ERROR:process_metrics.cc(105)] NOT IMPLEMENTED
Feb 15, 2018 13:23:14.62 [4328:2072:0215/132314.620:ERROR:process_metrics.cc(105)] NOT IMPLEMENTED
Feb 15, 2018 13:23:14.62 [4328:2072:0215/132314.620:ERROR:process_metrics.cc(105)] NOT IMPLEMENTED
Feb 15, 2018 13:25:14.63 [4328:2072:0215/132514.629:ERROR:process_metrics.cc(105)] NOT IMPLEMENTED
Feb 15, 2018 13:25:14.63 [4328:2072:0215/132514.629:ERROR:process_metrics.cc(105)] NOT IMPLEMENTED
Feb 15, 2018 13:25:14.63 [4328:2072:0215/132514.629:ERROR:process_metrics.cc(105)] NOT IMPLEMENTED
Feb 15, 2018 13:27:14.63 [4328:2072:0215/132714.637:ERROR:process_metrics.cc(105)] NOT IMPLEMENTED
Feb 15, 2018 13:27:14.63 [4328:2072:0215/132714.637:ERROR:process_metrics.cc(105)] NOT IMPLEMENTED
Feb 15, 2018 13:27:14.63 [4328:2072:0215/132714.637:ERROR:process_metrics.cc(105)] NOT IMPLEMENTED

Feb 15, 2018 14:58:18.23 NEW SESSION
Feb 15, 2018 14:58:18.23 [9184:9700:0215/145818.216:ERROR:external_registry_loader_win.cc(157)] File C:\Program Files (x86)\PremierOpinion\pmcm.crx for key Software\Google\Chrome\Extensions\mkndcbhcgphcfkkddanakjiepeknbgle does not exist or is not readable.
Feb 15, 2018 15:00:18.66 [9184:7684:0215/150018.663:ERROR:process_metrics.cc(105)] NOT IMPLEMENTED
Feb 15, 2018 15:00:18.66 [9184:7684:0215/150018.663:ERROR:process_metrics.cc(105)] NOT IMPLEMENTED
Feb 15, 2018 15:00:18.66 [9184:7684:0215/150018.663:ERROR:process_metrics.cc(105)] NOT IMPLEMENTED
Feb 15, 2018 15:02:18.66 [9184:7684:0215/150218.668:ERROR:process_metrics.cc(105)] NOT IMPLEMENTED
Feb 15, 2018 15:02:18.66 [9184:7684:0215/150218.668:ERROR:process_metrics.cc(105)] NOT IMPLEMENTED
Feb 15, 2018 15:02:18.66 [9184:7684:0215/150218.668:ERROR:process_metrics.cc(105)] NOT IMPLEMENTED
Feb 15, 2018 15:04:18.68 [9184:7684:0215/150418.681:ERROR:process_metrics.cc(105)] NOT IMPLEMENTED
Feb 15, 2018 15:04:18.68 [9184:7684:0215/150418.681:ERROR:process_metrics.cc(105)] NOT IMPLEMENTED
Feb 15, 2018 15:04:18.68 [9184:7684:0215/150418.681:ERROR:process_metrics.cc(105)] NOT IMPLEMENTED
Feb 15, 2018 15:06:18.68 [9184:7684:0215/150618.682:ERROR:process_metrics.cc(105)] NOT IMPLEMENTED
Feb 15, 2018 15:06:18.68 [9184:7684:0215/150618.682:ERROR:process_metrics.cc(105)] NOT IMPLEMENTED
Feb 15, 2018 15:06:18.68 [9184:7684:0215/150618.682:ERROR:process_metrics.cc(105)] NOT IMPLEMENTED
Feb 15, 2018 16:07:53.36 [2836:5988:0215/160753.367:ERROR:external_registry_loader_win.cc(157)] File C:\Program Files (x86)\PremierOpinion\pmcm.crx for key Software\Google\Chrome\Extensions\mkndcbhcgphcfkkddanakjiepeknbgle does not exist or is not readable.
Feb 15, 2018 16:09:53.53 [2836:9380:0215/160953.531:ERROR:process_metrics.cc(105)] NOT IMPLEMENTED
Feb 15, 2018 16:09:53.53 [2836:9380:0215/160953.531:ERROR:process_metrics.cc(105)] NOT IMPLEMENTED
Feb 15, 2018 16:09:53.53 [2836:9380:0215/160953.531:ERROR:process_metrics.cc(105)] NOT IMPLEMENTED

Feb 15, 2018 16:13:00.43 NEW SESSION
Feb 15, 2018 16:13:00.43 [7968:8588:0215/161300.431:ERROR:external_registry_loader_win.cc(157)] File C:\Program Files (x86)\PremierOpinion\pmcm.crx for key Software\Google\Chrome\Extensions\mkndcbhcgphcfkkddanakjiepeknbgle does not exist or is not readable.
Feb 15, 2018 16:16:30.00 [3208:4728:0215/161630.001:ERROR:external_registry_loader_win.cc(157)] File C:\Program Files (x86)\PremierOpinion\pmcm.crx for key Software\Google\Chrome\Extensions\mkndcbhcgphcfkkddanakjiepeknbgle does not exist or is not readable.
Feb 15, 2018 16:20:12.92 [9956:9812:0215/162012.920:ERROR:external_registry_loader_win.cc(157)] File C:\Program Files (x86)\PremierOpinion\pmcm.crx for key Software\Google\Chrome\Extensions\mkndcbhcgphcfkkddanakjiepeknbgle does not exist or is not readable.
Feb 15, 2018 16:21:00.47 [9948:4668:0215/162100.472:ERROR:external_registry_loader_win.cc(157)] File C:\Program Files (x86)\PremierOpinion\pmcm.crx for key Software\Google\Chrome\Extensions\mkndcbhcgphcfkkddanakjiepeknbgle does not exist or is not readable.
Feb 15, 2018 16:24:34.60 [3112:620:0215/162434.599:ERROR:external_registry_loader_win.cc(157)] File C:\Program Files (x86)\PremierOpinion\pmcm.crx for key Software\Google\Chrome\Extensions\mkndcbhcgphcfkkddanakjiepeknbgle does not exist or is not readable.
Feb 15, 2018 16:26:34.79 [2592:8960:0215/162634.799:ERROR:external_registry_loader_win.cc(157)] File C:\Program Files (x86)\PremierOpinion\pmcm.crx for key Software\Google\Chrome\Extensions\mkndcbhcgphcfkkddanakjiepeknbgle does not exist or is not readable.
Feb 15, 2018 16:35:02.25 [208:764:0215/163502.253:ERROR:external_registry_loader_win.cc(157)] File C:\Program Files (x86)\PremierOpinion\pmcm.crx for key Software\Google\Chrome\Extensions\mkndcbhcgphcfkkddanakjiepeknbgle does not exist or is not readable.
Feb 15, 2018 16:36:08.54 [4796:8720:0215/163608.539:ERROR:external_registry_loader_win.cc(157)] File C:\Program Files (x86)\PremierOpinion\pmcm.crx for key Software\Google\Chrome\Extensions\mkndcbhcgphcfkkddanakjiepeknbgle does not exist or is not readable.
Feb 15, 2018 16:37:11.85 [4472:7968:0215/163711.851:ERROR:external_registry_loader_win.cc(157)] File C:\Program Files (x86)\PremierOpinion\pmcm.crx for key Software\Google\Chrome\Extensions\mkndcbhcgphcfkkddanakjiepeknbgle does not exist or is not readable.
Feb 15, 2018 16:39:11.96 [4472:6276:0215/163911.965:ERROR:process_metrics.cc(105)] NOT IMPLEMENTED
Feb 15, 2018 16:39:11.96 [4472:6276:0215/163911.965:ERROR:process_metrics.cc(105)] NOT IMPLEMENTED
Feb 15, 2018 16:39:11.96 [4472:6276:0215/163911.966:ERROR:process_metrics.cc(105)] NOT IMPLEMENTED
Feb 15, 2018 16:57:13.15 [6204:8804:0215/165713.150:ERROR:external_registry_loader_win.cc(157)] File C:\Program Files (x86)\PremierOpinion\pmcm.crx for key Software\Google\Chrome\Extensions\mkndcbhcgphcfkkddanakjiepeknbgle does not exist or is not readable.
Feb 15, 2018 16:59:13.27 [6204:6416:0215/165913.271:ERROR:process_metrics.cc(105)] NOT IMPLEMENTED
Feb 15, 2018 16:59:13.27 [6204:6416:0215/165913.271:ERROR:process_metrics.cc(105)] NOT IMPLEMENTED
Feb 15, 2018 16:59:13.27 [6204:6416:0215/165913.271:ERROR:process_metrics.cc(105)] NOT IMPLEMENTED
Feb 15, 2018 17:01:13.27 [6204:6416:0215/170113.272:ERROR:process_metrics.cc(105)] NOT IMPLEMENTED
Feb 15, 2018 17:01:13.27 [6204:6416:0215/170113.272:ERROR:process_metrics.cc(105)] NOT IMPLEMENTED
Feb 15, 2018 17:01:13.27 [6204:6416:0215/170113.272:ERROR:process_metrics.cc(105)] NOT IMPLEMENTED
Feb 15, 2018 17:02:24.05 [9680:4888:0215/170224.058:ERROR:external_registry_loader_win.cc(157)] File C:\Program Files (x86)\PremierOpinion\pmcm.crx for key Software\Google\Chrome\Extensions\mkndcbhcgphcfkkddanakjiepeknbgle does not exist or is not readable.

Feb 15, 2018 18:53:16.79 NEW SESSION
Feb 15, 2018 18:53:16.79 [7444:2504:0215/185316.791:ERROR:external_registry_loader_win.cc(157)] File C:\Program Files (x86)\PremierOpinion\pmcm.crx for key Software\Google\Chrome\Extensions\mkndcbhcgphcfkkddanakjiepeknbgle does not exist or is not readable.
Feb 15, 2018 18:55:17.34 [7444:9608:0215/185517.343:ERROR:process_metrics.cc(105)] NOT IMPLEMENTED
Feb 15, 2018 18:55:17.34 [7444:9608:0215/185517.343:ERROR:process_metrics.cc(105)] NOT IMPLEMENTED
Feb 15, 2018 18:55:17.34 [7444:9608:0215/185517.343:ERROR:process_metrics.cc(105)] NOT IMPLEMENTED
Feb 15, 2018 18:57:17.35 [7444:9608:0215/185717.350:ERROR:process_metrics.cc(105)] NOT IMPLEMENTED
Feb 15, 2018 18:57:17.35 [7444:9608:0215/185717.350:ERROR:process_metrics.cc(105)] NOT IMPLEMENTED
Feb 15, 2018 18:57:17.35 [7444:9608:0215/185717.350:ERROR:process_metrics.cc(105)] NOT IMPLEMENTED
Feb 15, 2018 18:59:17.35 [7444:9608:0215/185917.352:ERROR:process_metrics.cc(105)] NOT IMPLEMENTED
Feb 15, 2018 18:59:17.35 [7444:9608:0215/185917.352:ERROR:process_metrics.cc(105)] NOT IMPLEMENTED
Feb 15, 2018 18:59:17.35 [7444:9608:0215/185917.352:ERROR:process_metrics.cc(105)] NOT IMPLEMENTED
Feb 15, 2018 19:01:28.50 [3644:3952:0215/190128.500:ERROR:external_registry_loader_win.cc(157)] File C:\Program Files (x86)\PremierOpinion\pmcm.crx for key Software\Google\Chrome\Extensions\mkndcbhcgphcfkkddanakjiepeknbgle does not exist or is not readable.

Feb 16, 2018 24:18:41.12 NEW SESSION
Feb 16, 2018 24:18:41.12 [4396:6964:0216/001841.111:ERROR:external_registry_loader_win.cc(157)] File C:\Program Files (x86)\PremierOpinion\pmcm.crx for key Software\Google\Chrome\Extensions\mkndcbhcgphcfkkddanakjiepeknbgle does not exist or is not readable.
Feb 16, 2018 24:20:47.15 [4396:2496:0216/002047.144:ERROR:process_metrics.cc(105)] NOT IMPLEMENTED
Feb 16, 2018 24:20:47.17 [4396:2496:0216/002047.144:ERROR:process_metrics.cc(105)] NOT IMPLEMENTED
Feb 16, 2018 24:20:47.17 [4396:2496:0216/002047.144:ERROR:process_metrics.cc(105)] NOT IMPLEMENTED
Feb 16, 2018 24:22:47.16 [4396:2496:0216/002247.167:ERROR:process_metrics.cc(105)] NOT IMPLEMENTED
Feb 16, 2018 24:22:47.16 [4396:2496:0216/002247.167:ERROR:process_metrics.cc(105)] NOT IMPLEMENTED
Feb 16, 2018 24:22:47.16 [4396:2496:0216/002247.167:ERROR:process_metrics.cc(105)] NOT IMPLEMENTED
Feb 16, 2018 24:28:47.65 [5980:868:0216/002847.652:ERROR:external_registry_loader_win.cc(157)] File C:\Program Files (x86)\PremierOpinion\pmcm.crx for key Software\Google\Chrome\Extensions\mkndcbhcgphcfkkddanakjiepeknbgle does not exist or is not readable.
Feb 16, 2018 24:30:16.18 [5980:4284:0216/003016.180:ERROR:service_manager.cc(157)] Connection InterfaceProviderSpec prevented service: content_renderer from binding interface: blink::mojom::ReportingServiceProxy exposed by: content_browser
Feb 16, 2018 24:31:01.94 [9312:8604:0216/003101.943:ERROR:external_registry_loader_win.cc(157)] File C:\Program Files (x86)\PremierOpinion\pmcm.crx for key Software\Google\Chrome\Extensions\mkndcbhcgphcfkkddanakjiepeknbgle does not exist or is not readable.
Feb 16, 2018 24:33:02.12 [9312:6864:0216/003302.123:ERROR:process_metrics.cc(105)] NOT IMPLEMENTED
Feb 16, 2018 24:33:02.12 [9312:6864:0216/003302.123:ERROR:process_metrics.cc(105)] NOT IMPLEMENTED
Feb 16, 2018 24:33:02.12 [9312:6864:0216/003302.123:ERROR:process_metrics.cc(105)] NOT IMPLEMENTED
Feb 16, 2018 24:33:02.12 [9312:6864:0216/003302.123:ERROR:process_metrics.cc(105)] NOT IMPLEMENTED
Feb 16, 2018 24:35:02.13 [9312:6864:0216/003502.135:ERROR:process_metrics.cc(105)] NOT IMPLEMENTED
Feb 16, 2018 24:35:02.13 [9312:6864:0216/003502.135:ERROR:process_metrics.cc(105)] NOT IMPLEMENTED
Feb 16, 2018 24:35:02.13 [9312:6864:0216/003502.135:ERROR:process_metrics.cc(105)] NOT IMPLEMENTED
Feb 16, 2018 24:35:02.13 [9312:6864:0216/003502.135:ERROR:process_metrics.cc(105)] NOT IMPLEMENTED
Feb 16, 2018 24:37:02.14 [9312:6864:0216/003702.141:ERROR:process_metrics.cc(105)] NOT IMPLEMENTED
Feb 16, 2018 24:37:02.14 [9312:6864:0216/003702.141:ERROR:process_metrics.cc(105)] NOT IMPLEMENTED
Feb 16, 2018 24:37:02.14 [9312:6864:0216/003702.141:ERROR:process_metrics.cc(105)] NOT IMPLEMENTED
Feb 16, 2018 24:37:02.14 [9312:6864:0216/003702.141:ERROR:process_metrics.cc(105)] NOT IMPLEMENTED
Feb 16, 2018 24:39:02.15 [9312:6864:0216/003902.155:ERROR:process_metrics.cc(105)] NOT IMPLEMENTED
Feb 16, 2018 24:39:02.15 [9312:6864:0216/003902.155:ERROR:process_metrics.cc(105)] NOT IMPLEMENTED
Feb 16, 2018 24:39:02.15 [9312:6864:0216/003902.155:ERROR:process_metrics.cc(105)] NOT IMPLEMENTED
Feb 16, 2018 24:39:02.15 [9312:6864:0216/003902.155:ERROR:process_metrics.cc(105)] NOT IMPLEMENTED
Feb 16, 2018 24:41:02.15 [9312:6864:0216/004102.157:ERROR:process_metrics.cc(105)] NOT IMPLEMENTED
Feb 16, 2018 24:41:02.15 [9312:6864:0216/004102.157:ERROR:process_metrics.cc(105)] NOT IMPLEMENTED
Feb 16, 2018 24:41:02.15 [9312:6864:0216/004102.157:ERROR:process_metrics.cc(105)] NOT IMPLEMENTED
Feb 16, 2018 24:41:02.15 [9312:6864:0216/004102.157:ERROR:process_metrics.cc(105)] NOT IMPLEMENTED
Feb 16, 2018 24:43:02.16 [9312:6864:0216/004302.164:ERROR:process_metrics.cc(105)] NOT IMPLEMENTED
Feb 16, 2018 24:43:02.16 [9312:6864:0216/004302.164:ERROR:process_metrics.cc(105)] NOT IMPLEMENTED
Feb 16, 2018 24:43:02.16 [9312:6864:0216/004302.164:ERROR:process_metrics.cc(105)] NOT IMPLEMENTED
Feb 16, 2018 24:43:02.16 [9312:6864:0216/004302.164:ERROR:process_metrics.cc(105)] NOT IMPLEMENTED
Feb 16, 2018 24:43:46.96 [9312:1828:0216/004346.965:ERROR:gcm_channel_status_request.cc(127)] GCM channel request failed.
Feb 16, 2018 24:44:12.82 [9312:1828:0216/004412.820:ERROR:gcm_channel_status_request.cc(127)] GCM channel request failed.
Feb 16, 2018 24:45:02.16 [9312:6864:0216/004502.166:ERROR:process_metrics.cc(105)] NOT IMPLEMENTED
Feb 16, 2018 24:45:02.16 [9312:6864:0216/004502.166:ERROR:process_metrics.cc(105)] NOT IMPLEMENTED
Feb 16, 2018 24:45:02.16 [9312:6864:0216/004502.166:ERROR:process_metrics.cc(105)] NOT IMPLEMENTED
Feb 16, 2018 24:45:02.16 [9312:6864:0216/004502.166:ERROR:process_metrics.cc(105)] NOT IMPLEMENTED
Feb 16, 2018 24:45:08.87 [9312:1828:0216/004508.872:ERROR:gcm_channel_status_request.cc(127)] GCM channel request failed.
Feb 16, 2018 24:47:00.75 [9312:1828:0216/004700.754:ERROR:gcm_channel_status_request.cc(127)] GCM channel request failed.
Feb 16, 2018 24:47:02.17 [9312:6864:0216/004702.173:ERROR:process_metrics.cc(105)] NOT IMPLEMENTED
Feb 16, 2018 24:47:02.17 [9312:6864:0216/004702.173:ERROR:process_metrics.cc(105)] NOT IMPLEMENTED
Feb 16, 2018 24:47:02.17 [9312:6864:0216/004702.173:ERROR:process_metrics.cc(105)] NOT IMPLEMENTED
Feb 16, 2018 24:47:02.17 [9312:6864:0216/004702.173:ERROR:process_metrics.cc(105)] NOT IMPLEMENTED
Feb 16, 2018 24:49:02.18 [9312:6864:0216/004902.184:ERROR:process_metrics.cc(105)] NOT IMPLEMENTED
Feb 16, 2018 24:49:02.18 [9312:6864:0216/004902.184:ERROR:process_metrics.cc(105)] NOT IMPLEMENTED
Feb 16, 2018 24:49:02.18 [9312:6864:0216/004902.184:ERROR:process_metrics.cc(105)] NOT IMPLEMENTED
Feb 16, 2018 24:49:02.18 [9312:6864:0216/004902.184:ERROR:process_metrics.cc(105)] NOT IMPLEMENTED
Feb 16, 2018 24:49:48.81 [9312:1828:0216/004948.814:ERROR:gcm_channel_status_request.cc(127)] GCM channel request failed.
Feb 16, 2018 24:51:02.19 [9312:6864:0216/005102.199:ERROR:process_metrics.cc(105)] NOT IMPLEMENTED
Feb 16, 2018 24:51:02.19 [9312:6864:0216/005102.199:ERROR:process_metrics.cc(105)] NOT IMPLEMENTED
Feb 16, 2018 24:51:02.19 [9312:6864:0216/005102.199:ERROR:process_metrics.cc(105)] NOT IMPLEMENTED
Feb 16, 2018 24:51:02.19 [9312:6864:0216/005102.199:ERROR:process_metrics.cc(105)] NOT IMPLEMENTED
Feb 16, 2018 24:53:02.20 [9312:6864:0216/005302.206:ERROR:process_metrics.cc(105)] NOT IMPLEMENTED
Feb 16, 2018 24:53:02.20 [9312:6864:0216/005302.206:ERROR:process_metrics.cc(105)] NOT IMPLEMENTED
Feb 16, 2018 24:53:02.20 [9312:6864:0216/005302.206:ERROR:process_metrics.cc(105)] NOT IMPLEMENTED
Feb 16, 2018 24:53:02.20 [9312:6864:0216/005302.206:ERROR:process_metrics.cc(105)] NOT IMPLEMENTED
Feb 16, 2018 24:55:02.21 [9312:6864:0216/005502.215:ERROR:process_metrics.cc(105)] NOT IMPLEMENTED
Feb 16, 2018 24:55:02.21 [9312:6864:0216/005502.215:ERROR:process_metrics.cc(105)] NOT IMPLEMENTED
Feb 16, 2018 24:55:02.21 [9312:6864:0216/005502.215:ERROR:process_metrics.cc(105)] NOT IMPLEMENTED
Feb 16, 2018 24:55:02.21 [9312:6864:0216/005502.215:ERROR:process_metrics.cc(105)] NOT IMPLEMENTED
Feb 16, 2018 24:57:02.22 [9312:6864:0216/005702.222:ERROR:process_metrics.cc(105)] NOT IMPLEMENTED
Feb 16, 2018 24:57:02.22 [9312:6864:0216/005702.222:ERROR:process_metrics.cc(105)] NOT IMPLEMENTED
Feb 16, 2018 24:57:02.22 [9312:6864:0216/005702.222:ERROR:process_metrics.cc(105)] NOT IMPLEMENTED
Feb 16, 2018 24:57:02.22 [9312:6864:0216/005702.222:ERROR:process_metrics.cc(105)] NOT IMPLEMENTED
Feb 16, 2018 24:57:02.25 [9312:1828:0216/005702.254:ERROR:gcm_channel_status_request.cc(127)] GCM channel request failed.
Feb 16, 2018 24:59:02.22 [9312:6864:0216/005902.224:ERROR:process_metrics.cc(105)] NOT IMPLEMENTED
Feb 16, 2018 24:59:02.22 [9312:6864:0216/005902.224:ERROR:process_metrics.cc(105)] NOT IMPLEMENTED
Feb 16, 2018 24:59:02.22 [9312:6864:0216/005902.224:ERROR:process_metrics.cc(105)] NOT IMPLEMENTED
Feb 16, 2018 24:59:02.22 [9312:6864:0216/005902.224:ERROR:process_metrics.cc(105)] NOT IMPLEMENTED
Feb 16, 2018 01:01:02.23 [9312:6864:0216/010102.234:ERROR:process_metrics.cc(105)] NOT IMPLEMENTED
Feb 16, 2018 01:01:02.23 [9312:6864:0216/010102.234:ERROR:process_metrics.cc(105)] NOT IMPLEMENTED
Feb 16, 2018 01:01:02.23 [9312:6864:0216/010102.234:ERROR:process_metrics.cc(105)] NOT IMPLEMENTED
Feb 16, 2018 01:01:02.23 [9312:6864:0216/010102.234:ERROR:process_metrics.cc(105)] NOT IMPLEMENTED
Feb 16, 2018 01:03:02.24 [9312:6864:0216/010302.240:ERROR:process_metrics.cc(105)] NOT IMPLEMENTED
Feb 16, 2018 01:03:02.24 [9312:6864:0216/010302.240:ERROR:process_metrics.cc(105)] NOT IMPLEMENTED
Feb 16, 2018 01:03:02.24 [9312:6864:0216/010302.240:ERROR:process_metrics.cc(105)] NOT IMPLEMENTED
Feb 16, 2018 01:03:02.24 [9312:6864:0216/010302.240:ERROR:process_metrics.cc(105)] NOT IMPLEMENTED
Feb 16, 2018 01:05:02.25 [9312:6864:0216/010502.255:ERROR:process_metrics.cc(105)] NOT IMPLEMENTED
Feb 16, 2018 01:05:02.25 [9312:6864:0216/010502.255:ERROR:process_metrics.cc(105)] NOT IMPLEMENTED
Feb 16, 2018 01:05:02.25 [9312:6864:0216/010502.255:ERROR:process_metrics.cc(105)] NOT IMPLEMENTED
Feb 16, 2018 01:05:02.25 [9312:6864:0216/010502.255:ERROR:process_metrics.cc(105)] NOT IMPLEMENTED
Feb 16, 2018 01:07:02.26 [9312:6864:0216/010702.267:ERROR:process_metrics.cc(105)] NOT IMPLEMENTED
Feb 16, 2018 01:07:02.26 [9312:6864:0216/010702.267:ERROR:process_metrics.cc(105)] NOT IMPLEMENTED
Feb 16, 2018 01:07:02.26 [9312:6864:0216/010702.267:ERROR:process_metrics.cc(105)] NOT IMPLEMENTED
Feb 16, 2018 01:07:02.26 [9312:6864:0216/010702.267:ERROR:process_metrics.cc(105)] NOT IMPLEMENTED
Feb 16, 2018 01:07:02.27 [9312:1828:0216/010702.267:ERROR:gcm_channel_status_request.cc(127)] GCM channel request failed.
Feb 16, 2018 01:09:02.27 [9312:6864:0216/010902.276:ERROR:process_metrics.cc(105)] NOT IMPLEMENTED
Feb 16, 2018 01:09:02.27 [9312:6864:0216/010902.276:ERROR:process_metrics.cc(105)] NOT IMPLEMENTED
Feb 16, 2018 01:09:02.27 [9312:6864:0216/010902.276:ERROR:process_metrics.cc(105)] NOT IMPLEMENTED
Feb 16, 2018 01:09:02.27 [9312:6864:0216/010902.276:ERROR:process_metrics.cc(105)] NOT IMPLEMENTED
Feb 16, 2018 01:10:53.60 [9112:740:0216/011053.605:ERROR:external_registry_loader_win.cc(157)] File C:\Program Files (x86)\PremierOpinion\pmcm.crx for key Software\Google\Chrome\Extensions\mkndcbhcgphcfkkddanakjiepeknbgle does not exist or is not readable.
Feb 16, 2018 01:11:49.48 [6964:9984:0216/011149.487:ERROR:external_registry_loader_win.cc(157)] File C:\Program Files (x86)\PremierOpinion\pmcm.crx for key Software\Google\Chrome\Extensions\mkndcbhcgphcfkkddanakjiepeknbgle does not exist or is not readable.
Feb 16, 2018 01:14:39.57 [9316:7160:0216/011439.572:ERROR:external_registry_loader_win.cc(157)] File C:\Program Files (x86)\PremierOpinion\pmcm.crx for key Software\Google\Chrome\Extensions\mkndcbhcgphcfkkddanakjiepeknbgle does not exist or is not readable.
Feb 16, 2018 01:16:16.72 [6788:7316:0216/011616.720:ERROR:external_registry_loader_win.cc(157)] File C:\Program Files (x86)\PremierOpinion\pmcm.crx for key Software\Google\Chrome\Extensions\mkndcbhcgphcfkkddanakjiepeknbgle does not exist or is not readable.
Feb 16, 2018 01:17:56.22 [8852:1188:0216/011756.226:ERROR:external_registry_loader_win.cc(157)] File C:\Program Files (x86)\PremierOpinion\pmcm.crx for key Software\Google\Chrome\Extensions\mkndcbhcgphcfkkddanakjiepeknbgle does not exist or is not readable.
Feb 16, 2018 01:19:56.40 [8852:9952:0216/011956.404:ERROR:process_metrics.cc(105)] NOT IMPLEMENTED
Feb 16, 2018 01:19:56.40 [8852:9952:0216/011956.404:ERROR:process_metrics.cc(105)] NOT IMPLEMENTED
Feb 16, 2018 01:19:56.40 [8852:9952:0216/011956.404:ERROR:process_metrics.cc(105)] NOT IMPLEMENTED
Feb 16, 2018 01:21:43.77 [3232:2440:0216/012143.776:ERROR:external_registry_loader_win.cc(157)] File C:\Program Files (x86)\PremierOpinion\pmcm.crx for key Software\Google\Chrome\Extensions\mkndcbhcgphcfkkddanakjiepeknbgle does not exist or is not readable.
Feb 16, 2018 01:22:16.68 [7332:9740:0216/012216.689:ERROR:external_registry_loader_win.cc(157)] File C:\Program Files (x86)\PremierOpinion\pmcm.crx for key Software\Google\Chrome\Extensions\mkndcbhcgphcfkkddanakjiepeknbgle does not exist or is not readable.
Feb 16, 2018 01:24:16.88 [7332:9564:0216/012416.881:ERROR:process_metrics.cc(105)] NOT IMPLEMENTED
Feb 16, 2018 01:24:16.88 [7332:9564:0216/012416.881:ERROR:process_metrics.cc(105)] NOT IMPLEMENTED
Feb 16, 2018 01:24:16.88 [7332:9564:0216/012416.881:ERROR:process_metrics.cc(105)] NOT IMPLEMENTED
Feb 16, 2018 01:26:16.88 [7332:9564:0216/012616.885:ERROR:process_metrics.cc(105)] NOT IMPLEMENTED
Feb 16, 2018 01:26:16.88 [7332:9564:0216/012616.885:ERROR:process_metrics.cc(105)] NOT IMPLEMENTED
Feb 16, 2018 01:26:16.88 [7332:9564:0216/012616.885:ERROR:process_metrics.cc(105)] NOT IMPLEMENTED
Feb 16, 2018 01:28:16.89 [7332:9564:0216/012816.892:ERROR:process_metrics.cc(105)] NOT IMPLEMENTED
Feb 16, 2018 01:28:16.89 [7332:9564:0216/012816.892:ERROR:process_metrics.cc(105)] NOT IMPLEMENTED
Feb 16, 2018 01:28:16.89 [7332:9564:0216/012816.892:ERROR:process_metrics.cc(105)] NOT IMPLEMENTED
Feb 16, 2018 01:29:43.09 [3840:10140:0216/012943.093:ERROR:external_registry_loader_win.cc(157)] File C:\Program Files (x86)\PremierOpinion\pmcm.crx for key Software\Google\Chrome\Extensions\mkndcbhcgphcfkkddanakjiepeknbgle does not exist or is not readable.
Feb 16, 2018 01:30:46.59 [8992:7060:0216/013046.595:ERROR:external_registry_loader_win.cc(157)] File C:\Program Files (x86)\PremierOpinion\pmcm.crx for key Software\Google\Chrome\Extensions\mkndcbhcgphcfkkddanakjiepeknbgle does not exist or is not readable.
Feb 16, 2018 01:31:28.60 [8992:5380:0216/013128.601:ERROR:gcm_channel_status_request.cc(127)] GCM channel request failed.
Feb 16, 2018 01:31:51.38 [8992:5380:0216/013151.388:ERROR:gcm_channel_status_request.cc(127)] GCM channel request failed.
Feb 16, 2018 01:32:34.91 [8992:5380:0216/013234.914:ERROR:gcm_channel_status_request.cc(127)] GCM channel request failed.
Feb 16, 2018 01:32:46.75 [8992:856:0216/013246.759:ERROR:process_metrics.cc(105)] NOT IMPLEMENTED
Feb 16, 2018 01:32:46.75 [8992:856:0216/013246.759:ERROR:process_metrics.cc(105)] NOT IMPLEMENTED
Feb 16, 2018 01:32:46.75 [8992:856:0216/013246.759:ERROR:process_metrics.cc(105)] NOT IMPLEMENTED
Feb 16, 2018 01:34:25.89 [8992:5380:0216/013425.892:ERROR:gcm_channel_status_request.cc(127)] GCM channel request failed.
Feb 16, 2018 01:34:46.77 [8992:856:0216/013446.770:ERROR:process_metrics.cc(105)] NOT IMPLEMENTED
Feb 16, 2018 01:34:46.77 [8992:856:0216/013446.770:ERROR:process_metrics.cc(105)] NOT IMPLEMENTED
Feb 16, 2018 01:34:46.77 [8992:856:0216/013446.770:ERROR:process_metrics.cc(105)] NOT IMPLEMENTED
Feb 16, 2018 01:35:25.35 [8128:9952:0216/013525.359:ERROR:external_registry_loader_win.cc(157)] File C:\Program Files (x86)\PremierOpinion\pmcm.crx for key Software\Google\Chrome\Extensions\mkndcbhcgphcfkkddanakjiepeknbgle does not exist or is not readable.
Feb 16, 2018 01:37:00.78 [3324:9664:0216/013700.780:ERROR:external_registry_loader_win.cc(157)] File C:\Program Files (x86)\PremierOpinion\pmcm.crx for key Software\Google\Chrome\Extensions\mkndcbhcgphcfkkddanakjiepeknbgle does not exist or is not readable.
Feb 16, 2018 01:39:00.95 [3324:2976:0216/013900.950:ERROR:process_metrics.cc(105)] NOT IMPLEMENTED
Feb 16, 2018 01:39:00.95 [3324:2976:0216/013900.950:ERROR:process_metrics.cc(105)] NOT IMPLEMENTED
Feb 16, 2018 01:39:00.95 [3324:2976:0216/013900.950:ERROR:process_metrics.cc(105)] NOT IMPLEMENTED
Feb 16, 2018 01:41:00.96 [3324:2976:0216/014100.963:ERROR:process_metrics.cc(105)] NOT IMPLEMENTED
Feb 16, 2018 01:41:00.96 [3324:2976:0216/014100.963:ERROR:process_metrics.cc(105)] NOT IMPLEMENTED
Feb 16, 2018 01:41:00.96 [3324:2976:0216/014100.963:ERROR:process_metrics.cc(105)] NOT IMPLEMENTED
Feb 16, 2018 01:43:00.97 [3324:2976:0216/014300.975:ERROR:process_metrics.cc(105)] NOT IMPLEMENTED
Feb 16, 2018 01:43:00.97 [3324:2976:0216/014300.975:ERROR:process_metrics.cc(105)] NOT IMPLEMENTED
Feb 16, 2018 01:43:00.97 [3324:2976:0216/014300.975:ERROR:process_metrics.cc(105)] NOT IMPLEMENTED
Feb 16, 2018 01:45:00.98 [3324:2976:0216/014500.988:ERROR:process_metrics.cc(105)] NOT IMPLEMENTED
Feb 16, 2018 01:45:00.98 [3324:2976:0216/014500.988:ERROR:process_metrics.cc(105)] NOT IMPLEMENTED
Feb 16, 2018 01:45:00.98 [3324:2976:0216/014500.988:ERROR:process_metrics.cc(105)] NOT IMPLEMENTED
Feb 16, 2018 01:47:01.00 [3324:2976:0216/014701.001:ERROR:process_metrics.cc(105)] NOT IMPLEMENTED
Feb 16, 2018 01:47:01.00 [3324:2976:0216/014701.001:ERROR:process_metrics.cc(105)] NOT IMPLEMENTED
Feb 16, 2018 01:47:01.00 [3324:2976:0216/014701.001:ERROR:process_metrics.cc(105)] NOT IMPLEMENTED
Feb 16, 2018 01:49:01.00 [3324:2976:0216/014901.005:ERROR:process_metrics.cc(105)] NOT IMPLEMENTED
Feb 16, 2018 01:49:01.00 [3324:2976:0216/014901.005:ERROR:process_metrics.cc(105)] NOT IMPLEMENTED
Feb 16, 2018 01:49:01.00 [3324:2976:0216/014901.005:ERROR:process_metrics.cc(105)] NOT IMPLEMENTED
Feb 16, 2018 01:49:26.78 [3324:8176:0216/014926.788:ERROR:gcm_channel_status_request.cc(127)] GCM channel request failed.
Feb 16, 2018 01:49:49.52 [3324:8176:0216/014949.528:ERROR:gcm_channel_status_request.cc(127)] GCM channel request failed.
Feb 16, 2018 01:50:34.24 [3324:8176:0216/015034.247:ERROR:gcm_channel_status_request.cc(127)] GCM channel request failed.
Feb 16, 2018 01:51:01.01 [3324:2976:0216/015101.015:ERROR:process_metrics.cc(105)] NOT IMPLEMENTED
Feb 16, 2018 01:51:01.01 [3324:2976:0216/015101.015:ERROR:process_metrics.cc(105)] NOT IMPLEMENTED
Feb 16, 2018 01:51:01.01 [3324:2976:0216/015101.015:ERROR:process_metrics.cc(105)] NOT IMPLEMENTED
Feb 16, 2018 01:52:18.24 [3324:8176:0216/015218.246:ERROR:gcm_channel_status_request.cc(127)] GCM channel request failed.
Feb 16, 2018 01:53:01.02 [3324:2976:0216/015301.025:ERROR:process_metrics.cc(105)] NOT IMPLEMENTED
Feb 16, 2018 01:53:01.02 [3324:2976:0216/015301.025:ERROR:process_metrics.cc(105)] NOT IMPLEMENTED
Feb 16, 2018 01:53:01.02 [3324:2976:0216/015301.025:ERROR:process_metrics.cc(105)] NOT IMPLEMENTED
Feb 16, 2018 01:55:01.02 [3324:2976:0216/015501.025:ERROR:process_metrics.cc(105)] NOT IMPLEMENTED
Feb 16, 2018 01:55:01.02 [3324:2976:0216/015501.025:ERROR:process_metrics.cc(105)] NOT IMPLEMENTED
Feb 16, 2018 01:55:01.02 [3324:2976:0216/015501.025:ERROR:process_metrics.cc(105)] NOT IMPLEMENTED
Feb 16, 2018 01:55:50.62 [3324:8176:0216/015550.622:ERROR:gcm_channel_status_request.cc(127)] GCM channel request failed.
Feb 16, 2018 01:57:01.02 [3324:2976:0216/015701.029:ERROR:process_metrics.cc(105)] NOT IMPLEMENTED
Feb 16, 2018 01:57:01.02 [3324:2976:0216/015701.029:ERROR:process_metrics.cc(105)] NOT IMPLEMENTED
Feb 16, 2018 01:57:01.02 [3324:2976:0216/015701.029:ERROR:process_metrics.cc(105)] NOT IMPLEMENTED
Feb 16, 2018 01:59:01.03 [3324:2976:0216/015901.037:ERROR:process_metrics.cc(105)] NOT IMPLEMENTED
Feb 16, 2018 01:59:01.03 [3324:2976:0216/015901.037:ERROR:process_metrics.cc(105)] NOT IMPLEMENTED
Feb 16, 2018 01:59:01.03 [3324:2976:0216/015901.037:ERROR:process_metrics.cc(105)] NOT IMPLEMENTED
Feb 16, 2018 02:07:31.14 [7816:6348:0216/020731.144:ERROR:external_registry_loader_win.cc(157)] File C:\Program Files (x86)\PremierOpinion\pmcm.crx for key Software\Google\Chrome\Extensions\mkndcbhcgphcfkkddanakjiepeknbgle does not exist or is not readable.
Feb 16, 2018 02:08:56.77 [3040:5020:0216/020856.758:ERROR:external_registry_loader_win.cc(157)] File C:\Program Files (x86)\PremierOpinion\pmcm.crx for key Software\Google\Chrome\Extensions\mkndcbhcgphcfkkddanakjiepeknbgle does not exist or is not readable.
Feb 16, 2018 02:14:08.49 [868:140:0216/021408.490:ERROR:external_registry_loader_win.cc(157)] File C:\Program Files (x86)\PremierOpinion\pmcm.crx for key Software\Google\Chrome\Extensions\mkndcbhcgphcfkkddanakjiepeknbgle does not exist or is not readable.
Feb 16, 2018 02:16:07.63 [8728:5764:0216/021607.639:ERROR:external_registry_loader_win.cc(157)] File C:\Program Files (x86)\PremierOpinion\pmcm.crx for key Software\Google\Chrome\Extensions\mkndcbhcgphcfkkddanakjiepeknbgle does not exist or is not readable.
Feb 16, 2018 02:16:47.74 [9472:2976:0216/021647.749:ERROR:external_registry_loader_win.cc(157)] File C:\Program Files (x86)\PremierOpinion\pmcm.crx for key Software\Google\Chrome\Extensions\mkndcbhcgphcfkkddanakjiepeknbgle does not exist or is not readable.

Feb 17, 2018 19:41:46.04 NEW SESSION
Feb 17, 2018 19:41:46.04 [2968:11208:0217/194145.982:ERROR:external_registry_loader_win.cc(157)] File C:\Program Files (x86)\PremierOpinion\pmcm.crx for key Software\Google\Chrome\Extensions\mkndcbhcgphcfkkddanakjiepeknbgle does not exist or is not readable.

Feb 18, 2018 21:31:25.72 NEW SESSION
Feb 18, 2018 21:31:25.73 [1084:7612:0218/213125.716:ERROR:external_registry_loader_win.cc(157)] File C:\Program Files (x86)\PremierOpinion\pmcm.crx for key Software\Google\Chrome\Extensions\mkndcbhcgphcfkkddanakjiepeknbgle does not exist or is not readable.

Jul 16, 2018 15:39:03.72 NEW SESSION
Jul 16, 2018 15:39:03.72 [1380:3092:0716/153903.712:ERROR:install_util.cc(597)] Unable to read registry value HKLM\SOFTWARE\Policies\Google\Chrome\MachineLevelUserCloudPolicyEnrollmentToken for writing result=2
Jul 16, 2018 15:39:03.93 [1380:2036:0716/153903.935:ERROR:external_registry_loader_win.cc(158)] File C:\Program Files (x86)\PremierOpinion\pmcm.crx for key Software\Google\Chrome\Extensions\mkndcbhcgphcfkkddanakjiepeknbgle does not exist or is not readable.
