#
# A fatal error has been detected by the Java Runtime Environment:
#
#  EXCEPTION_ACCESS_VIOLATION (0xc0000005) at pc=0x0000000057e0bd50, pid=2208, tid=4636
#
# JRE version: Java(TM) SE Runtime Environment (9.0+11) (build 9.0.1+11)
# Java VM: Java HotSpot(TM) 64-Bit Server VM (9.0.1+11, mixed mode, tiered, compressed oops, g1 gc, windows-amd64)
# Problematic frame:
# V  [jvm.dll+0x32bd50]
#
# No core dump will be written. Minidumps are not enabled by default on client versions of Windows
#
# If you would like to submit a bug report, please visit:
#   http://bugreport.java.com/bugreport/crash.jsp
#

---------------  S U M M A R Y ------------

Command Line: -agentlib:jdwp=transport=dt_socket,suspend=y,address=localhost:50670 -Dfile.encoding=Cp1252 byHimanshu.Dcoder

Host: Intel(R) Core(TM) i3-6100U CPU @ 2.30GHz, 4 cores, 3G,  Windows 10 , 64 bit Build 10586 (10.0.10586.589)
Time: Fri Jan 26 19:20:36 2018 India Standard Time elapsed time: 1627 seconds (0d 0h 27m 7s)

---------------  T H R E A D  ---------------

Current thread (0x000001e25779a000):  VMThread "VM Thread" [stack: 0x000000befdc00000,0x000000befdd00000] [id=4636]

Stack: [0x000000befdc00000,0x000000befdd00000],  sp=0x000000befdcfea40,  free space=1018k
Native frames: (J=compiled Java code, j=interpreted, Vv=VM code, C=native code)
V  [jvm.dll+0x32bd50]
V  [jvm.dll+0x327708]
V  [jvm.dll+0x34200f]
V  [jvm.dll+0x34522d]
V  [jvm.dll+0x2968e0]
V  [jvm.dll+0x2969d9]
V  [jvm.dll+0x2f8671]
V  [jvm.dll+0x2f7540]
V  [jvm.dll+0x2f4d89]
V  [jvm.dll+0x2f654e]
V  [jvm.dll+0x2f3d05]
V  [jvm.dll+0x2f3173]
V  [jvm.dll+0x57845f]
V  [jvm.dll+0x57876c]
V  [jvm.dll+0x578613]
V  [jvm.dll+0x578e0c]
V  [jvm.dll+0x546f8a]
V  [jvm.dll+0x465261]
V  [jvm.dll+0x6a34eb]
V  [jvm.dll+0x6a1c85]
V  [jvm.dll+0x6a2461]
V  [jvm.dll+0x6a274c]
V  [jvm.dll+0x5864e0]
C  [msvcr120.dll+0x24f7f]
C  [msvcr120.dll+0x25126]
C  [KERNEL32.DLL+0x18102]
C  [ntdll.dll+0x5c5b4]


siginfo: EXCEPTION_ACCESS_VIOLATION (0xc0000005), reading address 0xffffffffffffffff


Register to memory mapping:

RIP=0x0000000057e0bd50 jvm.dll
RAX=0x010c670166010c65 is an unknown value
RBX=0x000001e25779a000 is an unknown value
RCX=0x00000001000016d0 is pointing into metadata
RDX=0x010c670166010c65 is an unknown value
RSP=0x000000befdcfea40 is an unknown value
RBP=0x0000000000000003 is an unknown value
RSI=0x000000befdcfeb00 is an unknown value
RDI=0x0000000000000000 is an unknown value
R8 =0x000001e25779a000 is an unknown value
R9 =0x010c670166010c65 is an unknown value
R10=0x000000000000006e is an unknown value
R11=0x000000000000006e is an unknown value
R12=0x00000000000002c8 is an unknown value
R13=0x0000000000000000 is an unknown value
R14=0x000000000000004c is an unknown value
R15=0x0000000000000001 is an unknown value


Registers:
RAX=0x010c670166010c65, RBX=0x000001e25779a000, RCX=0x00000001000016d0, RDX=0x010c670166010c65
RSP=0x000000befdcfea40, RBP=0x0000000000000003, RSI=0x000000befdcfeb00, RDI=0x0000000000000000
R8 =0x000001e25779a000, R9 =0x010c670166010c65, R10=0x000000000000006e, R11=0x000000000000006e
R12=0x00000000000002c8, R13=0x0000000000000000, R14=0x000000000000004c, R15=0x0000000000000001
RIP=0x0000000057e0bd50, EFLAGS=0x0000000000010246

Top of Stack: (sp=0x000000befdcfea40)
0x000000befdcfea40:   00000001000016d0 0000000000000000
0x000000befdcfea50:   0000000000000000 000001e25779a000
0x000000befdcfea60:   0000000000000000 0000000057e07708
0x000000befdcfea70:   00000001000016d0 000001e25779a000
0x000000befdcfea80:   000000befdcfeb00 000001e25779a000
0x000000befdcfea90:   000000befdcfeb70 0000000057e2200f
0x000000befdcfeaa0:   000001e25779a000 0000000000000000
0x000000befdcfeab0:   0000000000000000 0000000000000000
0x000000befdcfeac0:   00000000584366ec 000001e257668170
0x000000befdcfead0:   000000befdcfeb70 0000000057e2522d
0x000000befdcfeae0:   000000befdcfeb00 000000befdcfecd0
0x000000befdcfeaf0:   000000000000004c 00000000580dfa38
0x000000befdcfeb00:   2fffffff4fffffff 000001e25766c648
0x000000befdcfeb10:   000001e25779a000 000000befdcfecd0
0x000000befdcfeb20:   0000000000000000 0000000057d768e0
0x000000befdcfeb30:   000000befdcfecc0 000000befdcff201 

Instructions: (pc=0x0000000057e0bd50)
0x0000000057e0bd30:   8b d8 e8 c9 89 d8 ff 48 83 7b 08 00 4c 8b c8 74
0x0000000057e0bd40:   04 33 ff eb 23 80 3d c9 ac 62 00 00 74 05 33 ff
0x0000000057e0bd50:   89 78 0c 48 8d 4d fe 48 8d 78 10 48 85 c9 74 05
0x0000000057e0bd60:   33 c0 f3 48 ab 49 8b f9 48 83 7b 08 00 48 8b 74 


VM_Operation (0x000000befe7ff1e0): GetOrSetLocal, mode: safepoint, requested by thread 0x000001e257ade000


---------------  P R O C E S S  ---------------

Java Threads: ( => current thread )
  0x000001e257af4800 JavaThread "Service Thread" daemon [_thread_blocked, id=3124, stack(0x000000befea00000,0x000000befeb00000)]
  0x000001e257aea000 JavaThread "JDWP Command Reader" daemon [_thread_in_native, id=5752, stack(0x000000befe900000,0x000000befea00000)]
  0x000001e257adf000 JavaThread "JDWP Event Helper Thread" daemon [_thread_blocked, id=5996, stack(0x000000befe800000,0x000000befe900000)]
  0x000001e257ade000 JavaThread "JDWP Transport Listener: dt_socket" daemon [_thread_blocked, id=5388, stack(0x000000befe700000,0x000000befe800000)]
  0x000001e2578c9800 JavaThread "Common-Cleaner" daemon [_thread_blocked, id=8004, stack(0x000000befe500000,0x000000befe600000)]
  0x000001e257807800 JavaThread "Sweeper thread" daemon [_thread_blocked, id=2656, stack(0x000000befe400000,0x000000befe500000)]
  0x000001e2577fe800 JavaThread "C1 CompilerThread2" daemon [_thread_blocked, id=4404, stack(0x000000befe300000,0x000000befe400000)]
  0x000001e2577fa800 JavaThread "C2 CompilerThread1" daemon [_thread_blocked, id=1772, stack(0x000000befe200000,0x000000befe300000)]
  0x000001e2577ab800 JavaThread "C2 CompilerThread0" daemon [_thread_blocked, id=572, stack(0x000000befe100000,0x000000befe200000)]
  0x000001e2577aa000 JavaThread "Attach Listener" daemon [_thread_blocked, id=6928, stack(0x000000befe000000,0x000000befe100000)]
  0x000001e2577a9000 JavaThread "Signal Dispatcher" daemon [_thread_blocked, id=1060, stack(0x000000befdf00000,0x000000befe000000)]
  0x000001e2577b4000 JavaThread "Finalizer" daemon [_thread_blocked, id=5412, stack(0x000000befde00000,0x000000befdf00000)]
  0x000001e2577b2000 JavaThread "Reference Handler" daemon [_thread_blocked, id=6540, stack(0x000000befdd00000,0x000000befde00000)]
  0x000001e236e92800 JavaThread "main" [_thread_blocked, id=5280, stack(0x000000befd000000,0x000000befd100000)]

Other Threads:
=>0x000001e25779a000 VMThread "VM Thread" [stack: 0x000000befdc00000,0x000000befdd00000] [id=4636]
  0x000001e257aff000 WatcherThread [stack: 0x000000befeb00000,0x000000befec00000] [id=992]
  0x000001e236eac000 GCTaskThread "GC Thread#0" [stack: 0x000000befd100000,0x000000befd200000] [id=6008]
  0x000001e236ead000 GCTaskThread "GC Thread#1" [stack: 0x000000befd200000,0x000000befd300000] [id=7156]
  0x000001e236eaf800 GCTaskThread "GC Thread#2" [stack: 0x000000befd300000,0x000000befd400000] [id=4960]
  0x000001e236eb1800 GCTaskThread "GC Thread#3" [stack: 0x000000befd400000,0x000000befd500000] [id=3968]
  0x000001e236ef5800 ConcurrentGCThread "G1 Main Marker" [stack: 0x000000befda00000,0x000000befdb00000] [id=6568]
  0x000001e236ef6800 ConcurrentGCThread "G1 Marker#0" [stack: 0x000000befdb00000,0x000000befdc00000] [id=2480]
  0x000001e236ec0800 ConcurrentGCThread "G1 Refine#0" [stack: 0x000000befd800000,0x000000befd900000] [id=2616]
  0x000001e236ebf800 ConcurrentGCThread "G1 Refine#1" [stack: 0x000000befd700000,0x000000befd800000] [id=8140]
  0x000001e236eb6800 ConcurrentGCThread "G1 Refine#2" [stack: 0x000000befd600000,0x000000befd700000] [id=6000]
  0x000001e236eb5000 ConcurrentGCThread "G1 Refine#3" [stack: 0x000000befd500000,0x000000befd600000] [id=5976]
  0x000001e236ec1800 ConcurrentGCThread "G1 Young RemSet Sampling" [stack: 0x000000befd900000,0x000000befda00000] [id=720]

Threads with active compile tasks:

VM state:at safepoint (normal execution)

VM Mutex/Monitor currently owned by a thread:  ([mutex/lock_event])
[0x000001e236e91590] Threads_lock - owner thread: 0x000001e25779a000

Heap address: 0x00000000c3400000, size: 972 MB, Compressed Oops mode: 32-bit
Narrow klass base: 0x0000000000000000, Narrow klass shift: 3
Compressed class space size: 1073741824 Address: 0x0000000100000000

Heap:
 garbage-first heap   total 63488K, used 2048K [0x00000000c3400000, 0x00000000c35001f0, 0x0000000100000000)
  region size 1024K, 3 young (3072K), 0 survivors (0K)
 Metaspace       used 6269K, capacity 6442K, committed 6528K, reserved 1056768K
  class space    used 545K, capacity 589K, committed 640K, reserved 1048576K
Heap Regions: E=young(eden), S=young(survivor), O=old, HS=humongous(starts), HC=humongous(continues), CS=collection set, F=free, A=archive, TS=gc time stamp, AC=allocation context, TAMS=top-at-mark-start (previous, next)
|   0|0x00000000c3400000, 0x00000000c3400000, 0x00000000c3500000|  0%| F|  |TS  0|AC  0|TAMS 0x00000000c3400000, 0x00000000c3400000|
|   1|0x00000000c3500000, 0x00000000c3500000, 0x00000000c3600000|  0%| F|  |TS  0|AC  0|TAMS 0x00000000c3500000, 0x00000000c3500000|
|   2|0x00000000c3600000, 0x00000000c3600000, 0x00000000c3700000|  0%| F|  |TS  0|AC  0|TAMS 0x00000000c3600000, 0x00000000c3600000|
|   3|0x00000000c3700000, 0x00000000c3700000, 0x00000000c3800000|  0%| F|  |TS  0|AC  0|TAMS 0x00000000c3700000, 0x00000000c3700000|
|   4|0x00000000c3800000, 0x00000000c3800000, 0x00000000c3900000|  0%| F|  |TS  0|AC  0|TAMS 0x00000000c3800000, 0x00000000c3800000|
|   5|0x00000000c3900000, 0x00000000c3900000, 0x00000000c3a00000|  0%| F|  |TS  0|AC  0|TAMS 0x00000000c3900000, 0x00000000c3900000|
|   6|0x00000000c3a00000, 0x00000000c3a00000, 0x00000000c3b00000|  0%| F|  |TS  0|AC  0|TAMS 0x00000000c3a00000, 0x00000000c3a00000|
|   7|0x00000000c3b00000, 0x00000000c3b00000, 0x00000000c3c00000|  0%| F|  |TS  0|AC  0|TAMS 0x00000000c3b00000, 0x00000000c3b00000|
|   8|0x00000000c3c00000, 0x00000000c3c00000, 0x00000000c3d00000|  0%| F|  |TS  0|AC  0|TAMS 0x00000000c3c00000, 0x00000000c3c00000|
|   9|0x00000000c3d00000, 0x00000000c3d00000, 0x00000000c3e00000|  0%| F|  |TS  0|AC  0|TAMS 0x00000000c3d00000, 0x00000000c3d00000|
|  10|0x00000000c3e00000, 0x00000000c3e00000, 0x00000000c3f00000|  0%| F|  |TS  0|AC  0|TAMS 0x00000000c3e00000, 0x00000000c3e00000|
|  11|0x00000000c3f00000, 0x00000000c3f00000, 0x00000000c4000000|  0%| F|  |TS  0|AC  0|TAMS 0x00000000c3f00000, 0x00000000c3f00000|
|  12|0x00000000c4000000, 0x00000000c4000000, 0x00000000c4100000|  0%| F|  |TS  0|AC  0|TAMS 0x00000000c4000000, 0x00000000c4000000|
|  13|0x00000000c4100000, 0x00000000c4100000, 0x00000000c4200000|  0%| F|  |TS  0|AC  0|TAMS 0x00000000c4100000, 0x00000000c4100000|
|  14|0x00000000c4200000, 0x00000000c4200000, 0x00000000c4300000|  0%| F|  |TS  0|AC  0|TAMS 0x00000000c4200000, 0x00000000c4200000|
|  15|0x00000000c4300000, 0x00000000c4300000, 0x00000000c4400000|  0%| F|  |TS  0|AC  0|TAMS 0x00000000c4300000, 0x00000000c4300000|
|  16|0x00000000c4400000, 0x00000000c4400000, 0x00000000c4500000|  0%| F|  |TS  0|AC  0|TAMS 0x00000000c4400000, 0x00000000c4400000|
|  17|0x00000000c4500000, 0x00000000c4500000, 0x00000000c4600000|  0%| F|  |TS  0|AC  0|TAMS 0x00000000c4500000, 0x00000000c4500000|
|  18|0x00000000c4600000, 0x00000000c4600000, 0x00000000c4700000|  0%| F|  |TS  0|AC  0|TAMS 0x00000000c4600000, 0x00000000c4600000|
|  19|0x00000000c4700000, 0x00000000c4700000, 0x00000000c4800000|  0%| F|  |TS  0|AC  0|TAMS 0x00000000c4700000, 0x00000000c4700000|
|  20|0x00000000c4800000, 0x00000000c4800000, 0x00000000c4900000|  0%| F|  |TS  0|AC  0|TAMS 0x00000000c4800000, 0x00000000c4800000|
|  21|0x00000000c4900000, 0x00000000c4900000, 0x00000000c4a00000|  0%| F|  |TS  0|AC  0|TAMS 0x00000000c4900000, 0x00000000c4900000|
|  22|0x00000000c4a00000, 0x00000000c4a00000, 0x00000000c4b00000|  0%| F|  |TS  0|AC  0|TAMS 0x00000000c4a00000, 0x00000000c4a00000|
|  23|0x00000000c4b00000, 0x00000000c4b00000, 0x00000000c4c00000|  0%| F|  |TS  0|AC  0|TAMS 0x00000000c4b00000, 0x00000000c4b00000|
|  24|0x00000000c4c00000, 0x00000000c4c00000, 0x00000000c4d00000|  0%| F|  |TS  0|AC  0|TAMS 0x00000000c4c00000, 0x00000000c4c00000|
|  25|0x00000000c4d00000, 0x00000000c4d00000, 0x00000000c4e00000|  0%| F|  |TS  0|AC  0|TAMS 0x00000000c4d00000, 0x00000000c4d00000|
|  26|0x00000000c4e00000, 0x00000000c4e00000, 0x00000000c4f00000|  0%| F|  |TS  0|AC  0|TAMS 0x00000000c4e00000, 0x00000000c4e00000|
|  27|0x00000000c4f00000, 0x00000000c4f00000, 0x00000000c5000000|  0%| F|  |TS  0|AC  0|TAMS 0x00000000c4f00000, 0x00000000c4f00000|
|  28|0x00000000c5000000, 0x00000000c5000000, 0x00000000c5100000|  0%| F|  |TS  0|AC  0|TAMS 0x00000000c5000000, 0x00000000c5000000|
|  29|0x00000000c5100000, 0x00000000c5100000, 0x00000000c5200000|  0%| F|  |TS  0|AC  0|TAMS 0x00000000c5100000, 0x00000000c5100000|
|  30|0x00000000c5200000, 0x00000000c5200000, 0x00000000c5300000|  0%| F|  |TS  0|AC  0|TAMS 0x00000000c5200000, 0x00000000c5200000|
|  31|0x00000000c5300000, 0x00000000c5300000, 0x00000000c5400000|  0%| F|  |TS  0|AC  0|TAMS 0x00000000c5300000, 0x00000000c5300000|
|  32|0x00000000c5400000, 0x00000000c5400000, 0x00000000c5500000|  0%| F|  |TS  0|AC  0|TAMS 0x00000000c5400000, 0x00000000c5400000|
|  33|0x00000000c5500000, 0x00000000c5500000, 0x00000000c5600000|  0%| F|  |TS  0|AC  0|TAMS 0x00000000c5500000, 0x00000000c5500000|
|  34|0x00000000c5600000, 0x00000000c5600000, 0x00000000c5700000|  0%| F|  |TS  0|AC  0|TAMS 0x00000000c5600000, 0x00000000c5600000|
|  35|0x00000000c5700000, 0x00000000c5700000, 0x00000000c5800000|  0%| F|  |TS  0|AC  0|TAMS 0x00000000c5700000, 0x00000000c5700000|
|  36|0x00000000c5800000, 0x00000000c5800000, 0x00000000c5900000|  0%| F|  |TS  0|AC  0|TAMS 0x00000000c5800000, 0x00000000c5800000|
|  37|0x00000000c5900000, 0x00000000c5900000, 0x00000000c5a00000|  0%| F|  |TS  0|AC  0|TAMS 0x00000000c5900000, 0x00000000c5900000|
|  38|0x00000000c5a00000, 0x00000000c5a00000, 0x00000000c5b00000|  0%| F|  |TS  0|AC  0|TAMS 0x00000000c5a00000, 0x00000000c5a00000|
|  39|0x00000000c5b00000, 0x00000000c5b00000, 0x00000000c5c00000|  0%| F|  |TS  0|AC  0|TAMS 0x00000000c5b00000, 0x00000000c5b00000|
|  40|0x00000000c5c00000, 0x00000000c5c00000, 0x00000000c5d00000|  0%| F|  |TS  0|AC  0|TAMS 0x00000000c5c00000, 0x00000000c5c00000|
|  41|0x00000000c5d00000, 0x00000000c5d00000, 0x00000000c5e00000|  0%| F|  |TS  0|AC  0|TAMS 0x00000000c5d00000, 0x00000000c5d00000|
|  42|0x00000000c5e00000, 0x00000000c5e00000, 0x00000000c5f00000|  0%| F|  |TS  0|AC  0|TAMS 0x00000000c5e00000, 0x00000000c5e00000|
|  43|0x00000000c5f00000, 0x00000000c5f00000, 0x00000000c6000000|  0%| F|  |TS  0|AC  0|TAMS 0x00000000c5f00000, 0x00000000c5f00000|
|  44|0x00000000c6000000, 0x00000000c6000000, 0x00000000c6100000|  0%| F|  |TS  0|AC  0|TAMS 0x00000000c6000000, 0x00000000c6000000|
|  45|0x00000000c6100000, 0x00000000c6100000, 0x00000000c6200000|  0%| F|  |TS  0|AC  0|TAMS 0x00000000c6100000, 0x00000000c6100000|
|  46|0x00000000c6200000, 0x00000000c6200000, 0x00000000c6300000|  0%| F|  |TS  0|AC  0|TAMS 0x00000000c6200000, 0x00000000c6200000|
|  47|0x00000000c6300000, 0x00000000c6300000, 0x00000000c6400000|  0%| F|  |TS  0|AC  0|TAMS 0x00000000c6300000, 0x00000000c6300000|
|  48|0x00000000c6400000, 0x00000000c6400000, 0x00000000c6500000|  0%| F|  |TS  0|AC  0|TAMS 0x00000000c6400000, 0x00000000c6400000|
|  49|0x00000000c6500000, 0x00000000c6500000, 0x00000000c6600000|  0%| F|  |TS  0|AC  0|TAMS 0x00000000c6500000, 0x00000000c6500000|
|  50|0x00000000c6600000, 0x00000000c6600000, 0x00000000c6700000|  0%| F|  |TS  0|AC  0|TAMS 0x00000000c6600000, 0x00000000c6600000|
|  51|0x00000000c6700000, 0x00000000c6700000, 0x00000000c6800000|  0%| F|  |TS  0|AC  0|TAMS 0x00000000c6700000, 0x00000000c6700000|
|  52|0x00000000c6800000, 0x00000000c6800000, 0x00000000c6900000|  0%| F|  |TS  0|AC  0|TAMS 0x00000000c6800000, 0x00000000c6800000|
|  53|0x00000000c6900000, 0x00000000c6900000, 0x00000000c6a00000|  0%| F|  |TS  0|AC  0|TAMS 0x00000000c6900000, 0x00000000c6900000|
|  54|0x00000000c6a00000, 0x00000000c6a00000, 0x00000000c6b00000|  0%| F|  |TS  0|AC  0|TAMS 0x00000000c6a00000, 0x00000000c6a00000|
|  55|0x00000000c6b00000, 0x00000000c6b00000, 0x00000000c6c00000|  0%| F|  |TS  0|AC  0|TAMS 0x00000000c6b00000, 0x00000000c6b00000|
|  56|0x00000000c6c00000, 0x00000000c6c00000, 0x00000000c6d00000|  0%| F|  |TS  0|AC  0|TAMS 0x00000000c6c00000, 0x00000000c6c00000|
|  57|0x00000000c6d00000, 0x00000000c6d00000, 0x00000000c6e00000|  0%| F|  |TS  0|AC  0|TAMS 0x00000000c6d00000, 0x00000000c6d00000|
|  58|0x00000000c6e00000, 0x00000000c6e00000, 0x00000000c6f00000|  0%| F|  |TS  0|AC  0|TAMS 0x00000000c6e00000, 0x00000000c6e00000|
|  59|0x00000000c6f00000, 0x00000000c6fd7a00, 0x00000000c7000000| 84%| E|  |TS  0|AC  0|TAMS 0x00000000c6f00000, 0x00000000c6f00000|
|  60|0x00000000c7000000, 0x00000000c7100000, 0x00000000c7100000|100%| E|CS|TS  0|AC  0|TAMS 0x00000000c7000000, 0x00000000c7000000|
|  61|0x00000000c7100000, 0x00000000c7200000, 0x00000000c7200000|100%| E|CS|TS  0|AC  0|TAMS 0x00000000c7100000, 0x00000000c7100000|

Card table byte_map: [0x000001e252780000,0x000001e252970000] byte_map_base: 0x000001e252166000

Marking Bits (Prev, Next): (CMBitMap*) 0x000001e236ef4ac0, (CMBitMap*) 0x000001e236ef4af8
 Prev Bits: [0x000001e252b60000, 0x000001e253a90000)
 Next Bits: [0x000001e253a90000, 0x000001e2549c0000)

Polling page: 0x000001e236f70000

CodeHeap 'non-profiled nmethods': size=120064Kb used=76Kb max_used=76Kb free=119987Kb
 bounds [0x000001e24a840000, 0x000001e24aab0000, 0x000001e251d80000]
CodeHeap 'profiled nmethods': size=120000Kb used=345Kb max_used=345Kb free=119654Kb
 bounds [0x000001e243310000, 0x000001e243580000, 0x000001e24a840000]
CodeHeap 'non-nmethods': size=5696Kb used=1180Kb max_used=1186Kb free=4515Kb
 bounds [0x000001e242d80000, 0x000001e242ff0000, 0x000001e243310000]
 total_blobs=639 nmethods=264 adapters=228
 compilation: enabled

Compilation events (10 events):
Event: 0.402 Thread 0x000001e2577fe800  262       3       java.util.regex.ASCII::isAscii (13 bytes)
Event: 0.402 Thread 0x000001e2577fe800 nmethod 262 0x000001e243364c10 code [0x000001e243364dc0, 0x000001e243364f58]
Event: 0.402 Thread 0x000001e2577fe800  258       3       java.lang.invoke.MethodType::checkSlotCount (33 bytes)
Event: 0.403 Thread 0x000001e2577fe800 nmethod 258 0x000001e243365010 code [0x000001e243365280, 0x000001e243365d80]
Event: 0.403 Thread 0x000001e2577fe800  252       3       java.lang.invoke.LambdaForm::parameterType (9 bytes)
Event: 0.403 Thread 0x000001e2577fe800 nmethod 252 0x000001e243366110 code [0x000001e2433662c0, 0x000001e243366470]
Event: 0.403 Thread 0x000001e2577fe800  261       1       java.util.regex.Pattern::flags (5 bytes)
Event: 0.403 Thread 0x000001e2577fe800 nmethod 261 0x000001e24a852a90 code [0x000001e24a852c40, 0x000001e24a852d58]
Event: 2.870 Thread 0x000001e2577fe800  264       1       java.nio.Buffer::limit (5 bytes)
Event: 2.870 Thread 0x000001e2577fe800 nmethod 264 0x000001e24a852e10 code [0x000001e24a852fc0, 0x000001e24a8530d8]

GC Heap History (0 events):
No events

Deoptimization events (0 events):
No events

Classes redefined (10 events):
Event: 675.779 Thread 0x000001e25779a000 redefined class name=byHimanshu.Dcoder, count=4
Event: 910.129 Thread 0x000001e25779a000 redefined class name=byHimanshu.Dcoder, count=5
Event: 1091.642 Thread 0x000001e25779a000 redefined class name=byHimanshu.Dcoder, count=6
Event: 1119.823 Thread 0x000001e25779a000 redefined class name=byHimanshu.Dcoder, count=7
Event: 1168.048 Thread 0x000001e25779a000 redefined class name=byHimanshu.Dcoder, count=8
Event: 1203.343 Thread 0x000001e25779a000 redefined class name=byHimanshu.Dcoder, count=9
Event: 1218.337 Thread 0x000001e25779a000 redefined class name=byHimanshu.Dcoder, count=10
Event: 1316.873 Thread 0x000001e25779a000 redefined class name=byHimanshu.Dcoder, count=11
Event: 1475.608 Thread 0x000001e25779a000 redefined class name=byHimanshu.Dcoder, count=12
Event: 1616.237 Thread 0x000001e25779a000 redefined class name=byHimanshu.Dcoder, count=13

Internal exceptions (2 events):
Event: 0.367 Thread 0x000001e236e92800 Exception <a 'java/lang/NoSuchMethodError'{0x00000000c6f31260}: java.lang.Object.lambda$negate$3(I)Z> (0x00000000c6f31260) thrown at [t:/workspace/hotspot/src/share/vm/interpreter/linkResolver.cpp, line 731]
Event: 0.373 Thread 0x000001e236e92800 Exception <a 'java/lang/NoSuchMethodError'{0x00000000c6f346b8}: java.lang.Object.lambda$and$0(Ljava/util/regex/Pattern$CharPredicate;I)Z> (0x00000000c6f346b8) thrown at [t:/workspace/hotspot/src/share/vm/interpreter/linkResolver.cpp, line 731]

Events (10 events):
Event: 1619.563 Executing VM operation: GetCurrentContendedMonitor done
Event: 1619.563 Executing VM operation: GetOwnedMonitorInfo
Event: 1619.563 Executing VM operation: GetOwnedMonitorInfo done
Event: 1622.543 Executing VM operation: GetFrameCount
Event: 1622.543 Executing VM operation: GetFrameCount done
Event: 1622.543 Executing VM operation: GetOwnedMonitorInfo
Event: 1622.543 Executing VM operation: GetOwnedMonitorInfo done
Event: 1622.544 Executing VM operation: GetCurrentContendedMonitor
Event: 1622.544 Executing VM operation: GetCurrentContendedMonitor done
Event: 1627.626 Executing VM operation: GetOrSetLocal


Dynamic libraries:
0x00007ff734070000 - 0x00007ff7340ae000 	C:\Program Files\Java\jdk-9.0.1\bin\javaw.exe
0x00007ffd7f560000 - 0x00007ffd7f721000 	C:\Windows\SYSTEM32\ntdll.dll
0x00007ffd7cc50000 - 0x00007ffd7ccfd000 	C:\Windows\system32\KERNEL32.DLL
0x00007ffd7bde0000 - 0x00007ffd7bfc8000 	C:\Windows\system32\KERNELBASE.dll
0x00007ffd7f2f0000 - 0x00007ffd7f397000 	C:\Windows\system32\ADVAPI32.dll
0x00007ffd7c960000 - 0x00007ffd7c9fd000 	C:\Windows\system32\msvcrt.dll
0x00007ffd7f500000 - 0x00007ffd7f55b000 	C:\Windows\system32\sechost.dll
0x00007ffd7cd00000 - 0x00007ffd7ce1d000 	C:\Windows\system32\RPCRT4.dll
0x00007ffd7f3a0000 - 0x00007ffd7f4f6000 	C:\Windows\system32\USER32.dll
0x00007ffd7ca00000 - 0x00007ffd7cb87000 	C:\Windows\system32\GDI32.dll
0x00007ffd6d7c0000 - 0x00007ffd6da34000 	C:\Windows\WinSxS\amd64_microsoft.windows.common-controls_6595b64144ccf1df_6.0.10586.839_none_a2ddba30a539a2ae\COMCTL32.dll
0x00007ffd7f060000 - 0x00007ffd7f2de000 	C:\Windows\system32\combase.dll
0x00007ffd7c0d0000 - 0x00007ffd7c13a000 	C:\Windows\system32\bcryptPrimitives.dll
0x00007ffd732e0000 - 0x00007ffd732ea000 	C:\Windows\SYSTEM32\VERSION.dll
0x00007ffd7cfa0000 - 0x00007ffd7cfdb000 	C:\Windows\system32\IMM32.DLL
0x00007ffd59760000 - 0x00007ffd5984f000 	C:\Program Files\Java\jdk-9.0.1\bin\msvcr120.dll
0x00007ffd5d800000 - 0x00007ffd5d8a6000 	C:\Program Files\Java\jdk-9.0.1\bin\msvcp120.dll
0x0000000057ae0000 - 0x0000000058504000 	C:\Program Files\Java\jdk-9.0.1\bin\server\jvm.dll
0x00007ffd7f2e0000 - 0x00007ffd7f2e8000 	C:\Windows\system32\PSAPI.DLL
0x00007ffd6bd70000 - 0x00007ffd6bd79000 	C:\Windows\SYSTEM32\WSOCK32.dll
0x00007ffd7cff0000 - 0x00007ffd7d05b000 	C:\Windows\system32\WS2_32.dll
0x00007ffd7a300000 - 0x00007ffd7a323000 	C:\Windows\SYSTEM32\WINMM.dll
0x00007ffd79830000 - 0x00007ffd7985c000 	C:\Windows\SYSTEM32\WINMMBASE.dll
0x00007ffd7c080000 - 0x00007ffd7c0c3000 	C:\Windows\system32\cfgmgr32.dll
0x00007ffd7a390000 - 0x00007ffd7a39f000 	C:\Program Files\Java\jdk-9.0.1\bin\verify.dll
0x00007ffd70c50000 - 0x00007ffd70c77000 	C:\Program Files\Java\jdk-9.0.1\bin\java.dll
0x00007ffd6a780000 - 0x00007ffd6a7b6000 	C:\Program Files\Java\jdk-9.0.1\bin\jdwp.dll
0x00007ffd71400000 - 0x00007ffd71416000 	C:\Program Files\Java\jdk-9.0.1\bin\zip.dll
0x00007ffd74040000 - 0x00007ffd7404a000 	C:\Program Files\Java\jdk-9.0.1\bin\jimage.dll
0x00007ffd7d8e0000 - 0x00007ffd7ee3c000 	C:\Windows\system32\SHELL32.dll
0x00007ffd7c140000 - 0x00007ffd7c785000 	C:\Windows\system32\windows.storage.dll
0x00007ffd7d060000 - 0x00007ffd7d0b2000 	C:\Windows\system32\shlwapi.dll
0x00007ffd7bbf0000 - 0x00007ffd7bbff000 	C:\Windows\system32\kernel.appcore.dll
0x00007ffd7bca0000 - 0x00007ffd7bd55000 	C:\Windows\system32\shcore.dll
0x00007ffd7bb80000 - 0x00007ffd7bbcb000 	C:\Windows\system32\powrprof.dll
0x00007ffd7bbd0000 - 0x00007ffd7bbe4000 	C:\Windows\system32\profapi.dll
0x00007ffd70c30000 - 0x00007ffd70c4a000 	C:\Program Files\Java\jdk-9.0.1\bin\net.dll
0x00007ffd70270000 - 0x00007ffd70337000 	C:\Windows\SYSTEM32\WINHTTP.dll
0x00007ffd7b450000 - 0x00007ffd7b4ac000 	C:\Windows\system32\mswsock.dll
0x00007ffd70af0000 - 0x00007ffd70b01000 	C:\Program Files\Java\jdk-9.0.1\bin\nio.dll
0x00007ffd6d430000 - 0x00007ffd6d43a000 	C:\Program Files\Java\jdk-9.0.1\bin\dt_socket.dll
0x00007ffd7a620000 - 0x00007ffd7a6ca000 	C:\Windows\SYSTEM32\DNSAPI.dll
0x00007ffd7cfe0000 - 0x00007ffd7cfe8000 	C:\Windows\system32\NSI.dll
0x00007ffd6dd50000 - 0x00007ffd6ddb7000 	C:\Windows\System32\fwpuclnt.dll
0x00007ffd7bab0000 - 0x00007ffd7bad9000 	C:\Windows\SYSTEM32\bcrypt.dll
0x00007ffd6dc10000 - 0x00007ffd6dc1a000 	C:\Windows\System32\rasadhlp.dll
0x00007ffd72590000 - 0x00007ffd7271c000 	C:\Windows\SYSTEM32\dbghelp.dll

VM Arguments:
jvm_args: -agentlib:jdwp=transport=dt_socket,suspend=y,address=localhost:50670 -Dfile.encoding=Cp1252 
java_command: byHimanshu.Dcoder
java_class_path (initial): C:\Users\Dell\workspace\Jdbc\bin;C:\oraclexe\app\oracle\product\10.2.0\server\jdbc\lib\ojdbc14.jar
Launcher Type: SUN_STANDARD

Logging:
Log output configuration:
#0: stdout all=warning uptime,level,tags
#1: stderr all=off uptime,level,tags

Environment Variables:
JAVA_HOME=C:\Program Files\Java\jdk-9.0.1
CLASSPATH=C:\oraclexe\app\oracle\product\10.2.0\server\jdbc\lib\ojdbc14.jar;.;
PATH=C:/Program Files/Java/jdk-9.0.1/bin/server;C:/Program Files/Java/jdk-9.0.1/bin;C:\Program Files\Java\jdk-9.0.1\bin;C:\Program Files\Java\jre-9.0.1\bin;C:\ProgramData\Oracle\Java\javapath;C:\oraclexe\app\oracle\product\10.2.0\server\bin;C:\Windows\system32;C:\Windows;C:\Windows\System32\Wbem;C:\Windows\System32\WindowsPowerShell\v1.0\;C:\Program Files\Java\jdk-9.0.1\bin;E:\Softwares\eclipse\eclipse;
USERNAME=Dell
OS=Windows_NT
PROCESSOR_IDENTIFIER=Intel64 Family 6 Model 78 Stepping 3, GenuineIntel



---------------  S Y S T E M  ---------------

OS: Windows 10 , 64 bit Build 10586 (10.0.10586.589)

CPU:total 4 (initial active 4) (2 cores per cpu, 2 threads per core) family 6 model 78 stepping 3, cmov, cx8, fxsr, mmx, sse, sse2, sse3, ssse3, sse4.1, sse4.2, popcnt, avx, avx2, aes, clmul, erms, rtm, 3dnowpref, lzcnt, ht, tsc, tscinvbit, bmi1, bmi2, adx, fma

Memory: 4k page, physical 3975076k(1297288k free), swap 6186916k(844644k free)

vm_info: Java HotSpot(TM) 64-Bit Server VM (9.0.1+11) for windows-amd64 JRE (9.0.1+11), built on Sep 28 2017 04:54:03 by "mach5one" with MS VC++ 12.0 (VS2013)

END.
